/scratch/radv/scaneva/brainageEuropad/EuroPAD_T1s/

                            < M A T L A B (R) >
                  Copyright 1984-2022 The MathWorks, Inc.
             R2022b Update 2 (9.13.0.2105380) 64-bit (glnxa64)
                              October 26, 2022

 
To get started, type doc.
For product information, visit www.mathworks.com.
 
[Warning: FSL toolbox not found:
/opt/aumc-apps/fsl/fsl-6.0.7.6/share/fsl/bin/fsl/etc/matlab] 
[> In startup (line 82)
In run (line 91)
In matlabrc (line 54)] 

-----------------------------------------------------------------------------------------------------
MATLAB Version: 9.13.0.2105380 (R2022b) Update 2
MATLAB License Number: 1096141
Operating System: Linux 4.18.0-553.8.1.el8_10.x86_64 #1 SMP Fri Jun 14 03:19:37 EDT 2024 x86_64
Java Version: Java 1.8.0_202-b08 with Oracle Corporation Java HotSpot(TM) 64-Bit Server VM mixed mode
-----------------------------------------------------------------------------------------------------
MATLAB                                                Version 9.13        (R2022b)
Bioinformatics Toolbox                                Version 4.16.1      (R2022b)
Computer Vision Toolbox                               Version 10.3        (R2022b)
Curve Fitting Toolbox                                 Version 3.8         (R2022b)
Deep Learning Toolbox                                 Version 14.5        (R2022b)
Global Optimization Toolbox                           Version 4.8         (R2022b)
Image Processing Toolbox                              Version 11.6        (R2022b)
MATLAB Compiler                                       Version 8.5         (R2022b)
Optimization Toolbox                                  Version 9.4         (R2022b)
Parallel Computing Toolbox                            Version 7.7         (R2022b)
Signal Processing Toolbox                             Version 9.1         (R2022b)
Statistics and Machine Learning Toolbox               Version 12.4        (R2022b)
Wavelet Toolbox                                       Version 6.2         (R2022b)


------------------------------------------------------------------------
12-Aug-2024 20:39:04 - Running job #1
------------------------------------------------------------------------
12-Aug-2024 20:39:05 - Running 'Segment'

SPM12: spm_preproc_run (v7408)                     20:39:05 - 12/08/2024
========================================================================
Segment /scratch/radv/scaneva/brainageEuropad/EuroPAD_T1s/sub-EPAD03123924_ses-03_T1w.nii,1
Completed                               :          20:42:34 - 12/08/2024
12-Aug-2024 20:42:34 - Done    'Segment'
12-Aug-2024 20:42:34 - Running 'Run Dartel (existing Templates)'
*** rc1sub-EPAD03123924_ses-03_T1w ***
1 	383297	0	383297	288.767
2 	318659	11997.3	330656	102.073
3 	311512	14282.4	325794	34.2309
4 	308386	7370.48	315756	119.233
5 	295506	15527.5	311034	38.218
6 	294537	16039.6	310577	23.2932
7 	294307	8198.63	302506	101.182
8 	280975	16774.8	297750	33.0222
9 	280258	17100.6	297359	21.1583
10 	280818	8801.05	289619	91.309
11 	266099	18122	284221	32.7161
12 	265195	18517.1	283712	21.4876
13 	266535	9610.67	276146	77.72
14 	252845	18074.4	270920	30.7548
15 	251455	18828.9	270284	20.7626
16 	251156	19615.3	270771	25.415
17 	250558	19813	270371	18.5048
18 	250201	20084.4	270286	16.8438
12-Aug-2024 20:45:21 - Done    'Run Dartel (existing Templates)'
12-Aug-2024 20:45:21 - Running 'Normalise to MNI Space'

** "u_rc1sub-EPAD03123924_ses-03_T1w" **
c1sub-EPAD03123924_ses-03_T1w	1,1,1
c2sub-EPAD03123924_ses-03_T1w	1,1,1
c3sub-EPAD03123924_ses-03_T1w	1,1,1
12-Aug-2024 20:45:26 - Done    'Normalise to MNI Space'
12-Aug-2024 20:45:26 - Running 'Tissue Volumes'

Segmentation files:
	/scratch/radv/scaneva/brainageEuropad/EuroPAD_T1s/sub-EPAD03123924_ses-03_T1w_seg8.mat

Volumes (litres):
    0.6189    0.4501    0.3114

12-Aug-2024 20:46:27 - Done    'Tissue Volumes'
12-Aug-2024 20:46:27 - Done

/home/radv/scaneva/my-scratch/brainageR//software/slicesdir.brainageR: line 151: /opt/aumc-apps/fsl/fsl-6.0.7.6/share/fsl/bin/fsl//bin/remove_ext: Not a directory

/home/radv/scaneva/my-scratch/brainageR//software/slicesdir.brainageR: line 155: /opt/aumc-apps/fsl/fsl-6.0.7.6/share/fsl/bin/fsl//bin/slicer: Not a directory
/home/radv/scaneva/my-scratch/brainageR//software/slicesdir.brainageR: line 163: /opt/aumc-apps/fsl/fsl-6.0.7.6/share/fsl/bin/fsl//bin/pngappend: Not a directory
/home/radv/scaneva/my-scratch/brainageR//software/slicesdir.brainageR: line 151: /opt/aumc-apps/fsl/fsl-6.0.7.6/share/fsl/bin/fsl//bin/remove_ext: Not a directory

/home/radv/scaneva/my-scratch/brainageR//software/slicesdir.brainageR: line 155: /opt/aumc-apps/fsl/fsl-6.0.7.6/share/fsl/bin/fsl//bin/slicer: Not a directory
/home/radv/scaneva/my-scratch/brainageR//software/slicesdir.brainageR: line 163: /opt/aumc-apps/fsl/fsl-6.0.7.6/share/fsl/bin/fsl//bin/pngappend: Not a directory
/home/radv/scaneva/my-scratch/brainageR//software/slicesdir.brainageR: line 151: /opt/aumc-apps/fsl/fsl-6.0.7.6/share/fsl/bin/fsl//bin/remove_ext: Not a directory

/home/radv/scaneva/my-scratch/brainageR//software/slicesdir.brainageR: line 155: /opt/aumc-apps/fsl/fsl-6.0.7.6/share/fsl/bin/fsl//bin/slicer: Not a directory
/home/radv/scaneva/my-scratch/brainageR//software/slicesdir.brainageR: line 163: /opt/aumc-apps/fsl/fsl-6.0.7.6/share/fsl/bin/fsl//bin/pngappend: Not a directory
/home/radv/scaneva/my-scratch/brainageR//software/slicesdir.brainageR: line 151: /opt/aumc-apps/fsl/fsl-6.0.7.6/share/fsl/bin/fsl//bin/remove_ext: Not a directory

/home/radv/scaneva/my-scratch/brainageR//software/slicesdir.brainageR: line 155: /opt/aumc-apps/fsl/fsl-6.0.7.6/share/fsl/bin/fsl//bin/slicer: Not a directory
/home/radv/scaneva/my-scratch/brainageR//software/slicesdir.brainageR: line 163: /opt/aumc-apps/fsl/fsl-6.0.7.6/share/fsl/bin/fsl//bin/pngappend: Not a directory
/home/radv/scaneva/my-scratch/brainageR//software/slicesdir.brainageR: line 151: /opt/aumc-apps/fsl/fsl-6.0.7.6/share/fsl/bin/fsl//bin/remove_ext: Not a directory

/home/radv/scaneva/my-scratch/brainageR//software/slicesdir.brainageR: line 155: /opt/aumc-apps/fsl/fsl-6.0.7.6/share/fsl/bin/fsl//bin/slicer: Not a directory
/home/radv/scaneva/my-scratch/brainageR//software/slicesdir.brainageR: line 163: /opt/aumc-apps/fsl/fsl-6.0.7.6/share/fsl/bin/fsl//bin/pngappend: Not a directory
/home/radv/scaneva/my-scratch/brainageR//software/slicesdir.brainageR: line 151: /opt/aumc-apps/fsl/fsl-6.0.7.6/share/fsl/bin/fsl//bin/remove_ext: Not a directory

/home/radv/scaneva/my-scratch/brainageR//software/slicesdir.brainageR: line 155: /opt/aumc-apps/fsl/fsl-6.0.7.6/share/fsl/bin/fsl//bin/slicer: Not a directory
/home/radv/scaneva/my-scratch/brainageR//software/slicesdir.brainageR: line 163: /opt/aumc-apps/fsl/fsl-6.0.7.6/share/fsl/bin/fsl//bin/pngappend: Not a directory

Finished. To view, point your web browser at
file:/scratch/radv/scaneva/brainageEuropad/EuroPAD_T1s//slicesdir_sub-EPAD03123924_ses-03_T1w.nii/index.html
Error in library(kernlab) : there is no package called ‘kernlab’
Execution halted
mv: cannot stat '/home/radv/scaneva/my-scratch/brainageEuropad/EuroPAD_T1s/sub-EPAD03123924_ses-03_T1w.csv': No such file or directory
rm: cannot remove '/home/radv/scaneva/my-scratch/brainageEuropad/EuroPAD_T1s/slicesdir_sub-EPAD03123924_ses-03_T1w.nii': Is a directory
