/scratch/radv/scaneva/brainageEuropad/EuroPAD_T1s/

                            < M A T L A B (R) >
                  Copyright 1984-2022 The MathWorks, Inc.
             R2022b Update 2 (9.13.0.2105380) 64-bit (glnxa64)
                              October 26, 2022

 
To get started, type doc.
For product information, visit www.mathworks.com.
 
[Warning: FSL toolbox not found:
/opt/aumc-apps/fsl/fsl-6.0.7.6/share/fsl/bin/fsl/etc/matlab] 
[> In startup (line 82)
In run (line 91)
In matlabrc (line 54)] 

-----------------------------------------------------------------------------------------------------
MATLAB Version: 9.13.0.2105380 (R2022b) Update 2
MATLAB License Number: 1096141
Operating System: Linux 4.18.0-553.8.1.el8_10.x86_64 #1 SMP Fri Jun 14 03:19:37 EDT 2024 x86_64
Java Version: Java 1.8.0_202-b08 with Oracle Corporation Java HotSpot(TM) 64-Bit Server VM mixed mode
-----------------------------------------------------------------------------------------------------
MATLAB                                                Version 9.13        (R2022b)
Bioinformatics Toolbox                                Version 4.16.1      (R2022b)
Computer Vision Toolbox                               Version 10.3        (R2022b)
Curve Fitting Toolbox                                 Version 3.8         (R2022b)
Deep Learning Toolbox                                 Version 14.5        (R2022b)
Global Optimization Toolbox                           Version 4.8         (R2022b)
Image Processing Toolbox                              Version 11.6        (R2022b)
MATLAB Compiler                                       Version 8.5         (R2022b)
Optimization Toolbox                                  Version 9.4         (R2022b)
Parallel Computing Toolbox                            Version 7.7         (R2022b)
Signal Processing Toolbox                             Version 9.1         (R2022b)
Statistics and Machine Learning Toolbox               Version 12.4        (R2022b)
Wavelet Toolbox                                       Version 6.2         (R2022b)


------------------------------------------------------------------------
12-Aug-2024 19:32:08 - Running job #1
------------------------------------------------------------------------
12-Aug-2024 19:32:08 - Running 'Segment'

SPM12: spm_preproc_run (v7408)                     19:32:09 - 12/08/2024
========================================================================
Segment /scratch/radv/scaneva/brainageEuropad/EuroPAD_T1s/sub-EPAD03023553_ses-03_T1w.nii,1
Completed                               :          19:34:51 - 12/08/2024
12-Aug-2024 19:34:51 - Done    'Segment'
12-Aug-2024 19:34:51 - Running 'Run Dartel (existing Templates)'
*** rc1sub-EPAD03023553_ses-03_T1w ***
1 	365312	0	365312	307.855
2 	287311	14551.6	301863	93.7391
3 	279337	17797.4	297134	25.3155
4 	275329	9240.28	284569	117.375
5 	262373	17623.5	279996	34.6246
6 	261428	18167.4	279595	21.4477
7 	260217	9279.16	269496	98.0465
8 	247387	17560.3	264948	30.8159
9 	246508	17983.8	264492	20.1151
10 	245704	9242.31	254946	88.3143
11 	231885	17953.2	249839	31.4165
12 	230831	18415.8	249246	20.6357
13 	230880	9533.53	240414	75.2383
14 	218255	17302.6	235558	29.6589
15 	216930	17985.1	234915	19.6877
16 	216624	18659.1	235284	24.7816
17 	216056	18809	234865	17.5742
18 	215675	19057.4	234733	16.2385
12-Aug-2024 19:37:45 - Done    'Run Dartel (existing Templates)'
12-Aug-2024 19:37:45 - Running 'Normalise to MNI Space'

** "u_rc1sub-EPAD03023553_ses-03_T1w" **
c1sub-EPAD03023553_ses-03_T1w	1,1,1
c2sub-EPAD03023553_ses-03_T1w	1,1,1
c3sub-EPAD03023553_ses-03_T1w	1,1,1
12-Aug-2024 19:37:50 - Done    'Normalise to MNI Space'
12-Aug-2024 19:37:50 - Running 'Tissue Volumes'

Segmentation files:
	/scratch/radv/scaneva/brainageEuropad/EuroPAD_T1s/sub-EPAD03023553_ses-03_T1w_seg8.mat

Volumes (litres):
    0.5810    0.4282    0.2848

12-Aug-2024 19:38:56 - Done    'Tissue Volumes'
12-Aug-2024 19:38:56 - Done

/home/radv/scaneva/my-scratch/brainageR//software/slicesdir.brainageR: line 151: /opt/aumc-apps/fsl/fsl-6.0.7.6/share/fsl/bin/fsl//bin/remove_ext: Not a directory

/home/radv/scaneva/my-scratch/brainageR//software/slicesdir.brainageR: line 155: /opt/aumc-apps/fsl/fsl-6.0.7.6/share/fsl/bin/fsl//bin/slicer: Not a directory
/home/radv/scaneva/my-scratch/brainageR//software/slicesdir.brainageR: line 163: /opt/aumc-apps/fsl/fsl-6.0.7.6/share/fsl/bin/fsl//bin/pngappend: Not a directory
/home/radv/scaneva/my-scratch/brainageR//software/slicesdir.brainageR: line 151: /opt/aumc-apps/fsl/fsl-6.0.7.6/share/fsl/bin/fsl//bin/remove_ext: Not a directory

/home/radv/scaneva/my-scratch/brainageR//software/slicesdir.brainageR: line 155: /opt/aumc-apps/fsl/fsl-6.0.7.6/share/fsl/bin/fsl//bin/slicer: Not a directory
/home/radv/scaneva/my-scratch/brainageR//software/slicesdir.brainageR: line 163: /opt/aumc-apps/fsl/fsl-6.0.7.6/share/fsl/bin/fsl//bin/pngappend: Not a directory
/home/radv/scaneva/my-scratch/brainageR//software/slicesdir.brainageR: line 151: /opt/aumc-apps/fsl/fsl-6.0.7.6/share/fsl/bin/fsl//bin/remove_ext: Not a directory

/home/radv/scaneva/my-scratch/brainageR//software/slicesdir.brainageR: line 155: /opt/aumc-apps/fsl/fsl-6.0.7.6/share/fsl/bin/fsl//bin/slicer: Not a directory
/home/radv/scaneva/my-scratch/brainageR//software/slicesdir.brainageR: line 163: /opt/aumc-apps/fsl/fsl-6.0.7.6/share/fsl/bin/fsl//bin/pngappend: Not a directory
/home/radv/scaneva/my-scratch/brainageR//software/slicesdir.brainageR: line 151: /opt/aumc-apps/fsl/fsl-6.0.7.6/share/fsl/bin/fsl//bin/remove_ext: Not a directory

/home/radv/scaneva/my-scratch/brainageR//software/slicesdir.brainageR: line 155: /opt/aumc-apps/fsl/fsl-6.0.7.6/share/fsl/bin/fsl//bin/slicer: Not a directory
/home/radv/scaneva/my-scratch/brainageR//software/slicesdir.brainageR: line 163: /opt/aumc-apps/fsl/fsl-6.0.7.6/share/fsl/bin/fsl//bin/pngappend: Not a directory
/home/radv/scaneva/my-scratch/brainageR//software/slicesdir.brainageR: line 151: /opt/aumc-apps/fsl/fsl-6.0.7.6/share/fsl/bin/fsl//bin/remove_ext: Not a directory

/home/radv/scaneva/my-scratch/brainageR//software/slicesdir.brainageR: line 155: /opt/aumc-apps/fsl/fsl-6.0.7.6/share/fsl/bin/fsl//bin/slicer: Not a directory
/home/radv/scaneva/my-scratch/brainageR//software/slicesdir.brainageR: line 163: /opt/aumc-apps/fsl/fsl-6.0.7.6/share/fsl/bin/fsl//bin/pngappend: Not a directory
/home/radv/scaneva/my-scratch/brainageR//software/slicesdir.brainageR: line 151: /opt/aumc-apps/fsl/fsl-6.0.7.6/share/fsl/bin/fsl//bin/remove_ext: Not a directory

/home/radv/scaneva/my-scratch/brainageR//software/slicesdir.brainageR: line 155: /opt/aumc-apps/fsl/fsl-6.0.7.6/share/fsl/bin/fsl//bin/slicer: Not a directory
/home/radv/scaneva/my-scratch/brainageR//software/slicesdir.brainageR: line 163: /opt/aumc-apps/fsl/fsl-6.0.7.6/share/fsl/bin/fsl//bin/pngappend: Not a directory

Finished. To view, point your web browser at
file:/scratch/radv/scaneva/brainageEuropad/EuroPAD_T1s//slicesdir_sub-EPAD03023553_ses-03_T1w.nii/index.html
Error in library(kernlab) : there is no package called ‘kernlab’
Execution halted
mv: cannot stat '/home/radv/scaneva/my-scratch/brainageEuropad/EuroPAD_T1s/sub-EPAD03023553_ses-03_T1w.csv': No such file or directory
rm: cannot remove '/home/radv/scaneva/my-scratch/brainageEuropad/EuroPAD_T1s/slicesdir_sub-EPAD03023553_ses-03_T1w.nii': Is a directory
