/scratch/radv/scaneva/brainageEuropad/EuroPAD_T1s/

                            < M A T L A B (R) >
                  Copyright 1984-2022 The MathWorks, Inc.
             R2022b Update 2 (9.13.0.2105380) 64-bit (glnxa64)
                              October 26, 2022

 
To get started, type doc.
For product information, visit www.mathworks.com.
 
[Warning: FSL toolbox not found:
/opt/aumc-apps/fsl/fsl-6.0.7.6/share/fsl/bin/fsl/etc/matlab] 
[> In startup (line 82)
In run (line 91)
In matlabrc (line 54)] 

-----------------------------------------------------------------------------------------------------
MATLAB Version: 9.13.0.2105380 (R2022b) Update 2
MATLAB License Number: 1096141
Operating System: Linux 4.18.0-553.8.1.el8_10.x86_64 #1 SMP Fri Jun 14 03:19:37 EDT 2024 x86_64
Java Version: Java 1.8.0_202-b08 with Oracle Corporation Java HotSpot(TM) 64-Bit Server VM mixed mode
-----------------------------------------------------------------------------------------------------
MATLAB                                                Version 9.13        (R2022b)
Bioinformatics Toolbox                                Version 4.16.1      (R2022b)
Computer Vision Toolbox                               Version 10.3        (R2022b)
Curve Fitting Toolbox                                 Version 3.8         (R2022b)
Deep Learning Toolbox                                 Version 14.5        (R2022b)
Global Optimization Toolbox                           Version 4.8         (R2022b)
Image Processing Toolbox                              Version 11.6        (R2022b)
MATLAB Compiler                                       Version 8.5         (R2022b)
Optimization Toolbox                                  Version 9.4         (R2022b)
Parallel Computing Toolbox                            Version 7.7         (R2022b)
Signal Processing Toolbox                             Version 9.1         (R2022b)
Statistics and Machine Learning Toolbox               Version 12.4        (R2022b)
Wavelet Toolbox                                       Version 6.2         (R2022b)


------------------------------------------------------------------------
12-Aug-2024 21:09:37 - Running job #1
------------------------------------------------------------------------
12-Aug-2024 21:09:38 - Running 'Segment'

SPM12: spm_preproc_run (v7408)                     21:09:38 - 12/08/2024
========================================================================
Segment /scratch/radv/scaneva/brainageEuropad/EuroPAD_T1s/sub-EPAD04024488_ses-03_T1w.nii,1
Completed                               :          21:11:55 - 12/08/2024
12-Aug-2024 21:11:55 - Done    'Segment'
12-Aug-2024 21:11:55 - Running 'Run Dartel (existing Templates)'
*** rc1sub-EPAD04024488_ses-03_T1w ***
1 	361458	0	361458	279.512
2 	307307	11615.2	318922	85.8084
3 	303135	12875.6	316011	24.7208
4 	299096	6596.26	305692	124.916
5 	285681	15349.5	301030	36.454
6 	285172	15553.1	300725	23.7362
7 	283812	7982.56	291794	106.912
8 	269214	17539.9	286753	34.9607
9 	268623	17731.9	286355	22.2308
10 	267822	9156.38	276978	96.5288
11 	252011	19311.3	271322	33.941
12 	251249	19551.2	270800	21.9541
13 	251481	10158.5	261639	80.2079
14 	237426	18991.1	256417	30.9985
15 	236215	19584	255799	21.2961
16 	235957	20402.3	256360	26.3547
17 	235488	20485.9	255974	19.0957
18 	235106	20789	255895	17.6461
12-Aug-2024 21:14:22 - Done    'Run Dartel (existing Templates)'
12-Aug-2024 21:14:22 - Running 'Normalise to MNI Space'

** "u_rc1sub-EPAD04024488_ses-03_T1w" **
c1sub-EPAD04024488_ses-03_T1w	1,1,1
c2sub-EPAD04024488_ses-03_T1w	1,1,1
c3sub-EPAD04024488_ses-03_T1w	1,1,1
12-Aug-2024 21:14:26 - Done    'Normalise to MNI Space'
12-Aug-2024 21:14:26 - Running 'Tissue Volumes'

Segmentation files:
	/scratch/radv/scaneva/brainageEuropad/EuroPAD_T1s/sub-EPAD04024488_ses-03_T1w_seg8.mat

Volumes (litres):
    0.6178    0.4226    0.3492

12-Aug-2024 21:15:27 - Done    'Tissue Volumes'
12-Aug-2024 21:15:27 - Done

/home/radv/scaneva/my-scratch/brainageR//software/slicesdir.brainageR: line 151: /opt/aumc-apps/fsl/fsl-6.0.7.6/share/fsl/bin/fsl//bin/remove_ext: Not a directory

/home/radv/scaneva/my-scratch/brainageR//software/slicesdir.brainageR: line 155: /opt/aumc-apps/fsl/fsl-6.0.7.6/share/fsl/bin/fsl//bin/slicer: Not a directory
/home/radv/scaneva/my-scratch/brainageR//software/slicesdir.brainageR: line 163: /opt/aumc-apps/fsl/fsl-6.0.7.6/share/fsl/bin/fsl//bin/pngappend: Not a directory
/home/radv/scaneva/my-scratch/brainageR//software/slicesdir.brainageR: line 151: /opt/aumc-apps/fsl/fsl-6.0.7.6/share/fsl/bin/fsl//bin/remove_ext: Not a directory

/home/radv/scaneva/my-scratch/brainageR//software/slicesdir.brainageR: line 155: /opt/aumc-apps/fsl/fsl-6.0.7.6/share/fsl/bin/fsl//bin/slicer: Not a directory
/home/radv/scaneva/my-scratch/brainageR//software/slicesdir.brainageR: line 163: /opt/aumc-apps/fsl/fsl-6.0.7.6/share/fsl/bin/fsl//bin/pngappend: Not a directory
/home/radv/scaneva/my-scratch/brainageR//software/slicesdir.brainageR: line 151: /opt/aumc-apps/fsl/fsl-6.0.7.6/share/fsl/bin/fsl//bin/remove_ext: Not a directory

/home/radv/scaneva/my-scratch/brainageR//software/slicesdir.brainageR: line 155: /opt/aumc-apps/fsl/fsl-6.0.7.6/share/fsl/bin/fsl//bin/slicer: Not a directory
/home/radv/scaneva/my-scratch/brainageR//software/slicesdir.brainageR: line 163: /opt/aumc-apps/fsl/fsl-6.0.7.6/share/fsl/bin/fsl//bin/pngappend: Not a directory
/home/radv/scaneva/my-scratch/brainageR//software/slicesdir.brainageR: line 151: /opt/aumc-apps/fsl/fsl-6.0.7.6/share/fsl/bin/fsl//bin/remove_ext: Not a directory

/home/radv/scaneva/my-scratch/brainageR//software/slicesdir.brainageR: line 155: /opt/aumc-apps/fsl/fsl-6.0.7.6/share/fsl/bin/fsl//bin/slicer: Not a directory
/home/radv/scaneva/my-scratch/brainageR//software/slicesdir.brainageR: line 163: /opt/aumc-apps/fsl/fsl-6.0.7.6/share/fsl/bin/fsl//bin/pngappend: Not a directory
/home/radv/scaneva/my-scratch/brainageR//software/slicesdir.brainageR: line 151: /opt/aumc-apps/fsl/fsl-6.0.7.6/share/fsl/bin/fsl//bin/remove_ext: Not a directory

/home/radv/scaneva/my-scratch/brainageR//software/slicesdir.brainageR: line 155: /opt/aumc-apps/fsl/fsl-6.0.7.6/share/fsl/bin/fsl//bin/slicer: Not a directory
/home/radv/scaneva/my-scratch/brainageR//software/slicesdir.brainageR: line 163: /opt/aumc-apps/fsl/fsl-6.0.7.6/share/fsl/bin/fsl//bin/pngappend: Not a directory
/home/radv/scaneva/my-scratch/brainageR//software/slicesdir.brainageR: line 151: /opt/aumc-apps/fsl/fsl-6.0.7.6/share/fsl/bin/fsl//bin/remove_ext: Not a directory

/home/radv/scaneva/my-scratch/brainageR//software/slicesdir.brainageR: line 155: /opt/aumc-apps/fsl/fsl-6.0.7.6/share/fsl/bin/fsl//bin/slicer: Not a directory
/home/radv/scaneva/my-scratch/brainageR//software/slicesdir.brainageR: line 163: /opt/aumc-apps/fsl/fsl-6.0.7.6/share/fsl/bin/fsl//bin/pngappend: Not a directory

Finished. To view, point your web browser at
file:/scratch/radv/scaneva/brainageEuropad/EuroPAD_T1s//slicesdir_sub-EPAD04024488_ses-03_T1w.nii/index.html
Error in library(kernlab) : there is no package called ‘kernlab’
Execution halted
mv: cannot stat '/home/radv/scaneva/my-scratch/brainageEuropad/EuroPAD_T1s/sub-EPAD04024488_ses-03_T1w.csv': No such file or directory
rm: cannot remove '/home/radv/scaneva/my-scratch/brainageEuropad/EuroPAD_T1s/slicesdir_sub-EPAD04024488_ses-03_T1w.nii': Is a directory
