/scratch/radv/scaneva/brainageEuropad/EuroPAD_T1s/

                            < M A T L A B (R) >
                  Copyright 1984-2022 The MathWorks, Inc.
             R2022b Update 2 (9.13.0.2105380) 64-bit (glnxa64)
                              October 26, 2022

 
To get started, type doc.
For product information, visit www.mathworks.com.
 
[Warning: FSL toolbox not found:
/opt/aumc-apps/fsl/fsl-6.0.7.6/share/fsl/bin/fsl/etc/matlab] 
[> In startup (line 82)
In run (line 91)
In matlabrc (line 54)] 

-----------------------------------------------------------------------------------------------------
MATLAB Version: 9.13.0.2105380 (R2022b) Update 2
MATLAB License Number: 1096141
Operating System: Linux 4.18.0-553.8.1.el8_10.x86_64 #1 SMP Fri Jun 14 03:19:37 EDT 2024 x86_64
Java Version: Java 1.8.0_202-b08 with Oracle Corporation Java HotSpot(TM) 64-Bit Server VM mixed mode
-----------------------------------------------------------------------------------------------------
MATLAB                                                Version 9.13        (R2022b)
Bioinformatics Toolbox                                Version 4.16.1      (R2022b)
Computer Vision Toolbox                               Version 10.3        (R2022b)
Curve Fitting Toolbox                                 Version 3.8         (R2022b)
Deep Learning Toolbox                                 Version 14.5        (R2022b)
Global Optimization Toolbox                           Version 4.8         (R2022b)
Image Processing Toolbox                              Version 11.6        (R2022b)
MATLAB Compiler                                       Version 8.5         (R2022b)
Optimization Toolbox                                  Version 9.4         (R2022b)
Parallel Computing Toolbox                            Version 7.7         (R2022b)
Signal Processing Toolbox                             Version 9.1         (R2022b)
Statistics and Machine Learning Toolbox               Version 12.4        (R2022b)
Wavelet Toolbox                                       Version 6.2         (R2022b)


------------------------------------------------------------------------
12-Aug-2024 18:18:17 - Running job #1
------------------------------------------------------------------------
12-Aug-2024 18:18:17 - Running 'Segment'

SPM12: spm_preproc_run (v7408)                     18:18:17 - 12/08/2024
========================================================================
Segment /scratch/radv/scaneva/brainageEuropad/EuroPAD_T1s/sub-EPAD01023678_ses-03_T1w.nii,1
Completed                               :          18:22:40 - 12/08/2024
12-Aug-2024 18:22:40 - Done    'Segment'
12-Aug-2024 18:22:40 - Running 'Run Dartel (existing Templates)'
*** rc1sub-EPAD01023678_ses-03_T1w ***
1 	408147	0	408147	345.208
2 	299335	19115.1	318450	130.783
3 	283330	24745.5	308076	44.9813
4 	277467	13226.8	290694	126.231
5 	261415	23438.7	284853	38.3666
6 	260522	23952.8	284475	22.6654
7 	259133	12175.7	271309	100.504
8 	245578	20895.9	266474	32.5385
9 	244999	21137.9	266136	21.098
10 	244108	10798.7	254907	88.2992
11 	230468	19473.6	249941	32.1095
12 	229646	19829.1	249475	22.0321
13 	229832	10244.4	240077	74.4841
14 	217502	17845	235347	29.9911
15 	216312	18494.7	234807	21.0558
16 	216118	19177.7	235296	26.0365
17 	215670	19268.8	234939	19.304
18 	215312	19543.5	234855	17.987
12-Aug-2024 18:26:53 - Done    'Run Dartel (existing Templates)'
12-Aug-2024 18:26:53 - Running 'Normalise to MNI Space'

** "u_rc1sub-EPAD01023678_ses-03_T1w" **
c1sub-EPAD01023678_ses-03_T1w	1,1,1
c2sub-EPAD01023678_ses-03_T1w	1,1,1
c3sub-EPAD01023678_ses-03_T1w	1,1,1
12-Aug-2024 18:26:57 - Done    'Normalise to MNI Space'
12-Aug-2024 18:26:57 - Running 'Tissue Volumes'

Segmentation files:
	/scratch/radv/scaneva/brainageEuropad/EuroPAD_T1s/sub-EPAD01023678_ses-03_T1w_seg8.mat

Volumes (litres):
    0.5890    0.4135    0.3048

12-Aug-2024 18:28:00 - Done    'Tissue Volumes'
12-Aug-2024 18:28:00 - Done

/home/radv/scaneva/my-scratch/brainageR//software/slicesdir.brainageR: line 151: /opt/aumc-apps/fsl/fsl-6.0.7.6/share/fsl/bin/fsl//bin/remove_ext: Not a directory

/home/radv/scaneva/my-scratch/brainageR//software/slicesdir.brainageR: line 155: /opt/aumc-apps/fsl/fsl-6.0.7.6/share/fsl/bin/fsl//bin/slicer: Not a directory
/home/radv/scaneva/my-scratch/brainageR//software/slicesdir.brainageR: line 163: /opt/aumc-apps/fsl/fsl-6.0.7.6/share/fsl/bin/fsl//bin/pngappend: Not a directory
/home/radv/scaneva/my-scratch/brainageR//software/slicesdir.brainageR: line 151: /opt/aumc-apps/fsl/fsl-6.0.7.6/share/fsl/bin/fsl//bin/remove_ext: Not a directory

/home/radv/scaneva/my-scratch/brainageR//software/slicesdir.brainageR: line 155: /opt/aumc-apps/fsl/fsl-6.0.7.6/share/fsl/bin/fsl//bin/slicer: Not a directory
/home/radv/scaneva/my-scratch/brainageR//software/slicesdir.brainageR: line 163: /opt/aumc-apps/fsl/fsl-6.0.7.6/share/fsl/bin/fsl//bin/pngappend: Not a directory
/home/radv/scaneva/my-scratch/brainageR//software/slicesdir.brainageR: line 151: /opt/aumc-apps/fsl/fsl-6.0.7.6/share/fsl/bin/fsl//bin/remove_ext: Not a directory

/home/radv/scaneva/my-scratch/brainageR//software/slicesdir.brainageR: line 155: /opt/aumc-apps/fsl/fsl-6.0.7.6/share/fsl/bin/fsl//bin/slicer: Not a directory
/home/radv/scaneva/my-scratch/brainageR//software/slicesdir.brainageR: line 163: /opt/aumc-apps/fsl/fsl-6.0.7.6/share/fsl/bin/fsl//bin/pngappend: Not a directory
/home/radv/scaneva/my-scratch/brainageR//software/slicesdir.brainageR: line 151: /opt/aumc-apps/fsl/fsl-6.0.7.6/share/fsl/bin/fsl//bin/remove_ext: Not a directory

/home/radv/scaneva/my-scratch/brainageR//software/slicesdir.brainageR: line 155: /opt/aumc-apps/fsl/fsl-6.0.7.6/share/fsl/bin/fsl//bin/slicer: Not a directory
/home/radv/scaneva/my-scratch/brainageR//software/slicesdir.brainageR: line 163: /opt/aumc-apps/fsl/fsl-6.0.7.6/share/fsl/bin/fsl//bin/pngappend: Not a directory
/home/radv/scaneva/my-scratch/brainageR//software/slicesdir.brainageR: line 151: /opt/aumc-apps/fsl/fsl-6.0.7.6/share/fsl/bin/fsl//bin/remove_ext: Not a directory

/home/radv/scaneva/my-scratch/brainageR//software/slicesdir.brainageR: line 155: /opt/aumc-apps/fsl/fsl-6.0.7.6/share/fsl/bin/fsl//bin/slicer: Not a directory
/home/radv/scaneva/my-scratch/brainageR//software/slicesdir.brainageR: line 163: /opt/aumc-apps/fsl/fsl-6.0.7.6/share/fsl/bin/fsl//bin/pngappend: Not a directory
/home/radv/scaneva/my-scratch/brainageR//software/slicesdir.brainageR: line 151: /opt/aumc-apps/fsl/fsl-6.0.7.6/share/fsl/bin/fsl//bin/remove_ext: Not a directory

/home/radv/scaneva/my-scratch/brainageR//software/slicesdir.brainageR: line 155: /opt/aumc-apps/fsl/fsl-6.0.7.6/share/fsl/bin/fsl//bin/slicer: Not a directory
/home/radv/scaneva/my-scratch/brainageR//software/slicesdir.brainageR: line 163: /opt/aumc-apps/fsl/fsl-6.0.7.6/share/fsl/bin/fsl//bin/pngappend: Not a directory

Finished. To view, point your web browser at
file:/scratch/radv/scaneva/brainageEuropad/EuroPAD_T1s//slicesdir_sub-EPAD01023678_ses-03_T1w.nii/index.html
Error in library(kernlab) : there is no package called ‘kernlab’
Execution halted
mv: cannot stat '/home/radv/scaneva/my-scratch/brainageEuropad/EuroPAD_T1s/sub-EPAD01023678_ses-03_T1w.csv': No such file or directory
rm: cannot remove '/home/radv/scaneva/my-scratch/brainageEuropad/EuroPAD_T1s/slicesdir_sub-EPAD01023678_ses-03_T1w.nii': Is a directory
