Traceback (most recent call last):
  File "/home/radv/parunachalam/my-rdisk/r-divi/RNG/Projects/ExploreASL/EuroPAD/code/multimodal_MRI_processing/fMRI/postprocessing/compute_connectome/compute_timeseries_connectome.py", line 176, in <module>
    main()
  File "/home/radv/parunachalam/my-rdisk/r-divi/RNG/Projects/ExploreASL/EuroPAD/code/multimodal_MRI_processing/fMRI/postprocessing/compute_connectome/compute_timeseries_connectome.py", line 152, in main
    time_series = extract_timeseries(
                  ^^^^^^^^^^^^^^^^^^^
  File "/home/radv/parunachalam/my-rdisk/r-divi/RNG/Projects/ExploreASL/EuroPAD/code/multimodal_MRI_processing/fMRI/postprocessing/compute_connectome/compute_timeseries_connectome.py", line 55, in extract_timeseries
    img = nimg.load_img(fmri_file)
          ^^^^^^^^^^^^^^^^^^^^^^^^
  File "/home/radv/parunachalam/.local/lib/python3.11/site-packages/nilearn/image/image.py", line 1468, in load_img
    return check_niimg(img, wildcards=wildcards, dtype=dtype)
           ^^^^^^^^^^^^^^^^^^^^^^^^^^^^^^^^^^^^^^^^^^^^^^^^^^
  File "/home/radv/parunachalam/.local/lib/python3.11/site-packages/nilearn/_utils/niimg_conversions.py", line 317, in check_niimg
    niimg = load_niimg(niimg, dtype=dtype)
            ^^^^^^^^^^^^^^^^^^^^^^^^^^^^^^
  File "/home/radv/parunachalam/.local/lib/python3.11/site-packages/nilearn/_utils/niimg.py", line 132, in load_niimg
    dtype = _get_target_dtype(_get_data(niimg).dtype, dtype)
                              ^^^^^^^^^^^^^^^^
  File "/home/radv/parunachalam/.local/lib/python3.11/site-packages/nilearn/_utils/niimg.py", line 25, in _get_data
    data = np.asanyarray(img._dataobj)
           ^^^^^^^^^^^^^^^^^^^^^^^^^^^
  File "/home/radv/parunachalam/.local/lib/python3.11/site-packages/nibabel/arrayproxy.py", line 454, in __array__
    arr = self._get_scaled(dtype=dtype, slicer=())
          ^^^^^^^^^^^^^^^^^^^^^^^^^^^^^^^^^^^^^^^^
  File "/home/radv/parunachalam/.local/lib/python3.11/site-packages/nibabel/arrayproxy.py", line 421, in _get_scaled
    scaled = apply_read_scaling(self._get_unscaled(slicer=slicer), scl_slope, scl_inter)
                                ^^^^^^^^^^^^^^^^^^^^^^^^^^^^^^^^^
  File "/home/radv/parunachalam/.local/lib/python3.11/site-packages/nibabel/arrayproxy.py", line 391, in _get_unscaled
    return array_from_file(
           ^^^^^^^^^^^^^^^^
  File "/home/radv/parunachalam/.local/lib/python3.11/site-packages/nibabel/volumeutils.py", line 467, in array_from_file
    n_read = infile.readinto(data_bytes)
             ^^^^^^^^^^^^^^^^^^^^^^^^^^^
  File "/opt/aumc-apps-eb/software/Anaconda3/2024.02-1/lib/python3.11/gzip.py", line 301, in read
    return self._buffer.read(size)
           ^^^^^^^^^^^^^^^^^^^^^^^
  File "/opt/aumc-apps-eb/software/Anaconda3/2024.02-1/lib/python3.11/_compression.py", line 68, in readinto
    data = self.read(len(byte_view))
           ^^^^^^^^^^^^^^^^^^^^^^^^^
  File "/opt/aumc-apps-eb/software/Anaconda3/2024.02-1/lib/python3.11/gzip.py", line 518, in read
    raise EOFError("Compressed file ended before the "
EOFError: Compressed file ended before the end-of-stream marker was reached
Traceback (most recent call last):
  File "/home/radv/parunachalam/my-rdisk/r-divi/RNG/Projects/ExploreASL/EuroPAD/code/multimodal_MRI_processing/fMRI/postprocessing/compute_connectome/compute_timeseries_connectome.py", line 176, in <module>
    main()
  File "/home/radv/parunachalam/my-rdisk/r-divi/RNG/Projects/ExploreASL/EuroPAD/code/multimodal_MRI_processing/fMRI/postprocessing/compute_connectome/compute_timeseries_connectome.py", line 152, in main
    time_series = extract_timeseries(
                  ^^^^^^^^^^^^^^^^^^^
  File "/home/radv/parunachalam/my-rdisk/r-divi/RNG/Projects/ExploreASL/EuroPAD/code/multimodal_MRI_processing/fMRI/postprocessing/compute_connectome/compute_timeseries_connectome.py", line 102, in extract_timeseries
    return masker.fit_transform(img, confounds=confounds)
           ^^^^^^^^^^^^^^^^^^^^^^^^^^^^^^^^^^^^^^^^^^^^^^
  File "/home/radv/parunachalam/.local/lib/python3.11/site-packages/sklearn/utils/_set_output.py", line 319, in wrapped
    data_to_wrap = f(self, X, *args, **kwargs)
                   ^^^^^^^^^^^^^^^^^^^^^^^^^^^
  File "/home/radv/parunachalam/.local/lib/python3.11/site-packages/nilearn/maskers/nifti_labels_masker.py", line 712, in fit_transform
    return self.fit(imgs).transform(
           ^^^^^^^^^^^^^^^^^^^^^^^^^
  File "/home/radv/parunachalam/.local/lib/python3.11/site-packages/sklearn/utils/_set_output.py", line 319, in wrapped
    data_to_wrap = f(self, X, *args, **kwargs)
                   ^^^^^^^^^^^^^^^^^^^^^^^^^^^
  File "/home/radv/parunachalam/.local/lib/python3.11/site-packages/nilearn/maskers/base_masker.py", line 297, in transform
    return self.transform_single_imgs(
           ^^^^^^^^^^^^^^^^^^^^^^^^^^^
  File "/home/radv/parunachalam/.local/lib/python3.11/site-packages/nilearn/maskers/nifti_labels_masker.py", line 817, in transform_single_imgs
    region_signals, (ids, masked_atlas) = self._cache(
                                          ^^^^^^^^^^^^
  File "/opt/aumc-apps-eb/software/Anaconda3/2024.02-1/lib/python3.11/site-packages/joblib/memory.py", line 349, in __call__
    return self.func(*args, **kwargs)
           ^^^^^^^^^^^^^^^^^^^^^^^^^^
  File "/home/radv/parunachalam/.local/lib/python3.11/site-packages/nilearn/maskers/base_masker.py", line 137, in _filter_and_extract
    region_signals = cache(
                     ^^^^^^
  File "/opt/aumc-apps-eb/software/Anaconda3/2024.02-1/lib/python3.11/site-packages/joblib/memory.py", line 349, in __call__
    return self.func(*args, **kwargs)
           ^^^^^^^^^^^^^^^^^^^^^^^^^^
  File "/home/radv/parunachalam/.local/lib/python3.11/site-packages/nilearn/signal.py", line 768, in clean
    signals = butterworth(
              ^^^^^^^^^^^^
  File "/home/radv/parunachalam/.local/lib/python3.11/site-packages/nilearn/signal.py", line 453, in butterworth
    timeseries[:] = sp_signal.sosfiltfilt(
                    ^^^^^^^^^^^^^^^^^^^^^^
  File "/opt/aumc-apps-eb/software/Anaconda3/2024.02-1/lib/python3.11/site-packages/scipy/signal/_signaltools.py", line 4440, in sosfiltfilt
    edge, ext = _validate_pad(padtype, padlen, x, axis,
                ^^^^^^^^^^^^^^^^^^^^^^^^^^^^^^^^^^^^^^^
  File "/opt/aumc-apps-eb/software/Anaconda3/2024.02-1/lib/python3.11/site-packages/scipy/signal/_signaltools.py", line 4209, in _validate_pad
    raise ValueError("The length of the input vector x must be greater "
ValueError: The length of the input vector x must be greater than padlen, which is 33.
slurmstepd: error: *** JOB 1092590 ON luna-01 CANCELLED AT 2025-04-24T18:27:21 DUE TO TIME LIMIT ***
