[SKIP] Connectome already exists for sub-AMYPAD03010001 ses-000 → /home/radv/parunachalam/my-rdisk/r-divi/RNG/Projects/ExploreASL/EuroPAD/derivatives/postprocessing-fmriprep-v23.0.1/sub-AMYPAD03010001/ses-000/sub-AMYPAD03010001_ses-000_space-MNI152NLin6Asym_desc-preproc_drop5_smooth4_bp0.01-0.1_regmotion_atlas-Schaefer2018_100Parcels_17Networks_order_FSLMNI152_2mm_connectome.csv
[SKIP] Connectome already exists for sub-AMYPAD03010001 ses-001 → /home/radv/parunachalam/my-rdisk/r-divi/RNG/Projects/ExploreASL/EuroPAD/derivatives/postprocessing-fmriprep-v23.0.1/sub-AMYPAD03010001/ses-001/sub-AMYPAD03010001_ses-001_space-MNI152NLin6Asym_desc-preproc_drop5_smooth4_bp0.01-0.1_regmotion_atlas-Schaefer2018_100Parcels_17Networks_order_FSLMNI152_2mm_connectome.csv
[SKIP] Connectome already exists for sub-AMYPAD03010002 ses-000 → /home/radv/parunachalam/my-rdisk/r-divi/RNG/Projects/ExploreASL/EuroPAD/derivatives/postprocessing-fmriprep-v23.0.1/sub-AMYPAD03010002/ses-000/sub-AMYPAD03010002_ses-000_space-MNI152NLin6Asym_desc-preproc_drop5_smooth4_bp0.01-0.1_regmotion_atlas-Schaefer2018_100Parcels_17Networks_order_FSLMNI152_2mm_connectome.csv
[SKIP] Connectome already exists for sub-AMYPAD03010002 ses-001 → /home/radv/parunachalam/my-rdisk/r-divi/RNG/Projects/ExploreASL/EuroPAD/derivatives/postprocessing-fmriprep-v23.0.1/sub-AMYPAD03010002/ses-001/sub-AMYPAD03010002_ses-001_space-MNI152NLin6Asym_desc-preproc_drop5_smooth4_bp0.01-0.1_regmotion_atlas-Schaefer2018_100Parcels_17Networks_order_FSLMNI152_2mm_connectome.csv
[SKIP] Connectome already exists for sub-AMYPAD03010003 ses-000 → /home/radv/parunachalam/my-rdisk/r-divi/RNG/Projects/ExploreASL/EuroPAD/derivatives/postprocessing-fmriprep-v23.0.1/sub-AMYPAD03010003/ses-000/sub-AMYPAD03010003_ses-000_space-MNI152NLin6Asym_desc-preproc_drop5_smooth4_bp0.01-0.1_regmotion_atlas-Schaefer2018_100Parcels_17Networks_order_FSLMNI152_2mm_connectome.csv
[SKIP] Connectome already exists for sub-AMYPAD03010003 ses-001 → /home/radv/parunachalam/my-rdisk/r-divi/RNG/Projects/ExploreASL/EuroPAD/derivatives/postprocessing-fmriprep-v23.0.1/sub-AMYPAD03010003/ses-001/sub-AMYPAD03010003_ses-001_space-MNI152NLin6Asym_desc-preproc_drop5_smooth4_bp0.01-0.1_regmotion_atlas-Schaefer2018_100Parcels_17Networks_order_FSLMNI152_2mm_connectome.csv
[SKIP] Connectome already exists for sub-AMYPAD03010004 ses-000 → /home/radv/parunachalam/my-rdisk/r-divi/RNG/Projects/ExploreASL/EuroPAD/derivatives/postprocessing-fmriprep-v23.0.1/sub-AMYPAD03010004/ses-000/sub-AMYPAD03010004_ses-000_space-MNI152NLin6Asym_desc-preproc_drop5_smooth4_bp0.01-0.1_regmotion_atlas-Schaefer2018_100Parcels_17Networks_order_FSLMNI152_2mm_connectome.csv
[SKIP] Connectome already exists for sub-AMYPAD03010004 ses-001 → /home/radv/parunachalam/my-rdisk/r-divi/RNG/Projects/ExploreASL/EuroPAD/derivatives/postprocessing-fmriprep-v23.0.1/sub-AMYPAD03010004/ses-001/sub-AMYPAD03010004_ses-001_space-MNI152NLin6Asym_desc-preproc_drop5_smooth4_bp0.01-0.1_regmotion_atlas-Schaefer2018_100Parcels_17Networks_order_FSLMNI152_2mm_connectome.csv
[SKIP] Connectome already exists for sub-AMYPAD03010005 ses-000 → /home/radv/parunachalam/my-rdisk/r-divi/RNG/Projects/ExploreASL/EuroPAD/derivatives/postprocessing-fmriprep-v23.0.1/sub-AMYPAD03010005/ses-000/sub-AMYPAD03010005_ses-000_space-MNI152NLin6Asym_desc-preproc_drop5_smooth4_bp0.01-0.1_regmotion_atlas-Schaefer2018_100Parcels_17Networks_order_FSLMNI152_2mm_connectome.csv
[SKIP] Connectome already exists for sub-AMYPAD03010005 ses-001 → /home/radv/parunachalam/my-rdisk/r-divi/RNG/Projects/ExploreASL/EuroPAD/derivatives/postprocessing-fmriprep-v23.0.1/sub-AMYPAD03010005/ses-001/sub-AMYPAD03010005_ses-001_space-MNI152NLin6Asym_desc-preproc_drop5_smooth4_bp0.01-0.1_regmotion_atlas-Schaefer2018_100Parcels_17Networks_order_FSLMNI152_2mm_connectome.csv
[SKIP] Connectome already exists for sub-AMYPAD03010007 ses-000 → /home/radv/parunachalam/my-rdisk/r-divi/RNG/Projects/ExploreASL/EuroPAD/derivatives/postprocessing-fmriprep-v23.0.1/sub-AMYPAD03010007/ses-000/sub-AMYPAD03010007_ses-000_space-MNI152NLin6Asym_desc-preproc_drop5_smooth4_bp0.01-0.1_regmotion_atlas-Schaefer2018_100Parcels_17Networks_order_FSLMNI152_2mm_connectome.csv
[SKIP] Connectome already exists for sub-AMYPAD03010007 ses-001 → /home/radv/parunachalam/my-rdisk/r-divi/RNG/Projects/ExploreASL/EuroPAD/derivatives/postprocessing-fmriprep-v23.0.1/sub-AMYPAD03010007/ses-001/sub-AMYPAD03010007_ses-001_space-MNI152NLin6Asym_desc-preproc_drop5_smooth4_bp0.01-0.1_regmotion_atlas-Schaefer2018_100Parcels_17Networks_order_FSLMNI152_2mm_connectome.csv
[RUN] drop5_smooth4_bp0.01-0.1_regmotion for sub-AMYPAD03010009, ses-000
[INFO] Preprocessing and extracting time series...
[INFO] Time series saved: /home/radv/parunachalam/my-rdisk/r-divi/RNG/Projects/ExploreASL/EuroPAD/derivatives/postprocessing-fmriprep-v23.0.1/sub-AMYPAD03010009/ses-000/sub-AMYPAD03010009_ses-000_space-MNI152NLin6Asym_desc-preproc_drop5_smooth4_bp0.01-0.1_regmotion_atlas-Schaefer2018_100Parcels_17Networks_order_FSLMNI152_2mm_timeseries.csv
[INFO] Computing functional connectivity matrix...
[INFO] Connectome saved: /home/radv/parunachalam/my-rdisk/r-divi/RNG/Projects/ExploreASL/EuroPAD/derivatives/postprocessing-fmriprep-v23.0.1/sub-AMYPAD03010009/ses-000/sub-AMYPAD03010009_ses-000_space-MNI152NLin6Asym_desc-preproc_drop5_smooth4_bp0.01-0.1_regmotion_atlas-Schaefer2018_100Parcels_17Networks_order_FSLMNI152_2mm_connectome.csv
[INFO] Fisher Z saved: /home/radv/parunachalam/my-rdisk/r-divi/RNG/Projects/ExploreASL/EuroPAD/derivatives/postprocessing-fmriprep-v23.0.1/sub-AMYPAD03010009/ses-000/sub-AMYPAD03010009_ses-000_space-MNI152NLin6Asym_desc-preproc_drop5_smooth4_bp0.01-0.1_regmotion_atlas-Schaefer2018_100Parcels_17Networks_order_FSLMNI152_2mm_connectome_fisher_z.csv
[INFO] Plot saved: /home/radv/parunachalam/my-rdisk/r-divi/RNG/Projects/ExploreASL/EuroPAD/derivatives/postprocessing-fmriprep-v23.0.1/sub-AMYPAD03010009/ses-000/sub-AMYPAD03010009_ses-000_space-MNI152NLin6Asym_desc-preproc_drop5_smooth4_bp0.01-0.1_regmotion_atlas-Schaefer2018_100Parcels_17Networks_order_FSLMNI152_2mm_connectome_figure.jpg
[RUN] drop5_smooth4_bp0.01-0.1_regmotion for sub-AMYPAD03010009, ses-001
[INFO] Preprocessing and extracting time series...
[INFO] Time series saved: /home/radv/parunachalam/my-rdisk/r-divi/RNG/Projects/ExploreASL/EuroPAD/derivatives/postprocessing-fmriprep-v23.0.1/sub-AMYPAD03010009/ses-001/sub-AMYPAD03010009_ses-001_space-MNI152NLin6Asym_desc-preproc_drop5_smooth4_bp0.01-0.1_regmotion_atlas-Schaefer2018_100Parcels_17Networks_order_FSLMNI152_2mm_timeseries.csv
[INFO] Computing functional connectivity matrix...
[INFO] Connectome saved: /home/radv/parunachalam/my-rdisk/r-divi/RNG/Projects/ExploreASL/EuroPAD/derivatives/postprocessing-fmriprep-v23.0.1/sub-AMYPAD03010009/ses-001/sub-AMYPAD03010009_ses-001_space-MNI152NLin6Asym_desc-preproc_drop5_smooth4_bp0.01-0.1_regmotion_atlas-Schaefer2018_100Parcels_17Networks_order_FSLMNI152_2mm_connectome.csv
[INFO] Fisher Z saved: /home/radv/parunachalam/my-rdisk/r-divi/RNG/Projects/ExploreASL/EuroPAD/derivatives/postprocessing-fmriprep-v23.0.1/sub-AMYPAD03010009/ses-001/sub-AMYPAD03010009_ses-001_space-MNI152NLin6Asym_desc-preproc_drop5_smooth4_bp0.01-0.1_regmotion_atlas-Schaefer2018_100Parcels_17Networks_order_FSLMNI152_2mm_connectome_fisher_z.csv
[INFO] Plot saved: /home/radv/parunachalam/my-rdisk/r-divi/RNG/Projects/ExploreASL/EuroPAD/derivatives/postprocessing-fmriprep-v23.0.1/sub-AMYPAD03010009/ses-001/sub-AMYPAD03010009_ses-001_space-MNI152NLin6Asym_desc-preproc_drop5_smooth4_bp0.01-0.1_regmotion_atlas-Schaefer2018_100Parcels_17Networks_order_FSLMNI152_2mm_connectome_figure.jpg
[RUN] drop5_smooth4_bp0.01-0.1_regmotion for sub-AMYPAD03010010, ses-000
[INFO] Preprocessing and extracting time series...
[INFO] Time series saved: /home/radv/parunachalam/my-rdisk/r-divi/RNG/Projects/ExploreASL/EuroPAD/derivatives/postprocessing-fmriprep-v23.0.1/sub-AMYPAD03010010/ses-000/sub-AMYPAD03010010_ses-000_space-MNI152NLin6Asym_desc-preproc_drop5_smooth4_bp0.01-0.1_regmotion_atlas-Schaefer2018_100Parcels_17Networks_order_FSLMNI152_2mm_timeseries.csv
[INFO] Computing functional connectivity matrix...
[INFO] Connectome saved: /home/radv/parunachalam/my-rdisk/r-divi/RNG/Projects/ExploreASL/EuroPAD/derivatives/postprocessing-fmriprep-v23.0.1/sub-AMYPAD03010010/ses-000/sub-AMYPAD03010010_ses-000_space-MNI152NLin6Asym_desc-preproc_drop5_smooth4_bp0.01-0.1_regmotion_atlas-Schaefer2018_100Parcels_17Networks_order_FSLMNI152_2mm_connectome.csv
[INFO] Fisher Z saved: /home/radv/parunachalam/my-rdisk/r-divi/RNG/Projects/ExploreASL/EuroPAD/derivatives/postprocessing-fmriprep-v23.0.1/sub-AMYPAD03010010/ses-000/sub-AMYPAD03010010_ses-000_space-MNI152NLin6Asym_desc-preproc_drop5_smooth4_bp0.01-0.1_regmotion_atlas-Schaefer2018_100Parcels_17Networks_order_FSLMNI152_2mm_connectome_fisher_z.csv
[INFO] Plot saved: /home/radv/parunachalam/my-rdisk/r-divi/RNG/Projects/ExploreASL/EuroPAD/derivatives/postprocessing-fmriprep-v23.0.1/sub-AMYPAD03010010/ses-000/sub-AMYPAD03010010_ses-000_space-MNI152NLin6Asym_desc-preproc_drop5_smooth4_bp0.01-0.1_regmotion_atlas-Schaefer2018_100Parcels_17Networks_order_FSLMNI152_2mm_connectome_figure.jpg
[RUN] drop5_smooth4_bp0.01-0.1_regmotion for sub-AMYPAD03010010, ses-001
[INFO] Preprocessing and extracting time series...
[INFO] Time series saved: /home/radv/parunachalam/my-rdisk/r-divi/RNG/Projects/ExploreASL/EuroPAD/derivatives/postprocessing-fmriprep-v23.0.1/sub-AMYPAD03010010/ses-001/sub-AMYPAD03010010_ses-001_space-MNI152NLin6Asym_desc-preproc_drop5_smooth4_bp0.01-0.1_regmotion_atlas-Schaefer2018_100Parcels_17Networks_order_FSLMNI152_2mm_timeseries.csv
[INFO] Computing functional connectivity matrix...
[INFO] Connectome saved: /home/radv/parunachalam/my-rdisk/r-divi/RNG/Projects/ExploreASL/EuroPAD/derivatives/postprocessing-fmriprep-v23.0.1/sub-AMYPAD03010010/ses-001/sub-AMYPAD03010010_ses-001_space-MNI152NLin6Asym_desc-preproc_drop5_smooth4_bp0.01-0.1_regmotion_atlas-Schaefer2018_100Parcels_17Networks_order_FSLMNI152_2mm_connectome.csv
[INFO] Fisher Z saved: /home/radv/parunachalam/my-rdisk/r-divi/RNG/Projects/ExploreASL/EuroPAD/derivatives/postprocessing-fmriprep-v23.0.1/sub-AMYPAD03010010/ses-001/sub-AMYPAD03010010_ses-001_space-MNI152NLin6Asym_desc-preproc_drop5_smooth4_bp0.01-0.1_regmotion_atlas-Schaefer2018_100Parcels_17Networks_order_FSLMNI152_2mm_connectome_fisher_z.csv
[INFO] Plot saved: /home/radv/parunachalam/my-rdisk/r-divi/RNG/Projects/ExploreASL/EuroPAD/derivatives/postprocessing-fmriprep-v23.0.1/sub-AMYPAD03010010/ses-001/sub-AMYPAD03010010_ses-001_space-MNI152NLin6Asym_desc-preproc_drop5_smooth4_bp0.01-0.1_regmotion_atlas-Schaefer2018_100Parcels_17Networks_order_FSLMNI152_2mm_connectome_figure.jpg
[RUN] drop5_smooth4_bp0.01-0.1_regmotion for sub-AMYPAD03010011, ses-000
[INFO] Preprocessing and extracting time series...
[INFO] Time series saved: /home/radv/parunachalam/my-rdisk/r-divi/RNG/Projects/ExploreASL/EuroPAD/derivatives/postprocessing-fmriprep-v23.0.1/sub-AMYPAD03010011/ses-000/sub-AMYPAD03010011_ses-000_space-MNI152NLin6Asym_desc-preproc_drop5_smooth4_bp0.01-0.1_regmotion_atlas-Schaefer2018_100Parcels_17Networks_order_FSLMNI152_2mm_timeseries.csv
[INFO] Computing functional connectivity matrix...
[INFO] Connectome saved: /home/radv/parunachalam/my-rdisk/r-divi/RNG/Projects/ExploreASL/EuroPAD/derivatives/postprocessing-fmriprep-v23.0.1/sub-AMYPAD03010011/ses-000/sub-AMYPAD03010011_ses-000_space-MNI152NLin6Asym_desc-preproc_drop5_smooth4_bp0.01-0.1_regmotion_atlas-Schaefer2018_100Parcels_17Networks_order_FSLMNI152_2mm_connectome.csv
[INFO] Fisher Z saved: /home/radv/parunachalam/my-rdisk/r-divi/RNG/Projects/ExploreASL/EuroPAD/derivatives/postprocessing-fmriprep-v23.0.1/sub-AMYPAD03010011/ses-000/sub-AMYPAD03010011_ses-000_space-MNI152NLin6Asym_desc-preproc_drop5_smooth4_bp0.01-0.1_regmotion_atlas-Schaefer2018_100Parcels_17Networks_order_FSLMNI152_2mm_connectome_fisher_z.csv
[INFO] Plot saved: /home/radv/parunachalam/my-rdisk/r-divi/RNG/Projects/ExploreASL/EuroPAD/derivatives/postprocessing-fmriprep-v23.0.1/sub-AMYPAD03010011/ses-000/sub-AMYPAD03010011_ses-000_space-MNI152NLin6Asym_desc-preproc_drop5_smooth4_bp0.01-0.1_regmotion_atlas-Schaefer2018_100Parcels_17Networks_order_FSLMNI152_2mm_connectome_figure.jpg
[RUN] drop5_smooth4_bp0.01-0.1_regmotion for sub-AMYPAD03010011, ses-001
[INFO] Preprocessing and extracting time series...
[INFO] Time series saved: /home/radv/parunachalam/my-rdisk/r-divi/RNG/Projects/ExploreASL/EuroPAD/derivatives/postprocessing-fmriprep-v23.0.1/sub-AMYPAD03010011/ses-001/sub-AMYPAD03010011_ses-001_space-MNI152NLin6Asym_desc-preproc_drop5_smooth4_bp0.01-0.1_regmotion_atlas-Schaefer2018_100Parcels_17Networks_order_FSLMNI152_2mm_timeseries.csv
[INFO] Computing functional connectivity matrix...
[INFO] Connectome saved: /home/radv/parunachalam/my-rdisk/r-divi/RNG/Projects/ExploreASL/EuroPAD/derivatives/postprocessing-fmriprep-v23.0.1/sub-AMYPAD03010011/ses-001/sub-AMYPAD03010011_ses-001_space-MNI152NLin6Asym_desc-preproc_drop5_smooth4_bp0.01-0.1_regmotion_atlas-Schaefer2018_100Parcels_17Networks_order_FSLMNI152_2mm_connectome.csv
[INFO] Fisher Z saved: /home/radv/parunachalam/my-rdisk/r-divi/RNG/Projects/ExploreASL/EuroPAD/derivatives/postprocessing-fmriprep-v23.0.1/sub-AMYPAD03010011/ses-001/sub-AMYPAD03010011_ses-001_space-MNI152NLin6Asym_desc-preproc_drop5_smooth4_bp0.01-0.1_regmotion_atlas-Schaefer2018_100Parcels_17Networks_order_FSLMNI152_2mm_connectome_fisher_z.csv
[INFO] Plot saved: /home/radv/parunachalam/my-rdisk/r-divi/RNG/Projects/ExploreASL/EuroPAD/derivatives/postprocessing-fmriprep-v23.0.1/sub-AMYPAD03010011/ses-001/sub-AMYPAD03010011_ses-001_space-MNI152NLin6Asym_desc-preproc_drop5_smooth4_bp0.01-0.1_regmotion_atlas-Schaefer2018_100Parcels_17Networks_order_FSLMNI152_2mm_connectome_figure.jpg
[RUN] drop5_smooth4_bp0.01-0.1_regmotion for sub-AMYPAD03010013, ses-000
