/scratch/radv/scaneva/brainageEuropad/EuroPAD_T1s/

                            < M A T L A B (R) >
                  Copyright 1984-2022 The MathWorks, Inc.
             R2022b Update 2 (9.13.0.2105380) 64-bit (glnxa64)
                              October 26, 2022

 
To get started, type doc.
For product information, visit www.mathworks.com.
 
[Warning: FSL toolbox not found:
/opt/aumc-apps/fsl/fsl-6.0.7.6/share/fsl/etc/matlab] 
[> In startup (line 82)
In run (line 91)
In matlabrc (line 54)] 

-----------------------------------------------------------------------------------------------------
MATLAB Version: 9.13.0.2105380 (R2022b) Update 2
MATLAB License Number: 1096141
Operating System: Linux 4.18.0-553.8.1.el8_10.x86_64 #1 SMP Fri Jun 14 03:19:37 EDT 2024 x86_64
Java Version: Java 1.8.0_202-b08 with Oracle Corporation Java HotSpot(TM) 64-Bit Server VM mixed mode
-----------------------------------------------------------------------------------------------------
MATLAB                                                Version 9.13        (R2022b)
Bioinformatics Toolbox                                Version 4.16.1      (R2022b)
Computer Vision Toolbox                               Version 10.3        (R2022b)
Curve Fitting Toolbox                                 Version 3.8         (R2022b)
Deep Learning Toolbox                                 Version 14.5        (R2022b)
Global Optimization Toolbox                           Version 4.8         (R2022b)
Image Processing Toolbox                              Version 11.6        (R2022b)
MATLAB Compiler                                       Version 8.5         (R2022b)
Optimization Toolbox                                  Version 9.4         (R2022b)
Parallel Computing Toolbox                            Version 7.7         (R2022b)
Signal Processing Toolbox                             Version 9.1         (R2022b)
Statistics and Machine Learning Toolbox               Version 12.4        (R2022b)
Wavelet Toolbox                                       Version 6.2         (R2022b)


------------------------------------------------------------------------
14-Aug-2024 13:53:59 - Running job #1
------------------------------------------------------------------------
14-Aug-2024 13:53:59 - Running 'Segment'

SPM12: spm_preproc_run (v7408)                     13:53:59 - 14/08/2024
========================================================================
Segment /scratch/radv/scaneva/brainageEuropad/EuroPAD_T1s/sub-EPAD02024747_ses-03_T1w.nii,1
Completed                               :          13:57:38 - 14/08/2024
14-Aug-2024 13:57:38 - Done    'Segment'
14-Aug-2024 13:57:38 - Running 'Run Dartel (existing Templates)'
*** rc1sub-EPAD02024747_ses-03_T1w ***
1 	401778	0	401778	294.374
2 	336883	14852.5	351735	89.1414
3 	332273	16348.7	348621	25.6866
4 	329323	8358.18	337682	135.981
5 	312188	19518.2	331706	40.1002
6 	311553	19810.3	331363	22.9186
7 	310630	10107.3	320737	114.957
8 	292766	21965.8	314732	35.1207
9 	292325	22032.5	314357	21.9901
10 	291702	11338.1	303040	100.798
11 	273241	23452.3	296693	36.1527
12 	272689	23442.4	296131	24.1363
13 	272703	12194.5	284897	81.7467
14 	257018	22295.8	279314	33.5733
15 	255969	22660.3	278629	23.5593
16 	255328	23649.9	278978	28.7144
17 	255135	23433.9	278569	21.3852
18 	254697	23823.7	278520	20.8459
14-Aug-2024 14:00:15 - Done    'Run Dartel (existing Templates)'
14-Aug-2024 14:00:15 - Running 'Normalise to MNI Space'

** "u_rc1sub-EPAD02024747_ses-03_T1w" **
c1sub-EPAD02024747_ses-03_T1w	1,1,1
c2sub-EPAD02024747_ses-03_T1w	1,1,1
c3sub-EPAD02024747_ses-03_T1w	1,1,1
14-Aug-2024 14:00:19 - Done    'Normalise to MNI Space'
14-Aug-2024 14:00:19 - Running 'Tissue Volumes'

Segmentation files:
	/scratch/radv/scaneva/brainageEuropad/EuroPAD_T1s/sub-EPAD02024747_ses-03_T1w_seg8.mat

Volumes (litres):
    0.5510    0.4034    0.3950

14-Aug-2024 14:01:21 - Done    'Tissue Volumes'
14-Aug-2024 14:01:21 - Done

/scratch/radv/scaneva/brainageEuropad/EuroPAD_T1s//c1sub-EPAD02024747_ses-03_T1w
/scratch/radv/scaneva/brainageEuropad/EuroPAD_T1s//c2sub-EPAD02024747_ses-03_T1w
/scratch/radv/scaneva/brainageEuropad/EuroPAD_T1s//c3sub-EPAD02024747_ses-03_T1w
/scratch/radv/scaneva/brainageEuropad/EuroPAD_T1s//smwc1sub-EPAD02024747_ses-03_T1w
/scratch/radv/scaneva/brainageEuropad/EuroPAD_T1s//smwc2sub-EPAD02024747_ses-03_T1w
/scratch/radv/scaneva/brainageEuropad/EuroPAD_T1s//smwc3sub-EPAD02024747_ses-03_T1w

Finished. To view, point your web browser at
file:/scratch/radv/scaneva/brainageEuropad/EuroPAD_T1s//slicesdir_sub-EPAD02024747_ses-03_T1w.nii/index.html
[1] "loading nifti data Wed Aug 14 14:01:31 2024"
[1]      1 615541
[1] "loading regression model Wed Aug 14 14:01:50 2024"
[1] "saving new results Wed Aug 14 14:01:51 2024"
rm: cannot remove '/home/radv/scaneva/my-scratch/brainageEuropad/EuroPAD_T1s/logs/sub-EPAD02024747_ses-03_T1w_log.txt': No such file or directory
