/scratch/radv/scaneva/brainageEuropad/EuroPAD_T1s/

                            < M A T L A B (R) >
                  Copyright 1984-2022 The MathWorks, Inc.
             R2022b Update 2 (9.13.0.2105380) 64-bit (glnxa64)
                              October 26, 2022

 
To get started, type doc.
For product information, visit www.mathworks.com.
 
[Warning: FSL toolbox not found:
/opt/aumc-apps/fsl/fsl-6.0.7.6/share/fsl/etc/matlab] 
[> In startup (line 82)
In run (line 91)
In matlabrc (line 54)] 

-----------------------------------------------------------------------------------------------------
MATLAB Version: 9.13.0.2105380 (R2022b) Update 2
MATLAB License Number: 1096141
Operating System: Linux 4.18.0-553.8.1.el8_10.x86_64 #1 SMP Fri Jun 14 03:19:37 EDT 2024 x86_64
Java Version: Java 1.8.0_202-b08 with Oracle Corporation Java HotSpot(TM) 64-Bit Server VM mixed mode
-----------------------------------------------------------------------------------------------------
MATLAB                                                Version 9.13        (R2022b)
Bioinformatics Toolbox                                Version 4.16.1      (R2022b)
Computer Vision Toolbox                               Version 10.3        (R2022b)
Curve Fitting Toolbox                                 Version 3.8         (R2022b)
Deep Learning Toolbox                                 Version 14.5        (R2022b)
Global Optimization Toolbox                           Version 4.8         (R2022b)
Image Processing Toolbox                              Version 11.6        (R2022b)
MATLAB Compiler                                       Version 8.5         (R2022b)
Optimization Toolbox                                  Version 9.4         (R2022b)
Parallel Computing Toolbox                            Version 7.7         (R2022b)
Signal Processing Toolbox                             Version 9.1         (R2022b)
Statistics and Machine Learning Toolbox               Version 12.4        (R2022b)
Wavelet Toolbox                                       Version 6.2         (R2022b)


------------------------------------------------------------------------
14-Aug-2024 13:43:54 - Running job #1
------------------------------------------------------------------------
14-Aug-2024 13:43:54 - Running 'Segment'

SPM12: spm_preproc_run (v7408)                     13:43:54 - 14/08/2024
========================================================================
Segment /scratch/radv/scaneva/brainageEuropad/EuroPAD_T1s/sub-EPAD02023562_ses-03_T1w.nii,1
Completed                               :          13:46:48 - 14/08/2024
14-Aug-2024 13:46:48 - Done    'Segment'
14-Aug-2024 13:46:48 - Running 'Run Dartel (existing Templates)'
*** rc1sub-EPAD02023562_ses-03_T1w ***
1 	364050	0	364050	305.434
2 	295308	13442.1	308750	109.322
3 	288964	15423.7	304387	31.2207
4 	284783	7939.51	292723	126.045
5 	271445	16644.9	288090	35.177
6 	270876	16940.4	287816	20.9409
7 	269710	8604.81	278315	105.366
8 	255870	17626.3	273497	30.3248
9 	255345	17871.9	273217	19.1722
10 	254783	9160.89	263943	93.6916
11 	240063	18595.2	258659	31.0787
12 	239212	18997	258209	19.2903
13 	239979	9817.98	249797	79.3528
14 	226370	18286.6	244656	28.8191
15 	225196	18935	244130	19.1164
16 	225251	19652.3	244903	23.8356
17 	224649	19919.4	244568	17.2078
18 	224321	20177.2	244499	15.4058
14-Aug-2024 13:49:14 - Done    'Run Dartel (existing Templates)'
14-Aug-2024 13:49:14 - Running 'Normalise to MNI Space'

** "u_rc1sub-EPAD02023562_ses-03_T1w" **
c1sub-EPAD02023562_ses-03_T1w	1,1,1
c2sub-EPAD02023562_ses-03_T1w	1,1,1
c3sub-EPAD02023562_ses-03_T1w	1,1,1
14-Aug-2024 13:49:18 - Done    'Normalise to MNI Space'
14-Aug-2024 13:49:18 - Running 'Tissue Volumes'

Segmentation files:
	/scratch/radv/scaneva/brainageEuropad/EuroPAD_T1s/sub-EPAD02023562_ses-03_T1w_seg8.mat

Volumes (litres):
    0.6623    0.4899    0.2325

14-Aug-2024 13:50:19 - Done    'Tissue Volumes'
14-Aug-2024 13:50:19 - Done

/scratch/radv/scaneva/brainageEuropad/EuroPAD_T1s//c1sub-EPAD02023562_ses-03_T1w
/scratch/radv/scaneva/brainageEuropad/EuroPAD_T1s//c2sub-EPAD02023562_ses-03_T1w
/scratch/radv/scaneva/brainageEuropad/EuroPAD_T1s//c3sub-EPAD02023562_ses-03_T1w
/scratch/radv/scaneva/brainageEuropad/EuroPAD_T1s//smwc1sub-EPAD02023562_ses-03_T1w
/scratch/radv/scaneva/brainageEuropad/EuroPAD_T1s//smwc2sub-EPAD02023562_ses-03_T1w
/scratch/radv/scaneva/brainageEuropad/EuroPAD_T1s//smwc3sub-EPAD02023562_ses-03_T1w

Finished. To view, point your web browser at
file:/scratch/radv/scaneva/brainageEuropad/EuroPAD_T1s//slicesdir_sub-EPAD02023562_ses-03_T1w.nii/index.html
[1] "loading nifti data Wed Aug 14 13:50:27 2024"
[1]      1 615541
[1] "loading regression model Wed Aug 14 13:50:44 2024"
[1] "saving new results Wed Aug 14 13:50:45 2024"
rm: cannot remove '/home/radv/scaneva/my-scratch/brainageEuropad/EuroPAD_T1s/logs/sub-EPAD02023562_ses-03_T1w_log.txt': No such file or directory
