/scratch/radv/scaneva/brainageEuropad/EuroPAD_T1s/

                            < M A T L A B (R) >
                  Copyright 1984-2022 The MathWorks, Inc.
             R2022b Update 2 (9.13.0.2105380) 64-bit (glnxa64)
                              October 26, 2022

 
To get started, type doc.
For product information, visit www.mathworks.com.
 
[Warning: FSL toolbox not found:
/opt/aumc-apps/fsl/fsl-6.0.7.6/share/fsl/etc/matlab] 
[> In startup (line 82)
In run (line 91)
In matlabrc (line 54)] 

-----------------------------------------------------------------------------------------------------
MATLAB Version: 9.13.0.2105380 (R2022b) Update 2
MATLAB License Number: 1096141
Operating System: Linux 4.18.0-553.8.1.el8_10.x86_64 #1 SMP Fri Jun 14 03:19:37 EDT 2024 x86_64
Java Version: Java 1.8.0_202-b08 with Oracle Corporation Java HotSpot(TM) 64-Bit Server VM mixed mode
-----------------------------------------------------------------------------------------------------
MATLAB                                                Version 9.13        (R2022b)
Bioinformatics Toolbox                                Version 4.16.1      (R2022b)
Computer Vision Toolbox                               Version 10.3        (R2022b)
Curve Fitting Toolbox                                 Version 3.8         (R2022b)
Deep Learning Toolbox                                 Version 14.5        (R2022b)
Global Optimization Toolbox                           Version 4.8         (R2022b)
Image Processing Toolbox                              Version 11.6        (R2022b)
MATLAB Compiler                                       Version 8.5         (R2022b)
Optimization Toolbox                                  Version 9.4         (R2022b)
Parallel Computing Toolbox                            Version 7.7         (R2022b)
Signal Processing Toolbox                             Version 9.1         (R2022b)
Statistics and Machine Learning Toolbox               Version 12.4        (R2022b)
Wavelet Toolbox                                       Version 6.2         (R2022b)


------------------------------------------------------------------------
14-Aug-2024 14:59:00 - Running job #1
------------------------------------------------------------------------
14-Aug-2024 14:59:00 - Running 'Segment'

SPM12: spm_preproc_run (v7408)                     14:59:00 - 14/08/2024
========================================================================
Segment /scratch/radv/scaneva/brainageEuropad/EuroPAD_T1s/sub-EPAD03123787_ses-03_T1w.nii,1
Completed                               :          15:03:16 - 14/08/2024
14-Aug-2024 15:03:16 - Done    'Segment'
14-Aug-2024 15:03:16 - Running 'Run Dartel (existing Templates)'
*** rc1sub-EPAD03123787_ses-03_T1w ***
1 	447010	0	447010	340.404
2 	350409	17062.7	367472	136.3
3 	343692	17594.7	361287	34.8556
4 	340569	9027.04	349596	134.501
5 	325035	19046.4	344081	39.9252
6 	324540	19187.3	343728	26.0697
7 	324834	9781.86	334616	113.211
8 	308667	20275.7	328943	36.7847
9 	308072	20465.4	328538	24.4725
10 	308912	10522.1	319434	99.6438
11 	291191	21932.9	313124	37.4625
12 	290247	22255	312502	25.7744
13 	291465	11579.7	303045	83.7677
14 	275278	21762.9	297041	35.9037
15 	273693	22496.2	296189	25.3918
16 	273054	23558.7	296613	29.7208
17 	272535	23599.6	296135	22.9891
18 	272050	23967	296017	21.5781
14-Aug-2024 15:05:56 - Done    'Run Dartel (existing Templates)'
14-Aug-2024 15:05:56 - Running 'Normalise to MNI Space'

** "u_rc1sub-EPAD03123787_ses-03_T1w" **
c1sub-EPAD03123787_ses-03_T1w	1,1,1
c2sub-EPAD03123787_ses-03_T1w	1,1,1
c3sub-EPAD03123787_ses-03_T1w	1,1,1
14-Aug-2024 15:06:01 - Done    'Normalise to MNI Space'
14-Aug-2024 15:06:01 - Running 'Tissue Volumes'

Segmentation files:
	/scratch/radv/scaneva/brainageEuropad/EuroPAD_T1s/sub-EPAD03123787_ses-03_T1w_seg8.mat

Volumes (litres):
    0.6125    0.4431    0.3963

14-Aug-2024 15:07:05 - Done    'Tissue Volumes'
14-Aug-2024 15:07:05 - Done

/scratch/radv/scaneva/brainageEuropad/EuroPAD_T1s//c1sub-EPAD03123787_ses-03_T1w
/scratch/radv/scaneva/brainageEuropad/EuroPAD_T1s//c2sub-EPAD03123787_ses-03_T1w
/scratch/radv/scaneva/brainageEuropad/EuroPAD_T1s//c3sub-EPAD03123787_ses-03_T1w
/scratch/radv/scaneva/brainageEuropad/EuroPAD_T1s//smwc1sub-EPAD03123787_ses-03_T1w
/scratch/radv/scaneva/brainageEuropad/EuroPAD_T1s//smwc2sub-EPAD03123787_ses-03_T1w
/scratch/radv/scaneva/brainageEuropad/EuroPAD_T1s//smwc3sub-EPAD03123787_ses-03_T1w

Finished. To view, point your web browser at
file:/scratch/radv/scaneva/brainageEuropad/EuroPAD_T1s//slicesdir_sub-EPAD03123787_ses-03_T1w.nii/index.html
[1] "loading nifti data Wed Aug 14 15:07:14 2024"
[1]      1 615541
[1] "loading regression model Wed Aug 14 15:07:33 2024"
[1] "saving new results Wed Aug 14 15:07:34 2024"
rm: cannot remove '/home/radv/scaneva/my-scratch/brainageEuropad/EuroPAD_T1s/logs/sub-EPAD03123787_ses-03_T1w_log.txt': No such file or directory
