/scratch/radv/scaneva/brainageEuropad/EuroPAD_T1s/

                            < M A T L A B (R) >
                  Copyright 1984-2022 The MathWorks, Inc.
             R2022b Update 2 (9.13.0.2105380) 64-bit (glnxa64)
                              October 26, 2022

 
To get started, type doc.
For product information, visit www.mathworks.com.
 
[Warning: FSL toolbox not found:
/opt/aumc-apps/fsl/fsl-6.0.7.6/share/fsl/etc/matlab] 
[> In startup (line 82)
In run (line 91)
In matlabrc (line 54)] 

-----------------------------------------------------------------------------------------------------
MATLAB Version: 9.13.0.2105380 (R2022b) Update 2
MATLAB License Number: 1096141
Operating System: Linux 4.18.0-553.8.1.el8_10.x86_64 #1 SMP Fri Jun 14 03:19:37 EDT 2024 x86_64
Java Version: Java 1.8.0_202-b08 with Oracle Corporation Java HotSpot(TM) 64-Bit Server VM mixed mode
-----------------------------------------------------------------------------------------------------
MATLAB                                                Version 9.13        (R2022b)
Bioinformatics Toolbox                                Version 4.16.1      (R2022b)
Computer Vision Toolbox                               Version 10.3        (R2022b)
Curve Fitting Toolbox                                 Version 3.8         (R2022b)
Deep Learning Toolbox                                 Version 14.5        (R2022b)
Global Optimization Toolbox                           Version 4.8         (R2022b)
Image Processing Toolbox                              Version 11.6        (R2022b)
MATLAB Compiler                                       Version 8.5         (R2022b)
Optimization Toolbox                                  Version 9.4         (R2022b)
Parallel Computing Toolbox                            Version 7.7         (R2022b)
Signal Processing Toolbox                             Version 9.1         (R2022b)
Statistics and Machine Learning Toolbox               Version 12.4        (R2022b)
Wavelet Toolbox                                       Version 6.2         (R2022b)


------------------------------------------------------------------------
14-Aug-2024 14:56:55 - Running job #1
------------------------------------------------------------------------
14-Aug-2024 14:56:55 - Running 'Segment'

SPM12: spm_preproc_run (v7408)                     14:56:55 - 14/08/2024
========================================================================
Segment /scratch/radv/scaneva/brainageEuropad/EuroPAD_T1s/sub-EPAD03123832_ses-03_T1w.nii,1
Completed                               :          14:59:37 - 14/08/2024
14-Aug-2024 14:59:37 - Done    'Segment'
14-Aug-2024 14:59:37 - Running 'Run Dartel (existing Templates)'
*** rc1sub-EPAD03123832_ses-03_T1w ***
1 	403139	0	403139	323.52
2 	310258	14623.1	324881	121.481
3 	297166	18586.4	315752	44.4717
4 	293180	9977.42	303157	119.55
5 	280420	18134.6	298554	35.2774
6 	279514	18727.6	298241	21.8454
7 	279983	9540.26	289524	101.201
8 	266962	17866.7	284829	30.6396
9 	266082	18376.2	284458	19.5745
10 	267141	9435.51	276577	92.4156
11 	252264	18773.4	271038	32.5599
12 	251021	19425.7	270447	21.0838
13 	252360	10095	262455	78.8792
14 	238386	18649.8	257036	30.804
15 	236807	19539.5	256346	19.8062
16 	236481	20327.2	256808	25.037
17 	235793	20581.6	256374	16.9543
18 	235403	20850.9	256254	15.5656
14-Aug-2024 15:01:51 - Done    'Run Dartel (existing Templates)'
14-Aug-2024 15:01:51 - Running 'Normalise to MNI Space'

** "u_rc1sub-EPAD03123832_ses-03_T1w" **
c1sub-EPAD03123832_ses-03_T1w	1,1,1
c2sub-EPAD03123832_ses-03_T1w	1,1,1
c3sub-EPAD03123832_ses-03_T1w	1,1,1
14-Aug-2024 15:01:54 - Done    'Normalise to MNI Space'
14-Aug-2024 15:01:54 - Running 'Tissue Volumes'

Segmentation files:
	/scratch/radv/scaneva/brainageEuropad/EuroPAD_T1s/sub-EPAD03123832_ses-03_T1w_seg8.mat

Volumes (litres):
    0.6172    0.4352    0.2888

14-Aug-2024 15:02:47 - Done    'Tissue Volumes'
14-Aug-2024 15:02:47 - Done

/scratch/radv/scaneva/brainageEuropad/EuroPAD_T1s//c1sub-EPAD03123832_ses-03_T1w
/scratch/radv/scaneva/brainageEuropad/EuroPAD_T1s//c2sub-EPAD03123832_ses-03_T1w
/scratch/radv/scaneva/brainageEuropad/EuroPAD_T1s//c3sub-EPAD03123832_ses-03_T1w
/scratch/radv/scaneva/brainageEuropad/EuroPAD_T1s//smwc1sub-EPAD03123832_ses-03_T1w
/scratch/radv/scaneva/brainageEuropad/EuroPAD_T1s//smwc2sub-EPAD03123832_ses-03_T1w
/scratch/radv/scaneva/brainageEuropad/EuroPAD_T1s//smwc3sub-EPAD03123832_ses-03_T1w

Finished. To view, point your web browser at
file:/scratch/radv/scaneva/brainageEuropad/EuroPAD_T1s//slicesdir_sub-EPAD03123832_ses-03_T1w.nii/index.html
[1] "loading nifti data Wed Aug 14 15:02:55 2024"
[1]      1 615541
[1] "loading regression model Wed Aug 14 15:03:12 2024"
[1] "saving new results Wed Aug 14 15:03:13 2024"
rm: cannot remove '/home/radv/scaneva/my-scratch/brainageEuropad/EuroPAD_T1s/logs/sub-EPAD03123832_ses-03_T1w_log.txt': No such file or directory
