/scratch/radv/scaneva/brainageEuropad/EuroPAD_T1s/

                            < M A T L A B (R) >
                  Copyright 1984-2022 The MathWorks, Inc.
             R2022b Update 2 (9.13.0.2105380) 64-bit (glnxa64)
                              October 26, 2022

 
To get started, type doc.
For product information, visit www.mathworks.com.
 
[Warning: FSL toolbox not found:
/opt/aumc-apps/fsl/fsl-6.0.7.6/share/fsl/etc/matlab] 
[> In startup (line 82)
In run (line 91)
In matlabrc (line 54)] 

-----------------------------------------------------------------------------------------------------
MATLAB Version: 9.13.0.2105380 (R2022b) Update 2
MATLAB License Number: 1096141
Operating System: Linux 4.18.0-553.8.1.el8_10.x86_64 #1 SMP Fri Jun 14 03:19:37 EDT 2024 x86_64
Java Version: Java 1.8.0_202-b08 with Oracle Corporation Java HotSpot(TM) 64-Bit Server VM mixed mode
-----------------------------------------------------------------------------------------------------
MATLAB                                                Version 9.13        (R2022b)
Bioinformatics Toolbox                                Version 4.16.1      (R2022b)
Computer Vision Toolbox                               Version 10.3        (R2022b)
Curve Fitting Toolbox                                 Version 3.8         (R2022b)
Deep Learning Toolbox                                 Version 14.5        (R2022b)
Global Optimization Toolbox                           Version 4.8         (R2022b)
Image Processing Toolbox                              Version 11.6        (R2022b)
MATLAB Compiler                                       Version 8.5         (R2022b)
Optimization Toolbox                                  Version 9.4         (R2022b)
Parallel Computing Toolbox                            Version 7.7         (R2022b)
Signal Processing Toolbox                             Version 9.1         (R2022b)
Statistics and Machine Learning Toolbox               Version 12.4        (R2022b)
Wavelet Toolbox                                       Version 6.2         (R2022b)


------------------------------------------------------------------------
14-Aug-2024 14:34:53 - Running job #1
------------------------------------------------------------------------
14-Aug-2024 14:34:53 - Running 'Segment'

SPM12: spm_preproc_run (v7408)                     14:34:53 - 14/08/2024
========================================================================
Segment /scratch/radv/scaneva/brainageEuropad/EuroPAD_T1s/sub-EPAD03023532_ses-03_T1w.nii,1
Completed                               :          14:37:52 - 14/08/2024
14-Aug-2024 14:37:52 - Done    'Segment'
14-Aug-2024 14:37:52 - Running 'Run Dartel (existing Templates)'
*** rc1sub-EPAD03023532_ses-03_T1w ***
1 	472413	0	472413	371.015
2 	325643	23074.3	348717	143.019
3 	300663	30977.8	331641	46.839
4 	293944	16682.9	310627	128.153
5 	275757	27674.2	303431	43.953
6 	273737	28604	302341	29.5284
7 	273299	14591.4	287891	104.651
8 	258126	23879.1	282005	36.2922
9 	257132	24286.8	281419	24.0128
10 	257213	12427.7	269641	89.9105
11 	242534	21636.4	264171	33.9773
12 	241589	22030.8	263619	23.3906
13 	242729	11406.4	254135	76.1779
14 	229168	19676.2	248844	32.3243
15 	227730	20413	248143	23.1383
16 	227212	21321.7	248534	27.4165
17 	226686	21442.9	248129	21.4399
18 	226239	21796.1	248035	20.157
14-Aug-2024 14:40:05 - Done    'Run Dartel (existing Templates)'
14-Aug-2024 14:40:05 - Running 'Normalise to MNI Space'

** "u_rc1sub-EPAD03023532_ses-03_T1w" **
c1sub-EPAD03023532_ses-03_T1w	1,1,1
c2sub-EPAD03023532_ses-03_T1w	1,1,1
c3sub-EPAD03023532_ses-03_T1w	1,1,1
14-Aug-2024 14:40:09 - Done    'Normalise to MNI Space'
14-Aug-2024 14:40:09 - Running 'Tissue Volumes'

Segmentation files:
	/scratch/radv/scaneva/brainageEuropad/EuroPAD_T1s/sub-EPAD03023532_ses-03_T1w_seg8.mat

Volumes (litres):
    0.5285    0.3920    0.3042

14-Aug-2024 14:41:02 - Done    'Tissue Volumes'
14-Aug-2024 14:41:02 - Done

/scratch/radv/scaneva/brainageEuropad/EuroPAD_T1s//c1sub-EPAD03023532_ses-03_T1w
/scratch/radv/scaneva/brainageEuropad/EuroPAD_T1s//c2sub-EPAD03023532_ses-03_T1w
/scratch/radv/scaneva/brainageEuropad/EuroPAD_T1s//c3sub-EPAD03023532_ses-03_T1w
/scratch/radv/scaneva/brainageEuropad/EuroPAD_T1s//smwc1sub-EPAD03023532_ses-03_T1w
/scratch/radv/scaneva/brainageEuropad/EuroPAD_T1s//smwc2sub-EPAD03023532_ses-03_T1w
/scratch/radv/scaneva/brainageEuropad/EuroPAD_T1s//smwc3sub-EPAD03023532_ses-03_T1w

Finished. To view, point your web browser at
file:/scratch/radv/scaneva/brainageEuropad/EuroPAD_T1s//slicesdir_sub-EPAD03023532_ses-03_T1w.nii/index.html
[1] "loading nifti data Wed Aug 14 14:41:10 2024"
[1]      1 615541
[1] "loading regression model Wed Aug 14 14:41:25 2024"
[1] "saving new results Wed Aug 14 14:41:26 2024"
rm: cannot remove '/home/radv/scaneva/my-scratch/brainageEuropad/EuroPAD_T1s/logs/sub-EPAD03023532_ses-03_T1w_log.txt': No such file or directory
