/scratch/radv/scaneva/brainageEuropad/EuroPAD_T1s/

                            < M A T L A B (R) >
                  Copyright 1984-2022 The MathWorks, Inc.
             R2022b Update 2 (9.13.0.2105380) 64-bit (glnxa64)
                              October 26, 2022

 
To get started, type doc.
For product information, visit www.mathworks.com.
 
[Warning: FSL toolbox not found:
/opt/aumc-apps/fsl/fsl-6.0.7.6/share/fsl/etc/matlab] 
[> In startup (line 82)
In run (line 91)
In matlabrc (line 54)] 

-----------------------------------------------------------------------------------------------------
MATLAB Version: 9.13.0.2105380 (R2022b) Update 2
MATLAB License Number: 1096141
Operating System: Linux 4.18.0-553.8.1.el8_10.x86_64 #1 SMP Fri Jun 14 03:19:37 EDT 2024 x86_64
Java Version: Java 1.8.0_202-b08 with Oracle Corporation Java HotSpot(TM) 64-Bit Server VM mixed mode
-----------------------------------------------------------------------------------------------------
MATLAB                                                Version 9.13        (R2022b)
Bioinformatics Toolbox                                Version 4.16.1      (R2022b)
Computer Vision Toolbox                               Version 10.3        (R2022b)
Curve Fitting Toolbox                                 Version 3.8         (R2022b)
Deep Learning Toolbox                                 Version 14.5        (R2022b)
Global Optimization Toolbox                           Version 4.8         (R2022b)
Image Processing Toolbox                              Version 11.6        (R2022b)
MATLAB Compiler                                       Version 8.5         (R2022b)
Optimization Toolbox                                  Version 9.4         (R2022b)
Parallel Computing Toolbox                            Version 7.7         (R2022b)
Signal Processing Toolbox                             Version 9.1         (R2022b)
Statistics and Machine Learning Toolbox               Version 12.4        (R2022b)
Wavelet Toolbox                                       Version 6.2         (R2022b)


------------------------------------------------------------------------
14-Aug-2024 15:40:59 - Running job #1
------------------------------------------------------------------------
14-Aug-2024 15:41:00 - Running 'Segment'

SPM12: spm_preproc_run (v7408)                     15:41:00 - 14/08/2024
========================================================================
Segment /scratch/radv/scaneva/brainageEuropad/EuroPAD_T1s/sub-EPAD04023873_ses-05_T1w.nii,1
Completed                               :          15:44:08 - 14/08/2024
14-Aug-2024 15:44:08 - Done    'Segment'
14-Aug-2024 15:44:08 - Running 'Run Dartel (existing Templates)'
*** rc1sub-EPAD04023873_ses-05_T1w ***
1 	434384	0	434384	360.147
2 	302394	20723.2	323117	132.683
3 	283345	27198.6	310544	38.7933
4 	276905	14556.8	291462	119.912
5 	262786	23603.6	286390	35.3233
6 	261771	24264.8	286035	23.0415
7 	260171	12297.2	272468	96.8105
8 	247894	20235.9	268129	30.9918
9 	247255	20599.7	267855	20.6857
10 	246291	10515.3	256806	86.1279
11 	233321	18798.9	252120	30.5644
12 	232521	19206.1	251727	20.8001
13 	232821	9913.07	242734	73.9743
14 	220612	17464.3	238076	29.2154
15 	219381	18158.5	237539	20.1065
16 	219078	18887.5	237966	24.9542
17 	218642	18976.8	237619	18.3509
18 	218288	19272	237560	16.984
14-Aug-2024 15:46:38 - Done    'Run Dartel (existing Templates)'
14-Aug-2024 15:46:38 - Running 'Normalise to MNI Space'

** "u_rc1sub-EPAD04023873_ses-05_T1w" **
c1sub-EPAD04023873_ses-05_T1w	1,1,1
c2sub-EPAD04023873_ses-05_T1w	1,1,1
c3sub-EPAD04023873_ses-05_T1w	1,1,1
14-Aug-2024 15:46:42 - Done    'Normalise to MNI Space'
14-Aug-2024 15:46:42 - Running 'Tissue Volumes'

Segmentation files:
	/scratch/radv/scaneva/brainageEuropad/EuroPAD_T1s/sub-EPAD04023873_ses-05_T1w_seg8.mat

Volumes (litres):
    0.5572    0.4010    0.2868

14-Aug-2024 15:47:44 - Done    'Tissue Volumes'
14-Aug-2024 15:47:44 - Done

/scratch/radv/scaneva/brainageEuropad/EuroPAD_T1s//c1sub-EPAD04023873_ses-05_T1w
/scratch/radv/scaneva/brainageEuropad/EuroPAD_T1s//c2sub-EPAD04023873_ses-05_T1w
/scratch/radv/scaneva/brainageEuropad/EuroPAD_T1s//c3sub-EPAD04023873_ses-05_T1w
/scratch/radv/scaneva/brainageEuropad/EuroPAD_T1s//smwc1sub-EPAD04023873_ses-05_T1w
/scratch/radv/scaneva/brainageEuropad/EuroPAD_T1s//smwc2sub-EPAD04023873_ses-05_T1w
/scratch/radv/scaneva/brainageEuropad/EuroPAD_T1s//smwc3sub-EPAD04023873_ses-05_T1w

Finished. To view, point your web browser at
file:/scratch/radv/scaneva/brainageEuropad/EuroPAD_T1s//slicesdir_sub-EPAD04023873_ses-05_T1w.nii/index.html
[1] "loading nifti data Wed Aug 14 15:47:52 2024"
[1]      1 615541
[1] "loading regression model Wed Aug 14 15:48:09 2024"
[1] "saving new results Wed Aug 14 15:48:10 2024"
rm: cannot remove '/home/radv/scaneva/my-scratch/brainageEuropad/EuroPAD_T1s/logs/sub-EPAD04023873_ses-05_T1w_log.txt': No such file or directory
