/scratch/radv/scaneva/brainageEuropad/EuroPAD_T1s/

                            < M A T L A B (R) >
                  Copyright 1984-2022 The MathWorks, Inc.
             R2022b Update 2 (9.13.0.2105380) 64-bit (glnxa64)
                              October 26, 2022

 
To get started, type doc.
For product information, visit www.mathworks.com.
 
[Warning: FSL toolbox not found:
/opt/aumc-apps/fsl/fsl-6.0.7.6/share/fsl/etc/matlab] 
[> In startup (line 82)
In run (line 91)
In matlabrc (line 54)] 

-----------------------------------------------------------------------------------------------------
MATLAB Version: 9.13.0.2105380 (R2022b) Update 2
MATLAB License Number: 1096141
Operating System: Linux 4.18.0-553.8.1.el8_10.x86_64 #1 SMP Fri Jun 14 03:19:37 EDT 2024 x86_64
Java Version: Java 1.8.0_202-b08 with Oracle Corporation Java HotSpot(TM) 64-Bit Server VM mixed mode
-----------------------------------------------------------------------------------------------------
MATLAB                                                Version 9.13        (R2022b)
Bioinformatics Toolbox                                Version 4.16.1      (R2022b)
Computer Vision Toolbox                               Version 10.3        (R2022b)
Curve Fitting Toolbox                                 Version 3.8         (R2022b)
Deep Learning Toolbox                                 Version 14.5        (R2022b)
Global Optimization Toolbox                           Version 4.8         (R2022b)
Image Processing Toolbox                              Version 11.6        (R2022b)
MATLAB Compiler                                       Version 8.5         (R2022b)
Optimization Toolbox                                  Version 9.4         (R2022b)
Parallel Computing Toolbox                            Version 7.7         (R2022b)
Signal Processing Toolbox                             Version 9.1         (R2022b)
Statistics and Machine Learning Toolbox               Version 12.4        (R2022b)
Wavelet Toolbox                                       Version 6.2         (R2022b)


------------------------------------------------------------------------
14-Aug-2024 14:41:58 - Running job #1
------------------------------------------------------------------------
14-Aug-2024 14:41:58 - Running 'Segment'

SPM12: spm_preproc_run (v7408)                     14:41:58 - 14/08/2024
========================================================================
Segment /scratch/radv/scaneva/brainageEuropad/EuroPAD_T1s/sub-EPAD03023606_ses-03_T1w.nii,1
Completed                               :          14:44:46 - 14/08/2024
14-Aug-2024 14:44:46 - Done    'Segment'
14-Aug-2024 14:44:46 - Running 'Run Dartel (existing Templates)'
*** rc1sub-EPAD03023606_ses-03_T1w ***
1 	461933	0	461933	338.753
2 	354816	20498	375314	145.441
3 	346921	21516.9	368437	37.0914
4 	343414	11032.4	354446	141.54
5 	324944	22717.9	347662	43.5584
6 	324288	22908.4	347196	23.918
7 	324400	11654.8	336054	120.566
8 	306490	23075.7	329566	35.799
9 	306035	23139	329174	21.9557
10 	306131	11863.9	317995	102.864
11 	288070	23413.8	311483	35.7237
12 	287385	23574.1	310960	22.8625
13 	288240	12210.1	300450	83.5177
14 	272458	22125.9	294584	33.507
15 	271186	22753.5	293939	23.1269
16 	270672	23789	294461	28.576
17 	270306	23768.1	294074	21.7222
18 	269833	24171.6	294005	19.9421
14-Aug-2024 14:47:20 - Done    'Run Dartel (existing Templates)'
14-Aug-2024 14:47:20 - Running 'Normalise to MNI Space'

** "u_rc1sub-EPAD03023606_ses-03_T1w" **
c1sub-EPAD03023606_ses-03_T1w	1,1,1
c2sub-EPAD03023606_ses-03_T1w	1,1,1
c3sub-EPAD03023606_ses-03_T1w	1,1,1
14-Aug-2024 14:47:25 - Done    'Normalise to MNI Space'
14-Aug-2024 14:47:25 - Running 'Tissue Volumes'

Segmentation files:
	/scratch/radv/scaneva/brainageEuropad/EuroPAD_T1s/sub-EPAD03023606_ses-03_T1w_seg8.mat

Volumes (litres):
    0.5893    0.4909    0.4015

14-Aug-2024 14:48:27 - Done    'Tissue Volumes'
14-Aug-2024 14:48:27 - Done

/scratch/radv/scaneva/brainageEuropad/EuroPAD_T1s//c1sub-EPAD03023606_ses-03_T1w
/scratch/radv/scaneva/brainageEuropad/EuroPAD_T1s//c2sub-EPAD03023606_ses-03_T1w
/scratch/radv/scaneva/brainageEuropad/EuroPAD_T1s//c3sub-EPAD03023606_ses-03_T1w
/scratch/radv/scaneva/brainageEuropad/EuroPAD_T1s//smwc1sub-EPAD03023606_ses-03_T1w
/scratch/radv/scaneva/brainageEuropad/EuroPAD_T1s//smwc2sub-EPAD03023606_ses-03_T1w
/scratch/radv/scaneva/brainageEuropad/EuroPAD_T1s//smwc3sub-EPAD03023606_ses-03_T1w

Finished. To view, point your web browser at
file:/scratch/radv/scaneva/brainageEuropad/EuroPAD_T1s//slicesdir_sub-EPAD03023606_ses-03_T1w.nii/index.html
[1] "loading nifti data Wed Aug 14 14:48:35 2024"
[1]      1 615541
[1] "loading regression model Wed Aug 14 14:48:53 2024"
[1] "saving new results Wed Aug 14 14:48:54 2024"
rm: cannot remove '/home/radv/scaneva/my-scratch/brainageEuropad/EuroPAD_T1s/logs/sub-EPAD03023606_ses-03_T1w_log.txt': No such file or directory
