/scratch/radv/scaneva/brainageEuropad/EuroPAD_T1s/

                            < M A T L A B (R) >
                  Copyright 1984-2022 The MathWorks, Inc.
             R2022b Update 2 (9.13.0.2105380) 64-bit (glnxa64)
                              October 26, 2022

 
To get started, type doc.
For product information, visit www.mathworks.com.
 
[Warning: FSL toolbox not found:
/opt/aumc-apps/fsl/fsl-6.0.7.6/share/fsl/etc/matlab] 
[> In startup (line 82)
In run (line 91)
In matlabrc (line 54)] 

-----------------------------------------------------------------------------------------------------
MATLAB Version: 9.13.0.2105380 (R2022b) Update 2
MATLAB License Number: 1096141
Operating System: Linux 4.18.0-553.8.1.el8_10.x86_64 #1 SMP Fri Jun 14 03:19:37 EDT 2024 x86_64
Java Version: Java 1.8.0_202-b08 with Oracle Corporation Java HotSpot(TM) 64-Bit Server VM mixed mode
-----------------------------------------------------------------------------------------------------
MATLAB                                                Version 9.13        (R2022b)
Bioinformatics Toolbox                                Version 4.16.1      (R2022b)
Computer Vision Toolbox                               Version 10.3        (R2022b)
Curve Fitting Toolbox                                 Version 3.8         (R2022b)
Deep Learning Toolbox                                 Version 14.5        (R2022b)
Global Optimization Toolbox                           Version 4.8         (R2022b)
Image Processing Toolbox                              Version 11.6        (R2022b)
MATLAB Compiler                                       Version 8.5         (R2022b)
Optimization Toolbox                                  Version 9.4         (R2022b)
Parallel Computing Toolbox                            Version 7.7         (R2022b)
Signal Processing Toolbox                             Version 9.1         (R2022b)
Statistics and Machine Learning Toolbox               Version 12.4        (R2022b)
Wavelet Toolbox                                       Version 6.2         (R2022b)


------------------------------------------------------------------------
14-Aug-2024 15:04:54 - Running job #1
------------------------------------------------------------------------
14-Aug-2024 15:04:54 - Running 'Segment'

SPM12: spm_preproc_run (v7408)                     15:04:54 - 14/08/2024
========================================================================
Segment /scratch/radv/scaneva/brainageEuropad/EuroPAD_T1s/sub-EPAD03123912_ses-03_T1w.nii,1
Completed                               :          15:08:06 - 14/08/2024
14-Aug-2024 15:08:06 - Done    'Segment'
14-Aug-2024 15:08:07 - Running 'Run Dartel (existing Templates)'
*** rc1sub-EPAD03123912_ses-03_T1w ***
1 	489045	0	489045	390.777
2 	321492	25394	346886	162.322
3 	289799	35179.1	324978	54.9617
4 	281176	18980.1	300156	126.512
5 	263771	29696.9	293468	37.568
6 	262493	30417.1	292911	22.0669
7 	261239	15353.6	276593	98.9635
8 	248158	23688	271846	32.1565
9 	247387	24091.5	271478	19.8037
10 	246617	12261.8	258878	84.4447
11 	233869	20372.1	254241	29.8654
12 	233083	20751.3	253835	19.9363
13 	233426	10673.4	244099	70.3821
14 	221827	17756.7	239584	28.08
15 	220574	18475.6	239050	19.2703
16 	220243	19136.8	239380	24.2335
17 	219841	19181.6	239023	17.3957
18 	219518	19438.6	238956	16.2962
14-Aug-2024 15:10:20 - Done    'Run Dartel (existing Templates)'
14-Aug-2024 15:10:20 - Running 'Normalise to MNI Space'

** "u_rc1sub-EPAD03123912_ses-03_T1w" **
c1sub-EPAD03123912_ses-03_T1w	1,1,1
c2sub-EPAD03123912_ses-03_T1w	1,1,1
c3sub-EPAD03123912_ses-03_T1w	1,1,1
14-Aug-2024 15:10:23 - Done    'Normalise to MNI Space'
14-Aug-2024 15:10:23 - Running 'Tissue Volumes'

Segmentation files:
	/scratch/radv/scaneva/brainageEuropad/EuroPAD_T1s/sub-EPAD03123912_ses-03_T1w_seg8.mat

Volumes (litres):
    0.5336    0.3629    0.3255

14-Aug-2024 15:11:15 - Done    'Tissue Volumes'
14-Aug-2024 15:11:15 - Done

/scratch/radv/scaneva/brainageEuropad/EuroPAD_T1s//c1sub-EPAD03123912_ses-03_T1w
/scratch/radv/scaneva/brainageEuropad/EuroPAD_T1s//c2sub-EPAD03123912_ses-03_T1w
/scratch/radv/scaneva/brainageEuropad/EuroPAD_T1s//c3sub-EPAD03123912_ses-03_T1w
/scratch/radv/scaneva/brainageEuropad/EuroPAD_T1s//smwc1sub-EPAD03123912_ses-03_T1w
/scratch/radv/scaneva/brainageEuropad/EuroPAD_T1s//smwc2sub-EPAD03123912_ses-03_T1w
/scratch/radv/scaneva/brainageEuropad/EuroPAD_T1s//smwc3sub-EPAD03123912_ses-03_T1w

Finished. To view, point your web browser at
file:/scratch/radv/scaneva/brainageEuropad/EuroPAD_T1s//slicesdir_sub-EPAD03123912_ses-03_T1w.nii/index.html
[1] "loading nifti data Wed Aug 14 15:11:23 2024"
[1]      1 615541
[1] "loading regression model Wed Aug 14 15:11:39 2024"
[1] "saving new results Wed Aug 14 15:11:40 2024"
rm: cannot remove '/home/radv/scaneva/my-scratch/brainageEuropad/EuroPAD_T1s/logs/sub-EPAD03123912_ses-03_T1w_log.txt': No such file or directory
