/scratch/radv/scaneva/brainageEuropad/EuroPAD_T1s/

                            < M A T L A B (R) >
                  Copyright 1984-2022 The MathWorks, Inc.
             R2022b Update 2 (9.13.0.2105380) 64-bit (glnxa64)
                              October 26, 2022

 
To get started, type doc.
For product information, visit www.mathworks.com.
 
[Warning: FSL toolbox not found:
/opt/aumc-apps/fsl/fsl-6.0.7.6/share/fsl/etc/matlab] 
[> In startup (line 82)
In run (line 91)
In matlabrc (line 54)] 

-----------------------------------------------------------------------------------------------------
MATLAB Version: 9.13.0.2105380 (R2022b) Update 2
MATLAB License Number: 1096141
Operating System: Linux 4.18.0-553.8.1.el8_10.x86_64 #1 SMP Fri Jun 14 03:19:37 EDT 2024 x86_64
Java Version: Java 1.8.0_202-b08 with Oracle Corporation Java HotSpot(TM) 64-Bit Server VM mixed mode
-----------------------------------------------------------------------------------------------------
MATLAB                                                Version 9.13        (R2022b)
Bioinformatics Toolbox                                Version 4.16.1      (R2022b)
Computer Vision Toolbox                               Version 10.3        (R2022b)
Curve Fitting Toolbox                                 Version 3.8         (R2022b)
Deep Learning Toolbox                                 Version 14.5        (R2022b)
Global Optimization Toolbox                           Version 4.8         (R2022b)
Image Processing Toolbox                              Version 11.6        (R2022b)
MATLAB Compiler                                       Version 8.5         (R2022b)
Optimization Toolbox                                  Version 9.4         (R2022b)
Parallel Computing Toolbox                            Version 7.7         (R2022b)
Signal Processing Toolbox                             Version 9.1         (R2022b)
Statistics and Machine Learning Toolbox               Version 12.4        (R2022b)
Wavelet Toolbox                                       Version 6.2         (R2022b)


------------------------------------------------------------------------
14-Aug-2024 15:08:01 - Running job #1
------------------------------------------------------------------------
14-Aug-2024 15:08:01 - Running 'Segment'

SPM12: spm_preproc_run (v7408)                     15:08:01 - 14/08/2024
========================================================================
Segment /scratch/radv/scaneva/brainageEuropad/EuroPAD_T1s/sub-EPAD03123970_ses-03_T1w.nii,1
Completed                               :          15:11:11 - 14/08/2024
14-Aug-2024 15:11:11 - Done    'Segment'
14-Aug-2024 15:11:11 - Running 'Run Dartel (existing Templates)'
*** rc1sub-EPAD03123970_ses-03_T1w ***
1 	379851	0	379851	289.772
2 	317503	11329.4	328833	95.6183
3 	311804	12859.5	324664	31.6601
4 	309828	6659.76	316488	122.733
5 	297294	14589.7	311883	41.7361
6 	296306	15042.3	311348	26.597
7 	297502	7714.14	305216	104.894
8 	283884	16361.9	300246	34.4227
9 	282983	16712.4	299695	24.8859
10 	284441	8644.28	293085	94.4396
11 	269278	18003.1	287281	34.9372
12 	267877	18584.3	286461	23.9896
13 	269491	9641.41	279133	78.9813
14 	255678	18033.4	273711	30.8868
15 	254135	18855.4	272991	20.2825
16 	253858	19579.6	273438	25.7958
17 	253223	19762.7	272986	18.2509
18 	252831	20011.7	272843	17.1247
14-Aug-2024 15:13:46 - Done    'Run Dartel (existing Templates)'
14-Aug-2024 15:13:46 - Running 'Normalise to MNI Space'

** "u_rc1sub-EPAD03123970_ses-03_T1w" **
c1sub-EPAD03123970_ses-03_T1w	1,1,1
c2sub-EPAD03123970_ses-03_T1w	1,1,1
c3sub-EPAD03123970_ses-03_T1w	1,1,1
14-Aug-2024 15:13:50 - Done    'Normalise to MNI Space'
14-Aug-2024 15:13:50 - Running 'Tissue Volumes'

Segmentation files:
	/scratch/radv/scaneva/brainageEuropad/EuroPAD_T1s/sub-EPAD03123970_ses-03_T1w_seg8.mat

Volumes (litres):
    0.6467    0.4346    0.3091

14-Aug-2024 15:14:52 - Done    'Tissue Volumes'
14-Aug-2024 15:14:52 - Done

/scratch/radv/scaneva/brainageEuropad/EuroPAD_T1s//c1sub-EPAD03123970_ses-03_T1w
/scratch/radv/scaneva/brainageEuropad/EuroPAD_T1s//c2sub-EPAD03123970_ses-03_T1w
/scratch/radv/scaneva/brainageEuropad/EuroPAD_T1s//c3sub-EPAD03123970_ses-03_T1w
/scratch/radv/scaneva/brainageEuropad/EuroPAD_T1s//smwc1sub-EPAD03123970_ses-03_T1w
/scratch/radv/scaneva/brainageEuropad/EuroPAD_T1s//smwc2sub-EPAD03123970_ses-03_T1w
/scratch/radv/scaneva/brainageEuropad/EuroPAD_T1s//smwc3sub-EPAD03123970_ses-03_T1w

Finished. To view, point your web browser at
file:/scratch/radv/scaneva/brainageEuropad/EuroPAD_T1s//slicesdir_sub-EPAD03123970_ses-03_T1w.nii/index.html
[1] "loading nifti data Wed Aug 14 15:15:01 2024"
[1]      1 615541
[1] "loading regression model Wed Aug 14 15:15:20 2024"
[1] "saving new results Wed Aug 14 15:15:21 2024"
rm: cannot remove '/home/radv/scaneva/my-scratch/brainageEuropad/EuroPAD_T1s/logs/sub-EPAD03123970_ses-03_T1w_log.txt': No such file or directory
