/scratch/radv/scaneva/brainageEuropad/EuroPAD_T1s/

                            < M A T L A B (R) >
                  Copyright 1984-2022 The MathWorks, Inc.
             R2022b Update 2 (9.13.0.2105380) 64-bit (glnxa64)
                              October 26, 2022

 
To get started, type doc.
For product information, visit www.mathworks.com.
 
[Warning: FSL toolbox not found:
/opt/aumc-apps/fsl/fsl-6.0.7.6/share/fsl/etc/matlab] 
[> In startup (line 82)
In run (line 91)
In matlabrc (line 54)] 

-----------------------------------------------------------------------------------------------------
MATLAB Version: 9.13.0.2105380 (R2022b) Update 2
MATLAB License Number: 1096141
Operating System: Linux 4.18.0-553.8.1.el8_10.x86_64 #1 SMP Fri Jun 14 03:19:37 EDT 2024 x86_64
Java Version: Java 1.8.0_202-b08 with Oracle Corporation Java HotSpot(TM) 64-Bit Server VM mixed mode
-----------------------------------------------------------------------------------------------------
MATLAB                                                Version 9.13        (R2022b)
Bioinformatics Toolbox                                Version 4.16.1      (R2022b)
Computer Vision Toolbox                               Version 10.3        (R2022b)
Curve Fitting Toolbox                                 Version 3.8         (R2022b)
Deep Learning Toolbox                                 Version 14.5        (R2022b)
Global Optimization Toolbox                           Version 4.8         (R2022b)
Image Processing Toolbox                              Version 11.6        (R2022b)
MATLAB Compiler                                       Version 8.5         (R2022b)
Optimization Toolbox                                  Version 9.4         (R2022b)
Parallel Computing Toolbox                            Version 7.7         (R2022b)
Signal Processing Toolbox                             Version 9.1         (R2022b)
Statistics and Machine Learning Toolbox               Version 12.4        (R2022b)
Wavelet Toolbox                                       Version 6.2         (R2022b)


------------------------------------------------------------------------
14-Aug-2024 14:05:57 - Running job #1
------------------------------------------------------------------------
14-Aug-2024 14:05:58 - Running 'Segment'

SPM12: spm_preproc_run (v7408)                     14:05:58 - 14/08/2024
========================================================================
Segment /scratch/radv/scaneva/brainageEuropad/EuroPAD_T1s/sub-EPAD02224750_ses-03_T1w.nii,1
Completed                               :          14:09:10 - 14/08/2024
14-Aug-2024 14:09:10 - Done    'Segment'
14-Aug-2024 14:09:10 - Running 'Run Dartel (existing Templates)'
*** rc1sub-EPAD02224750_ses-03_T1w ***
1 	452476	0	452476	368.38
2 	309585	24057.2	333643	137.263
3 	288048	31332.4	319381	42.5441
4 	281103	16818.5	297921	127.208
5 	262660	28230.2	290890	40.0911
6 	260959	29289	290248	24.147
7 	260092	14857.4	274950	102.023
8 	245084	24316	269400	33.014
9 	243975	24945	268920	21.5313
10 	243220	12769.1	255989	88.0326
11 	228351	22055.9	250407	32.1258
12 	227137	22667.1	249804	21.4162
13 	227222	11711.9	238934	73.6055
14 	214233	19498.9	233732	29.5951
15 	212628	20419.1	233048	20.6712
16 	212285	21147	233433	25.0963
17 	211706	21325.3	233032	18.4771
18 	211367	21575.3	232943	16.922
14-Aug-2024 14:11:44 - Done    'Run Dartel (existing Templates)'
14-Aug-2024 14:11:44 - Running 'Normalise to MNI Space'

** "u_rc1sub-EPAD02224750_ses-03_T1w" **
c1sub-EPAD02224750_ses-03_T1w	1,1,1
c2sub-EPAD02224750_ses-03_T1w	1,1,1
c3sub-EPAD02224750_ses-03_T1w	1,1,1
14-Aug-2024 14:11:48 - Done    'Normalise to MNI Space'
14-Aug-2024 14:11:48 - Running 'Tissue Volumes'

Segmentation files:
	/scratch/radv/scaneva/brainageEuropad/EuroPAD_T1s/sub-EPAD02224750_ses-03_T1w_seg8.mat

Volumes (litres):
    0.5679    0.3699    0.3138

14-Aug-2024 14:12:52 - Done    'Tissue Volumes'
14-Aug-2024 14:12:52 - Done

/scratch/radv/scaneva/brainageEuropad/EuroPAD_T1s//c1sub-EPAD02224750_ses-03_T1w
/scratch/radv/scaneva/brainageEuropad/EuroPAD_T1s//c2sub-EPAD02224750_ses-03_T1w
/scratch/radv/scaneva/brainageEuropad/EuroPAD_T1s//c3sub-EPAD02224750_ses-03_T1w
/scratch/radv/scaneva/brainageEuropad/EuroPAD_T1s//smwc1sub-EPAD02224750_ses-03_T1w
/scratch/radv/scaneva/brainageEuropad/EuroPAD_T1s//smwc2sub-EPAD02224750_ses-03_T1w
/scratch/radv/scaneva/brainageEuropad/EuroPAD_T1s//smwc3sub-EPAD02224750_ses-03_T1w

Finished. To view, point your web browser at
file:/scratch/radv/scaneva/brainageEuropad/EuroPAD_T1s//slicesdir_sub-EPAD02224750_ses-03_T1w.nii/index.html
[1] "loading nifti data Wed Aug 14 14:13:01 2024"
[1]      1 615541
[1] "loading regression model Wed Aug 14 14:13:20 2024"
[1] "saving new results Wed Aug 14 14:13:21 2024"
rm: cannot remove '/home/radv/scaneva/my-scratch/brainageEuropad/EuroPAD_T1s/logs/sub-EPAD02224750_ses-03_T1w_log.txt': No such file or directory
