/scratch/radv/scaneva/brainageEuropad/EuroPAD_T1s/

                            < M A T L A B (R) >
                  Copyright 1984-2022 The MathWorks, Inc.
             R2022b Update 2 (9.13.0.2105380) 64-bit (glnxa64)
                              October 26, 2022

 
To get started, type doc.
For product information, visit www.mathworks.com.
 
[Warning: FSL toolbox not found:
/opt/aumc-apps/fsl/fsl-6.0.7.6/share/fsl/etc/matlab] 
[> In startup (line 82)
In run (line 91)
In matlabrc (line 54)] 

-----------------------------------------------------------------------------------------------------
MATLAB Version: 9.13.0.2105380 (R2022b) Update 2
MATLAB License Number: 1096141
Operating System: Linux 4.18.0-553.8.1.el8_10.x86_64 #1 SMP Fri Jun 14 03:19:37 EDT 2024 x86_64
Java Version: Java 1.8.0_202-b08 with Oracle Corporation Java HotSpot(TM) 64-Bit Server VM mixed mode
-----------------------------------------------------------------------------------------------------
MATLAB                                                Version 9.13        (R2022b)
Bioinformatics Toolbox                                Version 4.16.1      (R2022b)
Computer Vision Toolbox                               Version 10.3        (R2022b)
Curve Fitting Toolbox                                 Version 3.8         (R2022b)
Deep Learning Toolbox                                 Version 14.5        (R2022b)
Global Optimization Toolbox                           Version 4.8         (R2022b)
Image Processing Toolbox                              Version 11.6        (R2022b)
MATLAB Compiler                                       Version 8.5         (R2022b)
Optimization Toolbox                                  Version 9.4         (R2022b)
Parallel Computing Toolbox                            Version 7.7         (R2022b)
Signal Processing Toolbox                             Version 9.1         (R2022b)
Statistics and Machine Learning Toolbox               Version 12.4        (R2022b)
Wavelet Toolbox                                       Version 6.2         (R2022b)


------------------------------------------------------------------------
14-Aug-2024 14:26:00 - Running job #1
------------------------------------------------------------------------
14-Aug-2024 14:26:00 - Running 'Segment'

SPM12: spm_preproc_run (v7408)                     14:26:00 - 14/08/2024
========================================================================
Segment /scratch/radv/scaneva/brainageEuropad/EuroPAD_T1s/sub-EPAD03023557_ses-03_T1w.nii,1
Completed                               :          14:29:07 - 14/08/2024
14-Aug-2024 14:29:07 - Done    'Segment'
14-Aug-2024 14:29:07 - Running 'Run Dartel (existing Templates)'
*** rc1sub-EPAD03023557_ses-03_T1w ***
1 	473342	0	473342	375.165
2 	348812	22749.3	371561	157.998
3 	333560	26449	360009	53.8731
4 	330081	14161.7	344243	149.824
5 	308151	27504.5	335655	53.0488
6 	305864	28614	334478	31.1906
7 	306666	14656.9	321323	126.382
8 	286634	26928.3	313562	39.5339
9 	285480	27431	312911	21.3632
10 	285575	13992.4	299567	103.483
11 	267124	25513.7	292638	34.5077
12 	266008	26004.8	292013	20.551
13 	266425	13416.6	279842	82.2735
14 	251089	22761.6	273850	31.2582
15 	249358	23771	273129	19.9272
16 	248942	24689.6	273632	25.9982
17 	248334	24869.7	273204	17.4891
18 	247973	25147.3	273120	16.243
14-Aug-2024 14:31:48 - Done    'Run Dartel (existing Templates)'
14-Aug-2024 14:31:48 - Running 'Normalise to MNI Space'

** "u_rc1sub-EPAD03023557_ses-03_T1w" **
c1sub-EPAD03023557_ses-03_T1w	1,1,1
c2sub-EPAD03023557_ses-03_T1w	1,1,1
c3sub-EPAD03023557_ses-03_T1w	1,1,1
14-Aug-2024 14:31:52 - Done    'Normalise to MNI Space'
14-Aug-2024 14:31:52 - Running 'Tissue Volumes'

Segmentation files:
	/scratch/radv/scaneva/brainageEuropad/EuroPAD_T1s/sub-EPAD03023557_ses-03_T1w_seg8.mat

Volumes (litres):
    0.6786    0.4695    0.3858

14-Aug-2024 14:32:56 - Done    'Tissue Volumes'
14-Aug-2024 14:32:56 - Done

/scratch/radv/scaneva/brainageEuropad/EuroPAD_T1s//c1sub-EPAD03023557_ses-03_T1w
/scratch/radv/scaneva/brainageEuropad/EuroPAD_T1s//c2sub-EPAD03023557_ses-03_T1w
/scratch/radv/scaneva/brainageEuropad/EuroPAD_T1s//c3sub-EPAD03023557_ses-03_T1w
/scratch/radv/scaneva/brainageEuropad/EuroPAD_T1s//smwc1sub-EPAD03023557_ses-03_T1w
/scratch/radv/scaneva/brainageEuropad/EuroPAD_T1s//smwc2sub-EPAD03023557_ses-03_T1w
/scratch/radv/scaneva/brainageEuropad/EuroPAD_T1s//smwc3sub-EPAD03023557_ses-03_T1w

Finished. To view, point your web browser at
file:/scratch/radv/scaneva/brainageEuropad/EuroPAD_T1s//slicesdir_sub-EPAD03023557_ses-03_T1w.nii/index.html
[1] "loading nifti data Wed Aug 14 14:33:06 2024"
[1]      1 615541
[1] "loading regression model Wed Aug 14 14:33:24 2024"
[1] "saving new results Wed Aug 14 14:33:25 2024"
rm: cannot remove '/home/radv/scaneva/my-scratch/brainageEuropad/EuroPAD_T1s/logs/sub-EPAD03023557_ses-03_T1w_log.txt': No such file or directory
