/scratch/radv/scaneva/brainageEuropad/EuroPAD_T1s/

                            < M A T L A B (R) >
                  Copyright 1984-2022 The MathWorks, Inc.
             R2022b Update 2 (9.13.0.2105380) 64-bit (glnxa64)
                              October 26, 2022

 
To get started, type doc.
For product information, visit www.mathworks.com.
 
[Warning: FSL toolbox not found:
/opt/aumc-apps/fsl/fsl-6.0.7.6/share/fsl/etc/matlab] 
[> In startup (line 82)
In run (line 91)
In matlabrc (line 54)] 

-----------------------------------------------------------------------------------------------------
MATLAB Version: 9.13.0.2105380 (R2022b) Update 2
MATLAB License Number: 1096141
Operating System: Linux 4.18.0-553.8.1.el8_10.x86_64 #1 SMP Fri Jun 14 03:19:37 EDT 2024 x86_64
Java Version: Java 1.8.0_202-b08 with Oracle Corporation Java HotSpot(TM) 64-Bit Server VM mixed mode
-----------------------------------------------------------------------------------------------------
MATLAB                                                Version 9.13        (R2022b)
Bioinformatics Toolbox                                Version 4.16.1      (R2022b)
Computer Vision Toolbox                               Version 10.3        (R2022b)
Curve Fitting Toolbox                                 Version 3.8         (R2022b)
Deep Learning Toolbox                                 Version 14.5        (R2022b)
Global Optimization Toolbox                           Version 4.8         (R2022b)
Image Processing Toolbox                              Version 11.6        (R2022b)
MATLAB Compiler                                       Version 8.5         (R2022b)
Optimization Toolbox                                  Version 9.4         (R2022b)
Parallel Computing Toolbox                            Version 7.7         (R2022b)
Signal Processing Toolbox                             Version 9.1         (R2022b)
Statistics and Machine Learning Toolbox               Version 12.4        (R2022b)
Wavelet Toolbox                                       Version 6.2         (R2022b)


------------------------------------------------------------------------
14-Aug-2024 14:06:56 - Running job #1
------------------------------------------------------------------------
14-Aug-2024 14:06:56 - Running 'Segment'

SPM12: spm_preproc_run (v7408)                     14:06:56 - 14/08/2024
========================================================================
Segment /scratch/radv/scaneva/brainageEuropad/EuroPAD_T1s/sub-EPAD02224168_ses-03_T1w.nii,1
Completed                               :          14:10:17 - 14/08/2024
14-Aug-2024 14:10:17 - Done    'Segment'
14-Aug-2024 14:10:17 - Running 'Run Dartel (existing Templates)'
*** rc1sub-EPAD02224168_ses-03_T1w ***
1 	437491	0	437491	340.231
2 	341932	18625.5	360557	118.14
3 	331730	21495.7	353225	40.3631
4 	328553	11203.9	339757	145.756
5 	308770	23680.5	332450	45.1139
6 	307504	24301.5	331806	29.2834
7 	307741	12430.5	320172	122.462
8 	288772	24593.1	313365	38.0964
9 	288022	24878.2	312900	21.8219
10 	288112	12739.3	300851	103.374
11 	269635	24613.4	294248	35.7195
12 	268891	24805.3	293697	22.4495
13 	269174	12835.4	282009	81.8597
14 	253880	22465.7	276346	32.3768
15 	252515	23155.8	275671	22.0606
16 	251948	24062	276010	26.6517
17 	251568	24033.5	275601	19.5649
18 	251195	24352.8	275548	18.3058
14-Aug-2024 14:12:57 - Done    'Run Dartel (existing Templates)'
14-Aug-2024 14:12:57 - Running 'Normalise to MNI Space'

** "u_rc1sub-EPAD02224168_ses-03_T1w" **
c1sub-EPAD02224168_ses-03_T1w	1,1,1
c2sub-EPAD02224168_ses-03_T1w	1,1,1
c3sub-EPAD02224168_ses-03_T1w	1,1,1
14-Aug-2024 14:13:02 - Done    'Normalise to MNI Space'
14-Aug-2024 14:13:02 - Running 'Tissue Volumes'

Segmentation files:
	/scratch/radv/scaneva/brainageEuropad/EuroPAD_T1s/sub-EPAD02224168_ses-03_T1w_seg8.mat

Volumes (litres):
    0.5870    0.3754    0.4163

14-Aug-2024 14:14:06 - Done    'Tissue Volumes'
14-Aug-2024 14:14:06 - Done

/scratch/radv/scaneva/brainageEuropad/EuroPAD_T1s//c1sub-EPAD02224168_ses-03_T1w
/scratch/radv/scaneva/brainageEuropad/EuroPAD_T1s//c2sub-EPAD02224168_ses-03_T1w
/scratch/radv/scaneva/brainageEuropad/EuroPAD_T1s//c3sub-EPAD02224168_ses-03_T1w
/scratch/radv/scaneva/brainageEuropad/EuroPAD_T1s//smwc1sub-EPAD02224168_ses-03_T1w
/scratch/radv/scaneva/brainageEuropad/EuroPAD_T1s//smwc2sub-EPAD02224168_ses-03_T1w
/scratch/radv/scaneva/brainageEuropad/EuroPAD_T1s//smwc3sub-EPAD02224168_ses-03_T1w

Finished. To view, point your web browser at
file:/scratch/radv/scaneva/brainageEuropad/EuroPAD_T1s//slicesdir_sub-EPAD02224168_ses-03_T1w.nii/index.html
[1] "loading nifti data Wed Aug 14 14:14:15 2024"
[1]      1 615541
[1] "loading regression model Wed Aug 14 14:14:33 2024"
[1] "saving new results Wed Aug 14 14:14:34 2024"
rm: cannot remove '/home/radv/scaneva/my-scratch/brainageEuropad/EuroPAD_T1s/logs/sub-EPAD02224168_ses-03_T1w_log.txt': No such file or directory
