/scratch/radv/scaneva/brainageEuropad/EuroPAD_T1s/

                            < M A T L A B (R) >
                  Copyright 1984-2022 The MathWorks, Inc.
             R2022b Update 2 (9.13.0.2105380) 64-bit (glnxa64)
                              October 26, 2022

 
To get started, type doc.
For product information, visit www.mathworks.com.
 
[Warning: FSL toolbox not found:
/opt/aumc-apps/fsl/fsl-6.0.7.6/share/fsl/etc/matlab] 
[> In startup (line 82)
In run (line 91)
In matlabrc (line 54)] 

-----------------------------------------------------------------------------------------------------
MATLAB Version: 9.13.0.2105380 (R2022b) Update 2
MATLAB License Number: 1096141
Operating System: Linux 4.18.0-553.8.1.el8_10.x86_64 #1 SMP Fri Jun 14 03:19:37 EDT 2024 x86_64
Java Version: Java 1.8.0_202-b08 with Oracle Corporation Java HotSpot(TM) 64-Bit Server VM mixed mode
-----------------------------------------------------------------------------------------------------
MATLAB                                                Version 9.13        (R2022b)
Bioinformatics Toolbox                                Version 4.16.1      (R2022b)
Computer Vision Toolbox                               Version 10.3        (R2022b)
Curve Fitting Toolbox                                 Version 3.8         (R2022b)
Deep Learning Toolbox                                 Version 14.5        (R2022b)
Global Optimization Toolbox                           Version 4.8         (R2022b)
Image Processing Toolbox                              Version 11.6        (R2022b)
MATLAB Compiler                                       Version 8.5         (R2022b)
Optimization Toolbox                                  Version 9.4         (R2022b)
Parallel Computing Toolbox                            Version 7.7         (R2022b)
Signal Processing Toolbox                             Version 9.1         (R2022b)
Statistics and Machine Learning Toolbox               Version 12.4        (R2022b)
Wavelet Toolbox                                       Version 6.2         (R2022b)


------------------------------------------------------------------------
14-Aug-2024 15:57:07 - Running job #1
------------------------------------------------------------------------
14-Aug-2024 15:57:08 - Running 'Segment'

SPM12: spm_preproc_run (v7408)                     15:57:08 - 14/08/2024
========================================================================
Segment /scratch/radv/scaneva/brainageEuropad/EuroPAD_T1s/sub-EPAD04024391_ses-04_T1w.nii,1
Completed                               :          15:59:42 - 14/08/2024
14-Aug-2024 15:59:42 - Done    'Segment'
14-Aug-2024 15:59:43 - Running 'Run Dartel (existing Templates)'
*** rc1sub-EPAD04024391_ses-04_T1w ***
1 	399499	0	399499	311.425
2 	324684	13540.7	338225	109.805
3 	317862	14708.3	332570	36.7989
4 	313334	7611.73	320946	124.559
5 	299701	16365.8	316067	36.8616
6 	299068	16658.9	315727	23.8226
7 	298298	8486.99	306785	105.976
8 	283600	18027.7	301627	32.9692
9 	282983	18313.1	301296	22.306
10 	283079	9431.95	292511	95.8912
11 	266512	20022.1	286534	35.7224
12 	265295	20611.7	285907	23.8925
13 	266083	10729.4	276812	81.2038
14 	250512	20454.2	270966	33.2993
15 	249006	21224.8	270230	23.383
16 	248576	22188.5	270765	28.2108
17 	248096	22227.8	270323	21.4407
18 	247627	22565.9	270193	19.1195
14-Aug-2024 16:02:16 - Done    'Run Dartel (existing Templates)'
14-Aug-2024 16:02:16 - Running 'Normalise to MNI Space'

** "u_rc1sub-EPAD04024391_ses-04_T1w" **
c1sub-EPAD04024391_ses-04_T1w	1,1,1
c2sub-EPAD04024391_ses-04_T1w	1,1,1
c3sub-EPAD04024391_ses-04_T1w	1,1,1
14-Aug-2024 16:02:21 - Done    'Normalise to MNI Space'
14-Aug-2024 16:02:21 - Running 'Tissue Volumes'

Segmentation files:
	/scratch/radv/scaneva/brainageEuropad/EuroPAD_T1s/sub-EPAD04024391_ses-04_T1w_seg8.mat

Volumes (litres):
    0.5894    0.4491    0.3568

14-Aug-2024 16:03:22 - Done    'Tissue Volumes'
14-Aug-2024 16:03:22 - Done

/scratch/radv/scaneva/brainageEuropad/EuroPAD_T1s//c1sub-EPAD04024391_ses-04_T1w
/scratch/radv/scaneva/brainageEuropad/EuroPAD_T1s//c2sub-EPAD04024391_ses-04_T1w
/scratch/radv/scaneva/brainageEuropad/EuroPAD_T1s//c3sub-EPAD04024391_ses-04_T1w
/scratch/radv/scaneva/brainageEuropad/EuroPAD_T1s//smwc1sub-EPAD04024391_ses-04_T1w
/scratch/radv/scaneva/brainageEuropad/EuroPAD_T1s//smwc2sub-EPAD04024391_ses-04_T1w
/scratch/radv/scaneva/brainageEuropad/EuroPAD_T1s//smwc3sub-EPAD04024391_ses-04_T1w

Finished. To view, point your web browser at
file:/scratch/radv/scaneva/brainageEuropad/EuroPAD_T1s//slicesdir_sub-EPAD04024391_ses-04_T1w.nii/index.html
[1] "loading nifti data Wed Aug 14 16:03:31 2024"
[1]      1 615541
[1] "loading regression model Wed Aug 14 16:03:48 2024"
[1] "saving new results Wed Aug 14 16:03:49 2024"
rm: cannot remove '/home/radv/scaneva/my-scratch/brainageEuropad/EuroPAD_T1s/logs/sub-EPAD04024391_ses-04_T1w_log.txt': No such file or directory
