/scratch/radv/scaneva/brainageEuropad/EuroPAD_T1s/

                            < M A T L A B (R) >
                  Copyright 1984-2022 The MathWorks, Inc.
             R2022b Update 2 (9.13.0.2105380) 64-bit (glnxa64)
                              October 26, 2022

 
To get started, type doc.
For product information, visit www.mathworks.com.
 
[Warning: FSL toolbox not found:
/opt/aumc-apps/fsl/fsl-6.0.7.6/share/fsl/etc/matlab] 
[> In startup (line 82)
In run (line 91)
In matlabrc (line 54)] 

-----------------------------------------------------------------------------------------------------
MATLAB Version: 9.13.0.2105380 (R2022b) Update 2
MATLAB License Number: 1096141
Operating System: Linux 4.18.0-553.8.1.el8_10.x86_64 #1 SMP Fri Jun 14 03:19:37 EDT 2024 x86_64
Java Version: Java 1.8.0_202-b08 with Oracle Corporation Java HotSpot(TM) 64-Bit Server VM mixed mode
-----------------------------------------------------------------------------------------------------
MATLAB                                                Version 9.13        (R2022b)
Bioinformatics Toolbox                                Version 4.16.1      (R2022b)
Computer Vision Toolbox                               Version 10.3        (R2022b)
Curve Fitting Toolbox                                 Version 3.8         (R2022b)
Deep Learning Toolbox                                 Version 14.5        (R2022b)
Global Optimization Toolbox                           Version 4.8         (R2022b)
Image Processing Toolbox                              Version 11.6        (R2022b)
MATLAB Compiler                                       Version 8.5         (R2022b)
Optimization Toolbox                                  Version 9.4         (R2022b)
Parallel Computing Toolbox                            Version 7.7         (R2022b)
Signal Processing Toolbox                             Version 9.1         (R2022b)
Statistics and Machine Learning Toolbox               Version 12.4        (R2022b)
Wavelet Toolbox                                       Version 6.2         (R2022b)


------------------------------------------------------------------------
14-Aug-2024 15:41:02 - Running job #1
------------------------------------------------------------------------
14-Aug-2024 15:41:02 - Running 'Segment'

SPM12: spm_preproc_run (v7408)                     15:41:02 - 14/08/2024
========================================================================
Segment /scratch/radv/scaneva/brainageEuropad/EuroPAD_T1s/sub-EPAD04023883_ses-03_T1w.nii,1
Completed                               :          15:43:45 - 14/08/2024
14-Aug-2024 15:43:45 - Done    'Segment'
14-Aug-2024 15:43:45 - Running 'Run Dartel (existing Templates)'
*** rc1sub-EPAD04023883_ses-03_T1w ***
1 	521082	0	521082	380.307
2 	380387	24325.6	404713	170.712
3 	365766	26975.9	392742	50.3851
4 	364888	13992.4	378881	158.436
5 	341700	28532.5	370233	50.1341
6 	340362	29126.7	369488	27.6652
7 	343676	14847.4	358524	135.202
8 	321073	29025.6	350099	40.6661
9 	320108	29458.1	349566	22.1511
10 	322426	15062.8	337489	111.865
11 	300564	28999.7	329564	38.4097
12 	299391	29400.2	328791	23.6261
13 	301151	15257.3	316408	88.6838
14 	282714	26736.5	309450	35.0494
15 	280874	27721.5	308596	23.284
16 	280318	28837.9	309156	29.0664
17 	279754	28949.5	308704	21.4606
18 	279281	29318.5	308599	20.1979
14-Aug-2024 15:46:18 - Done    'Run Dartel (existing Templates)'
14-Aug-2024 15:46:18 - Running 'Normalise to MNI Space'

** "u_rc1sub-EPAD04023883_ses-03_T1w" **
c1sub-EPAD04023883_ses-03_T1w	1,1,1
c2sub-EPAD04023883_ses-03_T1w	1,1,1
c3sub-EPAD04023883_ses-03_T1w	1,1,1
14-Aug-2024 15:46:22 - Done    'Normalise to MNI Space'
14-Aug-2024 15:46:22 - Running 'Tissue Volumes'

Segmentation files:
	/scratch/radv/scaneva/brainageEuropad/EuroPAD_T1s/sub-EPAD04023883_ses-03_T1w_seg8.mat

Volumes (litres):
    0.6301    0.4354    0.4439

14-Aug-2024 15:47:24 - Done    'Tissue Volumes'
14-Aug-2024 15:47:24 - Done

/scratch/radv/scaneva/brainageEuropad/EuroPAD_T1s//c1sub-EPAD04023883_ses-03_T1w
/scratch/radv/scaneva/brainageEuropad/EuroPAD_T1s//c2sub-EPAD04023883_ses-03_T1w
/scratch/radv/scaneva/brainageEuropad/EuroPAD_T1s//c3sub-EPAD04023883_ses-03_T1w
/scratch/radv/scaneva/brainageEuropad/EuroPAD_T1s//smwc1sub-EPAD04023883_ses-03_T1w
/scratch/radv/scaneva/brainageEuropad/EuroPAD_T1s//smwc2sub-EPAD04023883_ses-03_T1w
/scratch/radv/scaneva/brainageEuropad/EuroPAD_T1s//smwc3sub-EPAD04023883_ses-03_T1w

Finished. To view, point your web browser at
file:/scratch/radv/scaneva/brainageEuropad/EuroPAD_T1s//slicesdir_sub-EPAD04023883_ses-03_T1w.nii/index.html
[1] "loading nifti data Wed Aug 14 15:47:33 2024"
[1]      1 615541
[1] "loading regression model Wed Aug 14 15:47:51 2024"
[1] "saving new results Wed Aug 14 15:47:52 2024"
rm: cannot remove '/home/radv/scaneva/my-scratch/brainageEuropad/EuroPAD_T1s/logs/sub-EPAD04023883_ses-03_T1w_log.txt': No such file or directory
