/scratch/radv/scaneva/brainageEuropad/EuroPAD_T1s/

                            < M A T L A B (R) >
                  Copyright 1984-2022 The MathWorks, Inc.
             R2022b Update 2 (9.13.0.2105380) 64-bit (glnxa64)
                              October 26, 2022

 
To get started, type doc.
For product information, visit www.mathworks.com.
 
[Warning: FSL toolbox not found:
/opt/aumc-apps/fsl/fsl-6.0.7.6/share/fsl/etc/matlab] 
[> In startup (line 82)
In run (line 91)
In matlabrc (line 54)] 

-----------------------------------------------------------------------------------------------------
MATLAB Version: 9.13.0.2105380 (R2022b) Update 2
MATLAB License Number: 1096141
Operating System: Linux 4.18.0-553.8.1.el8_10.x86_64 #1 SMP Fri Jun 14 03:19:37 EDT 2024 x86_64
Java Version: Java 1.8.0_202-b08 with Oracle Corporation Java HotSpot(TM) 64-Bit Server VM mixed mode
-----------------------------------------------------------------------------------------------------
MATLAB                                                Version 9.13        (R2022b)
Bioinformatics Toolbox                                Version 4.16.1      (R2022b)
Computer Vision Toolbox                               Version 10.3        (R2022b)
Curve Fitting Toolbox                                 Version 3.8         (R2022b)
Deep Learning Toolbox                                 Version 14.5        (R2022b)
Global Optimization Toolbox                           Version 4.8         (R2022b)
Image Processing Toolbox                              Version 11.6        (R2022b)
MATLAB Compiler                                       Version 8.5         (R2022b)
Optimization Toolbox                                  Version 9.4         (R2022b)
Parallel Computing Toolbox                            Version 7.7         (R2022b)
Signal Processing Toolbox                             Version 9.1         (R2022b)
Statistics and Machine Learning Toolbox               Version 12.4        (R2022b)
Wavelet Toolbox                                       Version 6.2         (R2022b)


------------------------------------------------------------------------
14-Aug-2024 14:08:53 - Running job #1
------------------------------------------------------------------------
14-Aug-2024 14:08:54 - Running 'Segment'

SPM12: spm_preproc_run (v7408)                     14:08:54 - 14/08/2024
========================================================================
Segment /scratch/radv/scaneva/brainageEuropad/EuroPAD_T1s/sub-EPAD02224267_ses-03_T1w.nii,1
Completed                               :          14:10:53 - 14/08/2024
14-Aug-2024 14:10:53 - Done    'Segment'
14-Aug-2024 14:10:53 - Running 'Run Dartel (existing Templates)'
*** rc1sub-EPAD02224267_ses-03_T1w ***
1 	393563	0	393563	324.305
2 	311173	16580.9	327754	105.671
3 	305323	18021.7	323344	30.1428
4 	301786	9328.01	311114	133.422
5 	285268	20056	305324	37.7707
6 	284622	20406.6	305028	23.4792
7 	282982	10403	293385	109.87
8 	266716	21028	287744	33.2641
9 	266259	21163	287422	20.7042
10 	264641	10856.5	275497	94.5508
11 	248364	21377.2	269741	33.7207
12 	247634	21599.3	269233	22.344
13 	247053	11188.6	258242	77.9886
14 	232906	20086.7	252992	31.1515
15 	231688	20682.4	252370	21.2185
16 	231394	21484.8	252879	26.2037
17 	230945	21567	252512	19.3353
18 	230628	21826.3	252454	18.1649
14-Aug-2024 14:13:07 - Done    'Run Dartel (existing Templates)'
14-Aug-2024 14:13:07 - Running 'Normalise to MNI Space'

** "u_rc1sub-EPAD02224267_ses-03_T1w" **
c1sub-EPAD02224267_ses-03_T1w	1,1,1
c2sub-EPAD02224267_ses-03_T1w	1,1,1
c3sub-EPAD02224267_ses-03_T1w	1,1,1
14-Aug-2024 14:13:11 - Done    'Normalise to MNI Space'
14-Aug-2024 14:13:11 - Running 'Tissue Volumes'

Segmentation files:
	/scratch/radv/scaneva/brainageEuropad/EuroPAD_T1s/sub-EPAD02224267_ses-03_T1w_seg8.mat

Volumes (litres):
    0.5821    0.4679    0.3303

14-Aug-2024 14:14:03 - Done    'Tissue Volumes'
14-Aug-2024 14:14:03 - Done

/scratch/radv/scaneva/brainageEuropad/EuroPAD_T1s//c1sub-EPAD02224267_ses-03_T1w
/scratch/radv/scaneva/brainageEuropad/EuroPAD_T1s//c2sub-EPAD02224267_ses-03_T1w
/scratch/radv/scaneva/brainageEuropad/EuroPAD_T1s//c3sub-EPAD02224267_ses-03_T1w
/scratch/radv/scaneva/brainageEuropad/EuroPAD_T1s//smwc1sub-EPAD02224267_ses-03_T1w
/scratch/radv/scaneva/brainageEuropad/EuroPAD_T1s//smwc2sub-EPAD02224267_ses-03_T1w
/scratch/radv/scaneva/brainageEuropad/EuroPAD_T1s//smwc3sub-EPAD02224267_ses-03_T1w

Finished. To view, point your web browser at
file:/scratch/radv/scaneva/brainageEuropad/EuroPAD_T1s//slicesdir_sub-EPAD02224267_ses-03_T1w.nii/index.html
[1] "loading nifti data Wed Aug 14 14:14:10 2024"
[1]      1 615541
[1] "loading regression model Wed Aug 14 14:14:25 2024"
[1] "saving new results Wed Aug 14 14:14:26 2024"
rm: cannot remove '/home/radv/scaneva/my-scratch/brainageEuropad/EuroPAD_T1s/logs/sub-EPAD02224267_ses-03_T1w_log.txt': No such file or directory
