/scratch/radv/scaneva/brainageEuropad/EuroPAD_T1s/

                            < M A T L A B (R) >
                  Copyright 1984-2022 The MathWorks, Inc.
             R2022b Update 2 (9.13.0.2105380) 64-bit (glnxa64)
                              October 26, 2022

 
To get started, type doc.
For product information, visit www.mathworks.com.
 
[Warning: FSL toolbox not found:
/opt/aumc-apps/fsl/fsl-6.0.7.6/share/fsl/etc/matlab] 
[> In startup (line 82)
In run (line 91)
In matlabrc (line 54)] 

-----------------------------------------------------------------------------------------------------
MATLAB Version: 9.13.0.2105380 (R2022b) Update 2
MATLAB License Number: 1096141
Operating System: Linux 4.18.0-553.8.1.el8_10.x86_64 #1 SMP Fri Jun 14 03:19:37 EDT 2024 x86_64
Java Version: Java 1.8.0_202-b08 with Oracle Corporation Java HotSpot(TM) 64-Bit Server VM mixed mode
-----------------------------------------------------------------------------------------------------
MATLAB                                                Version 9.13        (R2022b)
Bioinformatics Toolbox                                Version 4.16.1      (R2022b)
Computer Vision Toolbox                               Version 10.3        (R2022b)
Curve Fitting Toolbox                                 Version 3.8         (R2022b)
Deep Learning Toolbox                                 Version 14.5        (R2022b)
Global Optimization Toolbox                           Version 4.8         (R2022b)
Image Processing Toolbox                              Version 11.6        (R2022b)
MATLAB Compiler                                       Version 8.5         (R2022b)
Optimization Toolbox                                  Version 9.4         (R2022b)
Parallel Computing Toolbox                            Version 7.7         (R2022b)
Signal Processing Toolbox                             Version 9.1         (R2022b)
Statistics and Machine Learning Toolbox               Version 12.4        (R2022b)
Wavelet Toolbox                                       Version 6.2         (R2022b)


------------------------------------------------------------------------
14-Aug-2024 15:51:02 - Running job #1
------------------------------------------------------------------------
14-Aug-2024 15:51:02 - Running 'Segment'

SPM12: spm_preproc_run (v7408)                     15:51:02 - 14/08/2024
========================================================================
Segment /scratch/radv/scaneva/brainageEuropad/EuroPAD_T1s/sub-EPAD04024433_ses-03_T1w.nii,1
Completed                               :          15:53:39 - 14/08/2024
14-Aug-2024 15:53:39 - Done    'Segment'
14-Aug-2024 15:53:39 - Running 'Run Dartel (existing Templates)'
*** rc1sub-EPAD04024433_ses-03_T1w ***
1 	381385	0	381385	277.645
2 	333137	12409.8	345547	91.9173
3 	330239	13458	343697	29.6501
4 	327796	6891.74	334688	131.178
5 	312549	16896	329445	41.1989
6 	311954	17205.8	329159	28.1736
7 	311418	8803.81	320221	113.498
8 	294678	19869.2	314547	40.7748
9 	294106	20025.6	314132	28.8121
10 	293650	10381.8	304031	103.715
11 	275661	22145.7	297807	40.2945
12 	275058	22173.4	297232	28.1046
13 	275294	11529.4	286824	86.3909
14 	259405	21848.5	281253	36.3105
15 	258564	22116.3	280680	26.9383
16 	258009	23109.6	281119	31.4435
17 	257790	22981.1	280771	25.3258
18 	257357	23372.8	280730	24.3458
14-Aug-2024 15:56:06 - Done    'Run Dartel (existing Templates)'
14-Aug-2024 15:56:07 - Running 'Normalise to MNI Space'

** "u_rc1sub-EPAD04024433_ses-03_T1w" **
c1sub-EPAD04024433_ses-03_T1w	1,1,1
c2sub-EPAD04024433_ses-03_T1w	1,1,1
c3sub-EPAD04024433_ses-03_T1w	1,1,1
14-Aug-2024 15:56:10 - Done    'Normalise to MNI Space'
14-Aug-2024 15:56:10 - Running 'Tissue Volumes'

Segmentation files:
	/scratch/radv/scaneva/brainageEuropad/EuroPAD_T1s/sub-EPAD04024433_ses-03_T1w_seg8.mat

Volumes (litres):
    0.5768    0.4567    0.3746

14-Aug-2024 15:57:11 - Done    'Tissue Volumes'
14-Aug-2024 15:57:11 - Done

/scratch/radv/scaneva/brainageEuropad/EuroPAD_T1s//c1sub-EPAD04024433_ses-03_T1w
/scratch/radv/scaneva/brainageEuropad/EuroPAD_T1s//c2sub-EPAD04024433_ses-03_T1w
/scratch/radv/scaneva/brainageEuropad/EuroPAD_T1s//c3sub-EPAD04024433_ses-03_T1w
/scratch/radv/scaneva/brainageEuropad/EuroPAD_T1s//smwc1sub-EPAD04024433_ses-03_T1w
/scratch/radv/scaneva/brainageEuropad/EuroPAD_T1s//smwc2sub-EPAD04024433_ses-03_T1w
/scratch/radv/scaneva/brainageEuropad/EuroPAD_T1s//smwc3sub-EPAD04024433_ses-03_T1w

Finished. To view, point your web browser at
file:/scratch/radv/scaneva/brainageEuropad/EuroPAD_T1s//slicesdir_sub-EPAD04024433_ses-03_T1w.nii/index.html
[1] "loading nifti data Wed Aug 14 15:57:19 2024"
[1]      1 615541
[1] "loading regression model Wed Aug 14 15:57:36 2024"
[1] "saving new results Wed Aug 14 15:57:37 2024"
rm: cannot remove '/home/radv/scaneva/my-scratch/brainageEuropad/EuroPAD_T1s/logs/sub-EPAD04024433_ses-03_T1w_log.txt': No such file or directory
