/scratch/radv/scaneva/brainageEuropad/EuroPAD_T1s/

                            < M A T L A B (R) >
                  Copyright 1984-2022 The MathWorks, Inc.
             R2022b Update 2 (9.13.0.2105380) 64-bit (glnxa64)
                              October 26, 2022

 
To get started, type doc.
For product information, visit www.mathworks.com.
 
[Warning: FSL toolbox not found:
/opt/aumc-apps/fsl/fsl-6.0.7.6/share/fsl/etc/matlab] 
[> In startup (line 82)
In run (line 91)
In matlabrc (line 54)] 

-----------------------------------------------------------------------------------------------------
MATLAB Version: 9.13.0.2105380 (R2022b) Update 2
MATLAB License Number: 1096141
Operating System: Linux 4.18.0-553.8.1.el8_10.x86_64 #1 SMP Fri Jun 14 03:19:37 EDT 2024 x86_64
Java Version: Java 1.8.0_202-b08 with Oracle Corporation Java HotSpot(TM) 64-Bit Server VM mixed mode
-----------------------------------------------------------------------------------------------------
MATLAB                                                Version 9.13        (R2022b)
Bioinformatics Toolbox                                Version 4.16.1      (R2022b)
Computer Vision Toolbox                               Version 10.3        (R2022b)
Curve Fitting Toolbox                                 Version 3.8         (R2022b)
Deep Learning Toolbox                                 Version 14.5        (R2022b)
Global Optimization Toolbox                           Version 4.8         (R2022b)
Image Processing Toolbox                              Version 11.6        (R2022b)
MATLAB Compiler                                       Version 8.5         (R2022b)
Optimization Toolbox                                  Version 9.4         (R2022b)
Parallel Computing Toolbox                            Version 7.7         (R2022b)
Signal Processing Toolbox                             Version 9.1         (R2022b)
Statistics and Machine Learning Toolbox               Version 12.4        (R2022b)
Wavelet Toolbox                                       Version 6.2         (R2022b)


------------------------------------------------------------------------
14-Aug-2024 14:07:55 - Running job #1
------------------------------------------------------------------------
14-Aug-2024 14:07:55 - Running 'Segment'

SPM12: spm_preproc_run (v7408)                     14:07:55 - 14/08/2024
========================================================================
Segment /scratch/radv/scaneva/brainageEuropad/EuroPAD_T1s/sub-EPAD02224168_ses-04_T1w.nii,1
Completed                               :          14:11:07 - 14/08/2024
14-Aug-2024 14:11:07 - Done    'Segment'
14-Aug-2024 14:11:08 - Running 'Run Dartel (existing Templates)'
*** rc1sub-EPAD02224168_ses-04_T1w ***
1 	435658	0	435658	340.759
2 	341804	18655	360459	118.124
3 	332567	21123.8	353691	38.4611
4 	329431	10978.3	340409	146.124
5 	309804	23421.8	333225	43.8291
6 	308644	23990.6	332635	27.9771
7 	308821	12254.7	321076	122.778
8 	289850	24480.8	314331	37.6961
9 	289248	24636.7	313884	22.2335
10 	289247	12636.9	301884	103.917
11 	270680	24583.6	295263	35.9207
12 	269938	24756.9	294695	22.729
13 	270185	12804.5	282989	82.4546
14 	254724	22522.1	277246	32.4202
15 	253365	23198.5	276563	21.7508
16 	252817	24104.4	276922	26.8151
17 	252433	24075.5	276508	19.3859
18 	252031	24401.7	276433	18.3779
14-Aug-2024 14:13:38 - Done    'Run Dartel (existing Templates)'
14-Aug-2024 14:13:38 - Running 'Normalise to MNI Space'

** "u_rc1sub-EPAD02224168_ses-04_T1w" **
c1sub-EPAD02224168_ses-04_T1w	1,1,1
c2sub-EPAD02224168_ses-04_T1w	1,1,1
c3sub-EPAD02224168_ses-04_T1w	1,1,1
14-Aug-2024 14:13:42 - Done    'Normalise to MNI Space'
14-Aug-2024 14:13:42 - Running 'Tissue Volumes'

Segmentation files:
	/scratch/radv/scaneva/brainageEuropad/EuroPAD_T1s/sub-EPAD02224168_ses-04_T1w_seg8.mat

Volumes (litres):
    0.6001    0.3758    0.4084

14-Aug-2024 14:14:45 - Done    'Tissue Volumes'
14-Aug-2024 14:14:45 - Done

/scratch/radv/scaneva/brainageEuropad/EuroPAD_T1s//c1sub-EPAD02224168_ses-04_T1w
/scratch/radv/scaneva/brainageEuropad/EuroPAD_T1s//c2sub-EPAD02224168_ses-04_T1w
/scratch/radv/scaneva/brainageEuropad/EuroPAD_T1s//c3sub-EPAD02224168_ses-04_T1w
/scratch/radv/scaneva/brainageEuropad/EuroPAD_T1s//smwc1sub-EPAD02224168_ses-04_T1w
/scratch/radv/scaneva/brainageEuropad/EuroPAD_T1s//smwc2sub-EPAD02224168_ses-04_T1w
/scratch/radv/scaneva/brainageEuropad/EuroPAD_T1s//smwc3sub-EPAD02224168_ses-04_T1w

Finished. To view, point your web browser at
file:/scratch/radv/scaneva/brainageEuropad/EuroPAD_T1s//slicesdir_sub-EPAD02224168_ses-04_T1w.nii/index.html
[1] "loading nifti data Wed Aug 14 14:14:54 2024"
[1]      1 615541
[1] "loading regression model Wed Aug 14 14:15:11 2024"
[1] "saving new results Wed Aug 14 14:15:12 2024"
rm: cannot remove '/home/radv/scaneva/my-scratch/brainageEuropad/EuroPAD_T1s/logs/sub-EPAD02224168_ses-04_T1w_log.txt': No such file or directory
