/scratch/radv/scaneva/brainageEuropad/EuroPAD_T1s/

                            < M A T L A B (R) >
                  Copyright 1984-2022 The MathWorks, Inc.
             R2022b Update 2 (9.13.0.2105380) 64-bit (glnxa64)
                              October 26, 2022

 
To get started, type doc.
For product information, visit www.mathworks.com.
 
[Warning: FSL toolbox not found:
/opt/aumc-apps/fsl/fsl-6.0.7.6/share/fsl/etc/matlab] 
[> In startup (line 82)
In run (line 91)
In matlabrc (line 54)] 

-----------------------------------------------------------------------------------------------------
MATLAB Version: 9.13.0.2105380 (R2022b) Update 2
MATLAB License Number: 1096141
Operating System: Linux 4.18.0-553.8.1.el8_10.x86_64 #1 SMP Fri Jun 14 03:19:37 EDT 2024 x86_64
Java Version: Java 1.8.0_202-b08 with Oracle Corporation Java HotSpot(TM) 64-Bit Server VM mixed mode
-----------------------------------------------------------------------------------------------------
MATLAB                                                Version 9.13        (R2022b)
Bioinformatics Toolbox                                Version 4.16.1      (R2022b)
Computer Vision Toolbox                               Version 10.3        (R2022b)
Curve Fitting Toolbox                                 Version 3.8         (R2022b)
Deep Learning Toolbox                                 Version 14.5        (R2022b)
Global Optimization Toolbox                           Version 4.8         (R2022b)
Image Processing Toolbox                              Version 11.6        (R2022b)
MATLAB Compiler                                       Version 8.5         (R2022b)
Optimization Toolbox                                  Version 9.4         (R2022b)
Parallel Computing Toolbox                            Version 7.7         (R2022b)
Signal Processing Toolbox                             Version 9.1         (R2022b)
Statistics and Machine Learning Toolbox               Version 12.4        (R2022b)
Wavelet Toolbox                                       Version 6.2         (R2022b)


------------------------------------------------------------------------
14-Aug-2024 13:56:57 - Running job #1
------------------------------------------------------------------------
14-Aug-2024 13:56:57 - Running 'Segment'

SPM12: spm_preproc_run (v7408)                     13:56:57 - 14/08/2024
========================================================================
Segment /scratch/radv/scaneva/brainageEuropad/EuroPAD_T1s/sub-EPAD02024360_ses-03_T1w.nii,1
Completed                               :          14:00:32 - 14/08/2024
14-Aug-2024 14:00:32 - Done    'Segment'
14-Aug-2024 14:00:32 - Running 'Run Dartel (existing Templates)'
*** rc1sub-EPAD02024360_ses-03_T1w ***
1 	361492	0	361492	286.412
2 	305875	12527.1	318402	84.9218
3 	301396	14522.8	315919	26.6315
4 	298345	7541.07	305887	122.767
5 	284721	16435.8	301157	35.4855
6 	284100	16789.2	300889	22.1847
7 	283548	8588.91	292137	105.889
8 	269228	17894.8	287123	33.4755
9 	268635	18127.9	286763	20.6542
10 	268685	9320.5	278006	96.1565
11 	253379	19160.8	272539	32.7422
12 	252608	19436.8	272045	20.9513
13 	253299	10084.6	263384	80.7581
14 	239273	18883.2	258156	30.983
15 	237956	19599.4	257555	20.6595
16 	237659	20385.3	258045	25.4898
17 	237076	20607.6	257684	18.1435
18 	236726	20889	257615	16.8738
14-Aug-2024 14:03:07 - Done    'Run Dartel (existing Templates)'
14-Aug-2024 14:03:07 - Running 'Normalise to MNI Space'

** "u_rc1sub-EPAD02024360_ses-03_T1w" **
c1sub-EPAD02024360_ses-03_T1w	1,1,1
c2sub-EPAD02024360_ses-03_T1w	1,1,1
c3sub-EPAD02024360_ses-03_T1w	1,1,1
14-Aug-2024 14:03:11 - Done    'Normalise to MNI Space'
14-Aug-2024 14:03:11 - Running 'Tissue Volumes'

Segmentation files:
	/scratch/radv/scaneva/brainageEuropad/EuroPAD_T1s/sub-EPAD02024360_ses-03_T1w_seg8.mat

Volumes (litres):
    0.6542    0.4368    0.2931

14-Aug-2024 14:04:15 - Done    'Tissue Volumes'
14-Aug-2024 14:04:15 - Done

/scratch/radv/scaneva/brainageEuropad/EuroPAD_T1s//c1sub-EPAD02024360_ses-03_T1w
/scratch/radv/scaneva/brainageEuropad/EuroPAD_T1s//c2sub-EPAD02024360_ses-03_T1w
/scratch/radv/scaneva/brainageEuropad/EuroPAD_T1s//c3sub-EPAD02024360_ses-03_T1w
/scratch/radv/scaneva/brainageEuropad/EuroPAD_T1s//smwc1sub-EPAD02024360_ses-03_T1w
/scratch/radv/scaneva/brainageEuropad/EuroPAD_T1s//smwc2sub-EPAD02024360_ses-03_T1w
/scratch/radv/scaneva/brainageEuropad/EuroPAD_T1s//smwc3sub-EPAD02024360_ses-03_T1w

Finished. To view, point your web browser at
file:/scratch/radv/scaneva/brainageEuropad/EuroPAD_T1s//slicesdir_sub-EPAD02024360_ses-03_T1w.nii/index.html
[1] "loading nifti data Wed Aug 14 14:04:24 2024"
[1]      1 615541
[1] "loading regression model Wed Aug 14 14:04:44 2024"
[1] "saving new results Wed Aug 14 14:04:45 2024"
rm: cannot remove '/home/radv/scaneva/my-scratch/brainageEuropad/EuroPAD_T1s/logs/sub-EPAD02024360_ses-03_T1w_log.txt': No such file or directory
