/scratch/radv/scaneva/brainageEuropad/EuroPAD_T1s/

                            < M A T L A B (R) >
                  Copyright 1984-2022 The MathWorks, Inc.
             R2022b Update 2 (9.13.0.2105380) 64-bit (glnxa64)
                              October 26, 2022

 
To get started, type doc.
For product information, visit www.mathworks.com.
 
[Warning: FSL toolbox not found:
/opt/aumc-apps/fsl/fsl-6.0.7.6/share/fsl/etc/matlab] 
[> In startup (line 82)
In run (line 91)
In matlabrc (line 54)] 

-----------------------------------------------------------------------------------------------------
MATLAB Version: 9.13.0.2105380 (R2022b) Update 2
MATLAB License Number: 1096141
Operating System: Linux 4.18.0-553.8.1.el8_10.x86_64 #1 SMP Fri Jun 14 03:19:37 EDT 2024 x86_64
Java Version: Java 1.8.0_202-b08 with Oracle Corporation Java HotSpot(TM) 64-Bit Server VM mixed mode
-----------------------------------------------------------------------------------------------------
MATLAB                                                Version 9.13        (R2022b)
Bioinformatics Toolbox                                Version 4.16.1      (R2022b)
Computer Vision Toolbox                               Version 10.3        (R2022b)
Curve Fitting Toolbox                                 Version 3.8         (R2022b)
Deep Learning Toolbox                                 Version 14.5        (R2022b)
Global Optimization Toolbox                           Version 4.8         (R2022b)
Image Processing Toolbox                              Version 11.6        (R2022b)
MATLAB Compiler                                       Version 8.5         (R2022b)
Optimization Toolbox                                  Version 9.4         (R2022b)
Parallel Computing Toolbox                            Version 7.7         (R2022b)
Signal Processing Toolbox                             Version 9.1         (R2022b)
Statistics and Machine Learning Toolbox               Version 12.4        (R2022b)
Wavelet Toolbox                                       Version 6.2         (R2022b)


------------------------------------------------------------------------
14-Aug-2024 13:48:58 - Running job #1
------------------------------------------------------------------------
14-Aug-2024 13:48:59 - Running 'Segment'

SPM12: spm_preproc_run (v7408)                     13:48:59 - 14/08/2024
========================================================================
Segment /scratch/radv/scaneva/brainageEuropad/EuroPAD_T1s/sub-EPAD02023920_ses-03_T1w.nii,1
Completed                               :          13:52:12 - 14/08/2024
14-Aug-2024 13:52:12 - Done    'Segment'
14-Aug-2024 13:52:12 - Running 'Run Dartel (existing Templates)'
*** rc1sub-EPAD02023920_ses-03_T1w ***
1 	386887	0	386887	289.532
2 	327255	13248.9	340504	87.1706
3 	323235	14652.2	337887	30.2313
4 	320422	7591.05	328013	126.146
5 	305279	17443.6	322722	43.3729
6 	304487	17835.8	322323	29.0017
7 	303916	9153.23	313069	107.554
8 	287926	19555.4	307481	38.6208
9 	287165	19855.2	307020	26.9426
10 	286757	10254.6	297011	97.9074
11 	269738	21233	290971	39.0801
12 	268937	21406.5	290344	28.5844
13 	268905	11228.3	280133	81.6785
14 	253800	20674.6	274474	35.7821
15 	252459	21379.8	273839	27.2258
16 	251944	22281	274225	31.8578
17 	251467	22360.8	273828	25.9342
18 	251046	22678.6	273725	25.5448
14-Aug-2024 13:54:57 - Done    'Run Dartel (existing Templates)'
14-Aug-2024 13:54:57 - Running 'Normalise to MNI Space'

** "u_rc1sub-EPAD02023920_ses-03_T1w" **
c1sub-EPAD02023920_ses-03_T1w	1,1,1
c2sub-EPAD02023920_ses-03_T1w	1,1,1
c3sub-EPAD02023920_ses-03_T1w	1,1,1
14-Aug-2024 13:55:01 - Done    'Normalise to MNI Space'
14-Aug-2024 13:55:01 - Running 'Tissue Volumes'

Segmentation files:
	/scratch/radv/scaneva/brainageEuropad/EuroPAD_T1s/sub-EPAD02023920_ses-03_T1w_seg8.mat

Volumes (litres):
    0.6035    0.4434    0.3918

14-Aug-2024 13:56:06 - Done    'Tissue Volumes'
14-Aug-2024 13:56:06 - Done

/scratch/radv/scaneva/brainageEuropad/EuroPAD_T1s//c1sub-EPAD02023920_ses-03_T1w
/scratch/radv/scaneva/brainageEuropad/EuroPAD_T1s//c2sub-EPAD02023920_ses-03_T1w
/scratch/radv/scaneva/brainageEuropad/EuroPAD_T1s//c3sub-EPAD02023920_ses-03_T1w
/scratch/radv/scaneva/brainageEuropad/EuroPAD_T1s//smwc1sub-EPAD02023920_ses-03_T1w
/scratch/radv/scaneva/brainageEuropad/EuroPAD_T1s//smwc2sub-EPAD02023920_ses-03_T1w
/scratch/radv/scaneva/brainageEuropad/EuroPAD_T1s//smwc3sub-EPAD02023920_ses-03_T1w

Finished. To view, point your web browser at
file:/scratch/radv/scaneva/brainageEuropad/EuroPAD_T1s//slicesdir_sub-EPAD02023920_ses-03_T1w.nii/index.html
[1] "loading nifti data Wed Aug 14 13:56:16 2024"
[1]      1 615541
[1] "loading regression model Wed Aug 14 13:56:34 2024"
[1] "saving new results Wed Aug 14 13:56:35 2024"
rm: cannot remove '/home/radv/scaneva/my-scratch/brainageEuropad/EuroPAD_T1s/logs/sub-EPAD02023920_ses-03_T1w_log.txt': No such file or directory
