/scratch/radv/scaneva/brainageEuropad/EuroPAD_T1s/

                            < M A T L A B (R) >
                  Copyright 1984-2022 The MathWorks, Inc.
             R2022b Update 2 (9.13.0.2105380) 64-bit (glnxa64)
                              October 26, 2022

 
To get started, type doc.
For product information, visit www.mathworks.com.
 
[Warning: FSL toolbox not found:
/opt/aumc-apps/fsl/fsl-6.0.7.6/share/fsl/etc/matlab] 
[> In startup (line 82)
In run (line 91)
In matlabrc (line 54)] 

-----------------------------------------------------------------------------------------------------
MATLAB Version: 9.13.0.2105380 (R2022b) Update 2
MATLAB License Number: 1096141
Operating System: Linux 4.18.0-553.8.1.el8_10.x86_64 #1 SMP Fri Jun 14 03:19:37 EDT 2024 x86_64
Java Version: Java 1.8.0_202-b08 with Oracle Corporation Java HotSpot(TM) 64-Bit Server VM mixed mode
-----------------------------------------------------------------------------------------------------
MATLAB                                                Version 9.13        (R2022b)
Bioinformatics Toolbox                                Version 4.16.1      (R2022b)
Computer Vision Toolbox                               Version 10.3        (R2022b)
Curve Fitting Toolbox                                 Version 3.8         (R2022b)
Deep Learning Toolbox                                 Version 14.5        (R2022b)
Global Optimization Toolbox                           Version 4.8         (R2022b)
Image Processing Toolbox                              Version 11.6        (R2022b)
MATLAB Compiler                                       Version 8.5         (R2022b)
Optimization Toolbox                                  Version 9.4         (R2022b)
Parallel Computing Toolbox                            Version 7.7         (R2022b)
Signal Processing Toolbox                             Version 9.1         (R2022b)
Statistics and Machine Learning Toolbox               Version 12.4        (R2022b)
Wavelet Toolbox                                       Version 6.2         (R2022b)


------------------------------------------------------------------------
14-Aug-2024 14:52:00 - Running job #1
------------------------------------------------------------------------
14-Aug-2024 14:52:01 - Running 'Segment'

SPM12: spm_preproc_run (v7408)                     14:52:01 - 14/08/2024
========================================================================
Segment /scratch/radv/scaneva/brainageEuropad/EuroPAD_T1s/sub-EPAD03123972_ses-03_T1w.nii,1
Completed                               :          14:56:36 - 14/08/2024
14-Aug-2024 14:56:36 - Done    'Segment'
14-Aug-2024 14:56:36 - Running 'Run Dartel (existing Templates)'
*** rc1sub-EPAD03123972_ses-03_T1w ***
1 	395828	0	395828	305.563
2 	317506	14051.7	331558	109.325
3 	310806	16093.7	326899	28.39
4 	305786	8308.28	314094	122.494
5 	292681	16857.7	309539	34.5253
6 	292294	17028.7	309322	22.3635
7 	290156	8680.11	298836	101.945
8 	276983	17290.9	294273	31.5551
9 	276609	17408.5	294017	20.6659
10 	275310	8931.91	284242	91.0562
11 	261294	18009.1	279303	32.5996
12 	260747	18164.6	278912	22.6985
13 	260855	9432.51	270288	76.4321
14 	247970	17533.5	265504	31.2629
15 	246881	18084.7	264966	22.5879
16 	246581	18811.9	265393	27.9432
17 	246152	18852.5	265005	21.2998
18 	245816	19102.8	264918	20.001
14-Aug-2024 14:59:11 - Done    'Run Dartel (existing Templates)'
14-Aug-2024 14:59:11 - Running 'Normalise to MNI Space'

** "u_rc1sub-EPAD03123972_ses-03_T1w" **
c1sub-EPAD03123972_ses-03_T1w	1,1,1
c2sub-EPAD03123972_ses-03_T1w	1,1,1
c3sub-EPAD03123972_ses-03_T1w	1,1,1
14-Aug-2024 14:59:15 - Done    'Normalise to MNI Space'
14-Aug-2024 14:59:15 - Running 'Tissue Volumes'

Segmentation files:
	/scratch/radv/scaneva/brainageEuropad/EuroPAD_T1s/sub-EPAD03123972_ses-03_T1w_seg8.mat

Volumes (litres):
    0.5723    0.4252    0.3773

14-Aug-2024 15:00:18 - Done    'Tissue Volumes'
14-Aug-2024 15:00:18 - Done

/scratch/radv/scaneva/brainageEuropad/EuroPAD_T1s//c1sub-EPAD03123972_ses-03_T1w
/scratch/radv/scaneva/brainageEuropad/EuroPAD_T1s//c2sub-EPAD03123972_ses-03_T1w
/scratch/radv/scaneva/brainageEuropad/EuroPAD_T1s//c3sub-EPAD03123972_ses-03_T1w
/scratch/radv/scaneva/brainageEuropad/EuroPAD_T1s//smwc1sub-EPAD03123972_ses-03_T1w
/scratch/radv/scaneva/brainageEuropad/EuroPAD_T1s//smwc2sub-EPAD03123972_ses-03_T1w
/scratch/radv/scaneva/brainageEuropad/EuroPAD_T1s//smwc3sub-EPAD03123972_ses-03_T1w

Finished. To view, point your web browser at
file:/scratch/radv/scaneva/brainageEuropad/EuroPAD_T1s//slicesdir_sub-EPAD03123972_ses-03_T1w.nii/index.html
[1] "loading nifti data Wed Aug 14 15:00:27 2024"
[1]      1 615541
[1] "loading regression model Wed Aug 14 15:00:44 2024"
[1] "saving new results Wed Aug 14 15:00:45 2024"
rm: cannot remove '/home/radv/scaneva/my-scratch/brainageEuropad/EuroPAD_T1s/logs/sub-EPAD03123972_ses-03_T1w_log.txt': No such file or directory
