/scratch/radv/scaneva/brainageEuropad/EuroPAD_T1s/

                            < M A T L A B (R) >
                  Copyright 1984-2022 The MathWorks, Inc.
             R2022b Update 2 (9.13.0.2105380) 64-bit (glnxa64)
                              October 26, 2022

 
To get started, type doc.
For product information, visit www.mathworks.com.
 
[Warning: FSL toolbox not found:
/opt/aumc-apps/fsl/fsl-6.0.7.6/share/fsl/etc/matlab] 
[> In startup (line 82)
In run (line 91)
In matlabrc (line 54)] 

-----------------------------------------------------------------------------------------------------
MATLAB Version: 9.13.0.2105380 (R2022b) Update 2
MATLAB License Number: 1096141
Operating System: Linux 4.18.0-553.8.1.el8_10.x86_64 #1 SMP Fri Jun 14 03:19:37 EDT 2024 x86_64
Java Version: Java 1.8.0_202-b08 with Oracle Corporation Java HotSpot(TM) 64-Bit Server VM mixed mode
-----------------------------------------------------------------------------------------------------
MATLAB                                                Version 9.13        (R2022b)
Bioinformatics Toolbox                                Version 4.16.1      (R2022b)
Computer Vision Toolbox                               Version 10.3        (R2022b)
Curve Fitting Toolbox                                 Version 3.8         (R2022b)
Deep Learning Toolbox                                 Version 14.5        (R2022b)
Global Optimization Toolbox                           Version 4.8         (R2022b)
Image Processing Toolbox                              Version 11.6        (R2022b)
MATLAB Compiler                                       Version 8.5         (R2022b)
Optimization Toolbox                                  Version 9.4         (R2022b)
Parallel Computing Toolbox                            Version 7.7         (R2022b)
Signal Processing Toolbox                             Version 9.1         (R2022b)
Statistics and Machine Learning Toolbox               Version 12.4        (R2022b)
Wavelet Toolbox                                       Version 6.2         (R2022b)


------------------------------------------------------------------------
14-Aug-2024 13:40:57 - Running job #1
------------------------------------------------------------------------
14-Aug-2024 13:40:57 - Running 'Segment'

SPM12: spm_preproc_run (v7408)                     13:40:57 - 14/08/2024
========================================================================
Segment /scratch/radv/scaneva/brainageEuropad/EuroPAD_T1s/sub-EPAD01023778_ses-02_T1w.nii,1
Completed                               :          13:43:57 - 14/08/2024
14-Aug-2024 13:43:57 - Done    'Segment'
14-Aug-2024 13:43:57 - Running 'Run Dartel (existing Templates)'
*** rc1sub-EPAD01023778_ses-02_T1w ***
1 	647937	0	647937	465.007
2 	402046	46188.9	448235	231.781
3 	382319	48148.8	430468	51.8833
4 	379904	24519.4	404423	168.361
5 	350475	43139.4	393614	52.166
6 	349863	42877.7	392741	32.6874
7 	352230	21780	374010	140.469
8 	327124	37537.3	364662	44.8099
9 	326399	37516.6	363916	28.0641
10 	327333	19182	346515	113.771
11 	304035	33995.5	338030	42.1423
12 	302748	34345.3	337093	27.3814
13 	303765	17737.9	321503	91.2326
14 	284658	29757.2	314415	38.1873
15 	282788	30663.7	313452	25.8221
16 	282322	31825	314147	31.3533
17 	281648	32001.5	313650	23.4286
18 	281115	32347.1	313462	22.067
14-Aug-2024 13:46:43 - Done    'Run Dartel (existing Templates)'
14-Aug-2024 13:46:43 - Running 'Normalise to MNI Space'

** "u_rc1sub-EPAD01023778_ses-02_T1w" **
c1sub-EPAD01023778_ses-02_T1w	1,1,1
c2sub-EPAD01023778_ses-02_T1w	1,1,1
c3sub-EPAD01023778_ses-02_T1w	1,1,1
14-Aug-2024 13:46:47 - Done    'Normalise to MNI Space'
14-Aug-2024 13:46:47 - Running 'Tissue Volumes'

Segmentation files:
	/scratch/radv/scaneva/brainageEuropad/EuroPAD_T1s/sub-EPAD01023778_ses-02_T1w_seg8.mat

Volumes (litres):
    0.6684    0.5102    0.4590

14-Aug-2024 13:47:52 - Done    'Tissue Volumes'
14-Aug-2024 13:47:52 - Done

/scratch/radv/scaneva/brainageEuropad/EuroPAD_T1s//c1sub-EPAD01023778_ses-02_T1w
/scratch/radv/scaneva/brainageEuropad/EuroPAD_T1s//c2sub-EPAD01023778_ses-02_T1w
/scratch/radv/scaneva/brainageEuropad/EuroPAD_T1s//c3sub-EPAD01023778_ses-02_T1w
/scratch/radv/scaneva/brainageEuropad/EuroPAD_T1s//smwc1sub-EPAD01023778_ses-02_T1w
/scratch/radv/scaneva/brainageEuropad/EuroPAD_T1s//smwc2sub-EPAD01023778_ses-02_T1w
/scratch/radv/scaneva/brainageEuropad/EuroPAD_T1s//smwc3sub-EPAD01023778_ses-02_T1w

Finished. To view, point your web browser at
file:/scratch/radv/scaneva/brainageEuropad/EuroPAD_T1s//slicesdir_sub-EPAD01023778_ses-02_T1w.nii/index.html
[1] "loading nifti data Wed Aug 14 13:48:02 2024"
[1]      1 615541
[1] "loading regression model Wed Aug 14 13:48:19 2024"
[1] "saving new results Wed Aug 14 13:48:20 2024"
rm: cannot remove '/home/radv/scaneva/my-scratch/brainageEuropad/EuroPAD_T1s/logs/sub-EPAD01023778_ses-02_T1w_log.txt': No such file or directory
