/scratch/radv/scaneva/brainageEuropad/EuroPAD_T1s/

                            < M A T L A B (R) >
                  Copyright 1984-2022 The MathWorks, Inc.
             R2022b Update 2 (9.13.0.2105380) 64-bit (glnxa64)
                              October 26, 2022

 
To get started, type doc.
For product information, visit www.mathworks.com.
 
[Warning: FSL toolbox not found:
/opt/aumc-apps/fsl/fsl-6.0.7.6/share/fsl/etc/matlab] 
[> In startup (line 82)
In run (line 91)
In matlabrc (line 54)] 

-----------------------------------------------------------------------------------------------------
MATLAB Version: 9.13.0.2105380 (R2022b) Update 2
MATLAB License Number: 1096141
Operating System: Linux 4.18.0-553.8.1.el8_10.x86_64 #1 SMP Fri Jun 14 03:19:37 EDT 2024 x86_64
Java Version: Java 1.8.0_202-b08 with Oracle Corporation Java HotSpot(TM) 64-Bit Server VM mixed mode
-----------------------------------------------------------------------------------------------------
MATLAB                                                Version 9.13        (R2022b)
Bioinformatics Toolbox                                Version 4.16.1      (R2022b)
Computer Vision Toolbox                               Version 10.3        (R2022b)
Curve Fitting Toolbox                                 Version 3.8         (R2022b)
Deep Learning Toolbox                                 Version 14.5        (R2022b)
Global Optimization Toolbox                           Version 4.8         (R2022b)
Image Processing Toolbox                              Version 11.6        (R2022b)
MATLAB Compiler                                       Version 8.5         (R2022b)
Optimization Toolbox                                  Version 9.4         (R2022b)
Parallel Computing Toolbox                            Version 7.7         (R2022b)
Signal Processing Toolbox                             Version 9.1         (R2022b)
Statistics and Machine Learning Toolbox               Version 12.4        (R2022b)
Wavelet Toolbox                                       Version 6.2         (R2022b)


------------------------------------------------------------------------
14-Aug-2024 15:51:01 - Running job #1
------------------------------------------------------------------------
14-Aug-2024 15:51:01 - Running 'Segment'

SPM12: spm_preproc_run (v7408)                     15:51:01 - 14/08/2024
========================================================================
Segment /scratch/radv/scaneva/brainageEuropad/EuroPAD_T1s/sub-EPAD04024843_ses-04_T1w.nii,1
Completed                               :          15:53:27 - 14/08/2024
14-Aug-2024 15:53:27 - Done    'Segment'
14-Aug-2024 15:53:27 - Running 'Run Dartel (existing Templates)'
*** rc1sub-EPAD04024843_ses-04_T1w ***
1 	523942	0	523942	428.966
2 	308315	32102.7	340418	187.531
3 	263745	47682.5	311428	58.1401
4 	252507	26487.6	278994	130.911
5 	232403	38692.3	271095	35.6734
6 	230552	39912.3	270465	18.089
7 	229767	20140	249907	94.9096
8 	217269	27938.3	245207	26.3
9 	216307	28579.1	244886	14.306
10 	215864	14467.2	230331	77.8201
11 	204505	21548.4	226053	25.1893
12 	203349	22258.6	225607	15.2461
13 	204003	11392.2	215395	65.844
14 	193573	17566.6	211139	24.3335
15 	192057	18530.9	210588	14.6797
16 	191891	19139.9	211031	20.0118
17 	191326	19356.1	210682	12.277
18 	191013	19585.4	210598	10.7885
14-Aug-2024 15:55:54 - Done    'Run Dartel (existing Templates)'
14-Aug-2024 15:55:54 - Running 'Normalise to MNI Space'

** "u_rc1sub-EPAD04024843_ses-04_T1w" **
c1sub-EPAD04024843_ses-04_T1w	1,1,1
c2sub-EPAD04024843_ses-04_T1w	1,1,1
c3sub-EPAD04024843_ses-04_T1w	1,1,1
14-Aug-2024 15:55:58 - Done    'Normalise to MNI Space'
14-Aug-2024 15:55:58 - Running 'Tissue Volumes'

Segmentation files:
	/scratch/radv/scaneva/brainageEuropad/EuroPAD_T1s/sub-EPAD04024843_ses-04_T1w_seg8.mat

Volumes (litres):
    0.5822    0.3500    0.2061

14-Aug-2024 15:56:56 - Done    'Tissue Volumes'
14-Aug-2024 15:56:56 - Done

/scratch/radv/scaneva/brainageEuropad/EuroPAD_T1s//c1sub-EPAD04024843_ses-04_T1w
/scratch/radv/scaneva/brainageEuropad/EuroPAD_T1s//c2sub-EPAD04024843_ses-04_T1w
/scratch/radv/scaneva/brainageEuropad/EuroPAD_T1s//c3sub-EPAD04024843_ses-04_T1w
/scratch/radv/scaneva/brainageEuropad/EuroPAD_T1s//smwc1sub-EPAD04024843_ses-04_T1w
/scratch/radv/scaneva/brainageEuropad/EuroPAD_T1s//smwc2sub-EPAD04024843_ses-04_T1w
/scratch/radv/scaneva/brainageEuropad/EuroPAD_T1s//smwc3sub-EPAD04024843_ses-04_T1w

Finished. To view, point your web browser at
file:/scratch/radv/scaneva/brainageEuropad/EuroPAD_T1s//slicesdir_sub-EPAD04024843_ses-04_T1w.nii/index.html
[1] "loading nifti data Wed Aug 14 15:57:05 2024"
[1]      1 615541
[1] "loading regression model Wed Aug 14 15:57:22 2024"
[1] "saving new results Wed Aug 14 15:57:23 2024"
rm: cannot remove '/home/radv/scaneva/my-scratch/brainageEuropad/EuroPAD_T1s/logs/sub-EPAD04024843_ses-04_T1w_log.txt': No such file or directory
