/scratch/radv/scaneva/brainageEuropad/EuroPAD_T1s/

                            < M A T L A B (R) >
                  Copyright 1984-2022 The MathWorks, Inc.
             R2022b Update 2 (9.13.0.2105380) 64-bit (glnxa64)
                              October 26, 2022

 
To get started, type doc.
For product information, visit www.mathworks.com.
 
[Warning: FSL toolbox not found:
/opt/aumc-apps/fsl/fsl-6.0.7.6/share/fsl/etc/matlab] 
[> In startup (line 82)
In run (line 91)
In matlabrc (line 54)] 

-----------------------------------------------------------------------------------------------------
MATLAB Version: 9.13.0.2105380 (R2022b) Update 2
MATLAB License Number: 1096141
Operating System: Linux 4.18.0-553.8.1.el8_10.x86_64 #1 SMP Fri Jun 14 03:19:37 EDT 2024 x86_64
Java Version: Java 1.8.0_202-b08 with Oracle Corporation Java HotSpot(TM) 64-Bit Server VM mixed mode
-----------------------------------------------------------------------------------------------------
MATLAB                                                Version 9.13        (R2022b)
Bioinformatics Toolbox                                Version 4.16.1      (R2022b)
Computer Vision Toolbox                               Version 10.3        (R2022b)
Curve Fitting Toolbox                                 Version 3.8         (R2022b)
Deep Learning Toolbox                                 Version 14.5        (R2022b)
Global Optimization Toolbox                           Version 4.8         (R2022b)
Image Processing Toolbox                              Version 11.6        (R2022b)
MATLAB Compiler                                       Version 8.5         (R2022b)
Optimization Toolbox                                  Version 9.4         (R2022b)
Parallel Computing Toolbox                            Version 7.7         (R2022b)
Signal Processing Toolbox                             Version 9.1         (R2022b)
Statistics and Machine Learning Toolbox               Version 12.4        (R2022b)
Wavelet Toolbox                                       Version 6.2         (R2022b)


------------------------------------------------------------------------
14-Aug-2024 15:02:00 - Running job #1
------------------------------------------------------------------------
14-Aug-2024 15:02:00 - Running 'Segment'

SPM12: spm_preproc_run (v7408)                     15:02:00 - 14/08/2024
========================================================================
Segment /scratch/radv/scaneva/brainageEuropad/EuroPAD_T1s/sub-EPAD03123864_ses-03_T1w.nii,1
Completed                               :          15:05:50 - 14/08/2024
14-Aug-2024 15:05:50 - Done    'Segment'
14-Aug-2024 15:05:50 - Running 'Run Dartel (existing Templates)'
*** rc1sub-EPAD03123864_ses-03_T1w ***
1 	441098	0	441098	311.008
2 	355867	15153.9	371021	120.685
3 	347335	16671.6	364007	35.8501
4 	345321	8626.63	353948	129.967
5 	330114	17838.7	347953	40.1994
6 	329008	18296.6	347304	26.3753
7 	329860	9325.22	339185	109.039
8 	315263	18499.5	333762	33.5409
9 	314564	18772.8	333337	20.873
10 	315685	9589.82	325275	94.4106
11 	300527	19145.5	319672	31.5607
12 	299565	19617.2	319182	19.9333
13 	301139	10146.1	311286	78.0872
14 	287466	18582	306048	30.9528
15 	285982	19387.1	305369	20.4368
16 	285589	20215	305804	25.8591
17 	285098	20307.7	305405	18.5411
18 	284740	20604.6	305344	17.0856
14-Aug-2024 15:08:32 - Done    'Run Dartel (existing Templates)'
14-Aug-2024 15:08:32 - Running 'Normalise to MNI Space'

** "u_rc1sub-EPAD03123864_ses-03_T1w" **
c1sub-EPAD03123864_ses-03_T1w	1,1,1
c2sub-EPAD03123864_ses-03_T1w	1,1,1
c3sub-EPAD03123864_ses-03_T1w	1,1,1
14-Aug-2024 15:08:36 - Done    'Normalise to MNI Space'
14-Aug-2024 15:08:36 - Running 'Tissue Volumes'

Segmentation files:
	/scratch/radv/scaneva/brainageEuropad/EuroPAD_T1s/sub-EPAD03123864_ses-03_T1w_seg8.mat

Volumes (litres):
    0.6360    0.4390    0.4007

14-Aug-2024 15:09:38 - Done    'Tissue Volumes'
14-Aug-2024 15:09:38 - Done

/scratch/radv/scaneva/brainageEuropad/EuroPAD_T1s//c1sub-EPAD03123864_ses-03_T1w
/scratch/radv/scaneva/brainageEuropad/EuroPAD_T1s//c2sub-EPAD03123864_ses-03_T1w
/scratch/radv/scaneva/brainageEuropad/EuroPAD_T1s//c3sub-EPAD03123864_ses-03_T1w
/scratch/radv/scaneva/brainageEuropad/EuroPAD_T1s//smwc1sub-EPAD03123864_ses-03_T1w
/scratch/radv/scaneva/brainageEuropad/EuroPAD_T1s//smwc2sub-EPAD03123864_ses-03_T1w
/scratch/radv/scaneva/brainageEuropad/EuroPAD_T1s//smwc3sub-EPAD03123864_ses-03_T1w

Finished. To view, point your web browser at
file:/scratch/radv/scaneva/brainageEuropad/EuroPAD_T1s//slicesdir_sub-EPAD03123864_ses-03_T1w.nii/index.html
[1] "loading nifti data Wed Aug 14 15:09:47 2024"
[1]      1 615541
[1] "loading regression model Wed Aug 14 15:10:05 2024"
[1] "saving new results Wed Aug 14 15:10:06 2024"
rm: cannot remove '/home/radv/scaneva/my-scratch/brainageEuropad/EuroPAD_T1s/logs/sub-EPAD03123864_ses-03_T1w_log.txt': No such file or directory
