/scratch/radv/scaneva/brainageEuropad/EuroPAD_T1s/

                            < M A T L A B (R) >
                  Copyright 1984-2022 The MathWorks, Inc.
             R2022b Update 2 (9.13.0.2105380) 64-bit (glnxa64)
                              October 26, 2022

 
To get started, type doc.
For product information, visit www.mathworks.com.
 
[Warning: FSL toolbox not found:
/opt/aumc-apps/fsl/fsl-6.0.7.6/share/fsl/etc/matlab] 
[> In startup (line 82)
In run (line 91)
In matlabrc (line 54)] 

-----------------------------------------------------------------------------------------------------
MATLAB Version: 9.13.0.2105380 (R2022b) Update 2
MATLAB License Number: 1096141
Operating System: Linux 4.18.0-553.8.1.el8_10.x86_64 #1 SMP Fri Jun 14 03:19:37 EDT 2024 x86_64
Java Version: Java 1.8.0_202-b08 with Oracle Corporation Java HotSpot(TM) 64-Bit Server VM mixed mode
-----------------------------------------------------------------------------------------------------
MATLAB                                                Version 9.13        (R2022b)
Bioinformatics Toolbox                                Version 4.16.1      (R2022b)
Computer Vision Toolbox                               Version 10.3        (R2022b)
Curve Fitting Toolbox                                 Version 3.8         (R2022b)
Deep Learning Toolbox                                 Version 14.5        (R2022b)
Global Optimization Toolbox                           Version 4.8         (R2022b)
Image Processing Toolbox                              Version 11.6        (R2022b)
MATLAB Compiler                                       Version 8.5         (R2022b)
Optimization Toolbox                                  Version 9.4         (R2022b)
Parallel Computing Toolbox                            Version 7.7         (R2022b)
Signal Processing Toolbox                             Version 9.1         (R2022b)
Statistics and Machine Learning Toolbox               Version 12.4        (R2022b)
Wavelet Toolbox                                       Version 6.2         (R2022b)


------------------------------------------------------------------------
14-Aug-2024 15:49:01 - Running job #1
------------------------------------------------------------------------
14-Aug-2024 15:49:01 - Running 'Segment'

SPM12: spm_preproc_run (v7408)                     15:49:02 - 14/08/2024
========================================================================
Segment /scratch/radv/scaneva/brainageEuropad/EuroPAD_T1s/sub-EPAD04024917_ses-03_T1w.nii,1
Completed                               :          15:51:39 - 14/08/2024
14-Aug-2024 15:51:39 - Done    'Segment'
14-Aug-2024 15:51:39 - Running 'Run Dartel (existing Templates)'
*** rc1sub-EPAD04024917_ses-03_T1w ***
1 	459814	0	459814	356.109
2 	348390	18883.1	367273	153.104
3 	339457	20305.7	359762	39.9377
4 	336893	10409.2	347302	139.791
5 	319879	21194.8	341074	39.6361
6 	319289	21444.2	340733	24.3524
7 	320481	10903.5	331384	120.332
8 	303252	21864.6	325117	35.9901
9 	302709	22052	324761	22.1923
10 	303924	11286.6	315210	104.068
11 	286296	22508.2	308804	36.0722
12 	285241	22936	308177	23.9973
13 	286456	11879.9	298336	85.2576
14 	270632	21695.8	292328	34.0595
15 	269020	22513.8	291534	23.3781
16 	268590	23489.4	292080	28.2822
17 	267987	23663.6	291650	20.1675
18 	267549	23981.5	291531	18.5803
14-Aug-2024 15:54:09 - Done    'Run Dartel (existing Templates)'
14-Aug-2024 15:54:09 - Running 'Normalise to MNI Space'

** "u_rc1sub-EPAD04024917_ses-03_T1w" **
c1sub-EPAD04024917_ses-03_T1w	1,1,1
c2sub-EPAD04024917_ses-03_T1w	1,1,1
c3sub-EPAD04024917_ses-03_T1w	1,1,1
14-Aug-2024 15:54:13 - Done    'Normalise to MNI Space'
14-Aug-2024 15:54:13 - Running 'Tissue Volumes'

Segmentation files:
	/scratch/radv/scaneva/brainageEuropad/EuroPAD_T1s/sub-EPAD04024917_ses-03_T1w_seg8.mat

Volumes (litres):
    0.6806    0.4441    0.3769

14-Aug-2024 15:55:14 - Done    'Tissue Volumes'
14-Aug-2024 15:55:14 - Done

/scratch/radv/scaneva/brainageEuropad/EuroPAD_T1s//c1sub-EPAD04024917_ses-03_T1w
/scratch/radv/scaneva/brainageEuropad/EuroPAD_T1s//c2sub-EPAD04024917_ses-03_T1w
/scratch/radv/scaneva/brainageEuropad/EuroPAD_T1s//c3sub-EPAD04024917_ses-03_T1w
/scratch/radv/scaneva/brainageEuropad/EuroPAD_T1s//smwc1sub-EPAD04024917_ses-03_T1w
/scratch/radv/scaneva/brainageEuropad/EuroPAD_T1s//smwc2sub-EPAD04024917_ses-03_T1w
/scratch/radv/scaneva/brainageEuropad/EuroPAD_T1s//smwc3sub-EPAD04024917_ses-03_T1w

Finished. To view, point your web browser at
file:/scratch/radv/scaneva/brainageEuropad/EuroPAD_T1s//slicesdir_sub-EPAD04024917_ses-03_T1w.nii/index.html
[1] "loading nifti data Wed Aug 14 15:55:23 2024"
[1]      1 615541
[1] "loading regression model Wed Aug 14 15:55:40 2024"
[1] "saving new results Wed Aug 14 15:55:41 2024"
rm: cannot remove '/home/radv/scaneva/my-scratch/brainageEuropad/EuroPAD_T1s/logs/sub-EPAD04024917_ses-03_T1w_log.txt': No such file or directory
