/scratch/radv/scaneva/brainageEuropad/EuroPAD_T1s/

                            < M A T L A B (R) >
                  Copyright 1984-2022 The MathWorks, Inc.
             R2022b Update 2 (9.13.0.2105380) 64-bit (glnxa64)
                              October 26, 2022

 
To get started, type doc.
For product information, visit www.mathworks.com.
 
[Warning: FSL toolbox not found:
/opt/aumc-apps/fsl/fsl-6.0.7.6/share/fsl/etc/matlab] 
[> In startup (line 82)
In run (line 91)
In matlabrc (line 54)] 

-----------------------------------------------------------------------------------------------------
MATLAB Version: 9.13.0.2105380 (R2022b) Update 2
MATLAB License Number: 1096141
Operating System: Linux 4.18.0-553.8.1.el8_10.x86_64 #1 SMP Fri Jun 14 03:19:37 EDT 2024 x86_64
Java Version: Java 1.8.0_202-b08 with Oracle Corporation Java HotSpot(TM) 64-Bit Server VM mixed mode
-----------------------------------------------------------------------------------------------------
MATLAB                                                Version 9.13        (R2022b)
Bioinformatics Toolbox                                Version 4.16.1      (R2022b)
Computer Vision Toolbox                               Version 10.3        (R2022b)
Curve Fitting Toolbox                                 Version 3.8         (R2022b)
Deep Learning Toolbox                                 Version 14.5        (R2022b)
Global Optimization Toolbox                           Version 4.8         (R2022b)
Image Processing Toolbox                              Version 11.6        (R2022b)
MATLAB Compiler                                       Version 8.5         (R2022b)
Optimization Toolbox                                  Version 9.4         (R2022b)
Parallel Computing Toolbox                            Version 7.7         (R2022b)
Signal Processing Toolbox                             Version 9.1         (R2022b)
Statistics and Machine Learning Toolbox               Version 12.4        (R2022b)
Wavelet Toolbox                                       Version 6.2         (R2022b)


------------------------------------------------------------------------
14-Aug-2024 15:42:03 - Running job #1
------------------------------------------------------------------------
14-Aug-2024 15:42:03 - Running 'Segment'

SPM12: spm_preproc_run (v7408)                     15:42:03 - 14/08/2024
========================================================================
Segment /scratch/radv/scaneva/brainageEuropad/EuroPAD_T1s/sub-EPAD04023937_ses-05_T1w.nii,1
Completed                               :          15:44:54 - 14/08/2024
14-Aug-2024 15:44:54 - Done    'Segment'
14-Aug-2024 15:44:54 - Running 'Run Dartel (existing Templates)'
*** rc1sub-EPAD04023937_ses-05_T1w ***
1 	673106	0	673106	451.855
2 	434756	40800.4	475556	239.734
3 	404789	46135.2	450924	63.4859
4 	403145	23504.2	426649	173.608
5 	372538	42678.9	415217	51.0828
6 	371857	42620.3	414478	30.0367
7 	376171	21585.8	397757	151.81
8 	348162	39106.7	387269	45.6227
9 	347610	39084.6	386694	25.7233
10 	349582	19971.6	369554	122.168
11 	323637	36370.5	360007	42.2358
12 	322504	36746.8	359251	25.7183
13 	323740	19008.3	342748	95.5574
14 	302954	31955	334909	38.785
15 	301082	32875	333957	25.8156
16 	300157	34332.7	334490	30.3587
17 	299665	34362.6	334028	22.7458
18 	299107	34852	333959	21.3872
14-Aug-2024 15:47:28 - Done    'Run Dartel (existing Templates)'
14-Aug-2024 15:47:28 - Running 'Normalise to MNI Space'

** "u_rc1sub-EPAD04023937_ses-05_T1w" **
c1sub-EPAD04023937_ses-05_T1w	1,1,1
c2sub-EPAD04023937_ses-05_T1w	1,1,1
c3sub-EPAD04023937_ses-05_T1w	1,1,1
14-Aug-2024 15:47:32 - Done    'Normalise to MNI Space'
14-Aug-2024 15:47:32 - Running 'Tissue Volumes'

Segmentation files:
	/scratch/radv/scaneva/brainageEuropad/EuroPAD_T1s/sub-EPAD04023937_ses-05_T1w_seg8.mat

Volumes (litres):
    0.6543    0.4685    0.5211

14-Aug-2024 15:48:37 - Done    'Tissue Volumes'
14-Aug-2024 15:48:37 - Done

/scratch/radv/scaneva/brainageEuropad/EuroPAD_T1s//c1sub-EPAD04023937_ses-05_T1w
/scratch/radv/scaneva/brainageEuropad/EuroPAD_T1s//c2sub-EPAD04023937_ses-05_T1w
/scratch/radv/scaneva/brainageEuropad/EuroPAD_T1s//c3sub-EPAD04023937_ses-05_T1w
/scratch/radv/scaneva/brainageEuropad/EuroPAD_T1s//smwc1sub-EPAD04023937_ses-05_T1w
/scratch/radv/scaneva/brainageEuropad/EuroPAD_T1s//smwc2sub-EPAD04023937_ses-05_T1w
/scratch/radv/scaneva/brainageEuropad/EuroPAD_T1s//smwc3sub-EPAD04023937_ses-05_T1w

Finished. To view, point your web browser at
file:/scratch/radv/scaneva/brainageEuropad/EuroPAD_T1s//slicesdir_sub-EPAD04023937_ses-05_T1w.nii/index.html
[1] "loading nifti data Wed Aug 14 15:48:45 2024"
[1]      1 615541
[1] "loading regression model Wed Aug 14 15:49:04 2024"
[1] "saving new results Wed Aug 14 15:49:05 2024"
rm: cannot remove '/home/radv/scaneva/my-scratch/brainageEuropad/EuroPAD_T1s/logs/sub-EPAD04023937_ses-05_T1w_log.txt': No such file or directory
