/scratch/radv/scaneva/brainageEuropad/EuroPAD_T1s/

                            < M A T L A B (R) >
                  Copyright 1984-2022 The MathWorks, Inc.
             R2022b Update 2 (9.13.0.2105380) 64-bit (glnxa64)
                              October 26, 2022

 
To get started, type doc.
For product information, visit www.mathworks.com.
 
[Warning: FSL toolbox not found:
/opt/aumc-apps/fsl/fsl-6.0.7.6/share/fsl/etc/matlab] 
[> In startup (line 82)
In run (line 91)
In matlabrc (line 54)] 

-----------------------------------------------------------------------------------------------------
MATLAB Version: 9.13.0.2105380 (R2022b) Update 2
MATLAB License Number: 1096141
Operating System: Linux 4.18.0-553.8.1.el8_10.x86_64 #1 SMP Fri Jun 14 03:19:37 EDT 2024 x86_64
Java Version: Java 1.8.0_202-b08 with Oracle Corporation Java HotSpot(TM) 64-Bit Server VM mixed mode
-----------------------------------------------------------------------------------------------------
MATLAB                                                Version 9.13        (R2022b)
Bioinformatics Toolbox                                Version 4.16.1      (R2022b)
Computer Vision Toolbox                               Version 10.3        (R2022b)
Curve Fitting Toolbox                                 Version 3.8         (R2022b)
Deep Learning Toolbox                                 Version 14.5        (R2022b)
Global Optimization Toolbox                           Version 4.8         (R2022b)
Image Processing Toolbox                              Version 11.6        (R2022b)
MATLAB Compiler                                       Version 8.5         (R2022b)
Optimization Toolbox                                  Version 9.4         (R2022b)
Parallel Computing Toolbox                            Version 7.7         (R2022b)
Signal Processing Toolbox                             Version 9.1         (R2022b)
Statistics and Machine Learning Toolbox               Version 12.4        (R2022b)
Wavelet Toolbox                                       Version 6.2         (R2022b)


------------------------------------------------------------------------
14-Aug-2024 14:32:57 - Running job #1
------------------------------------------------------------------------
14-Aug-2024 14:32:57 - Running 'Segment'

SPM12: spm_preproc_run (v7408)                     14:32:57 - 14/08/2024
========================================================================
Segment /scratch/radv/scaneva/brainageEuropad/EuroPAD_T1s/sub-EPAD03023625_ses-03_T1w.nii,1
Completed                               :          14:35:50 - 14/08/2024
14-Aug-2024 14:35:50 - Done    'Segment'
14-Aug-2024 14:35:50 - Running 'Run Dartel (existing Templates)'
*** rc1sub-EPAD03023625_ses-03_T1w ***
1 	694816	0	694816	458.766
2 	426821	42719.6	469541	260.516
3 	374310	53244.6	427555	92.2691
4 	367352	28047.7	395399	158.051
5 	341147	44084.3	385232	47.3998
6 	340346	44092.6	384438	25.2699
7 	343388	22262.1	365650	128.125
8 	322671	34853.9	357525	37.6355
9 	321826	35122.1	356948	20.5356
10 	323902	17863.1	341765	104.342
11 	304305	30012.5	334317	35.4519
12 	303060	30569.8	333630	20.8666
13 	305132	15744.7	320877	84.6673
14 	288225	25921.1	314146	33.3585
15 	286086	27161.8	313248	20.9696
16 	285837	28210.4	314047	26.8858
17 	284998	28521.7	313520	18.596
18 	284496	28861.4	313357	15.8714
14-Aug-2024 14:38:24 - Done    'Run Dartel (existing Templates)'
14-Aug-2024 14:38:24 - Running 'Normalise to MNI Space'

** "u_rc1sub-EPAD03023625_ses-03_T1w" **
c1sub-EPAD03023625_ses-03_T1w	1,1,1
c2sub-EPAD03023625_ses-03_T1w	1,1,1
c3sub-EPAD03023625_ses-03_T1w	1,1,1
14-Aug-2024 14:38:28 - Done    'Normalise to MNI Space'
14-Aug-2024 14:38:28 - Running 'Tissue Volumes'

Segmentation files:
	/scratch/radv/scaneva/brainageEuropad/EuroPAD_T1s/sub-EPAD03023625_ses-03_T1w_seg8.mat

Volumes (litres):
    0.7614    0.5164    0.4055

14-Aug-2024 14:39:30 - Done    'Tissue Volumes'
14-Aug-2024 14:39:30 - Done

/scratch/radv/scaneva/brainageEuropad/EuroPAD_T1s//c1sub-EPAD03023625_ses-03_T1w
/scratch/radv/scaneva/brainageEuropad/EuroPAD_T1s//c2sub-EPAD03023625_ses-03_T1w
/scratch/radv/scaneva/brainageEuropad/EuroPAD_T1s//c3sub-EPAD03023625_ses-03_T1w
/scratch/radv/scaneva/brainageEuropad/EuroPAD_T1s//smwc1sub-EPAD03023625_ses-03_T1w
/scratch/radv/scaneva/brainageEuropad/EuroPAD_T1s//smwc2sub-EPAD03023625_ses-03_T1w
/scratch/radv/scaneva/brainageEuropad/EuroPAD_T1s//smwc3sub-EPAD03023625_ses-03_T1w

Finished. To view, point your web browser at
file:/scratch/radv/scaneva/brainageEuropad/EuroPAD_T1s//slicesdir_sub-EPAD03023625_ses-03_T1w.nii/index.html
[1] "loading nifti data Wed Aug 14 14:39:39 2024"
[1]      1 615541
[1] "loading regression model Wed Aug 14 14:39:57 2024"
[1] "saving new results Wed Aug 14 14:39:58 2024"
rm: cannot remove '/home/radv/scaneva/my-scratch/brainageEuropad/EuroPAD_T1s/logs/sub-EPAD03023625_ses-03_T1w_log.txt': No such file or directory
