/scratch/radv/scaneva/brainageEuropad/EuroPAD_T1s/

                            < M A T L A B (R) >
                  Copyright 1984-2022 The MathWorks, Inc.
             R2022b Update 2 (9.13.0.2105380) 64-bit (glnxa64)
                              October 26, 2022

 
To get started, type doc.
For product information, visit www.mathworks.com.
 
[Warning: FSL toolbox not found:
/opt/aumc-apps/fsl/fsl-6.0.7.6/share/fsl/etc/matlab] 
[> In startup (line 82)
In run (line 91)
In matlabrc (line 54)] 

-----------------------------------------------------------------------------------------------------
MATLAB Version: 9.13.0.2105380 (R2022b) Update 2
MATLAB License Number: 1096141
Operating System: Linux 4.18.0-553.8.1.el8_10.x86_64 #1 SMP Fri Jun 14 03:19:37 EDT 2024 x86_64
Java Version: Java 1.8.0_202-b08 with Oracle Corporation Java HotSpot(TM) 64-Bit Server VM mixed mode
-----------------------------------------------------------------------------------------------------
MATLAB                                                Version 9.13        (R2022b)
Bioinformatics Toolbox                                Version 4.16.1      (R2022b)
Computer Vision Toolbox                               Version 10.3        (R2022b)
Curve Fitting Toolbox                                 Version 3.8         (R2022b)
Deep Learning Toolbox                                 Version 14.5        (R2022b)
Global Optimization Toolbox                           Version 4.8         (R2022b)
Image Processing Toolbox                              Version 11.6        (R2022b)
MATLAB Compiler                                       Version 8.5         (R2022b)
Optimization Toolbox                                  Version 9.4         (R2022b)
Parallel Computing Toolbox                            Version 7.7         (R2022b)
Signal Processing Toolbox                             Version 9.1         (R2022b)
Statistics and Machine Learning Toolbox               Version 12.4        (R2022b)
Wavelet Toolbox                                       Version 6.2         (R2022b)


------------------------------------------------------------------------
14-Aug-2024 15:41:03 - Running job #1
------------------------------------------------------------------------
14-Aug-2024 15:41:03 - Running 'Segment'

SPM12: spm_preproc_run (v7408)                     15:41:03 - 14/08/2024
========================================================================
Segment /scratch/radv/scaneva/brainageEuropad/EuroPAD_T1s/sub-EPAD04023873_ses-04_T1w.nii,1
Completed                               :          15:44:40 - 14/08/2024
14-Aug-2024 15:44:40 - Done    'Segment'
14-Aug-2024 15:44:40 - Running 'Run Dartel (existing Templates)'
*** rc1sub-EPAD04023873_ses-04_T1w ***
1 	448158	0	448158	369.456
2 	307010	21875.1	328885	140.632
3 	284502	29433.1	313935	41.2871
4 	277707	15840	293547	122.987
5 	262662	25397.7	288060	35.5749
6 	261441	26218.2	287660	21.837
7 	260245	13272.1	273517	98.4859
8 	247494	21484.8	268978	29.9082
9 	246812	21890.3	268703	19.3628
10 	246173	11156.6	257330	87.2089
11 	232809	19658.9	252468	30.2015
12 	231931	20135.3	252066	20.1072
13 	232497	10375	242872	74.925
14 	219949	18097.6	238047	29.0497
15 	218645	18855.3	237500	20.1094
16 	218368	19594.5	237963	24.797
17 	217878	19740.3	237619	18.2442
18 	217534	20022.8	237557	16.8969
14-Aug-2024 15:47:10 - Done    'Run Dartel (existing Templates)'
14-Aug-2024 15:47:10 - Running 'Normalise to MNI Space'

** "u_rc1sub-EPAD04023873_ses-04_T1w" **
c1sub-EPAD04023873_ses-04_T1w	1,1,1
c2sub-EPAD04023873_ses-04_T1w	1,1,1
c3sub-EPAD04023873_ses-04_T1w	1,1,1
14-Aug-2024 15:47:14 - Done    'Normalise to MNI Space'
14-Aug-2024 15:47:14 - Running 'Tissue Volumes'

Segmentation files:
	/scratch/radv/scaneva/brainageEuropad/EuroPAD_T1s/sub-EPAD04023873_ses-04_T1w_seg8.mat

Volumes (litres):
    0.5600    0.4064    0.2582

14-Aug-2024 15:48:17 - Done    'Tissue Volumes'
14-Aug-2024 15:48:17 - Done

/scratch/radv/scaneva/brainageEuropad/EuroPAD_T1s//c1sub-EPAD04023873_ses-04_T1w
/scratch/radv/scaneva/brainageEuropad/EuroPAD_T1s//c2sub-EPAD04023873_ses-04_T1w
/scratch/radv/scaneva/brainageEuropad/EuroPAD_T1s//c3sub-EPAD04023873_ses-04_T1w
/scratch/radv/scaneva/brainageEuropad/EuroPAD_T1s//smwc1sub-EPAD04023873_ses-04_T1w
/scratch/radv/scaneva/brainageEuropad/EuroPAD_T1s//smwc2sub-EPAD04023873_ses-04_T1w
/scratch/radv/scaneva/brainageEuropad/EuroPAD_T1s//smwc3sub-EPAD04023873_ses-04_T1w

Finished. To view, point your web browser at
file:/scratch/radv/scaneva/brainageEuropad/EuroPAD_T1s//slicesdir_sub-EPAD04023873_ses-04_T1w.nii/index.html
[1] "loading nifti data Wed Aug 14 15:48:25 2024"
[1]      1 615541
[1] "loading regression model Wed Aug 14 15:48:42 2024"
[1] "saving new results Wed Aug 14 15:48:43 2024"
rm: cannot remove '/home/radv/scaneva/my-scratch/brainageEuropad/EuroPAD_T1s/logs/sub-EPAD04023873_ses-04_T1w_log.txt': No such file or directory
