/scratch/radv/scaneva/brainageEuropad/EuroPAD_T1s/

                            < M A T L A B (R) >
                  Copyright 1984-2022 The MathWorks, Inc.
             R2022b Update 2 (9.13.0.2105380) 64-bit (glnxa64)
                              October 26, 2022

 
To get started, type doc.
For product information, visit www.mathworks.com.
 
[Warning: FSL toolbox not found:
/opt/aumc-apps/fsl/fsl-6.0.7.6/share/fsl/etc/matlab] 
[> In startup (line 82)
In run (line 91)
In matlabrc (line 54)] 

-----------------------------------------------------------------------------------------------------
MATLAB Version: 9.13.0.2105380 (R2022b) Update 2
MATLAB License Number: 1096141
Operating System: Linux 4.18.0-553.8.1.el8_10.x86_64 #1 SMP Fri Jun 14 03:19:37 EDT 2024 x86_64
Java Version: Java 1.8.0_202-b08 with Oracle Corporation Java HotSpot(TM) 64-Bit Server VM mixed mode
-----------------------------------------------------------------------------------------------------
MATLAB                                                Version 9.13        (R2022b)
Bioinformatics Toolbox                                Version 4.16.1      (R2022b)
Computer Vision Toolbox                               Version 10.3        (R2022b)
Curve Fitting Toolbox                                 Version 3.8         (R2022b)
Deep Learning Toolbox                                 Version 14.5        (R2022b)
Global Optimization Toolbox                           Version 4.8         (R2022b)
Image Processing Toolbox                              Version 11.6        (R2022b)
MATLAB Compiler                                       Version 8.5         (R2022b)
Optimization Toolbox                                  Version 9.4         (R2022b)
Parallel Computing Toolbox                            Version 7.7         (R2022b)
Signal Processing Toolbox                             Version 9.1         (R2022b)
Statistics and Machine Learning Toolbox               Version 12.4        (R2022b)
Wavelet Toolbox                                       Version 6.2         (R2022b)


------------------------------------------------------------------------
14-Aug-2024 14:57:53 - Running job #1
------------------------------------------------------------------------
14-Aug-2024 14:57:54 - Running 'Segment'

SPM12: spm_preproc_run (v7408)                     14:57:54 - 14/08/2024
========================================================================
Segment /scratch/radv/scaneva/brainageEuropad/EuroPAD_T1s/sub-EPAD03123891_ses-03_T1w.nii,1
Completed                               :          15:00:36 - 14/08/2024
14-Aug-2024 15:00:36 - Done    'Segment'
14-Aug-2024 15:00:36 - Running 'Run Dartel (existing Templates)'
*** rc1sub-EPAD03123891_ses-03_T1w ***
1 	464715	0	464715	339.629
2 	368097	17170.3	385267	140.516
3 	362347	16232.4	378580	38.0307
4 	360514	8024.38	368538	140.188
5 	343493	19002.6	362495	37.9473
6 	342944	19127.4	362071	24.2739
7 	343642	9750.03	353392	118.613
8 	325845	21370.9	347216	34.8476
9 	325502	21349.3	346852	22.1559
10 	326327	10961.8	337289	101.301
11 	308074	22823.3	330897	36.0492
12 	307395	22910.7	330305	23.7053
13 	308387	11897.6	320285	82.0989
14 	292943	21762.4	314706	33.2
15 	291760	22302.3	314062	23.0252
16 	291240	23224.7	314465	28.1575
17 	290954	23117.8	314072	21.3157
18 	290542	23456.2	313999	20.3394
14-Aug-2024 15:02:48 - Done    'Run Dartel (existing Templates)'
14-Aug-2024 15:02:49 - Running 'Normalise to MNI Space'

** "u_rc1sub-EPAD03123891_ses-03_T1w" **
c1sub-EPAD03123891_ses-03_T1w	1,1,1
c2sub-EPAD03123891_ses-03_T1w	1,1,1
c3sub-EPAD03123891_ses-03_T1w	1,1,1
14-Aug-2024 15:02:52 - Done    'Normalise to MNI Space'
14-Aug-2024 15:02:52 - Running 'Tissue Volumes'

Segmentation files:
	/scratch/radv/scaneva/brainageEuropad/EuroPAD_T1s/sub-EPAD03123891_ses-03_T1w_seg8.mat

Volumes (litres):
    0.5838    0.4286    0.4217

14-Aug-2024 15:03:44 - Done    'Tissue Volumes'
14-Aug-2024 15:03:44 - Done

/scratch/radv/scaneva/brainageEuropad/EuroPAD_T1s//c1sub-EPAD03123891_ses-03_T1w
/scratch/radv/scaneva/brainageEuropad/EuroPAD_T1s//c2sub-EPAD03123891_ses-03_T1w
/scratch/radv/scaneva/brainageEuropad/EuroPAD_T1s//c3sub-EPAD03123891_ses-03_T1w
/scratch/radv/scaneva/brainageEuropad/EuroPAD_T1s//smwc1sub-EPAD03123891_ses-03_T1w
/scratch/radv/scaneva/brainageEuropad/EuroPAD_T1s//smwc2sub-EPAD03123891_ses-03_T1w
/scratch/radv/scaneva/brainageEuropad/EuroPAD_T1s//smwc3sub-EPAD03123891_ses-03_T1w

Finished. To view, point your web browser at
file:/scratch/radv/scaneva/brainageEuropad/EuroPAD_T1s//slicesdir_sub-EPAD03123891_ses-03_T1w.nii/index.html
[1] "loading nifti data Wed Aug 14 15:03:51 2024"
[1]      1 615541
[1] "loading regression model Wed Aug 14 15:04:07 2024"
[1] "saving new results Wed Aug 14 15:04:07 2024"
rm: cannot remove '/home/radv/scaneva/my-scratch/brainageEuropad/EuroPAD_T1s/logs/sub-EPAD03123891_ses-03_T1w_log.txt': No such file or directory
