/scratch/radv/scaneva/brainageEuropad/EuroPAD_T1s/

                            < M A T L A B (R) >
                  Copyright 1984-2022 The MathWorks, Inc.
             R2022b Update 2 (9.13.0.2105380) 64-bit (glnxa64)
                              October 26, 2022

 
To get started, type doc.
For product information, visit www.mathworks.com.
 
[Warning: FSL toolbox not found:
/opt/aumc-apps/fsl/fsl-6.0.7.6/share/fsl/etc/matlab] 
[> In startup (line 82)
In run (line 91)
In matlabrc (line 54)] 

-----------------------------------------------------------------------------------------------------
MATLAB Version: 9.13.0.2105380 (R2022b) Update 2
MATLAB License Number: 1096141
Operating System: Linux 4.18.0-553.8.1.el8_10.x86_64 #1 SMP Fri Jun 14 03:19:37 EDT 2024 x86_64
Java Version: Java 1.8.0_202-b08 with Oracle Corporation Java HotSpot(TM) 64-Bit Server VM mixed mode
-----------------------------------------------------------------------------------------------------
MATLAB                                                Version 9.13        (R2022b)
Bioinformatics Toolbox                                Version 4.16.1      (R2022b)
Computer Vision Toolbox                               Version 10.3        (R2022b)
Curve Fitting Toolbox                                 Version 3.8         (R2022b)
Deep Learning Toolbox                                 Version 14.5        (R2022b)
Global Optimization Toolbox                           Version 4.8         (R2022b)
Image Processing Toolbox                              Version 11.6        (R2022b)
MATLAB Compiler                                       Version 8.5         (R2022b)
Optimization Toolbox                                  Version 9.4         (R2022b)
Parallel Computing Toolbox                            Version 7.7         (R2022b)
Signal Processing Toolbox                             Version 9.1         (R2022b)
Statistics and Machine Learning Toolbox               Version 12.4        (R2022b)
Wavelet Toolbox                                       Version 6.2         (R2022b)


------------------------------------------------------------------------
14-Aug-2024 14:47:59 - Running job #1
------------------------------------------------------------------------
14-Aug-2024 14:48:00 - Running 'Segment'

SPM12: spm_preproc_run (v7408)                     14:48:00 - 14/08/2024
========================================================================
Segment /scratch/radv/scaneva/brainageEuropad/EuroPAD_T1s/sub-EPAD03123969_ses-03_T1w.nii,1
Completed                               :          14:51:07 - 14/08/2024
14-Aug-2024 14:51:07 - Done    'Segment'
14-Aug-2024 14:51:08 - Running 'Run Dartel (existing Templates)'
*** rc1sub-EPAD03123969_ses-03_T1w ***
1 	692919	0	692919	454.075
2 	437629	41188.8	478818	249.74
3 	388281	54192.7	442474	88.1909
4 	380177	29324.7	409502	163.179
5 	351627	46386.6	398014	54.6887
6 	350007	46971.2	396978	27.6749
7 	353247	23716.5	376963	130.65
8 	331469	36902.6	368372	39.3431
9 	330517	37302.6	367820	21.36
10 	332372	18959.4	351332	104.099
11 	312321	31378.9	343700	34.4708
12 	310947	32107	343054	20.0918
13 	313503	16505	330008	84.7447
14 	296113	26986.3	323099	32.581
15 	293909	28322.1	322231	19.6108
16 	293755	29420.3	323176	25.5763
17 	292905	29797.3	322702	16.2625
18 	292511	30115.7	322627	14.4515
14-Aug-2024 14:53:43 - Done    'Run Dartel (existing Templates)'
14-Aug-2024 14:53:43 - Running 'Normalise to MNI Space'

** "u_rc1sub-EPAD03123969_ses-03_T1w" **
c1sub-EPAD03123969_ses-03_T1w	1,1,1
c2sub-EPAD03123969_ses-03_T1w	1,1,1
c3sub-EPAD03123969_ses-03_T1w	1,1,1
14-Aug-2024 14:53:47 - Done    'Normalise to MNI Space'
14-Aug-2024 14:53:47 - Running 'Tissue Volumes'

Segmentation files:
	/scratch/radv/scaneva/brainageEuropad/EuroPAD_T1s/sub-EPAD03123969_ses-03_T1w_seg8.mat

Volumes (litres):
    0.7264    0.5978    0.3467

14-Aug-2024 14:54:50 - Done    'Tissue Volumes'
14-Aug-2024 14:54:50 - Done

/scratch/radv/scaneva/brainageEuropad/EuroPAD_T1s//c1sub-EPAD03123969_ses-03_T1w
/scratch/radv/scaneva/brainageEuropad/EuroPAD_T1s//c2sub-EPAD03123969_ses-03_T1w
/scratch/radv/scaneva/brainageEuropad/EuroPAD_T1s//c3sub-EPAD03123969_ses-03_T1w
/scratch/radv/scaneva/brainageEuropad/EuroPAD_T1s//smwc1sub-EPAD03123969_ses-03_T1w
/scratch/radv/scaneva/brainageEuropad/EuroPAD_T1s//smwc2sub-EPAD03123969_ses-03_T1w
/scratch/radv/scaneva/brainageEuropad/EuroPAD_T1s//smwc3sub-EPAD03123969_ses-03_T1w

Finished. To view, point your web browser at
file:/scratch/radv/scaneva/brainageEuropad/EuroPAD_T1s//slicesdir_sub-EPAD03123969_ses-03_T1w.nii/index.html
[1] "loading nifti data Wed Aug 14 14:54:59 2024"
[1]      1 615541
[1] "loading regression model Wed Aug 14 14:55:17 2024"
[1] "saving new results Wed Aug 14 14:55:18 2024"
rm: cannot remove '/home/radv/scaneva/my-scratch/brainageEuropad/EuroPAD_T1s/logs/sub-EPAD03123969_ses-03_T1w_log.txt': No such file or directory
