/scratch/radv/scaneva/brainageEuropad/EuroPAD_T1s/

                            < M A T L A B (R) >
                  Copyright 1984-2022 The MathWorks, Inc.
             R2022b Update 2 (9.13.0.2105380) 64-bit (glnxa64)
                              October 26, 2022

 
To get started, type doc.
For product information, visit www.mathworks.com.
 
[Warning: FSL toolbox not found:
/opt/aumc-apps/fsl/fsl-6.0.7.6/share/fsl/etc/matlab] 
[> In startup (line 82)
In run (line 91)
In matlabrc (line 54)] 

-----------------------------------------------------------------------------------------------------
MATLAB Version: 9.13.0.2105380 (R2022b) Update 2
MATLAB License Number: 1096141
Operating System: Linux 4.18.0-553.8.1.el8_10.x86_64 #1 SMP Fri Jun 14 03:19:37 EDT 2024 x86_64
Java Version: Java 1.8.0_202-b08 with Oracle Corporation Java HotSpot(TM) 64-Bit Server VM mixed mode
-----------------------------------------------------------------------------------------------------
MATLAB                                                Version 9.13        (R2022b)
Bioinformatics Toolbox                                Version 4.16.1      (R2022b)
Computer Vision Toolbox                               Version 10.3        (R2022b)
Curve Fitting Toolbox                                 Version 3.8         (R2022b)
Deep Learning Toolbox                                 Version 14.5        (R2022b)
Global Optimization Toolbox                           Version 4.8         (R2022b)
Image Processing Toolbox                              Version 11.6        (R2022b)
MATLAB Compiler                                       Version 8.5         (R2022b)
Optimization Toolbox                                  Version 9.4         (R2022b)
Parallel Computing Toolbox                            Version 7.7         (R2022b)
Signal Processing Toolbox                             Version 9.1         (R2022b)
Statistics and Machine Learning Toolbox               Version 12.4        (R2022b)
Wavelet Toolbox                                       Version 6.2         (R2022b)


------------------------------------------------------------------------
14-Aug-2024 15:12:54 - Running job #1
------------------------------------------------------------------------
14-Aug-2024 15:12:54 - Running 'Segment'

SPM12: spm_preproc_run (v7408)                     15:12:54 - 14/08/2024
========================================================================
Segment /scratch/radv/scaneva/brainageEuropad/EuroPAD_T1s/sub-EPAD03123925_ses-03_T1w.nii,1
Completed                               :          15:15:27 - 14/08/2024
14-Aug-2024 15:15:27 - Done    'Segment'
14-Aug-2024 15:15:28 - Running 'Run Dartel (existing Templates)'
*** rc1sub-EPAD03123925_ses-03_T1w ***
1 	426814	0	426814	337.459
2 	328717	15296.6	344014	139.746
3 	320285	17334.6	337619	32.4383
4 	318989	8869.51	327859	127.66
5 	305234	17825.3	323060	33.7304
6 	304814	18012.6	322826	21.8784
7 	307025	9180.79	316206	110.868
8 	291922	18950.3	310872	34.7969
9 	291215	19177.9	310393	24.4407
10 	293301	9918.99	303220	101.224
11 	275841	20882	296723	37.5826
12 	274224	21624	295848	24.8943
13 	275866	11270	287136	85.7922
14 	259450	21312.7	280762	35.2844
15 	257495	22341.8	279837	24.6287
16 	256997	23280	280277	29.1827
17 	256148	23566.2	279714	22.6548
18 	255544	23882.1	279426	20.6437
14-Aug-2024 15:17:38 - Done    'Run Dartel (existing Templates)'
14-Aug-2024 15:17:38 - Running 'Normalise to MNI Space'

** "u_rc1sub-EPAD03123925_ses-03_T1w" **
c1sub-EPAD03123925_ses-03_T1w	1,1,1
c2sub-EPAD03123925_ses-03_T1w	1,1,1
c3sub-EPAD03123925_ses-03_T1w	1,1,1
14-Aug-2024 15:17:42 - Done    'Normalise to MNI Space'
14-Aug-2024 15:17:42 - Running 'Tissue Volumes'

Segmentation files:
	/scratch/radv/scaneva/brainageEuropad/EuroPAD_T1s/sub-EPAD03123925_ses-03_T1w_seg8.mat

Volumes (litres):
    0.6811    0.4974    0.2772

14-Aug-2024 15:18:34 - Done    'Tissue Volumes'
14-Aug-2024 15:18:34 - Done

/scratch/radv/scaneva/brainageEuropad/EuroPAD_T1s//c1sub-EPAD03123925_ses-03_T1w
/scratch/radv/scaneva/brainageEuropad/EuroPAD_T1s//c2sub-EPAD03123925_ses-03_T1w
/scratch/radv/scaneva/brainageEuropad/EuroPAD_T1s//c3sub-EPAD03123925_ses-03_T1w
/scratch/radv/scaneva/brainageEuropad/EuroPAD_T1s//smwc1sub-EPAD03123925_ses-03_T1w
/scratch/radv/scaneva/brainageEuropad/EuroPAD_T1s//smwc2sub-EPAD03123925_ses-03_T1w
/scratch/radv/scaneva/brainageEuropad/EuroPAD_T1s//smwc3sub-EPAD03123925_ses-03_T1w

Finished. To view, point your web browser at
file:/scratch/radv/scaneva/brainageEuropad/EuroPAD_T1s//slicesdir_sub-EPAD03123925_ses-03_T1w.nii/index.html
[1] "loading nifti data Wed Aug 14 15:18:42 2024"
[1]      1 615541
[1] "loading regression model Wed Aug 14 15:18:57 2024"
[1] "saving new results Wed Aug 14 15:18:58 2024"
rm: cannot remove '/home/radv/scaneva/my-scratch/brainageEuropad/EuroPAD_T1s/logs/sub-EPAD03123925_ses-03_T1w_log.txt': No such file or directory
