/scratch/radv/scaneva/brainageEuropad/EuroPAD_T1s/

                            < M A T L A B (R) >
                  Copyright 1984-2022 The MathWorks, Inc.
             R2022b Update 2 (9.13.0.2105380) 64-bit (glnxa64)
                              October 26, 2022

 
To get started, type doc.
For product information, visit www.mathworks.com.
 
[Warning: FSL toolbox not found:
/opt/aumc-apps/fsl/fsl-6.0.7.6/share/fsl/etc/matlab] 
[> In startup (line 82)
In run (line 91)
In matlabrc (line 54)] 

-----------------------------------------------------------------------------------------------------
MATLAB Version: 9.13.0.2105380 (R2022b) Update 2
MATLAB License Number: 1096141
Operating System: Linux 4.18.0-553.8.1.el8_10.x86_64 #1 SMP Fri Jun 14 03:19:37 EDT 2024 x86_64
Java Version: Java 1.8.0_202-b08 with Oracle Corporation Java HotSpot(TM) 64-Bit Server VM mixed mode
-----------------------------------------------------------------------------------------------------
MATLAB                                                Version 9.13        (R2022b)
Bioinformatics Toolbox                                Version 4.16.1      (R2022b)
Computer Vision Toolbox                               Version 10.3        (R2022b)
Curve Fitting Toolbox                                 Version 3.8         (R2022b)
Deep Learning Toolbox                                 Version 14.5        (R2022b)
Global Optimization Toolbox                           Version 4.8         (R2022b)
Image Processing Toolbox                              Version 11.6        (R2022b)
MATLAB Compiler                                       Version 8.5         (R2022b)
Optimization Toolbox                                  Version 9.4         (R2022b)
Parallel Computing Toolbox                            Version 7.7         (R2022b)
Signal Processing Toolbox                             Version 9.1         (R2022b)
Statistics and Machine Learning Toolbox               Version 12.4        (R2022b)
Wavelet Toolbox                                       Version 6.2         (R2022b)


------------------------------------------------------------------------
14-Aug-2024 13:30:58 - Running job #1
------------------------------------------------------------------------
14-Aug-2024 13:30:58 - Running 'Segment'

SPM12: spm_preproc_run (v7408)                     13:30:58 - 14/08/2024
========================================================================
Segment /scratch/radv/scaneva/brainageEuropad/EuroPAD_T1s/sub-EPAD01523949_ses-03_T1w.nii,1
Completed                               :          13:35:27 - 14/08/2024
14-Aug-2024 13:35:27 - Done    'Segment'
14-Aug-2024 13:35:27 - Running 'Run Dartel (existing Templates)'
*** rc1sub-EPAD01523949_ses-03_T1w ***
1 	446739	0	446739	339.849
2 	357340	18138.1	375479	133.01
3 	350777	19752.4	370529	39.5524
4 	348390	10253.5	358643	144.411
5 	329450	22497.9	351948	43.6942
6 	328870	22741.8	351612	24.9704
7 	329734	11577.1	341311	127.397
8 	309453	24623.2	334076	39.1823
9 	308946	24717.3	333664	23.0115
10 	309127	12687.6	321815	109.633
11 	288987	25652	314639	37.2765
12 	288412	25685.9	314098	23.4811
13 	288813	13315.1	302128	87.6138
14 	272156	23878.5	296034	34.2365
15 	270991	24400.8	295392	23.7311
16 	270482	25398.9	295881	29.5755
17 	270058	25402.8	295461	22.2273
18 	269635	25739.5	295375	20.6615
14-Aug-2024 13:38:09 - Done    'Run Dartel (existing Templates)'
14-Aug-2024 13:38:09 - Running 'Normalise to MNI Space'

** "u_rc1sub-EPAD01523949_ses-03_T1w" **
c1sub-EPAD01523949_ses-03_T1w	1,1,1
c2sub-EPAD01523949_ses-03_T1w	1,1,1
c3sub-EPAD01523949_ses-03_T1w	1,1,1
14-Aug-2024 13:38:13 - Done    'Normalise to MNI Space'
14-Aug-2024 13:38:13 - Running 'Tissue Volumes'

Segmentation files:
	/scratch/radv/scaneva/brainageEuropad/EuroPAD_T1s/sub-EPAD01523949_ses-03_T1w_seg8.mat

Volumes (litres):
    0.6523    0.4268    0.4223

14-Aug-2024 13:39:14 - Done    'Tissue Volumes'
14-Aug-2024 13:39:14 - Done

/scratch/radv/scaneva/brainageEuropad/EuroPAD_T1s//c1sub-EPAD01523949_ses-03_T1w
/scratch/radv/scaneva/brainageEuropad/EuroPAD_T1s//c2sub-EPAD01523949_ses-03_T1w
/scratch/radv/scaneva/brainageEuropad/EuroPAD_T1s//c3sub-EPAD01523949_ses-03_T1w
/scratch/radv/scaneva/brainageEuropad/EuroPAD_T1s//smwc1sub-EPAD01523949_ses-03_T1w
/scratch/radv/scaneva/brainageEuropad/EuroPAD_T1s//smwc2sub-EPAD01523949_ses-03_T1w
/scratch/radv/scaneva/brainageEuropad/EuroPAD_T1s//smwc3sub-EPAD01523949_ses-03_T1w

Finished. To view, point your web browser at
file:/scratch/radv/scaneva/brainageEuropad/EuroPAD_T1s//slicesdir_sub-EPAD01523949_ses-03_T1w.nii/index.html
[1] "loading nifti data Wed Aug 14 13:39:23 2024"
[1]      1 615541
[1] "loading regression model Wed Aug 14 13:39:41 2024"
[1] "saving new results Wed Aug 14 13:39:42 2024"
rm: cannot remove '/home/radv/scaneva/my-scratch/brainageEuropad/EuroPAD_T1s/logs/sub-EPAD01523949_ses-03_T1w_log.txt': No such file or directory
