/scratch/radv/scaneva/brainageEuropad/EuroPAD_T1s/

                            < M A T L A B (R) >
                  Copyright 1984-2022 The MathWorks, Inc.
             R2022b Update 2 (9.13.0.2105380) 64-bit (glnxa64)
                              October 26, 2022

 
To get started, type doc.
For product information, visit www.mathworks.com.
 
[Warning: FSL toolbox not found:
/opt/aumc-apps/fsl/fsl-6.0.7.6/share/fsl/etc/matlab] 
[> In startup (line 82)
In run (line 91)
In matlabrc (line 54)] 

-----------------------------------------------------------------------------------------------------
MATLAB Version: 9.13.0.2105380 (R2022b) Update 2
MATLAB License Number: 1096141
Operating System: Linux 4.18.0-553.8.1.el8_10.x86_64 #1 SMP Fri Jun 14 03:19:37 EDT 2024 x86_64
Java Version: Java 1.8.0_202-b08 with Oracle Corporation Java HotSpot(TM) 64-Bit Server VM mixed mode
-----------------------------------------------------------------------------------------------------
MATLAB                                                Version 9.13        (R2022b)
Bioinformatics Toolbox                                Version 4.16.1      (R2022b)
Computer Vision Toolbox                               Version 10.3        (R2022b)
Curve Fitting Toolbox                                 Version 3.8         (R2022b)
Deep Learning Toolbox                                 Version 14.5        (R2022b)
Global Optimization Toolbox                           Version 4.8         (R2022b)
Image Processing Toolbox                              Version 11.6        (R2022b)
MATLAB Compiler                                       Version 8.5         (R2022b)
Optimization Toolbox                                  Version 9.4         (R2022b)
Parallel Computing Toolbox                            Version 7.7         (R2022b)
Signal Processing Toolbox                             Version 9.1         (R2022b)
Statistics and Machine Learning Toolbox               Version 12.4        (R2022b)
Wavelet Toolbox                                       Version 6.2         (R2022b)


------------------------------------------------------------------------
14-Aug-2024 13:51:58 - Running job #1
------------------------------------------------------------------------
14-Aug-2024 13:51:59 - Running 'Segment'

SPM12: spm_preproc_run (v7408)                     13:51:59 - 14/08/2024
========================================================================
Segment /scratch/radv/scaneva/brainageEuropad/EuroPAD_T1s/sub-EPAD02023838_ses-03_T1w.nii,1
Completed                               :          13:54:55 - 14/08/2024
14-Aug-2024 13:54:56 - Done    'Segment'
14-Aug-2024 13:54:56 - Running 'Run Dartel (existing Templates)'
*** rc1sub-EPAD02023838_ses-03_T1w ***
1 	375371	0	375371	301.083
2 	292392	14414.2	306806	97.6189
3 	282869	17947.2	300816	27.111
4 	277182	9381.52	286563	113.915
5 	264389	17543.4	281932	33.9601
6 	263680	17936.9	281617	21.1781
7 	261372	9107.79	270480	94.8143
8 	249501	16784.9	266286	29.41
9 	248991	17034	266025	19.681
10 	247577	8706.83	256284	85.2478
11 	235011	16742.8	251754	30.7241
12 	234377	16965.3	251342	21.8246
13 	234382	8801.25	243183	73.299
14 	222538	16089.3	238627	29.9252
15 	221416	16674.1	238090	21.4853
16 	221162	17346.4	238508	26.8668
17 	220675	17445.9	238120	19.9976
18 	220320	17702.6	238022	19.1449
14-Aug-2024 13:57:35 - Done    'Run Dartel (existing Templates)'
14-Aug-2024 13:57:35 - Running 'Normalise to MNI Space'

** "u_rc1sub-EPAD02023838_ses-03_T1w" **
c1sub-EPAD02023838_ses-03_T1w	1,1,1
c2sub-EPAD02023838_ses-03_T1w	1,1,1
c3sub-EPAD02023838_ses-03_T1w	1,1,1
14-Aug-2024 13:57:39 - Done    'Normalise to MNI Space'
14-Aug-2024 13:57:39 - Running 'Tissue Volumes'

Segmentation files:
	/scratch/radv/scaneva/brainageEuropad/EuroPAD_T1s/sub-EPAD02023838_ses-03_T1w_seg8.mat

Volumes (litres):
    0.5735    0.4216    0.2915

14-Aug-2024 13:58:41 - Done    'Tissue Volumes'
14-Aug-2024 13:58:41 - Done

/scratch/radv/scaneva/brainageEuropad/EuroPAD_T1s//c1sub-EPAD02023838_ses-03_T1w
/scratch/radv/scaneva/brainageEuropad/EuroPAD_T1s//c2sub-EPAD02023838_ses-03_T1w
/scratch/radv/scaneva/brainageEuropad/EuroPAD_T1s//c3sub-EPAD02023838_ses-03_T1w
/scratch/radv/scaneva/brainageEuropad/EuroPAD_T1s//smwc1sub-EPAD02023838_ses-03_T1w
/scratch/radv/scaneva/brainageEuropad/EuroPAD_T1s//smwc2sub-EPAD02023838_ses-03_T1w
/scratch/radv/scaneva/brainageEuropad/EuroPAD_T1s//smwc3sub-EPAD02023838_ses-03_T1w

Finished. To view, point your web browser at
file:/scratch/radv/scaneva/brainageEuropad/EuroPAD_T1s//slicesdir_sub-EPAD02023838_ses-03_T1w.nii/index.html
[1] "loading nifti data Wed Aug 14 13:58:50 2024"
[1]      1 615541
[1] "loading regression model Wed Aug 14 13:59:08 2024"
[1] "saving new results Wed Aug 14 13:59:09 2024"
rm: cannot remove '/home/radv/scaneva/my-scratch/brainageEuropad/EuroPAD_T1s/logs/sub-EPAD02023838_ses-03_T1w_log.txt': No such file or directory
