/scratch/radv/scaneva/brainageEuropad/EuroPAD_T1s/

                            < M A T L A B (R) >
                  Copyright 1984-2022 The MathWorks, Inc.
             R2022b Update 2 (9.13.0.2105380) 64-bit (glnxa64)
                              October 26, 2022

 
To get started, type doc.
For product information, visit www.mathworks.com.
 
[Warning: FSL toolbox not found:
/opt/aumc-apps/fsl/fsl-6.0.7.6/share/fsl/etc/matlab] 
[> In startup (line 82)
In run (line 91)
In matlabrc (line 54)] 

-----------------------------------------------------------------------------------------------------
MATLAB Version: 9.13.0.2105380 (R2022b) Update 2
MATLAB License Number: 1096141
Operating System: Linux 4.18.0-553.8.1.el8_10.x86_64 #1 SMP Fri Jun 14 03:19:37 EDT 2024 x86_64
Java Version: Java 1.8.0_202-b08 with Oracle Corporation Java HotSpot(TM) 64-Bit Server VM mixed mode
-----------------------------------------------------------------------------------------------------
MATLAB                                                Version 9.13        (R2022b)
Bioinformatics Toolbox                                Version 4.16.1      (R2022b)
Computer Vision Toolbox                               Version 10.3        (R2022b)
Curve Fitting Toolbox                                 Version 3.8         (R2022b)
Deep Learning Toolbox                                 Version 14.5        (R2022b)
Global Optimization Toolbox                           Version 4.8         (R2022b)
Image Processing Toolbox                              Version 11.6        (R2022b)
MATLAB Compiler                                       Version 8.5         (R2022b)
Optimization Toolbox                                  Version 9.4         (R2022b)
Parallel Computing Toolbox                            Version 7.7         (R2022b)
Signal Processing Toolbox                             Version 9.1         (R2022b)
Statistics and Machine Learning Toolbox               Version 12.4        (R2022b)
Wavelet Toolbox                                       Version 6.2         (R2022b)


------------------------------------------------------------------------
14-Aug-2024 15:15:57 - Running job #1
------------------------------------------------------------------------
14-Aug-2024 15:15:57 - Running 'Segment'

SPM12: spm_preproc_run (v7408)                     15:15:57 - 14/08/2024
========================================================================
Segment /scratch/radv/scaneva/brainageEuropad/EuroPAD_T1s/sub-EPAD03123904_ses-03_T1w.nii,1
Completed                               :          15:19:48 - 14/08/2024
14-Aug-2024 15:19:48 - Done    'Segment'
14-Aug-2024 15:19:48 - Running 'Run Dartel (existing Templates)'
*** rc1sub-EPAD03123904_ses-03_T1w ***
1 	559993	0	559993	416.666
2 	369482	30122.8	399604	201.687
3 	348235	34521.9	382757	55.3989
4 	344054	18004.2	362059	140.5
5 	324197	30149.8	354347	45.6078
6 	322708	30708.9	353417	26.7574
7 	323240	15646	338886	117.197
8 	305526	26379	331905	36.0996
9 	304547	26775.4	331322	21.1438
10 	304598	13647.5	318245	97.3092
11 	287881	23966.2	311847	32.3125
12 	286762	24510.3	311273	19.4203
13 	287827	12603.4	300431	79.8762
14 	273283	21368.4	294652	29.9708
15 	271673	22344.3	294017	19.2337
16 	271638	23168.3	294806	25.9317
17 	270962	23407.3	294370	17.183
18 	270636	23659.6	294295	15.8836
14-Aug-2024 15:22:21 - Done    'Run Dartel (existing Templates)'
14-Aug-2024 15:22:21 - Running 'Normalise to MNI Space'

** "u_rc1sub-EPAD03123904_ses-03_T1w" **
c1sub-EPAD03123904_ses-03_T1w	1,1,1
c2sub-EPAD03123904_ses-03_T1w	1,1,1
c3sub-EPAD03123904_ses-03_T1w	1,1,1
14-Aug-2024 15:22:25 - Done    'Normalise to MNI Space'
14-Aug-2024 15:22:25 - Running 'Tissue Volumes'

Segmentation files:
	/scratch/radv/scaneva/brainageEuropad/EuroPAD_T1s/sub-EPAD03123904_ses-03_T1w_seg8.mat

Volumes (litres):
    0.7240    0.5278    0.3386

14-Aug-2024 15:23:26 - Done    'Tissue Volumes'
14-Aug-2024 15:23:26 - Done

/scratch/radv/scaneva/brainageEuropad/EuroPAD_T1s//c1sub-EPAD03123904_ses-03_T1w
/scratch/radv/scaneva/brainageEuropad/EuroPAD_T1s//c2sub-EPAD03123904_ses-03_T1w
/scratch/radv/scaneva/brainageEuropad/EuroPAD_T1s//c3sub-EPAD03123904_ses-03_T1w
/scratch/radv/scaneva/brainageEuropad/EuroPAD_T1s//smwc1sub-EPAD03123904_ses-03_T1w
/scratch/radv/scaneva/brainageEuropad/EuroPAD_T1s//smwc2sub-EPAD03123904_ses-03_T1w
/scratch/radv/scaneva/brainageEuropad/EuroPAD_T1s//smwc3sub-EPAD03123904_ses-03_T1w

Finished. To view, point your web browser at
file:/scratch/radv/scaneva/brainageEuropad/EuroPAD_T1s//slicesdir_sub-EPAD03123904_ses-03_T1w.nii/index.html
[1] "loading nifti data Wed Aug 14 15:23:34 2024"
[1]      1 615541
[1] "loading regression model Wed Aug 14 15:23:52 2024"
[1] "saving new results Wed Aug 14 15:23:53 2024"
rm: cannot remove '/home/radv/scaneva/my-scratch/brainageEuropad/EuroPAD_T1s/logs/sub-EPAD03123904_ses-03_T1w_log.txt': No such file or directory
