/scratch/radv/scaneva/brainageEuropad/EuroPAD_T1s/

                            < M A T L A B (R) >
                  Copyright 1984-2022 The MathWorks, Inc.
             R2022b Update 2 (9.13.0.2105380) 64-bit (glnxa64)
                              October 26, 2022

 
To get started, type doc.
For product information, visit www.mathworks.com.
 
[Warning: FSL toolbox not found:
/opt/aumc-apps/fsl/fsl-6.0.7.6/share/fsl/etc/matlab] 
[> In startup (line 82)
In run (line 91)
In matlabrc (line 54)] 

-----------------------------------------------------------------------------------------------------
MATLAB Version: 9.13.0.2105380 (R2022b) Update 2
MATLAB License Number: 1096141
Operating System: Linux 4.18.0-553.8.1.el8_10.x86_64 #1 SMP Fri Jun 14 03:19:37 EDT 2024 x86_64
Java Version: Java 1.8.0_202-b08 with Oracle Corporation Java HotSpot(TM) 64-Bit Server VM mixed mode
-----------------------------------------------------------------------------------------------------
MATLAB                                                Version 9.13        (R2022b)
Bioinformatics Toolbox                                Version 4.16.1      (R2022b)
Computer Vision Toolbox                               Version 10.3        (R2022b)
Curve Fitting Toolbox                                 Version 3.8         (R2022b)
Deep Learning Toolbox                                 Version 14.5        (R2022b)
Global Optimization Toolbox                           Version 4.8         (R2022b)
Image Processing Toolbox                              Version 11.6        (R2022b)
MATLAB Compiler                                       Version 8.5         (R2022b)
Optimization Toolbox                                  Version 9.4         (R2022b)
Parallel Computing Toolbox                            Version 7.7         (R2022b)
Signal Processing Toolbox                             Version 9.1         (R2022b)
Statistics and Machine Learning Toolbox               Version 12.4        (R2022b)
Wavelet Toolbox                                       Version 6.2         (R2022b)


------------------------------------------------------------------------
14-Aug-2024 14:13:57 - Running job #1
------------------------------------------------------------------------
14-Aug-2024 14:13:58 - Running 'Segment'

SPM12: spm_preproc_run (v7408)                     14:13:58 - 14/08/2024
========================================================================
Segment /scratch/radv/scaneva/brainageEuropad/EuroPAD_T1s/sub-EPAD02324497_ses-03_T1w.nii,1
Completed                               :          14:18:25 - 14/08/2024
14-Aug-2024 14:18:25 - Done    'Segment'
14-Aug-2024 14:18:25 - Running 'Run Dartel (existing Templates)'
*** rc1sub-EPAD02324497_ses-03_T1w ***
1 	395995	0	395995	304.509
2 	323799	14419.9	338219	100.495
3 	318573	16267.1	334840	28.403
4 	315037	8435.77	323472	127.433
5 	299720	18361.7	318082	39.6064
6 	299075	18715.5	317791	24.9295
7 	297860	9566.2	307427	107.433
8 	282460	19621.4	302082	35.443
9 	282011	19707.1	301719	23.7546
10 	281159	10134.2	291293	95.345
11 	264926	20575.2	285501	36.3194
12 	264211	20755.5	284967	25.0974
13 	264170	10803	274973	78.9948
14 	249921	19732.5	269653	33.7006
15 	248681	20345	269026	24.819
16 	248192	21206.9	269399	29.748
17 	247793	21201.8	268995	23.5645
18 	247328	21519.5	268847	22.5235
14-Aug-2024 14:20:59 - Done    'Run Dartel (existing Templates)'
14-Aug-2024 14:20:59 - Running 'Normalise to MNI Space'

** "u_rc1sub-EPAD02324497_ses-03_T1w" **
c1sub-EPAD02324497_ses-03_T1w	1,1,1
c2sub-EPAD02324497_ses-03_T1w	1,1,1
c3sub-EPAD02324497_ses-03_T1w	1,1,1
14-Aug-2024 14:21:04 - Done    'Normalise to MNI Space'
14-Aug-2024 14:21:04 - Running 'Tissue Volumes'

Segmentation files:
	/scratch/radv/scaneva/brainageEuropad/EuroPAD_T1s/sub-EPAD02324497_ses-03_T1w_seg8.mat

Volumes (litres):
    0.6177    0.4247    0.3455

14-Aug-2024 14:22:05 - Done    'Tissue Volumes'
14-Aug-2024 14:22:05 - Done

/scratch/radv/scaneva/brainageEuropad/EuroPAD_T1s//c1sub-EPAD02324497_ses-03_T1w
/scratch/radv/scaneva/brainageEuropad/EuroPAD_T1s//c2sub-EPAD02324497_ses-03_T1w
/scratch/radv/scaneva/brainageEuropad/EuroPAD_T1s//c3sub-EPAD02324497_ses-03_T1w
/scratch/radv/scaneva/brainageEuropad/EuroPAD_T1s//smwc1sub-EPAD02324497_ses-03_T1w
/scratch/radv/scaneva/brainageEuropad/EuroPAD_T1s//smwc2sub-EPAD02324497_ses-03_T1w
/scratch/radv/scaneva/brainageEuropad/EuroPAD_T1s//smwc3sub-EPAD02324497_ses-03_T1w

Finished. To view, point your web browser at
file:/scratch/radv/scaneva/brainageEuropad/EuroPAD_T1s//slicesdir_sub-EPAD02324497_ses-03_T1w.nii/index.html
[1] "loading nifti data Wed Aug 14 14:22:14 2024"
[1]      1 615541
[1] "loading regression model Wed Aug 14 14:22:33 2024"
[1] "saving new results Wed Aug 14 14:22:34 2024"
rm: cannot remove '/home/radv/scaneva/my-scratch/brainageEuropad/EuroPAD_T1s/logs/sub-EPAD02324497_ses-03_T1w_log.txt': No such file or directory
