/scratch/radv/scaneva/brainageEuropad/EuroPAD_T1s/

                            < M A T L A B (R) >
                  Copyright 1984-2022 The MathWorks, Inc.
             R2022b Update 2 (9.13.0.2105380) 64-bit (glnxa64)
                              October 26, 2022

 
To get started, type doc.
For product information, visit www.mathworks.com.
 
[Warning: FSL toolbox not found:
/opt/aumc-apps/fsl/fsl-6.0.7.6/share/fsl/etc/matlab] 
[> In startup (line 82)
In run (line 91)
In matlabrc (line 54)] 

-----------------------------------------------------------------------------------------------------
MATLAB Version: 9.13.0.2105380 (R2022b) Update 2
MATLAB License Number: 1096141
Operating System: Linux 4.18.0-553.8.1.el8_10.x86_64 #1 SMP Fri Jun 14 03:19:37 EDT 2024 x86_64
Java Version: Java 1.8.0_202-b08 with Oracle Corporation Java HotSpot(TM) 64-Bit Server VM mixed mode
-----------------------------------------------------------------------------------------------------
MATLAB                                                Version 9.13        (R2022b)
Bioinformatics Toolbox                                Version 4.16.1      (R2022b)
Computer Vision Toolbox                               Version 10.3        (R2022b)
Curve Fitting Toolbox                                 Version 3.8         (R2022b)
Deep Learning Toolbox                                 Version 14.5        (R2022b)
Global Optimization Toolbox                           Version 4.8         (R2022b)
Image Processing Toolbox                              Version 11.6        (R2022b)
MATLAB Compiler                                       Version 8.5         (R2022b)
Optimization Toolbox                                  Version 9.4         (R2022b)
Parallel Computing Toolbox                            Version 7.7         (R2022b)
Signal Processing Toolbox                             Version 9.1         (R2022b)
Statistics and Machine Learning Toolbox               Version 12.4        (R2022b)
Wavelet Toolbox                                       Version 6.2         (R2022b)


------------------------------------------------------------------------
14-Aug-2024 15:34:01 - Running job #1
------------------------------------------------------------------------
14-Aug-2024 15:34:02 - Running 'Segment'

SPM12: spm_preproc_run (v7408)                     15:34:02 - 14/08/2024
========================================================================
Segment /scratch/radv/scaneva/brainageEuropad/EuroPAD_T1s/sub-EPAD03124600_ses-03_T1w.nii,1
Completed                               :          15:37:12 - 14/08/2024
14-Aug-2024 15:37:12 - Done    'Segment'
14-Aug-2024 15:37:12 - Running 'Run Dartel (existing Templates)'
*** rc1sub-EPAD03124600_ses-03_T1w ***
1 	336558	0	336558	256.004
2 	293982	9527.82	303510	70.5781
3 	290825	10815.5	301640	24.2655
4 	286851	5537.04	292388	116.722
5 	276035	12670.6	288706	32.4895
6 	275696	12841.4	288538	22.6262
7 	274241	6526.95	280768	101.675
8 	262132	14543.6	276676	32.0452
9 	261715	14709.1	276424	22.7121
10 	261215	7560.98	268776	93.9084
11 	247420	16523.4	263943	33.714
12 	246728	16751.1	263479	23.5425
13 	247357	8702.72	256060	80.3158
14 	233990	17154	251144	32.1888
15 	232903	17671.6	250574	22.7126
16 	232669	18403.1	251072	27.5731
17 	232143	18552.2	250696	20.8467
18 	231783	18827.1	250610	19.8169
14-Aug-2024 15:39:46 - Done    'Run Dartel (existing Templates)'
14-Aug-2024 15:39:46 - Running 'Normalise to MNI Space'

** "u_rc1sub-EPAD03124600_ses-03_T1w" **
c1sub-EPAD03124600_ses-03_T1w	1,1,1
c2sub-EPAD03124600_ses-03_T1w	1,1,1
c3sub-EPAD03124600_ses-03_T1w	1,1,1
14-Aug-2024 15:39:50 - Done    'Normalise to MNI Space'
14-Aug-2024 15:39:50 - Running 'Tissue Volumes'

Segmentation files:
	/scratch/radv/scaneva/brainageEuropad/EuroPAD_T1s/sub-EPAD03124600_ses-03_T1w_seg8.mat

Volumes (litres):
    0.6200    0.4462    0.2707

14-Aug-2024 15:40:51 - Done    'Tissue Volumes'
14-Aug-2024 15:40:51 - Done

/scratch/radv/scaneva/brainageEuropad/EuroPAD_T1s//c1sub-EPAD03124600_ses-03_T1w
/scratch/radv/scaneva/brainageEuropad/EuroPAD_T1s//c2sub-EPAD03124600_ses-03_T1w
/scratch/radv/scaneva/brainageEuropad/EuroPAD_T1s//c3sub-EPAD03124600_ses-03_T1w
/scratch/radv/scaneva/brainageEuropad/EuroPAD_T1s//smwc1sub-EPAD03124600_ses-03_T1w
/scratch/radv/scaneva/brainageEuropad/EuroPAD_T1s//smwc2sub-EPAD03124600_ses-03_T1w
/scratch/radv/scaneva/brainageEuropad/EuroPAD_T1s//smwc3sub-EPAD03124600_ses-03_T1w

Finished. To view, point your web browser at
file:/scratch/radv/scaneva/brainageEuropad/EuroPAD_T1s//slicesdir_sub-EPAD03124600_ses-03_T1w.nii/index.html
[1] "loading nifti data Wed Aug 14 15:41:01 2024"
[1]      1 615541
[1] "loading regression model Wed Aug 14 15:41:19 2024"
[1] "saving new results Wed Aug 14 15:41:20 2024"
rm: cannot remove '/home/radv/scaneva/my-scratch/brainageEuropad/EuroPAD_T1s/logs/sub-EPAD03124600_ses-03_T1w_log.txt': No such file or directory
