/scratch/radv/scaneva/brainageEuropad/EuroPAD_T1s/

                            < M A T L A B (R) >
                  Copyright 1984-2022 The MathWorks, Inc.
             R2022b Update 2 (9.13.0.2105380) 64-bit (glnxa64)
                              October 26, 2022

 
To get started, type doc.
For product information, visit www.mathworks.com.
 
[Warning: FSL toolbox not found:
/opt/aumc-apps/fsl/fsl-6.0.7.6/share/fsl/etc/matlab] 
[> In startup (line 82)
In run (line 91)
In matlabrc (line 54)] 

-----------------------------------------------------------------------------------------------------
MATLAB Version: 9.13.0.2105380 (R2022b) Update 2
MATLAB License Number: 1096141
Operating System: Linux 4.18.0-553.8.1.el8_10.x86_64 #1 SMP Fri Jun 14 03:19:37 EDT 2024 x86_64
Java Version: Java 1.8.0_202-b08 with Oracle Corporation Java HotSpot(TM) 64-Bit Server VM mixed mode
-----------------------------------------------------------------------------------------------------
MATLAB                                                Version 9.13        (R2022b)
Bioinformatics Toolbox                                Version 4.16.1      (R2022b)
Computer Vision Toolbox                               Version 10.3        (R2022b)
Curve Fitting Toolbox                                 Version 3.8         (R2022b)
Deep Learning Toolbox                                 Version 14.5        (R2022b)
Global Optimization Toolbox                           Version 4.8         (R2022b)
Image Processing Toolbox                              Version 11.6        (R2022b)
MATLAB Compiler                                       Version 8.5         (R2022b)
Optimization Toolbox                                  Version 9.4         (R2022b)
Parallel Computing Toolbox                            Version 7.7         (R2022b)
Signal Processing Toolbox                             Version 9.1         (R2022b)
Statistics and Machine Learning Toolbox               Version 12.4        (R2022b)
Wavelet Toolbox                                       Version 6.2         (R2022b)


------------------------------------------------------------------------
14-Aug-2024 13:34:02 - Running job #1
------------------------------------------------------------------------
14-Aug-2024 13:34:02 - Running 'Segment'

SPM12: spm_preproc_run (v7408)                     13:34:02 - 14/08/2024
========================================================================
Segment /scratch/radv/scaneva/brainageEuropad/EuroPAD_T1s/sub-EPAD01023661_ses-04_T1w.nii,1
Completed                               :          13:39:15 - 14/08/2024
14-Aug-2024 13:39:15 - Done    'Segment'
14-Aug-2024 13:39:15 - Running 'Run Dartel (existing Templates)'
*** rc1sub-EPAD01023661_ses-04_T1w ***
1 	396191	0	396191	311.195
2 	318572	15523.9	334096	109.22
3 	311609	17355.3	328964	32.2372
4 	307529	8983.56	316512	127.62
5 	292497	18524	311021	39.6542
6 	291500	19084.1	310584	24.9736
7 	290194	9752.29	299946	108.279
8 	275337	19252.2	294589	34.276
9 	274601	19559	294160	20.824
10 	273619	10034.5	283654	94.3316
11 	258481	19646.7	278128	31.7101
12 	257566	20046.8	277613	19.8555
13 	257642	10364.6	268006	78.0664
14 	244252	18643.6	262896	28.783
15 	242981	19339	262320	18.8331
16 	242808	20064.7	262873	25.2848
17 	242214	20237	262451	17.2104
18 	241840	20504.3	262345	15.4168
14-Aug-2024 13:41:51 - Done    'Run Dartel (existing Templates)'
14-Aug-2024 13:41:51 - Running 'Normalise to MNI Space'

** "u_rc1sub-EPAD01023661_ses-04_T1w" **
c1sub-EPAD01023661_ses-04_T1w	1,1,1
c2sub-EPAD01023661_ses-04_T1w	1,1,1
c3sub-EPAD01023661_ses-04_T1w	1,1,1
14-Aug-2024 13:41:55 - Done    'Normalise to MNI Space'
14-Aug-2024 13:41:55 - Running 'Tissue Volumes'

Segmentation files:
	/scratch/radv/scaneva/brainageEuropad/EuroPAD_T1s/sub-EPAD01023661_ses-04_T1w_seg8.mat

Volumes (litres):
    0.6581    0.4495    0.3424

14-Aug-2024 13:42:55 - Done    'Tissue Volumes'
14-Aug-2024 13:42:55 - Done

/scratch/radv/scaneva/brainageEuropad/EuroPAD_T1s//c1sub-EPAD01023661_ses-04_T1w
/scratch/radv/scaneva/brainageEuropad/EuroPAD_T1s//c2sub-EPAD01023661_ses-04_T1w
/scratch/radv/scaneva/brainageEuropad/EuroPAD_T1s//c3sub-EPAD01023661_ses-04_T1w
/scratch/radv/scaneva/brainageEuropad/EuroPAD_T1s//smwc1sub-EPAD01023661_ses-04_T1w
/scratch/radv/scaneva/brainageEuropad/EuroPAD_T1s//smwc2sub-EPAD01023661_ses-04_T1w
/scratch/radv/scaneva/brainageEuropad/EuroPAD_T1s//smwc3sub-EPAD01023661_ses-04_T1w

Finished. To view, point your web browser at
file:/scratch/radv/scaneva/brainageEuropad/EuroPAD_T1s//slicesdir_sub-EPAD01023661_ses-04_T1w.nii/index.html
[1] "loading nifti data Wed Aug 14 13:43:04 2024"
[1]      1 615541
[1] "loading regression model Wed Aug 14 13:43:23 2024"
[1] "saving new results Wed Aug 14 13:43:24 2024"
rm: cannot remove '/home/radv/scaneva/my-scratch/brainageEuropad/EuroPAD_T1s/logs/sub-EPAD01023661_ses-04_T1w_log.txt': No such file or directory
