/scratch/radv/scaneva/brainageEuropad/EuroPAD_T1s/

                            < M A T L A B (R) >
                  Copyright 1984-2022 The MathWorks, Inc.
             R2022b Update 2 (9.13.0.2105380) 64-bit (glnxa64)
                              October 26, 2022

 
To get started, type doc.
For product information, visit www.mathworks.com.
 
[Warning: FSL toolbox not found:
/opt/aumc-apps/fsl/fsl-6.0.7.6/share/fsl/etc/matlab] 
[> In startup (line 82)
In run (line 91)
In matlabrc (line 54)] 

-----------------------------------------------------------------------------------------------------
MATLAB Version: 9.13.0.2105380 (R2022b) Update 2
MATLAB License Number: 1096141
Operating System: Linux 4.18.0-553.8.1.el8_10.x86_64 #1 SMP Fri Jun 14 03:19:37 EDT 2024 x86_64
Java Version: Java 1.8.0_202-b08 with Oracle Corporation Java HotSpot(TM) 64-Bit Server VM mixed mode
-----------------------------------------------------------------------------------------------------
MATLAB                                                Version 9.13        (R2022b)
Bioinformatics Toolbox                                Version 4.16.1      (R2022b)
Computer Vision Toolbox                               Version 10.3        (R2022b)
Curve Fitting Toolbox                                 Version 3.8         (R2022b)
Deep Learning Toolbox                                 Version 14.5        (R2022b)
Global Optimization Toolbox                           Version 4.8         (R2022b)
Image Processing Toolbox                              Version 11.6        (R2022b)
MATLAB Compiler                                       Version 8.5         (R2022b)
Optimization Toolbox                                  Version 9.4         (R2022b)
Parallel Computing Toolbox                            Version 7.7         (R2022b)
Signal Processing Toolbox                             Version 9.1         (R2022b)
Statistics and Machine Learning Toolbox               Version 12.4        (R2022b)
Wavelet Toolbox                                       Version 6.2         (R2022b)


------------------------------------------------------------------------
14-Aug-2024 15:31:00 - Running job #1
------------------------------------------------------------------------
14-Aug-2024 15:31:00 - Running 'Segment'

SPM12: spm_preproc_run (v7408)                     15:31:00 - 14/08/2024
========================================================================
Segment /scratch/radv/scaneva/brainageEuropad/EuroPAD_T1s/sub-EPAD03124494_ses-03_T1w.nii,1
Completed                               :          15:34:03 - 14/08/2024
14-Aug-2024 15:34:03 - Done    'Segment'
14-Aug-2024 15:34:04 - Running 'Run Dartel (existing Templates)'
*** rc1sub-EPAD03124494_ses-03_T1w ***
1 	411547	0	411547	322.502
2 	326941	15946.9	342888	104.453
3 	317462	19273.3	336735	37.0029
4 	314370	9992.62	324362	138.096
5 	297815	20740.5	318555	41.0681
6 	297137	21120.8	318258	28.6046
7 	297047	10750.8	307798	116.239
8 	280668	21429.8	302097	36.8834
9 	279983	21792.5	301775	25.0383
10 	280210	11140.4	291350	99.658
11 	263976	21685.2	285661	35.6136
12 	263167	22020.6	285187	24.6703
13 	264087	11363	275450	80.7283
14 	250031	20295.5	270326	32.4551
15 	248878	20918.3	269797	23.5396
16 	248503	21733.6	270236	27.7523
17 	248186	21719.3	269905	22.0544
18 	247795	22038.1	269833	20.406
14-Aug-2024 15:36:37 - Done    'Run Dartel (existing Templates)'
14-Aug-2024 15:36:37 - Running 'Normalise to MNI Space'

** "u_rc1sub-EPAD03124494_ses-03_T1w" **
c1sub-EPAD03124494_ses-03_T1w	1,1,1
c2sub-EPAD03124494_ses-03_T1w	1,1,1
c3sub-EPAD03124494_ses-03_T1w	1,1,1
14-Aug-2024 15:36:41 - Done    'Normalise to MNI Space'
14-Aug-2024 15:36:41 - Running 'Tissue Volumes'

Segmentation files:
	/scratch/radv/scaneva/brainageEuropad/EuroPAD_T1s/sub-EPAD03124494_ses-03_T1w_seg8.mat

Volumes (litres):
    0.5604    0.3779    0.3985

14-Aug-2024 15:37:42 - Done    'Tissue Volumes'
14-Aug-2024 15:37:42 - Done

/scratch/radv/scaneva/brainageEuropad/EuroPAD_T1s//c1sub-EPAD03124494_ses-03_T1w
/scratch/radv/scaneva/brainageEuropad/EuroPAD_T1s//c2sub-EPAD03124494_ses-03_T1w
/scratch/radv/scaneva/brainageEuropad/EuroPAD_T1s//c3sub-EPAD03124494_ses-03_T1w
/scratch/radv/scaneva/brainageEuropad/EuroPAD_T1s//smwc1sub-EPAD03124494_ses-03_T1w
/scratch/radv/scaneva/brainageEuropad/EuroPAD_T1s//smwc2sub-EPAD03124494_ses-03_T1w
/scratch/radv/scaneva/brainageEuropad/EuroPAD_T1s//smwc3sub-EPAD03124494_ses-03_T1w

Finished. To view, point your web browser at
file:/scratch/radv/scaneva/brainageEuropad/EuroPAD_T1s//slicesdir_sub-EPAD03124494_ses-03_T1w.nii/index.html
[1] "loading nifti data Wed Aug 14 15:37:50 2024"
[1]      1 615541
[1] "loading regression model Wed Aug 14 15:38:08 2024"
[1] "saving new results Wed Aug 14 15:38:09 2024"
rm: cannot remove '/home/radv/scaneva/my-scratch/brainageEuropad/EuroPAD_T1s/logs/sub-EPAD03124494_ses-03_T1w_log.txt': No such file or directory
