/scratch/radv/scaneva/brainageEuropad/EuroPAD_T1s/

                            < M A T L A B (R) >
                  Copyright 1984-2022 The MathWorks, Inc.
             R2022b Update 2 (9.13.0.2105380) 64-bit (glnxa64)
                              October 26, 2022

 
To get started, type doc.
For product information, visit www.mathworks.com.
 
[Warning: FSL toolbox not found:
/opt/aumc-apps/fsl/fsl-6.0.7.6/share/fsl/etc/matlab] 
[> In startup (line 82)
In run (line 91)
In matlabrc (line 54)] 

-----------------------------------------------------------------------------------------------------
MATLAB Version: 9.13.0.2105380 (R2022b) Update 2
MATLAB License Number: 1096141
Operating System: Linux 4.18.0-553.8.1.el8_10.x86_64 #1 SMP Fri Jun 14 03:19:37 EDT 2024 x86_64
Java Version: Java 1.8.0_202-b08 with Oracle Corporation Java HotSpot(TM) 64-Bit Server VM mixed mode
-----------------------------------------------------------------------------------------------------
MATLAB                                                Version 9.13        (R2022b)
Bioinformatics Toolbox                                Version 4.16.1      (R2022b)
Computer Vision Toolbox                               Version 10.3        (R2022b)
Curve Fitting Toolbox                                 Version 3.8         (R2022b)
Deep Learning Toolbox                                 Version 14.5        (R2022b)
Global Optimization Toolbox                           Version 4.8         (R2022b)
Image Processing Toolbox                              Version 11.6        (R2022b)
MATLAB Compiler                                       Version 8.5         (R2022b)
Optimization Toolbox                                  Version 9.4         (R2022b)
Parallel Computing Toolbox                            Version 7.7         (R2022b)
Signal Processing Toolbox                             Version 9.1         (R2022b)
Statistics and Machine Learning Toolbox               Version 12.4        (R2022b)
Wavelet Toolbox                                       Version 6.2         (R2022b)


------------------------------------------------------------------------
14-Aug-2024 14:55:59 - Running job #1
------------------------------------------------------------------------
14-Aug-2024 14:55:59 - Running 'Segment'

SPM12: spm_preproc_run (v7408)                     14:55:59 - 14/08/2024
========================================================================
Segment /scratch/radv/scaneva/brainageEuropad/EuroPAD_T1s/sub-EPAD03123860_ses-03_T1w.nii,1
Completed                               :          14:59:36 - 14/08/2024
14-Aug-2024 14:59:36 - Done    'Segment'
14-Aug-2024 14:59:37 - Running 'Run Dartel (existing Templates)'
*** rc1sub-EPAD03123860_ses-03_T1w ***
1 	519700	0	519700	387.358
2 	365748	25675.1	391423	180.279
3 	351242	28857.2	380099	41.2387
4 	348720	14842.3	363562	138.439
5 	330197	26497.3	356694	41.0431
6 	329408	26718.4	356126	26.0688
7 	330101	13593.4	343694	115.222
8 	312925	24406.8	337332	35.8982
9 	312052	24719.5	336772	22.5204
10 	312755	12633.2	325388	99.861
11 	295183	23712.3	318896	35.0367
12 	293984	24248.6	318233	22.9177
13 	295486	12542	308029	83.4712
14 	279509	22340.6	301849	33.233
15 	277683	23392.7	301076	22.2367
16 	277502	24325.9	301828	27.4693
17 	276764	24616.8	301380	19.7532
18 	276366	24878.5	301244	17.9385
14-Aug-2024 15:02:10 - Done    'Run Dartel (existing Templates)'
14-Aug-2024 15:02:10 - Running 'Normalise to MNI Space'

** "u_rc1sub-EPAD03123860_ses-03_T1w" **
c1sub-EPAD03123860_ses-03_T1w	1,1,1
c2sub-EPAD03123860_ses-03_T1w	1,1,1
c3sub-EPAD03123860_ses-03_T1w	1,1,1
14-Aug-2024 15:02:14 - Done    'Normalise to MNI Space'
14-Aug-2024 15:02:14 - Running 'Tissue Volumes'

Segmentation files:
	/scratch/radv/scaneva/brainageEuropad/EuroPAD_T1s/sub-EPAD03123860_ses-03_T1w_seg8.mat

Volumes (litres):
    0.7077    0.5422    0.3552

14-Aug-2024 15:03:16 - Done    'Tissue Volumes'
14-Aug-2024 15:03:16 - Done

/scratch/radv/scaneva/brainageEuropad/EuroPAD_T1s//c1sub-EPAD03123860_ses-03_T1w
/scratch/radv/scaneva/brainageEuropad/EuroPAD_T1s//c2sub-EPAD03123860_ses-03_T1w
/scratch/radv/scaneva/brainageEuropad/EuroPAD_T1s//c3sub-EPAD03123860_ses-03_T1w
/scratch/radv/scaneva/brainageEuropad/EuroPAD_T1s//smwc1sub-EPAD03123860_ses-03_T1w
/scratch/radv/scaneva/brainageEuropad/EuroPAD_T1s//smwc2sub-EPAD03123860_ses-03_T1w
/scratch/radv/scaneva/brainageEuropad/EuroPAD_T1s//smwc3sub-EPAD03123860_ses-03_T1w

Finished. To view, point your web browser at
file:/scratch/radv/scaneva/brainageEuropad/EuroPAD_T1s//slicesdir_sub-EPAD03123860_ses-03_T1w.nii/index.html
[1] "loading nifti data Wed Aug 14 15:03:25 2024"
[1]      1 615541
[1] "loading regression model Wed Aug 14 15:03:43 2024"
[1] "saving new results Wed Aug 14 15:03:44 2024"
rm: cannot remove '/home/radv/scaneva/my-scratch/brainageEuropad/EuroPAD_T1s/logs/sub-EPAD03123860_ses-03_T1w_log.txt': No such file or directory
