/scratch/radv/scaneva/brainageEuropad/EuroPAD_T1s/

                            < M A T L A B (R) >
                  Copyright 1984-2022 The MathWorks, Inc.
             R2022b Update 2 (9.13.0.2105380) 64-bit (glnxa64)
                              October 26, 2022

 
To get started, type doc.
For product information, visit www.mathworks.com.
 
[Warning: FSL toolbox not found:
/opt/aumc-apps/fsl/fsl-6.0.7.6/share/fsl/etc/matlab] 
[> In startup (line 82)
In run (line 91)
In matlabrc (line 54)] 

-----------------------------------------------------------------------------------------------------
MATLAB Version: 9.13.0.2105380 (R2022b) Update 2
MATLAB License Number: 1096141
Operating System: Linux 4.18.0-553.8.1.el8_10.x86_64 #1 SMP Fri Jun 14 03:19:37 EDT 2024 x86_64
Java Version: Java 1.8.0_202-b08 with Oracle Corporation Java HotSpot(TM) 64-Bit Server VM mixed mode
-----------------------------------------------------------------------------------------------------
MATLAB                                                Version 9.13        (R2022b)
Bioinformatics Toolbox                                Version 4.16.1      (R2022b)
Computer Vision Toolbox                               Version 10.3        (R2022b)
Curve Fitting Toolbox                                 Version 3.8         (R2022b)
Deep Learning Toolbox                                 Version 14.5        (R2022b)
Global Optimization Toolbox                           Version 4.8         (R2022b)
Image Processing Toolbox                              Version 11.6        (R2022b)
MATLAB Compiler                                       Version 8.5         (R2022b)
Optimization Toolbox                                  Version 9.4         (R2022b)
Parallel Computing Toolbox                            Version 7.7         (R2022b)
Signal Processing Toolbox                             Version 9.1         (R2022b)
Statistics and Machine Learning Toolbox               Version 12.4        (R2022b)
Wavelet Toolbox                                       Version 6.2         (R2022b)


------------------------------------------------------------------------
14-Aug-2024 14:43:57 - Running job #1
------------------------------------------------------------------------
14-Aug-2024 14:43:57 - Running 'Segment'

SPM12: spm_preproc_run (v7408)                     14:43:57 - 14/08/2024
========================================================================
Segment /scratch/radv/scaneva/brainageEuropad/EuroPAD_T1s/sub-EPAD03123815_ses-03_T1w.nii,1
Completed                               :          14:46:55 - 14/08/2024
14-Aug-2024 14:46:55 - Done    'Segment'
14-Aug-2024 14:46:56 - Running 'Run Dartel (existing Templates)'
*** rc1sub-EPAD03123815_ses-03_T1w ***
1 	515572	0	515572	396.785
2 	333974	26945.1	360920	177.073
3 	293856	39068.6	332925	62.0237
4 	282490	21520.5	304010	126.085
5 	264287	32288.7	296576	36.6187
6 	262755	33078	295832	21.401
7 	261935	16665	278601	95.556
8 	249822	24246	274068	27.9856
9 	249203	24584.1	273787	17.6102
10 	249172	12446	261618	81.128
11 	237192	20049	257241	28.8718
12 	236397	20478.6	256876	19.3066
13 	237704	10538.6	248243	69.5396
14 	226381	17483.7	243864	28.0555
15 	225260	18128.9	243388	19.2211
16 	225009	18827.6	243836	23.8843
17 	224641	18870.7	243511	17.4612
18 	224323	19148.5	243471	16.8726
14-Aug-2024 14:49:24 - Done    'Run Dartel (existing Templates)'
14-Aug-2024 14:49:25 - Running 'Normalise to MNI Space'

** "u_rc1sub-EPAD03123815_ses-03_T1w" **
c1sub-EPAD03123815_ses-03_T1w	1,1,1
c2sub-EPAD03123815_ses-03_T1w	1,1,1
c3sub-EPAD03123815_ses-03_T1w	1,1,1
14-Aug-2024 14:49:28 - Done    'Normalise to MNI Space'
14-Aug-2024 14:49:29 - Running 'Tissue Volumes'

Segmentation files:
	/scratch/radv/scaneva/brainageEuropad/EuroPAD_T1s/sub-EPAD03123815_ses-03_T1w_seg8.mat

Volumes (litres):
    0.5009    0.3909    0.2981

14-Aug-2024 14:50:29 - Done    'Tissue Volumes'
14-Aug-2024 14:50:29 - Done

/scratch/radv/scaneva/brainageEuropad/EuroPAD_T1s//c1sub-EPAD03123815_ses-03_T1w
/scratch/radv/scaneva/brainageEuropad/EuroPAD_T1s//c2sub-EPAD03123815_ses-03_T1w
/scratch/radv/scaneva/brainageEuropad/EuroPAD_T1s//c3sub-EPAD03123815_ses-03_T1w
/scratch/radv/scaneva/brainageEuropad/EuroPAD_T1s//smwc1sub-EPAD03123815_ses-03_T1w
/scratch/radv/scaneva/brainageEuropad/EuroPAD_T1s//smwc2sub-EPAD03123815_ses-03_T1w
/scratch/radv/scaneva/brainageEuropad/EuroPAD_T1s//smwc3sub-EPAD03123815_ses-03_T1w

Finished. To view, point your web browser at
file:/scratch/radv/scaneva/brainageEuropad/EuroPAD_T1s//slicesdir_sub-EPAD03123815_ses-03_T1w.nii/index.html
[1] "loading nifti data Wed Aug 14 14:50:37 2024"
[1]      1 615541
[1] "loading regression model Wed Aug 14 14:50:55 2024"
[1] "saving new results Wed Aug 14 14:50:56 2024"
rm: cannot remove '/home/radv/scaneva/my-scratch/brainageEuropad/EuroPAD_T1s/logs/sub-EPAD03123815_ses-03_T1w_log.txt': No such file or directory
