/scratch/radv/scaneva/brainageEuropad/EuroPAD_T1s/

                            < M A T L A B (R) >
                  Copyright 1984-2022 The MathWorks, Inc.
             R2022b Update 2 (9.13.0.2105380) 64-bit (glnxa64)
                              October 26, 2022

 
To get started, type doc.
For product information, visit www.mathworks.com.
 
[Warning: FSL toolbox not found:
/opt/aumc-apps/fsl/fsl-6.0.7.6/share/fsl/etc/matlab] 
[> In startup (line 82)
In run (line 91)
In matlabrc (line 54)] 

-----------------------------------------------------------------------------------------------------
MATLAB Version: 9.13.0.2105380 (R2022b) Update 2
MATLAB License Number: 1096141
Operating System: Linux 4.18.0-553.8.1.el8_10.x86_64 #1 SMP Fri Jun 14 03:19:37 EDT 2024 x86_64
Java Version: Java 1.8.0_202-b08 with Oracle Corporation Java HotSpot(TM) 64-Bit Server VM mixed mode
-----------------------------------------------------------------------------------------------------
MATLAB                                                Version 9.13        (R2022b)
Bioinformatics Toolbox                                Version 4.16.1      (R2022b)
Computer Vision Toolbox                               Version 10.3        (R2022b)
Curve Fitting Toolbox                                 Version 3.8         (R2022b)
Deep Learning Toolbox                                 Version 14.5        (R2022b)
Global Optimization Toolbox                           Version 4.8         (R2022b)
Image Processing Toolbox                              Version 11.6        (R2022b)
MATLAB Compiler                                       Version 8.5         (R2022b)
Optimization Toolbox                                  Version 9.4         (R2022b)
Parallel Computing Toolbox                            Version 7.7         (R2022b)
Signal Processing Toolbox                             Version 9.1         (R2022b)
Statistics and Machine Learning Toolbox               Version 12.4        (R2022b)
Wavelet Toolbox                                       Version 6.2         (R2022b)


------------------------------------------------------------------------
14-Aug-2024 15:49:02 - Running job #1
------------------------------------------------------------------------
14-Aug-2024 15:49:02 - Running 'Segment'

SPM12: spm_preproc_run (v7408)                     15:49:02 - 14/08/2024
========================================================================
Segment /scratch/radv/scaneva/brainageEuropad/EuroPAD_T1s/sub-EPAD04024166_ses-03_T1w.nii,1
Completed                               :          15:51:29 - 14/08/2024
14-Aug-2024 15:51:29 - Done    'Segment'
14-Aug-2024 15:51:29 - Running 'Run Dartel (existing Templates)'
*** rc1sub-EPAD04024166_ses-03_T1w ***
1 	476866	0	476866	363.708
2 	340206	21695.6	361902	159.441
3 	324134	23720.2	347854	45.9808
4 	318714	12252.4	330966	131.108
5 	302130	22417.4	324548	39.7511
6 	301169	22770.9	323940	22.7917
7 	300798	11536.4	312334	107.459
8 	285709	21033.5	306743	32.4116
9 	285058	21295.7	306353	19.073
10 	285083	10900.5	295984	92.0294
11 	269542	20689.3	290231	31.5068
12 	268596	21118.3	289715	19.5059
13 	269606	10932.2	280539	76.5288
14 	255552	19556.5	275108	30.0414
15 	254066	20349.5	274416	20.0256
16 	253769	21221.5	274990	25.86
17 	253237	21306.5	274544	17.8706
18 	252838	21621.3	274459	16.4173
14-Aug-2024 15:54:02 - Done    'Run Dartel (existing Templates)'
14-Aug-2024 15:54:02 - Running 'Normalise to MNI Space'

** "u_rc1sub-EPAD04024166_ses-03_T1w" **
c1sub-EPAD04024166_ses-03_T1w	1,1,1
c2sub-EPAD04024166_ses-03_T1w	1,1,1
c3sub-EPAD04024166_ses-03_T1w	1,1,1
14-Aug-2024 15:54:06 - Done    'Normalise to MNI Space'
14-Aug-2024 15:54:06 - Running 'Tissue Volumes'

Segmentation files:
	/scratch/radv/scaneva/brainageEuropad/EuroPAD_T1s/sub-EPAD04024166_ses-03_T1w_seg8.mat

Volumes (litres):
    0.6143    0.4385    0.3446

14-Aug-2024 15:55:07 - Done    'Tissue Volumes'
14-Aug-2024 15:55:07 - Done

/scratch/radv/scaneva/brainageEuropad/EuroPAD_T1s//c1sub-EPAD04024166_ses-03_T1w
/scratch/radv/scaneva/brainageEuropad/EuroPAD_T1s//c2sub-EPAD04024166_ses-03_T1w
/scratch/radv/scaneva/brainageEuropad/EuroPAD_T1s//c3sub-EPAD04024166_ses-03_T1w
/scratch/radv/scaneva/brainageEuropad/EuroPAD_T1s//smwc1sub-EPAD04024166_ses-03_T1w
/scratch/radv/scaneva/brainageEuropad/EuroPAD_T1s//smwc2sub-EPAD04024166_ses-03_T1w
/scratch/radv/scaneva/brainageEuropad/EuroPAD_T1s//smwc3sub-EPAD04024166_ses-03_T1w

Finished. To view, point your web browser at
file:/scratch/radv/scaneva/brainageEuropad/EuroPAD_T1s//slicesdir_sub-EPAD04024166_ses-03_T1w.nii/index.html
[1] "loading nifti data Wed Aug 14 15:55:16 2024"
[1]      1 615541
[1] "loading regression model Wed Aug 14 15:55:33 2024"
[1] "saving new results Wed Aug 14 15:55:34 2024"
rm: cannot remove '/home/radv/scaneva/my-scratch/brainageEuropad/EuroPAD_T1s/logs/sub-EPAD04024166_ses-03_T1w_log.txt': No such file or directory
