/scratch/radv/scaneva/brainageEuropad/EuroPAD_T1s/

                            < M A T L A B (R) >
                  Copyright 1984-2022 The MathWorks, Inc.
             R2022b Update 2 (9.13.0.2105380) 64-bit (glnxa64)
                              October 26, 2022

 
To get started, type doc.
For product information, visit www.mathworks.com.
 
[Warning: FSL toolbox not found:
/opt/aumc-apps/fsl/fsl-6.0.7.6/share/fsl/etc/matlab] 
[> In startup (line 82)
In run (line 91)
In matlabrc (line 54)] 

-----------------------------------------------------------------------------------------------------
MATLAB Version: 9.13.0.2105380 (R2022b) Update 2
MATLAB License Number: 1096141
Operating System: Linux 4.18.0-553.8.1.el8_10.x86_64 #1 SMP Fri Jun 14 03:19:37 EDT 2024 x86_64
Java Version: Java 1.8.0_202-b08 with Oracle Corporation Java HotSpot(TM) 64-Bit Server VM mixed mode
-----------------------------------------------------------------------------------------------------
MATLAB                                                Version 9.13        (R2022b)
Bioinformatics Toolbox                                Version 4.16.1      (R2022b)
Computer Vision Toolbox                               Version 10.3        (R2022b)
Curve Fitting Toolbox                                 Version 3.8         (R2022b)
Deep Learning Toolbox                                 Version 14.5        (R2022b)
Global Optimization Toolbox                           Version 4.8         (R2022b)
Image Processing Toolbox                              Version 11.6        (R2022b)
MATLAB Compiler                                       Version 8.5         (R2022b)
Optimization Toolbox                                  Version 9.4         (R2022b)
Parallel Computing Toolbox                            Version 7.7         (R2022b)
Signal Processing Toolbox                             Version 9.1         (R2022b)
Statistics and Machine Learning Toolbox               Version 12.4        (R2022b)
Wavelet Toolbox                                       Version 6.2         (R2022b)


------------------------------------------------------------------------
14-Aug-2024 13:15:59 - Running job #1
------------------------------------------------------------------------
14-Aug-2024 13:15:59 - Running 'Segment'

SPM12: spm_preproc_run (v7408)                     13:15:59 - 14/08/2024
========================================================================
Segment /scratch/radv/scaneva/brainageEuropad/EuroPAD_T1s/sub-EPAD01023603_ses-03_T1w.nii,1
Completed                               :          13:19:18 - 14/08/2024
14-Aug-2024 13:19:18 - Done    'Segment'
14-Aug-2024 13:19:18 - Running 'Run Dartel (existing Templates)'
*** rc1sub-EPAD01023603_ses-03_T1w ***
1 	890671	0	890671	517.064
2 	508232	59880.2	568112	332.961
3 	435506	74704.8	510211	108.745
4 	428146	38803.4	466949	195.389
5 	388395	63481.2	451876	61.4541
6 	387810	62870.9	450681	33.9171
7 	394014	31765	425779	165.888
8 	361445	51542.6	412988	50.9794
9 	360995	51215.6	412210	28.5357
10 	363233	26116.5	389350	126.979
11 	334623	44139.8	378762	45.5686
12 	333525	44320.8	377846	29.1608
13 	335484	22857	358341	99.1335
14 	312491	37115.1	349606	41.8713
15 	310445	38104.7	348549	29.7261
16 	309765	39638.8	349403	35.2352
17 	309141	39692.9	348834	27.8238
18 	308514	40147.1	348661	26.6545
14-Aug-2024 13:21:55 - Done    'Run Dartel (existing Templates)'
14-Aug-2024 13:21:55 - Running 'Normalise to MNI Space'

** "u_rc1sub-EPAD01023603_ses-03_T1w" **
c1sub-EPAD01023603_ses-03_T1w	1,1,1
c2sub-EPAD01023603_ses-03_T1w	1,1,1
c3sub-EPAD01023603_ses-03_T1w	1,1,1
14-Aug-2024 13:21:59 - Done    'Normalise to MNI Space'
14-Aug-2024 13:21:59 - Running 'Tissue Volumes'

Segmentation files:
	/scratch/radv/scaneva/brainageEuropad/EuroPAD_T1s/sub-EPAD01023603_ses-03_T1w_seg8.mat

Volumes (litres):
    0.6383    0.5201    0.5494

14-Aug-2024 13:23:05 - Done    'Tissue Volumes'
14-Aug-2024 13:23:05 - Done

/scratch/radv/scaneva/brainageEuropad/EuroPAD_T1s//c1sub-EPAD01023603_ses-03_T1w
/scratch/radv/scaneva/brainageEuropad/EuroPAD_T1s//c2sub-EPAD01023603_ses-03_T1w
/scratch/radv/scaneva/brainageEuropad/EuroPAD_T1s//c3sub-EPAD01023603_ses-03_T1w
/scratch/radv/scaneva/brainageEuropad/EuroPAD_T1s//smwc1sub-EPAD01023603_ses-03_T1w
/scratch/radv/scaneva/brainageEuropad/EuroPAD_T1s//smwc2sub-EPAD01023603_ses-03_T1w
/scratch/radv/scaneva/brainageEuropad/EuroPAD_T1s//smwc3sub-EPAD01023603_ses-03_T1w

Finished. To view, point your web browser at
file:/scratch/radv/scaneva/brainageEuropad/EuroPAD_T1s//slicesdir_sub-EPAD01023603_ses-03_T1w.nii/index.html
[1] "loading nifti data Wed Aug 14 13:23:14 2024"
[1]      1 615541
[1] "loading regression model Wed Aug 14 13:23:32 2024"
[1] "saving new results Wed Aug 14 13:23:33 2024"
rm: cannot remove '/home/radv/scaneva/my-scratch/brainageEuropad/EuroPAD_T1s/logs/sub-EPAD01023603_ses-03_T1w_log.txt': No such file or directory
