/scratch/radv/scaneva/brainageEuropad/EuroPAD_T1s/

                            < M A T L A B (R) >
                  Copyright 1984-2022 The MathWorks, Inc.
             R2022b Update 2 (9.13.0.2105380) 64-bit (glnxa64)
                              October 26, 2022

 
To get started, type doc.
For product information, visit www.mathworks.com.
 
[Warning: FSL toolbox not found:
/opt/aumc-apps/fsl/fsl-6.0.7.6/share/fsl/etc/matlab] 
[> In startup (line 82)
In run (line 91)
In matlabrc (line 54)] 

-----------------------------------------------------------------------------------------------------
MATLAB Version: 9.13.0.2105380 (R2022b) Update 2
MATLAB License Number: 1096141
Operating System: Linux 4.18.0-553.8.1.el8_10.x86_64 #1 SMP Fri Jun 14 03:19:37 EDT 2024 x86_64
Java Version: Java 1.8.0_202-b08 with Oracle Corporation Java HotSpot(TM) 64-Bit Server VM mixed mode
-----------------------------------------------------------------------------------------------------
MATLAB                                                Version 9.13        (R2022b)
Bioinformatics Toolbox                                Version 4.16.1      (R2022b)
Computer Vision Toolbox                               Version 10.3        (R2022b)
Curve Fitting Toolbox                                 Version 3.8         (R2022b)
Deep Learning Toolbox                                 Version 14.5        (R2022b)
Global Optimization Toolbox                           Version 4.8         (R2022b)
Image Processing Toolbox                              Version 11.6        (R2022b)
MATLAB Compiler                                       Version 8.5         (R2022b)
Optimization Toolbox                                  Version 9.4         (R2022b)
Parallel Computing Toolbox                            Version 7.7         (R2022b)
Signal Processing Toolbox                             Version 9.1         (R2022b)
Statistics and Machine Learning Toolbox               Version 12.4        (R2022b)
Wavelet Toolbox                                       Version 6.2         (R2022b)


------------------------------------------------------------------------
14-Aug-2024 15:57:01 - Running job #1
------------------------------------------------------------------------
14-Aug-2024 15:57:02 - Running 'Segment'

SPM12: spm_preproc_run (v7408)                     15:57:02 - 14/08/2024
========================================================================
Segment /scratch/radv/scaneva/brainageEuropad/EuroPAD_T1s/sub-EPAD05023931_ses-03_T1w.nii,1
Completed                               :          15:59:20 - 14/08/2024
14-Aug-2024 15:59:20 - Done    'Segment'
14-Aug-2024 15:59:20 - Running 'Run Dartel (existing Templates)'
*** rc1sub-EPAD05023931_ses-03_T1w ***
1 	364016	0	364016	287.239
2 	295781	13369.4	309150	80.5541
3 	289805	15816.3	305622	24.9421
4 	284889	8151.53	293041	116.678
5 	272457	16263.3	288720	34.888
6 	271879	16578.3	288458	22.751
7 	269955	8435.5	278391	99.3385
8 	257094	16912.3	274006	31.8515
9 	256666	17067.8	273734	21.6102
10 	255811	8768.91	264580	90.8247
11 	241504	17949.4	259453	33.1277
12 	240667	18297.2	258964	22.9649
13 	240830	9507.93	250338	77.2869
14 	227487	17809.8	245297	31.2275
15 	226287	18421.5	244709	22.9375
16 	225816	19250.1	245066	27.3862
17 	225412	19278.9	244691	21.0749
18 	224997	19607.7	244605	19.4237
14-Aug-2024 16:01:51 - Done    'Run Dartel (existing Templates)'
14-Aug-2024 16:01:51 - Running 'Normalise to MNI Space'

** "u_rc1sub-EPAD05023931_ses-03_T1w" **
c1sub-EPAD05023931_ses-03_T1w	1,1,1
c2sub-EPAD05023931_ses-03_T1w	1,1,1
c3sub-EPAD05023931_ses-03_T1w	1,1,1
14-Aug-2024 16:01:55 - Done    'Normalise to MNI Space'
14-Aug-2024 16:01:55 - Running 'Tissue Volumes'

Segmentation files:
	/scratch/radv/scaneva/brainageEuropad/EuroPAD_T1s/sub-EPAD05023931_ses-03_T1w_seg8.mat

Volumes (litres):
    0.5689    0.4142    0.3164

14-Aug-2024 16:02:57 - Done    'Tissue Volumes'
14-Aug-2024 16:02:57 - Done

/scratch/radv/scaneva/brainageEuropad/EuroPAD_T1s//c1sub-EPAD05023931_ses-03_T1w
/scratch/radv/scaneva/brainageEuropad/EuroPAD_T1s//c2sub-EPAD05023931_ses-03_T1w
/scratch/radv/scaneva/brainageEuropad/EuroPAD_T1s//c3sub-EPAD05023931_ses-03_T1w
/scratch/radv/scaneva/brainageEuropad/EuroPAD_T1s//smwc1sub-EPAD05023931_ses-03_T1w
/scratch/radv/scaneva/brainageEuropad/EuroPAD_T1s//smwc2sub-EPAD05023931_ses-03_T1w
/scratch/radv/scaneva/brainageEuropad/EuroPAD_T1s//smwc3sub-EPAD05023931_ses-03_T1w

Finished. To view, point your web browser at
file:/scratch/radv/scaneva/brainageEuropad/EuroPAD_T1s//slicesdir_sub-EPAD05023931_ses-03_T1w.nii/index.html
[1] "loading nifti data Wed Aug 14 16:03:05 2024"
[1]      1 615541
[1] "loading regression model Wed Aug 14 16:03:23 2024"
[1] "saving new results Wed Aug 14 16:03:24 2024"
rm: cannot remove '/home/radv/scaneva/my-scratch/brainageEuropad/EuroPAD_T1s/logs/sub-EPAD05023931_ses-03_T1w_log.txt': No such file or directory
