/scratch/radv/scaneva/brainageEuropad/EuroPAD_T1s/

                            < M A T L A B (R) >
                  Copyright 1984-2022 The MathWorks, Inc.
             R2022b Update 2 (9.13.0.2105380) 64-bit (glnxa64)
                              October 26, 2022

 
To get started, type doc.
For product information, visit www.mathworks.com.
 
[Warning: FSL toolbox not found:
/opt/aumc-apps/fsl/fsl-6.0.7.6/share/fsl/etc/matlab] 
[> In startup (line 82)
In run (line 91)
In matlabrc (line 54)] 

-----------------------------------------------------------------------------------------------------
MATLAB Version: 9.13.0.2105380 (R2022b) Update 2
MATLAB License Number: 1096141
Operating System: Linux 4.18.0-553.8.1.el8_10.x86_64 #1 SMP Fri Jun 14 03:19:37 EDT 2024 x86_64
Java Version: Java 1.8.0_202-b08 with Oracle Corporation Java HotSpot(TM) 64-Bit Server VM mixed mode
-----------------------------------------------------------------------------------------------------
MATLAB                                                Version 9.13        (R2022b)
Bioinformatics Toolbox                                Version 4.16.1      (R2022b)
Computer Vision Toolbox                               Version 10.3        (R2022b)
Curve Fitting Toolbox                                 Version 3.8         (R2022b)
Deep Learning Toolbox                                 Version 14.5        (R2022b)
Global Optimization Toolbox                           Version 4.8         (R2022b)
Image Processing Toolbox                              Version 11.6        (R2022b)
MATLAB Compiler                                       Version 8.5         (R2022b)
Optimization Toolbox                                  Version 9.4         (R2022b)
Parallel Computing Toolbox                            Version 7.7         (R2022b)
Signal Processing Toolbox                             Version 9.1         (R2022b)
Statistics and Machine Learning Toolbox               Version 12.4        (R2022b)
Wavelet Toolbox                                       Version 6.2         (R2022b)


------------------------------------------------------------------------
14-Aug-2024 14:51:58 - Running job #1
------------------------------------------------------------------------
14-Aug-2024 14:51:58 - Running 'Segment'

SPM12: spm_preproc_run (v7408)                     14:51:58 - 14/08/2024
========================================================================
Segment /scratch/radv/scaneva/brainageEuropad/EuroPAD_T1s/sub-EPAD03123851_ses-03_T1w.nii,1
Completed                               :          14:55:07 - 14/08/2024
14-Aug-2024 14:55:07 - Done    'Segment'
14-Aug-2024 14:55:07 - Running 'Run Dartel (existing Templates)'
*** rc1sub-EPAD03123851_ses-03_T1w ***
1 	401937	0	401937	307.057
2 	330547	12363.7	342911	115.275
3 	326361	12802.3	339163	30.9265
4 	323015	6446.73	329461	118.269
5 	311457	13974.5	325431	33.2792
6 	311169	14034.8	325204	23.0732
7 	310529	7148.07	317677	102.097
8 	297539	15642.7	313181	32.0651
9 	297187	15739.5	312926	21.8981
10 	297224	8104.31	305329	94.7354
11 	282312	17725.1	300037	33.6234
12 	281637	17962	299599	23.7155
13 	282645	9363.75	292008	81.044
14 	268328	18341	286669	33.5893
15 	266974	19040.6	286015	23.9906
16 	266562	19901	286463	28.0932
17 	266031	20070.3	286101	21.8217
18 	265696	20341.1	286037	20.3709
14-Aug-2024 14:57:37 - Done    'Run Dartel (existing Templates)'
14-Aug-2024 14:57:37 - Running 'Normalise to MNI Space'

** "u_rc1sub-EPAD03123851_ses-03_T1w" **
c1sub-EPAD03123851_ses-03_T1w	1,1,1
c2sub-EPAD03123851_ses-03_T1w	1,1,1
c3sub-EPAD03123851_ses-03_T1w	1,1,1
14-Aug-2024 14:57:41 - Done    'Normalise to MNI Space'
14-Aug-2024 14:57:41 - Running 'Tissue Volumes'

Segmentation files:
	/scratch/radv/scaneva/brainageEuropad/EuroPAD_T1s/sub-EPAD03123851_ses-03_T1w_seg8.mat

Volumes (litres):
    0.6294    0.4834    0.3488

14-Aug-2024 14:58:41 - Done    'Tissue Volumes'
14-Aug-2024 14:58:41 - Done

/scratch/radv/scaneva/brainageEuropad/EuroPAD_T1s//c1sub-EPAD03123851_ses-03_T1w
/scratch/radv/scaneva/brainageEuropad/EuroPAD_T1s//c2sub-EPAD03123851_ses-03_T1w
/scratch/radv/scaneva/brainageEuropad/EuroPAD_T1s//c3sub-EPAD03123851_ses-03_T1w
/scratch/radv/scaneva/brainageEuropad/EuroPAD_T1s//smwc1sub-EPAD03123851_ses-03_T1w
/scratch/radv/scaneva/brainageEuropad/EuroPAD_T1s//smwc2sub-EPAD03123851_ses-03_T1w
/scratch/radv/scaneva/brainageEuropad/EuroPAD_T1s//smwc3sub-EPAD03123851_ses-03_T1w

Finished. To view, point your web browser at
file:/scratch/radv/scaneva/brainageEuropad/EuroPAD_T1s//slicesdir_sub-EPAD03123851_ses-03_T1w.nii/index.html
[1] "loading nifti data Wed Aug 14 14:58:49 2024"
[1]      1 615541
[1] "loading regression model Wed Aug 14 14:59:07 2024"
[1] "saving new results Wed Aug 14 14:59:08 2024"
rm: cannot remove '/home/radv/scaneva/my-scratch/brainageEuropad/EuroPAD_T1s/logs/sub-EPAD03123851_ses-03_T1w_log.txt': No such file or directory
