/scratch/radv/scaneva/brainageEuropad/EuroPAD_T1s/

                            < M A T L A B (R) >
                  Copyright 1984-2022 The MathWorks, Inc.
             R2022b Update 2 (9.13.0.2105380) 64-bit (glnxa64)
                              October 26, 2022

 
To get started, type doc.
For product information, visit www.mathworks.com.
 
[Warning: FSL toolbox not found:
/opt/aumc-apps/fsl/fsl-6.0.7.6/share/fsl/etc/matlab] 
[> In startup (line 82)
In run (line 91)
In matlabrc (line 54)] 

-----------------------------------------------------------------------------------------------------
MATLAB Version: 9.13.0.2105380 (R2022b) Update 2
MATLAB License Number: 1096141
Operating System: Linux 4.18.0-553.8.1.el8_10.x86_64 #1 SMP Fri Jun 14 03:19:37 EDT 2024 x86_64
Java Version: Java 1.8.0_202-b08 with Oracle Corporation Java HotSpot(TM) 64-Bit Server VM mixed mode
-----------------------------------------------------------------------------------------------------
MATLAB                                                Version 9.13        (R2022b)
Bioinformatics Toolbox                                Version 4.16.1      (R2022b)
Computer Vision Toolbox                               Version 10.3        (R2022b)
Curve Fitting Toolbox                                 Version 3.8         (R2022b)
Deep Learning Toolbox                                 Version 14.5        (R2022b)
Global Optimization Toolbox                           Version 4.8         (R2022b)
Image Processing Toolbox                              Version 11.6        (R2022b)
MATLAB Compiler                                       Version 8.5         (R2022b)
Optimization Toolbox                                  Version 9.4         (R2022b)
Parallel Computing Toolbox                            Version 7.7         (R2022b)
Signal Processing Toolbox                             Version 9.1         (R2022b)
Statistics and Machine Learning Toolbox               Version 12.4        (R2022b)
Wavelet Toolbox                                       Version 6.2         (R2022b)


------------------------------------------------------------------------
14-Aug-2024 14:43:00 - Running job #1
------------------------------------------------------------------------
14-Aug-2024 14:43:00 - Running 'Segment'

SPM12: spm_preproc_run (v7408)                     14:43:00 - 14/08/2024
========================================================================
Segment /scratch/radv/scaneva/brainageEuropad/EuroPAD_T1s/sub-EPAD03023609_ses-03_T1w.nii,1
Completed                               :          14:47:11 - 14/08/2024
14-Aug-2024 14:47:11 - Done    'Segment'
14-Aug-2024 14:47:11 - Running 'Run Dartel (existing Templates)'
*** rc1sub-EPAD03023609_ses-03_T1w ***
1 	399272	0	399272	330.933
2 	303267	15692.3	318959	124.334
3 	289545	19779.3	309324	38.1311
4 	285585	10575.7	296160	123.37
5 	272261	19208.1	291469	33.8575
6 	271508	19676.9	291185	22.2729
7 	272337	9992.56	282329	104.079
8 	258848	18728.1	277576	33.1594
9 	258057	19134.1	277191	22.0436
10 	259248	9808.8	269057	94.5461
11 	244141	19403.3	263544	34.3479
12 	242946	19968.3	262914	22.956
13 	244080	10353.4	254433	80.9075
14 	229775	19159.5	248935	32.676
15 	228154	20015.5	248169	21.7415
16 	227721	20796.7	248518	26.4895
17 	227069	20952.1	248021	19.4673
18 	226590	21258.3	247848	17.4338
14-Aug-2024 14:49:45 - Done    'Run Dartel (existing Templates)'
14-Aug-2024 14:49:45 - Running 'Normalise to MNI Space'

** "u_rc1sub-EPAD03023609_ses-03_T1w" **
c1sub-EPAD03023609_ses-03_T1w	1,1,1
c2sub-EPAD03023609_ses-03_T1w	1,1,1
c3sub-EPAD03023609_ses-03_T1w	1,1,1
14-Aug-2024 14:49:49 - Done    'Normalise to MNI Space'
14-Aug-2024 14:49:49 - Running 'Tissue Volumes'

Segmentation files:
	/scratch/radv/scaneva/brainageEuropad/EuroPAD_T1s/sub-EPAD03023609_ses-03_T1w_seg8.mat

Volumes (litres):
    0.6165    0.4169    0.2732

14-Aug-2024 14:50:52 - Done    'Tissue Volumes'
14-Aug-2024 14:50:52 - Done

/scratch/radv/scaneva/brainageEuropad/EuroPAD_T1s//c1sub-EPAD03023609_ses-03_T1w
/scratch/radv/scaneva/brainageEuropad/EuroPAD_T1s//c2sub-EPAD03023609_ses-03_T1w
/scratch/radv/scaneva/brainageEuropad/EuroPAD_T1s//c3sub-EPAD03023609_ses-03_T1w
/scratch/radv/scaneva/brainageEuropad/EuroPAD_T1s//smwc1sub-EPAD03023609_ses-03_T1w
/scratch/radv/scaneva/brainageEuropad/EuroPAD_T1s//smwc2sub-EPAD03023609_ses-03_T1w
/scratch/radv/scaneva/brainageEuropad/EuroPAD_T1s//smwc3sub-EPAD03023609_ses-03_T1w

Finished. To view, point your web browser at
file:/scratch/radv/scaneva/brainageEuropad/EuroPAD_T1s//slicesdir_sub-EPAD03023609_ses-03_T1w.nii/index.html
[1] "loading nifti data Wed Aug 14 14:51:01 2024"
[1]      1 615541
[1] "loading regression model Wed Aug 14 14:51:18 2024"
[1] "saving new results Wed Aug 14 14:51:19 2024"
rm: cannot remove '/home/radv/scaneva/my-scratch/brainageEuropad/EuroPAD_T1s/logs/sub-EPAD03023609_ses-03_T1w_log.txt': No such file or directory
