/scratch/radv/scaneva/brainageEuropad/EuroPAD_T1s/

                            < M A T L A B (R) >
                  Copyright 1984-2022 The MathWorks, Inc.
             R2022b Update 2 (9.13.0.2105380) 64-bit (glnxa64)
                              October 26, 2022

 
To get started, type doc.
For product information, visit www.mathworks.com.
 
[Warning: FSL toolbox not found:
/opt/aumc-apps/fsl/fsl-6.0.7.6/share/fsl/etc/matlab] 
[> In startup (line 82)
In run (line 91)
In matlabrc (line 54)] 

-----------------------------------------------------------------------------------------------------
MATLAB Version: 9.13.0.2105380 (R2022b) Update 2
MATLAB License Number: 1096141
Operating System: Linux 4.18.0-553.8.1.el8_10.x86_64 #1 SMP Fri Jun 14 03:19:37 EDT 2024 x86_64
Java Version: Java 1.8.0_202-b08 with Oracle Corporation Java HotSpot(TM) 64-Bit Server VM mixed mode
-----------------------------------------------------------------------------------------------------
MATLAB                                                Version 9.13        (R2022b)
Bioinformatics Toolbox                                Version 4.16.1      (R2022b)
Computer Vision Toolbox                               Version 10.3        (R2022b)
Curve Fitting Toolbox                                 Version 3.8         (R2022b)
Deep Learning Toolbox                                 Version 14.5        (R2022b)
Global Optimization Toolbox                           Version 4.8         (R2022b)
Image Processing Toolbox                              Version 11.6        (R2022b)
MATLAB Compiler                                       Version 8.5         (R2022b)
Optimization Toolbox                                  Version 9.4         (R2022b)
Parallel Computing Toolbox                            Version 7.7         (R2022b)
Signal Processing Toolbox                             Version 9.1         (R2022b)
Statistics and Machine Learning Toolbox               Version 12.4        (R2022b)
Wavelet Toolbox                                       Version 6.2         (R2022b)


------------------------------------------------------------------------
14-Aug-2024 14:29:59 - Running job #1
------------------------------------------------------------------------
14-Aug-2024 14:30:00 - Running 'Segment'

SPM12: spm_preproc_run (v7408)                     14:30:00 - 14/08/2024
========================================================================
Segment /scratch/radv/scaneva/brainageEuropad/EuroPAD_T1s/sub-EPAD03023737_ses-03_T1w.nii,1
Completed                               :          14:32:38 - 14/08/2024
14-Aug-2024 14:32:38 - Done    'Segment'
14-Aug-2024 14:32:38 - Running 'Run Dartel (existing Templates)'
*** rc1sub-EPAD03023737_ses-03_T1w ***
1 	475471	0	475471	370.919
2 	341854	20662.8	362516	178.809
3 	326381	22367.6	348748	54.4717
4 	322125	11611.1	333736	130.942
5 	306378	21526.1	327904	38.0586
6 	305548	21901.5	327450	22.5246
7 	305557	11136.3	316693	109.572
8 	290100	20907.5	311008	33.9343
9 	289313	21243.8	310557	19.2073
10 	289409	10896.5	300306	94.2851
11 	273196	21061.8	294257	32.1306
12 	271929	21701.9	293631	19.3971
13 	272584	11241.6	283826	78.0568
14 	257986	20164	278150	30.5822
15 	256389	21010.1	277399	19.0205
16 	255994	21864.4	277859	24.8774
17 	255463	21963.6	277427	16.4722
18 	255091	22235.6	277327	15.133
14-Aug-2024 14:35:19 - Done    'Run Dartel (existing Templates)'
14-Aug-2024 14:35:19 - Running 'Normalise to MNI Space'

** "u_rc1sub-EPAD03023737_ses-03_T1w" **
c1sub-EPAD03023737_ses-03_T1w	1,1,1
c2sub-EPAD03023737_ses-03_T1w	1,1,1
c3sub-EPAD03023737_ses-03_T1w	1,1,1
14-Aug-2024 14:35:23 - Done    'Normalise to MNI Space'
14-Aug-2024 14:35:23 - Running 'Tissue Volumes'

Segmentation files:
	/scratch/radv/scaneva/brainageEuropad/EuroPAD_T1s/sub-EPAD03023737_ses-03_T1w_seg8.mat

Volumes (litres):
    0.6285    0.4689    0.3670

14-Aug-2024 14:36:27 - Done    'Tissue Volumes'
14-Aug-2024 14:36:27 - Done

/scratch/radv/scaneva/brainageEuropad/EuroPAD_T1s//c1sub-EPAD03023737_ses-03_T1w
/scratch/radv/scaneva/brainageEuropad/EuroPAD_T1s//c2sub-EPAD03023737_ses-03_T1w
/scratch/radv/scaneva/brainageEuropad/EuroPAD_T1s//c3sub-EPAD03023737_ses-03_T1w
/scratch/radv/scaneva/brainageEuropad/EuroPAD_T1s//smwc1sub-EPAD03023737_ses-03_T1w
/scratch/radv/scaneva/brainageEuropad/EuroPAD_T1s//smwc2sub-EPAD03023737_ses-03_T1w
/scratch/radv/scaneva/brainageEuropad/EuroPAD_T1s//smwc3sub-EPAD03023737_ses-03_T1w

Finished. To view, point your web browser at
file:/scratch/radv/scaneva/brainageEuropad/EuroPAD_T1s//slicesdir_sub-EPAD03023737_ses-03_T1w.nii/index.html
[1] "loading nifti data Wed Aug 14 14:36:37 2024"
[1]      1 615541
[1] "loading regression model Wed Aug 14 14:36:55 2024"
[1] "saving new results Wed Aug 14 14:36:56 2024"
rm: cannot remove '/home/radv/scaneva/my-scratch/brainageEuropad/EuroPAD_T1s/logs/sub-EPAD03023737_ses-03_T1w_log.txt': No such file or directory
