/scratch/radv/scaneva/brainageEuropad/EuroPAD_T1s/

                            < M A T L A B (R) >
                  Copyright 1984-2022 The MathWorks, Inc.
             R2022b Update 2 (9.13.0.2105380) 64-bit (glnxa64)
                              October 26, 2022

 
To get started, type doc.
For product information, visit www.mathworks.com.
 
[Warning: FSL toolbox not found:
/opt/aumc-apps/fsl/fsl-6.0.7.6/share/fsl/etc/matlab] 
[> In startup (line 82)
In run (line 91)
In matlabrc (line 54)] 

-----------------------------------------------------------------------------------------------------
MATLAB Version: 9.13.0.2105380 (R2022b) Update 2
MATLAB License Number: 1096141
Operating System: Linux 4.18.0-553.8.1.el8_10.x86_64 #1 SMP Fri Jun 14 03:19:37 EDT 2024 x86_64
Java Version: Java 1.8.0_202-b08 with Oracle Corporation Java HotSpot(TM) 64-Bit Server VM mixed mode
-----------------------------------------------------------------------------------------------------
MATLAB                                                Version 9.13        (R2022b)
Bioinformatics Toolbox                                Version 4.16.1      (R2022b)
Computer Vision Toolbox                               Version 10.3        (R2022b)
Curve Fitting Toolbox                                 Version 3.8         (R2022b)
Deep Learning Toolbox                                 Version 14.5        (R2022b)
Global Optimization Toolbox                           Version 4.8         (R2022b)
Image Processing Toolbox                              Version 11.6        (R2022b)
MATLAB Compiler                                       Version 8.5         (R2022b)
Optimization Toolbox                                  Version 9.4         (R2022b)
Parallel Computing Toolbox                            Version 7.7         (R2022b)
Signal Processing Toolbox                             Version 9.1         (R2022b)
Statistics and Machine Learning Toolbox               Version 12.4        (R2022b)
Wavelet Toolbox                                       Version 6.2         (R2022b)


------------------------------------------------------------------------
14-Aug-2024 13:24:57 - Running job #1
------------------------------------------------------------------------
14-Aug-2024 13:24:58 - Running 'Segment'

SPM12: spm_preproc_run (v7408)                     13:24:58 - 14/08/2024
========================================================================
Segment /scratch/radv/scaneva/brainageEuropad/EuroPAD_T1s/sub-EPAD01523845_ses-03_T1w.nii,1
Completed                               :          13:28:35 - 14/08/2024
14-Aug-2024 13:28:35 - Done    'Segment'
14-Aug-2024 13:28:35 - Running 'Run Dartel (existing Templates)'
*** rc1sub-EPAD01523845_ses-03_T1w ***
1 	485747	0	485747	368.051
2 	358700	21894.1	380594	155.448
3 	349260	23191.2	372451	34.2188
4 	347781	11593.2	359374	138.312
5 	330537	22619.9	353157	38.6143
6 	330181	22565.9	352747	23.8069
7 	332458	11444.5	343903	118.653
8 	314923	22616.1	337539	36.0356
9 	314336	22786.5	337123	22.477
10 	316615	11672.4	328287	105.06
11 	297991	23502.4	321493	38.0729
12 	296786	24015.6	320802	24.7967
13 	298879	12467.4	311346	87.5358
14 	282072	22914.1	304986	35.0897
15 	280333	23874.2	304207	23.8213
16 	279996	24893.2	304889	28.7855
17 	279329	25119.1	304448	21.5127
18 	278871	25461.8	304333	19.6077
14-Aug-2024 13:31:13 - Done    'Run Dartel (existing Templates)'
14-Aug-2024 13:31:13 - Running 'Normalise to MNI Space'

** "u_rc1sub-EPAD01523845_ses-03_T1w" **
c1sub-EPAD01523845_ses-03_T1w	1,1,1
c2sub-EPAD01523845_ses-03_T1w	1,1,1
c3sub-EPAD01523845_ses-03_T1w	1,1,1
14-Aug-2024 13:31:18 - Done    'Normalise to MNI Space'
14-Aug-2024 13:31:18 - Running 'Tissue Volumes'

Segmentation files:
	/scratch/radv/scaneva/brainageEuropad/EuroPAD_T1s/sub-EPAD01523845_ses-03_T1w_seg8.mat

Volumes (litres):
    0.6970    0.4831    0.3764

14-Aug-2024 13:32:20 - Done    'Tissue Volumes'
14-Aug-2024 13:32:20 - Done

/scratch/radv/scaneva/brainageEuropad/EuroPAD_T1s//c1sub-EPAD01523845_ses-03_T1w
/scratch/radv/scaneva/brainageEuropad/EuroPAD_T1s//c2sub-EPAD01523845_ses-03_T1w
/scratch/radv/scaneva/brainageEuropad/EuroPAD_T1s//c3sub-EPAD01523845_ses-03_T1w
/scratch/radv/scaneva/brainageEuropad/EuroPAD_T1s//smwc1sub-EPAD01523845_ses-03_T1w
/scratch/radv/scaneva/brainageEuropad/EuroPAD_T1s//smwc2sub-EPAD01523845_ses-03_T1w
/scratch/radv/scaneva/brainageEuropad/EuroPAD_T1s//smwc3sub-EPAD01523845_ses-03_T1w

Finished. To view, point your web browser at
file:/scratch/radv/scaneva/brainageEuropad/EuroPAD_T1s//slicesdir_sub-EPAD01523845_ses-03_T1w.nii/index.html
[1] "loading nifti data Wed Aug 14 13:32:29 2024"
[1]      1 615541
[1] "loading regression model Wed Aug 14 13:32:49 2024"
[1] "saving new results Wed Aug 14 13:32:50 2024"
rm: cannot remove '/home/radv/scaneva/my-scratch/brainageEuropad/EuroPAD_T1s/logs/sub-EPAD01523845_ses-03_T1w_log.txt': No such file or directory
