/scratch/radv/scaneva/brainageEuropad/EuroPAD_T1s/

                            < M A T L A B (R) >
                  Copyright 1984-2022 The MathWorks, Inc.
             R2022b Update 2 (9.13.0.2105380) 64-bit (glnxa64)
                              October 26, 2022

 
To get started, type doc.
For product information, visit www.mathworks.com.
 
[Warning: FSL toolbox not found:
/opt/aumc-apps/fsl/fsl-6.0.7.6/share/fsl/etc/matlab] 
[> In startup (line 82)
In run (line 91)
In matlabrc (line 54)] 

-----------------------------------------------------------------------------------------------------
MATLAB Version: 9.13.0.2105380 (R2022b) Update 2
MATLAB License Number: 1096141
Operating System: Linux 4.18.0-553.8.1.el8_10.x86_64 #1 SMP Fri Jun 14 03:19:37 EDT 2024 x86_64
Java Version: Java 1.8.0_202-b08 with Oracle Corporation Java HotSpot(TM) 64-Bit Server VM mixed mode
-----------------------------------------------------------------------------------------------------
MATLAB                                                Version 9.13        (R2022b)
Bioinformatics Toolbox                                Version 4.16.1      (R2022b)
Computer Vision Toolbox                               Version 10.3        (R2022b)
Curve Fitting Toolbox                                 Version 3.8         (R2022b)
Deep Learning Toolbox                                 Version 14.5        (R2022b)
Global Optimization Toolbox                           Version 4.8         (R2022b)
Image Processing Toolbox                              Version 11.6        (R2022b)
MATLAB Compiler                                       Version 8.5         (R2022b)
Optimization Toolbox                                  Version 9.4         (R2022b)
Parallel Computing Toolbox                            Version 7.7         (R2022b)
Signal Processing Toolbox                             Version 9.1         (R2022b)
Statistics and Machine Learning Toolbox               Version 12.4        (R2022b)
Wavelet Toolbox                                       Version 6.2         (R2022b)


------------------------------------------------------------------------
14-Aug-2024 13:57:59 - Running job #1
------------------------------------------------------------------------
14-Aug-2024 13:57:59 - Running 'Segment'

SPM12: spm_preproc_run (v7408)                     13:57:59 - 14/08/2024
========================================================================
Segment /scratch/radv/scaneva/brainageEuropad/EuroPAD_T1s/sub-EPAD02024263_ses-03_T1w.nii,1
Completed                               :          14:00:32 - 14/08/2024
14-Aug-2024 14:00:32 - Done    'Segment'
14-Aug-2024 14:00:33 - Running 'Run Dartel (existing Templates)'
*** rc1sub-EPAD02024263_ses-03_T1w ***
1 	374526	0	374526	277.21
2 	326405	12734.9	339140	73.8113
3 	324374	13646.1	338020	23.8725
4 	321999	6980.11	328979	133.6
5 	305857	17550.6	323408	40.3
6 	305080	17897.8	322978	27.3648
7 	304211	9189.17	313400	113.885
8 	286953	20529.9	307483	38.5261
9 	286248	20672.2	306920	27.4173
10 	285385	10715.9	296101	101.602
11 	267452	22382	289834	38.3957
12 	266699	22470.2	289169	26.2013
13 	266882	11666.2	278549	83.616
14 	251308	21639.1	272947	35.4068
15 	250128	22104.9	272232	26.348
16 	249490	23130	272620	30.161
17 	249149	23032.6	272182	24.4448
18 	248631	23412.5	272044	22.9187
14-Aug-2024 14:03:14 - Done    'Run Dartel (existing Templates)'
14-Aug-2024 14:03:14 - Running 'Normalise to MNI Space'

** "u_rc1sub-EPAD02024263_ses-03_T1w" **
c1sub-EPAD02024263_ses-03_T1w	1,1,1
c2sub-EPAD02024263_ses-03_T1w	1,1,1
c3sub-EPAD02024263_ses-03_T1w	1,1,1
14-Aug-2024 14:03:18 - Done    'Normalise to MNI Space'
14-Aug-2024 14:03:18 - Running 'Tissue Volumes'

Segmentation files:
	/scratch/radv/scaneva/brainageEuropad/EuroPAD_T1s/sub-EPAD02024263_ses-03_T1w_seg8.mat

Volumes (litres):
    0.5710    0.4103    0.3856

14-Aug-2024 14:04:23 - Done    'Tissue Volumes'
14-Aug-2024 14:04:23 - Done

/scratch/radv/scaneva/brainageEuropad/EuroPAD_T1s//c1sub-EPAD02024263_ses-03_T1w
/scratch/radv/scaneva/brainageEuropad/EuroPAD_T1s//c2sub-EPAD02024263_ses-03_T1w
/scratch/radv/scaneva/brainageEuropad/EuroPAD_T1s//c3sub-EPAD02024263_ses-03_T1w
/scratch/radv/scaneva/brainageEuropad/EuroPAD_T1s//smwc1sub-EPAD02024263_ses-03_T1w
/scratch/radv/scaneva/brainageEuropad/EuroPAD_T1s//smwc2sub-EPAD02024263_ses-03_T1w
/scratch/radv/scaneva/brainageEuropad/EuroPAD_T1s//smwc3sub-EPAD02024263_ses-03_T1w

Finished. To view, point your web browser at
file:/scratch/radv/scaneva/brainageEuropad/EuroPAD_T1s//slicesdir_sub-EPAD02024263_ses-03_T1w.nii/index.html
[1] "loading nifti data Wed Aug 14 14:04:33 2024"
[1]      1 615541
[1] "loading regression model Wed Aug 14 14:04:52 2024"
[1] "saving new results Wed Aug 14 14:04:53 2024"
rm: cannot remove '/home/radv/scaneva/my-scratch/brainageEuropad/EuroPAD_T1s/logs/sub-EPAD02024263_ses-03_T1w_log.txt': No such file or directory
