/scratch/radv/scaneva/brainageEuropad/EuroPAD_T1s/

                            < M A T L A B (R) >
                  Copyright 1984-2022 The MathWorks, Inc.
             R2022b Update 2 (9.13.0.2105380) 64-bit (glnxa64)
                              October 26, 2022

 
To get started, type doc.
For product information, visit www.mathworks.com.
 
[Warning: FSL toolbox not found:
/opt/aumc-apps/fsl/fsl-6.0.7.6/share/fsl/etc/matlab] 
[> In startup (line 82)
In run (line 91)
In matlabrc (line 54)] 

-----------------------------------------------------------------------------------------------------
MATLAB Version: 9.13.0.2105380 (R2022b) Update 2
MATLAB License Number: 1096141
Operating System: Linux 4.18.0-553.8.1.el8_10.x86_64 #1 SMP Fri Jun 14 03:19:37 EDT 2024 x86_64
Java Version: Java 1.8.0_202-b08 with Oracle Corporation Java HotSpot(TM) 64-Bit Server VM mixed mode
-----------------------------------------------------------------------------------------------------
MATLAB                                                Version 9.13        (R2022b)
Bioinformatics Toolbox                                Version 4.16.1      (R2022b)
Computer Vision Toolbox                               Version 10.3        (R2022b)
Curve Fitting Toolbox                                 Version 3.8         (R2022b)
Deep Learning Toolbox                                 Version 14.5        (R2022b)
Global Optimization Toolbox                           Version 4.8         (R2022b)
Image Processing Toolbox                              Version 11.6        (R2022b)
MATLAB Compiler                                       Version 8.5         (R2022b)
Optimization Toolbox                                  Version 9.4         (R2022b)
Parallel Computing Toolbox                            Version 7.7         (R2022b)
Signal Processing Toolbox                             Version 9.1         (R2022b)
Statistics and Machine Learning Toolbox               Version 12.4        (R2022b)
Wavelet Toolbox                                       Version 6.2         (R2022b)


------------------------------------------------------------------------
14-Aug-2024 14:22:53 - Running job #1
------------------------------------------------------------------------
14-Aug-2024 14:22:53 - Running 'Segment'

SPM12: spm_preproc_run (v7408)                     14:22:53 - 14/08/2024
========================================================================
Segment /scratch/radv/scaneva/brainageEuropad/EuroPAD_T1s/sub-EPAD03023582_ses-03_T1w.nii,1
Completed                               :          14:24:47 - 14/08/2024
14-Aug-2024 14:24:47 - Done    'Segment'
14-Aug-2024 14:24:48 - Running 'Run Dartel (existing Templates)'
*** rc1sub-EPAD03023582_ses-03_T1w ***
1 	410914	0	410914	355.212
2 	285298	18946.8	304244	127.973
3 	270046	23689.4	293735	36.3983
4 	263395	12390	275785	117.795
5 	249718	20942.5	270661	34.5012
6 	248787	21406	270193	19.4987
7 	246522	10808	257330	93.9104
8 	234947	18180.1	253127	28.0353
9 	234221	18585.2	252806	16.9536
10 	232513	9475.49	241989	80.8919
11 	220572	17028.1	237600	26.4281
12 	219739	17464.6	237204	16.4062
13 	219465	9002.37	228467	68.4867
14 	208499	15686.2	224186	25.1007
15 	207282	16419.4	223701	15.7583
16 	207136	17028.6	224165	21.7232
17 	206675	17151.7	223827	13.7107
18 	206414	17358.8	223773	12.4423
14-Aug-2024 14:27:01 - Done    'Run Dartel (existing Templates)'
14-Aug-2024 14:27:01 - Running 'Normalise to MNI Space'

** "u_rc1sub-EPAD03023582_ses-03_T1w" **
c1sub-EPAD03023582_ses-03_T1w	1,1,1
c2sub-EPAD03023582_ses-03_T1w	1,1,1
c3sub-EPAD03023582_ses-03_T1w	1,1,1
14-Aug-2024 14:27:05 - Done    'Normalise to MNI Space'
14-Aug-2024 14:27:05 - Running 'Tissue Volumes'

Segmentation files:
	/scratch/radv/scaneva/brainageEuropad/EuroPAD_T1s/sub-EPAD03023582_ses-03_T1w_seg8.mat

Volumes (litres):
    0.5726    0.4117    0.3041

14-Aug-2024 14:27:57 - Done    'Tissue Volumes'
14-Aug-2024 14:27:57 - Done

/scratch/radv/scaneva/brainageEuropad/EuroPAD_T1s//c1sub-EPAD03023582_ses-03_T1w
/scratch/radv/scaneva/brainageEuropad/EuroPAD_T1s//c2sub-EPAD03023582_ses-03_T1w
/scratch/radv/scaneva/brainageEuropad/EuroPAD_T1s//c3sub-EPAD03023582_ses-03_T1w
/scratch/radv/scaneva/brainageEuropad/EuroPAD_T1s//smwc1sub-EPAD03023582_ses-03_T1w
/scratch/radv/scaneva/brainageEuropad/EuroPAD_T1s//smwc2sub-EPAD03023582_ses-03_T1w
/scratch/radv/scaneva/brainageEuropad/EuroPAD_T1s//smwc3sub-EPAD03023582_ses-03_T1w

Finished. To view, point your web browser at
file:/scratch/radv/scaneva/brainageEuropad/EuroPAD_T1s//slicesdir_sub-EPAD03023582_ses-03_T1w.nii/index.html
[1] "loading nifti data Wed Aug 14 14:28:05 2024"
[1]      1 615541
[1] "loading regression model Wed Aug 14 14:28:20 2024"
[1] "saving new results Wed Aug 14 14:28:21 2024"
rm: cannot remove '/home/radv/scaneva/my-scratch/brainageEuropad/EuroPAD_T1s/logs/sub-EPAD03023582_ses-03_T1w_log.txt': No such file or directory
