/scratch/radv/scaneva/brainageEuropad/EuroPAD_T1s/

                            < M A T L A B (R) >
                  Copyright 1984-2022 The MathWorks, Inc.
             R2022b Update 2 (9.13.0.2105380) 64-bit (glnxa64)
                              October 26, 2022

 
To get started, type doc.
For product information, visit www.mathworks.com.
 
[Warning: FSL toolbox not found:
/opt/aumc-apps/fsl/fsl-6.0.7.6/share/fsl/etc/matlab] 
[> In startup (line 82)
In run (line 91)
In matlabrc (line 54)] 

-----------------------------------------------------------------------------------------------------
MATLAB Version: 9.13.0.2105380 (R2022b) Update 2
MATLAB License Number: 1096141
Operating System: Linux 4.18.0-553.8.1.el8_10.x86_64 #1 SMP Fri Jun 14 03:19:37 EDT 2024 x86_64
Java Version: Java 1.8.0_202-b08 with Oracle Corporation Java HotSpot(TM) 64-Bit Server VM mixed mode
-----------------------------------------------------------------------------------------------------
MATLAB                                                Version 9.13        (R2022b)
Bioinformatics Toolbox                                Version 4.16.1      (R2022b)
Computer Vision Toolbox                               Version 10.3        (R2022b)
Curve Fitting Toolbox                                 Version 3.8         (R2022b)
Deep Learning Toolbox                                 Version 14.5        (R2022b)
Global Optimization Toolbox                           Version 4.8         (R2022b)
Image Processing Toolbox                              Version 11.6        (R2022b)
MATLAB Compiler                                       Version 8.5         (R2022b)
Optimization Toolbox                                  Version 9.4         (R2022b)
Parallel Computing Toolbox                            Version 7.7         (R2022b)
Signal Processing Toolbox                             Version 9.1         (R2022b)
Statistics and Machine Learning Toolbox               Version 12.4        (R2022b)
Wavelet Toolbox                                       Version 6.2         (R2022b)


------------------------------------------------------------------------
14-Aug-2024 15:50:01 - Running job #1
------------------------------------------------------------------------
14-Aug-2024 15:50:01 - Running 'Segment'

SPM12: spm_preproc_run (v7408)                     15:50:01 - 14/08/2024
========================================================================
Segment /scratch/radv/scaneva/brainageEuropad/EuroPAD_T1s/sub-EPAD04024196_ses-03_T1w.nii,1
Completed                               :          15:53:03 - 14/08/2024
14-Aug-2024 15:53:03 - Done    'Segment'
14-Aug-2024 15:53:03 - Running 'Run Dartel (existing Templates)'
*** rc1sub-EPAD04024196_ses-03_T1w ***
1 	509142	0	509142	359.538
2 	386823	20096.4	406919	150.67
3 	372909	21920.2	394829	55.0654
4 	371390	11360.5	382750	154.178
5 	347616	25585.4	373201	54.8548
6 	345544	26494.8	372039	36.7047
7 	348997	13578.4	362576	134.523
8 	326562	27470	354032	46.3866
9 	325525	27850.7	353376	30.5775
10 	327863	14304.8	342168	110.118
11 	306812	27654.5	334467	42.3108
12 	305666	28101.3	333767	30.5544
13 	307699	14574.8	322274	87.9275
14 	289990	25732.8	315723	39.3751
15 	288424	26466.7	314891	29.3707
16 	287690	27663.4	315354	34.0277
17 	287284	27639.1	314924	28.1962
18 	286702	28109.7	314812	27.3629
14-Aug-2024 15:55:35 - Done    'Run Dartel (existing Templates)'
14-Aug-2024 15:55:35 - Running 'Normalise to MNI Space'

** "u_rc1sub-EPAD04024196_ses-03_T1w" **
c1sub-EPAD04024196_ses-03_T1w	1,1,1
c2sub-EPAD04024196_ses-03_T1w	1,1,1
c3sub-EPAD04024196_ses-03_T1w	1,1,1
14-Aug-2024 15:55:39 - Done    'Normalise to MNI Space'
14-Aug-2024 15:55:39 - Running 'Tissue Volumes'

Segmentation files:
	/scratch/radv/scaneva/brainageEuropad/EuroPAD_T1s/sub-EPAD04024196_ses-03_T1w_seg8.mat

Volumes (litres):
    0.5225    0.4339    0.4488

14-Aug-2024 15:56:39 - Done    'Tissue Volumes'
14-Aug-2024 15:56:39 - Done

/scratch/radv/scaneva/brainageEuropad/EuroPAD_T1s//c1sub-EPAD04024196_ses-03_T1w
/scratch/radv/scaneva/brainageEuropad/EuroPAD_T1s//c2sub-EPAD04024196_ses-03_T1w
/scratch/radv/scaneva/brainageEuropad/EuroPAD_T1s//c3sub-EPAD04024196_ses-03_T1w
/scratch/radv/scaneva/brainageEuropad/EuroPAD_T1s//smwc1sub-EPAD04024196_ses-03_T1w
/scratch/radv/scaneva/brainageEuropad/EuroPAD_T1s//smwc2sub-EPAD04024196_ses-03_T1w
/scratch/radv/scaneva/brainageEuropad/EuroPAD_T1s//smwc3sub-EPAD04024196_ses-03_T1w

Finished. To view, point your web browser at
file:/scratch/radv/scaneva/brainageEuropad/EuroPAD_T1s//slicesdir_sub-EPAD04024196_ses-03_T1w.nii/index.html
[1] "loading nifti data Wed Aug 14 15:56:47 2024"
[1]      1 615541
[1] "loading regression model Wed Aug 14 15:57:05 2024"
[1] "saving new results Wed Aug 14 15:57:06 2024"
rm: cannot remove '/home/radv/scaneva/my-scratch/brainageEuropad/EuroPAD_T1s/logs/sub-EPAD04024196_ses-03_T1w_log.txt': No such file or directory
