/scratch/radv/scaneva/brainageEuropad/EuroPAD_T1s/

                            < M A T L A B (R) >
                  Copyright 1984-2022 The MathWorks, Inc.
             R2022b Update 2 (9.13.0.2105380) 64-bit (glnxa64)
                              October 26, 2022

 
To get started, type doc.
For product information, visit www.mathworks.com.
 
[Warning: FSL toolbox not found:
/opt/aumc-apps/fsl/fsl-6.0.7.6/share/fsl/etc/matlab] 
[> In startup (line 82)
In run (line 91)
In matlabrc (line 54)] 

-----------------------------------------------------------------------------------------------------
MATLAB Version: 9.13.0.2105380 (R2022b) Update 2
MATLAB License Number: 1096141
Operating System: Linux 4.18.0-553.8.1.el8_10.x86_64 #1 SMP Fri Jun 14 03:19:37 EDT 2024 x86_64
Java Version: Java 1.8.0_202-b08 with Oracle Corporation Java HotSpot(TM) 64-Bit Server VM mixed mode
-----------------------------------------------------------------------------------------------------
MATLAB                                                Version 9.13        (R2022b)
Bioinformatics Toolbox                                Version 4.16.1      (R2022b)
Computer Vision Toolbox                               Version 10.3        (R2022b)
Curve Fitting Toolbox                                 Version 3.8         (R2022b)
Deep Learning Toolbox                                 Version 14.5        (R2022b)
Global Optimization Toolbox                           Version 4.8         (R2022b)
Image Processing Toolbox                              Version 11.6        (R2022b)
MATLAB Compiler                                       Version 8.5         (R2022b)
Optimization Toolbox                                  Version 9.4         (R2022b)
Parallel Computing Toolbox                            Version 7.7         (R2022b)
Signal Processing Toolbox                             Version 9.1         (R2022b)
Statistics and Machine Learning Toolbox               Version 12.4        (R2022b)
Wavelet Toolbox                                       Version 6.2         (R2022b)


------------------------------------------------------------------------
14-Aug-2024 15:11:55 - Running job #1
------------------------------------------------------------------------
14-Aug-2024 15:11:55 - Running 'Segment'

SPM12: spm_preproc_run (v7408)                     15:11:55 - 14/08/2024
========================================================================
Segment /scratch/radv/scaneva/brainageEuropad/EuroPAD_T1s/sub-EPAD03123918_ses-03_T1w.nii,1
Completed                               :          15:15:24 - 14/08/2024
14-Aug-2024 15:15:24 - Done    'Segment'
14-Aug-2024 15:15:24 - Running 'Run Dartel (existing Templates)'
*** rc1sub-EPAD03123918_ses-03_T1w ***
1 	440123	0	440123	336.424
2 	346629	16622.9	363252	135.212
3 	341358	16556.2	357914	35.8957
4 	338746	8370.82	347117	132.14
5 	323258	18364.5	341622	37.8522
6 	322677	18623	341300	24.6505
7 	323032	9475.66	332507	113.584
8 	306890	19871.6	326762	35.4814
9 	306359	20050.2	326409	23.5268
10 	306925	10299.8	317224	98.418
11 	290535	20800.4	311335	35.0964
12 	289628	21181.7	310810	23.9325
13 	290690	10975.7	301666	81.0815
14 	276101	20117.7	296218	33.0712
15 	274730	20848.4	295578	23.8257
16 	274307	21703	296010	28.7131
17 	273803	21799.2	295602	21.6277
18 	273436	22078.4	295514	20.4229
14-Aug-2024 15:17:35 - Done    'Run Dartel (existing Templates)'
14-Aug-2024 15:17:35 - Running 'Normalise to MNI Space'

** "u_rc1sub-EPAD03123918_ses-03_T1w" **
c1sub-EPAD03123918_ses-03_T1w	1,1,1
c2sub-EPAD03123918_ses-03_T1w	1,1,1
c3sub-EPAD03123918_ses-03_T1w	1,1,1
14-Aug-2024 15:17:39 - Done    'Normalise to MNI Space'
14-Aug-2024 15:17:39 - Running 'Tissue Volumes'

Segmentation files:
	/scratch/radv/scaneva/brainageEuropad/EuroPAD_T1s/sub-EPAD03123918_ses-03_T1w_seg8.mat

Volumes (litres):
    0.6106    0.4721    0.3795

14-Aug-2024 15:18:32 - Done    'Tissue Volumes'
14-Aug-2024 15:18:32 - Done

/scratch/radv/scaneva/brainageEuropad/EuroPAD_T1s//c1sub-EPAD03123918_ses-03_T1w
/scratch/radv/scaneva/brainageEuropad/EuroPAD_T1s//c2sub-EPAD03123918_ses-03_T1w
/scratch/radv/scaneva/brainageEuropad/EuroPAD_T1s//c3sub-EPAD03123918_ses-03_T1w
/scratch/radv/scaneva/brainageEuropad/EuroPAD_T1s//smwc1sub-EPAD03123918_ses-03_T1w
/scratch/radv/scaneva/brainageEuropad/EuroPAD_T1s//smwc2sub-EPAD03123918_ses-03_T1w
/scratch/radv/scaneva/brainageEuropad/EuroPAD_T1s//smwc3sub-EPAD03123918_ses-03_T1w

Finished. To view, point your web browser at
file:/scratch/radv/scaneva/brainageEuropad/EuroPAD_T1s//slicesdir_sub-EPAD03123918_ses-03_T1w.nii/index.html
[1] "loading nifti data Wed Aug 14 15:18:40 2024"
[1]      1 615541
[1] "loading regression model Wed Aug 14 15:18:59 2024"
[1] "saving new results Wed Aug 14 15:19:00 2024"
rm: cannot remove '/home/radv/scaneva/my-scratch/brainageEuropad/EuroPAD_T1s/logs/sub-EPAD03123918_ses-03_T1w_log.txt': No such file or directory
