/scratch/radv/scaneva/brainageEuropad/EuroPAD_T1s/

                            < M A T L A B (R) >
                  Copyright 1984-2022 The MathWorks, Inc.
             R2022b Update 2 (9.13.0.2105380) 64-bit (glnxa64)
                              October 26, 2022

 
To get started, type doc.
For product information, visit www.mathworks.com.
 
[Warning: FSL toolbox not found:
/opt/aumc-apps/fsl/fsl-6.0.7.6/share/fsl/etc/matlab] 
[> In startup (line 82)
In run (line 91)
In matlabrc (line 54)] 

-----------------------------------------------------------------------------------------------------
MATLAB Version: 9.13.0.2105380 (R2022b) Update 2
MATLAB License Number: 1096141
Operating System: Linux 4.18.0-553.8.1.el8_10.x86_64 #1 SMP Fri Jun 14 03:19:37 EDT 2024 x86_64
Java Version: Java 1.8.0_202-b08 with Oracle Corporation Java HotSpot(TM) 64-Bit Server VM mixed mode
-----------------------------------------------------------------------------------------------------
MATLAB                                                Version 9.13        (R2022b)
Bioinformatics Toolbox                                Version 4.16.1      (R2022b)
Computer Vision Toolbox                               Version 10.3        (R2022b)
Curve Fitting Toolbox                                 Version 3.8         (R2022b)
Deep Learning Toolbox                                 Version 14.5        (R2022b)
Global Optimization Toolbox                           Version 4.8         (R2022b)
Image Processing Toolbox                              Version 11.6        (R2022b)
MATLAB Compiler                                       Version 8.5         (R2022b)
Optimization Toolbox                                  Version 9.4         (R2022b)
Parallel Computing Toolbox                            Version 7.7         (R2022b)
Signal Processing Toolbox                             Version 9.1         (R2022b)
Statistics and Machine Learning Toolbox               Version 12.4        (R2022b)
Wavelet Toolbox                                       Version 6.2         (R2022b)


------------------------------------------------------------------------
14-Aug-2024 15:34:00 - Running job #1
------------------------------------------------------------------------
14-Aug-2024 15:34:00 - Running 'Segment'

SPM12: spm_preproc_run (v7408)                     15:34:00 - 14/08/2024
========================================================================
Segment /scratch/radv/scaneva/brainageEuropad/EuroPAD_T1s/sub-EPAD03125575_ses-03_T1w.nii,1
Completed                               :          15:37:54 - 14/08/2024
14-Aug-2024 15:37:54 - Done    'Segment'
14-Aug-2024 15:37:54 - Running 'Run Dartel (existing Templates)'
*** rc1sub-EPAD03125575_ses-03_T1w ***
1 	440084	0	440084	357.347
2 	311517	21959.7	333477	123.476
3 	294041	28748.5	322789	36.4311
4 	288700	15314.6	304014	122.065
5 	272226	25624.5	297851	39.3402
6 	270783	26470.4	297254	25.7646
7 	269852	13457.9	283310	97.8111
8 	256441	21960.8	278402	35.8453
9 	255207	22599.5	277806	24.0936
10 	254471	11593.8	266065	86.2643
11 	240946	20023	260969	33.1501
12 	239815	20544.4	260359	22.5642
13 	240185	10601.7	250787	72.0086
14 	228298	17884.5	246182	30.0554
15 	227044	18591.9	245636	21.8377
16 	226720	19276.9	245997	25.8694
17 	226241	19419.1	245660	19.8096
18 	225932	19664	245596	19.5989
14-Aug-2024 15:40:19 - Done    'Run Dartel (existing Templates)'
14-Aug-2024 15:40:19 - Running 'Normalise to MNI Space'

** "u_rc1sub-EPAD03125575_ses-03_T1w" **
c1sub-EPAD03125575_ses-03_T1w	1,1,1
c2sub-EPAD03125575_ses-03_T1w	1,1,1
c3sub-EPAD03125575_ses-03_T1w	1,1,1
14-Aug-2024 15:40:22 - Done    'Normalise to MNI Space'
14-Aug-2024 15:40:22 - Running 'Tissue Volumes'

Segmentation files:
	/scratch/radv/scaneva/brainageEuropad/EuroPAD_T1s/sub-EPAD03125575_ses-03_T1w_seg8.mat

Volumes (litres):
    0.5628    0.3693    0.3197

14-Aug-2024 15:41:22 - Done    'Tissue Volumes'
14-Aug-2024 15:41:22 - Done

/scratch/radv/scaneva/brainageEuropad/EuroPAD_T1s//c1sub-EPAD03125575_ses-03_T1w
/scratch/radv/scaneva/brainageEuropad/EuroPAD_T1s//c2sub-EPAD03125575_ses-03_T1w
/scratch/radv/scaneva/brainageEuropad/EuroPAD_T1s//c3sub-EPAD03125575_ses-03_T1w
/scratch/radv/scaneva/brainageEuropad/EuroPAD_T1s//smwc1sub-EPAD03125575_ses-03_T1w
/scratch/radv/scaneva/brainageEuropad/EuroPAD_T1s//smwc2sub-EPAD03125575_ses-03_T1w
/scratch/radv/scaneva/brainageEuropad/EuroPAD_T1s//smwc3sub-EPAD03125575_ses-03_T1w

Finished. To view, point your web browser at
file:/scratch/radv/scaneva/brainageEuropad/EuroPAD_T1s//slicesdir_sub-EPAD03125575_ses-03_T1w.nii/index.html
[1] "loading nifti data Wed Aug 14 15:41:31 2024"
[1]      1 615541
[1] "loading regression model Wed Aug 14 15:41:48 2024"
[1] "saving new results Wed Aug 14 15:41:49 2024"
rm: cannot remove '/home/radv/scaneva/my-scratch/brainageEuropad/EuroPAD_T1s/logs/sub-EPAD03125575_ses-03_T1w_log.txt': No such file or directory
