/scratch/radv/scaneva/brainageEuropad/EuroPAD_T1s/

                            < M A T L A B (R) >
                  Copyright 1984-2022 The MathWorks, Inc.
             R2022b Update 2 (9.13.0.2105380) 64-bit (glnxa64)
                              October 26, 2022

 
To get started, type doc.
For product information, visit www.mathworks.com.
 
[Warning: FSL toolbox not found:
/opt/aumc-apps/fsl/fsl-6.0.7.6/share/fsl/etc/matlab] 
[> In startup (line 82)
In run (line 91)
In matlabrc (line 54)] 

-----------------------------------------------------------------------------------------------------
MATLAB Version: 9.13.0.2105380 (R2022b) Update 2
MATLAB License Number: 1096141
Operating System: Linux 4.18.0-553.8.1.el8_10.x86_64 #1 SMP Fri Jun 14 03:19:37 EDT 2024 x86_64
Java Version: Java 1.8.0_202-b08 with Oracle Corporation Java HotSpot(TM) 64-Bit Server VM mixed mode
-----------------------------------------------------------------------------------------------------
MATLAB                                                Version 9.13        (R2022b)
Bioinformatics Toolbox                                Version 4.16.1      (R2022b)
Computer Vision Toolbox                               Version 10.3        (R2022b)
Curve Fitting Toolbox                                 Version 3.8         (R2022b)
Deep Learning Toolbox                                 Version 14.5        (R2022b)
Global Optimization Toolbox                           Version 4.8         (R2022b)
Image Processing Toolbox                              Version 11.6        (R2022b)
MATLAB Compiler                                       Version 8.5         (R2022b)
Optimization Toolbox                                  Version 9.4         (R2022b)
Parallel Computing Toolbox                            Version 7.7         (R2022b)
Signal Processing Toolbox                             Version 9.1         (R2022b)
Statistics and Machine Learning Toolbox               Version 12.4        (R2022b)
Wavelet Toolbox                                       Version 6.2         (R2022b)


------------------------------------------------------------------------
14-Aug-2024 14:24:58 - Running job #1
------------------------------------------------------------------------
14-Aug-2024 14:24:58 - Running 'Segment'

SPM12: spm_preproc_run (v7408)                     14:24:58 - 14/08/2024
========================================================================
Segment /scratch/radv/scaneva/brainageEuropad/EuroPAD_T1s/sub-EPAD03023751_ses-03_T1w.nii,1
Completed                               :          14:27:19 - 14/08/2024
14-Aug-2024 14:27:19 - Done    'Segment'
14-Aug-2024 14:27:19 - Running 'Run Dartel (existing Templates)'
*** rc1sub-EPAD03023751_ses-03_T1w ***
1 	412132	0	412132	332.58
2 	325288	17140.8	342429	126.744
3 	321065	17431.1	338496	26.8437
4 	317428	8880.1	326308	132.994
5 	301550	19157.9	320708	36.6661
6 	300961	19454.8	320416	22.5532
7 	299658	9926.85	309585	114.378
8 	283148	20579.8	303728	33.8858
9 	282706	20676.4	303382	20.0856
10 	281256	10614.1	291870	98.2663
11 	264775	21196.9	285972	33.4227
12 	264122	21366.2	285488	21.5298
13 	263696	11087.9	274784	79.8294
14 	249509	19983.6	269493	31.1585
15 	248321	20606.7	268928	20.8644
16 	248120	21378.2	269498	26.6645
17 	247654	21481.4	269135	19.0595
18 	247364	21718.5	269083	18.0673
14-Aug-2024 14:29:59 - Done    'Run Dartel (existing Templates)'
14-Aug-2024 14:29:59 - Running 'Normalise to MNI Space'

** "u_rc1sub-EPAD03023751_ses-03_T1w" **
c1sub-EPAD03023751_ses-03_T1w	1,1,1
c2sub-EPAD03023751_ses-03_T1w	1,1,1
c3sub-EPAD03023751_ses-03_T1w	1,1,1
14-Aug-2024 14:30:03 - Done    'Normalise to MNI Space'
14-Aug-2024 14:30:03 - Running 'Tissue Volumes'

Segmentation files:
	/scratch/radv/scaneva/brainageEuropad/EuroPAD_T1s/sub-EPAD03023751_ses-03_T1w_seg8.mat

Volumes (litres):
    0.6144    0.4900    0.3775

14-Aug-2024 14:31:08 - Done    'Tissue Volumes'
14-Aug-2024 14:31:08 - Done

/scratch/radv/scaneva/brainageEuropad/EuroPAD_T1s//c1sub-EPAD03023751_ses-03_T1w
/scratch/radv/scaneva/brainageEuropad/EuroPAD_T1s//c2sub-EPAD03023751_ses-03_T1w
/scratch/radv/scaneva/brainageEuropad/EuroPAD_T1s//c3sub-EPAD03023751_ses-03_T1w
/scratch/radv/scaneva/brainageEuropad/EuroPAD_T1s//smwc1sub-EPAD03023751_ses-03_T1w
/scratch/radv/scaneva/brainageEuropad/EuroPAD_T1s//smwc2sub-EPAD03023751_ses-03_T1w
/scratch/radv/scaneva/brainageEuropad/EuroPAD_T1s//smwc3sub-EPAD03023751_ses-03_T1w

Finished. To view, point your web browser at
file:/scratch/radv/scaneva/brainageEuropad/EuroPAD_T1s//slicesdir_sub-EPAD03023751_ses-03_T1w.nii/index.html
[1] "loading nifti data Wed Aug 14 14:31:17 2024"
[1]      1 615541
[1] "loading regression model Wed Aug 14 14:31:35 2024"
[1] "saving new results Wed Aug 14 14:31:36 2024"
rm: cannot remove '/home/radv/scaneva/my-scratch/brainageEuropad/EuroPAD_T1s/logs/sub-EPAD03023751_ses-03_T1w_log.txt': No such file or directory
