/scratch/radv/scaneva/brainageEuropad/EuroPAD_T1s/

                            < M A T L A B (R) >
                  Copyright 1984-2022 The MathWorks, Inc.
             R2022b Update 2 (9.13.0.2105380) 64-bit (glnxa64)
                              October 26, 2022

 
To get started, type doc.
For product information, visit www.mathworks.com.
 
[Warning: FSL toolbox not found:
/opt/aumc-apps/fsl/fsl-6.0.7.6/share/fsl/etc/matlab] 
[> In startup (line 82)
In run (line 91)
In matlabrc (line 54)] 

-----------------------------------------------------------------------------------------------------
MATLAB Version: 9.13.0.2105380 (R2022b) Update 2
MATLAB License Number: 1096141
Operating System: Linux 4.18.0-553.8.1.el8_10.x86_64 #1 SMP Fri Jun 14 03:19:37 EDT 2024 x86_64
Java Version: Java 1.8.0_202-b08 with Oracle Corporation Java HotSpot(TM) 64-Bit Server VM mixed mode
-----------------------------------------------------------------------------------------------------
MATLAB                                                Version 9.13        (R2022b)
Bioinformatics Toolbox                                Version 4.16.1      (R2022b)
Computer Vision Toolbox                               Version 10.3        (R2022b)
Curve Fitting Toolbox                                 Version 3.8         (R2022b)
Deep Learning Toolbox                                 Version 14.5        (R2022b)
Global Optimization Toolbox                           Version 4.8         (R2022b)
Image Processing Toolbox                              Version 11.6        (R2022b)
MATLAB Compiler                                       Version 8.5         (R2022b)
Optimization Toolbox                                  Version 9.4         (R2022b)
Parallel Computing Toolbox                            Version 7.7         (R2022b)
Signal Processing Toolbox                             Version 9.1         (R2022b)
Statistics and Machine Learning Toolbox               Version 12.4        (R2022b)
Wavelet Toolbox                                       Version 6.2         (R2022b)


------------------------------------------------------------------------
14-Aug-2024 14:42:54 - Running job #1
------------------------------------------------------------------------
14-Aug-2024 14:42:55 - Running 'Segment'

SPM12: spm_preproc_run (v7408)                     14:42:55 - 14/08/2024
========================================================================
Segment /scratch/radv/scaneva/brainageEuropad/EuroPAD_T1s/sub-EPAD03123922_ses-03_T1w.nii,1
Completed                               :          14:46:16 - 14/08/2024
14-Aug-2024 14:46:16 - Done    'Segment'
14-Aug-2024 14:46:16 - Running 'Run Dartel (existing Templates)'
*** rc1sub-EPAD03123922_ses-03_T1w ***
1 	447524	0	447524	340.524
2 	340742	17313.5	358056	131.942
3 	327267	20587.8	347854	42.8794
4 	323785	10424.7	334209	128.72
5 	307604	20694.9	328299	40.2526
6 	306658	21115.3	327773	24.9376
7 	307418	10715.2	318133	110.042
8 	291327	21091.7	312419	35.7373
9 	290740	21322.6	312062	22.792
10 	291709	10965.7	302675	96.4358
11 	274827	21860.9	296688	36.675
12 	273947	22211.2	296158	25.6107
13 	275199	11576.1	286775	81.9255
14 	259549	21535.6	281084	36.3673
15 	258356	22063	280419	27.2459
16 	257489	23173.3	280662	31.3476
17 	257218	23111.7	280329	26.168
18 	256701	23570.3	280271	25.7936
14-Aug-2024 14:48:27 - Done    'Run Dartel (existing Templates)'
14-Aug-2024 14:48:27 - Running 'Normalise to MNI Space'

** "u_rc1sub-EPAD03123922_ses-03_T1w" **
c1sub-EPAD03123922_ses-03_T1w	1,1,1
c2sub-EPAD03123922_ses-03_T1w	1,1,1
c3sub-EPAD03123922_ses-03_T1w	1,1,1
14-Aug-2024 14:48:31 - Done    'Normalise to MNI Space'
14-Aug-2024 14:48:31 - Running 'Tissue Volumes'

Segmentation files:
	/scratch/radv/scaneva/brainageEuropad/EuroPAD_T1s/sub-EPAD03123922_ses-03_T1w_seg8.mat

Volumes (litres):
    0.4853    0.4480    0.3568

14-Aug-2024 14:49:22 - Done    'Tissue Volumes'
14-Aug-2024 14:49:22 - Done

/scratch/radv/scaneva/brainageEuropad/EuroPAD_T1s//c1sub-EPAD03123922_ses-03_T1w
/scratch/radv/scaneva/brainageEuropad/EuroPAD_T1s//c2sub-EPAD03123922_ses-03_T1w
/scratch/radv/scaneva/brainageEuropad/EuroPAD_T1s//c3sub-EPAD03123922_ses-03_T1w
/scratch/radv/scaneva/brainageEuropad/EuroPAD_T1s//smwc1sub-EPAD03123922_ses-03_T1w
/scratch/radv/scaneva/brainageEuropad/EuroPAD_T1s//smwc2sub-EPAD03123922_ses-03_T1w
/scratch/radv/scaneva/brainageEuropad/EuroPAD_T1s//smwc3sub-EPAD03123922_ses-03_T1w

Finished. To view, point your web browser at
file:/scratch/radv/scaneva/brainageEuropad/EuroPAD_T1s//slicesdir_sub-EPAD03123922_ses-03_T1w.nii/index.html
[1] "loading nifti data Wed Aug 14 14:49:31 2024"
[1]      1 615541
[1] "loading regression model Wed Aug 14 14:49:47 2024"
[1] "saving new results Wed Aug 14 14:49:47 2024"
rm: cannot remove '/home/radv/scaneva/my-scratch/brainageEuropad/EuroPAD_T1s/logs/sub-EPAD03123922_ses-03_T1w_log.txt': No such file or directory
