/scratch/radv/scaneva/brainageEuropad/EuroPAD_T1s/

                            < M A T L A B (R) >
                  Copyright 1984-2022 The MathWorks, Inc.
             R2022b Update 2 (9.13.0.2105380) 64-bit (glnxa64)
                              October 26, 2022

 
To get started, type doc.
For product information, visit www.mathworks.com.
 
[Warning: FSL toolbox not found:
/opt/aumc-apps/fsl/fsl-6.0.7.6/share/fsl/etc/matlab] 
[> In startup (line 82)
In run (line 91)
In matlabrc (line 54)] 

-----------------------------------------------------------------------------------------------------
MATLAB Version: 9.13.0.2105380 (R2022b) Update 2
MATLAB License Number: 1096141
Operating System: Linux 4.18.0-553.8.1.el8_10.x86_64 #1 SMP Fri Jun 14 03:19:37 EDT 2024 x86_64
Java Version: Java 1.8.0_202-b08 with Oracle Corporation Java HotSpot(TM) 64-Bit Server VM mixed mode
-----------------------------------------------------------------------------------------------------
MATLAB                                                Version 9.13        (R2022b)
Bioinformatics Toolbox                                Version 4.16.1      (R2022b)
Computer Vision Toolbox                               Version 10.3        (R2022b)
Curve Fitting Toolbox                                 Version 3.8         (R2022b)
Deep Learning Toolbox                                 Version 14.5        (R2022b)
Global Optimization Toolbox                           Version 4.8         (R2022b)
Image Processing Toolbox                              Version 11.6        (R2022b)
MATLAB Compiler                                       Version 8.5         (R2022b)
Optimization Toolbox                                  Version 9.4         (R2022b)
Parallel Computing Toolbox                            Version 7.7         (R2022b)
Signal Processing Toolbox                             Version 9.1         (R2022b)
Statistics and Machine Learning Toolbox               Version 12.4        (R2022b)
Wavelet Toolbox                                       Version 6.2         (R2022b)


------------------------------------------------------------------------
14-Aug-2024 14:35:57 - Running job #1
------------------------------------------------------------------------
14-Aug-2024 14:35:57 - Running 'Segment'

SPM12: spm_preproc_run (v7408)                     14:35:57 - 14/08/2024
========================================================================
Segment /scratch/radv/scaneva/brainageEuropad/EuroPAD_T1s/sub-EPAD03023531_ses-03_T1w.nii,1
Completed                               :          14:38:46 - 14/08/2024
14-Aug-2024 14:38:46 - Done    'Segment'
14-Aug-2024 14:38:46 - Running 'Run Dartel (existing Templates)'
*** rc1sub-EPAD03023531_ses-03_T1w ***
1 	403552	0	403552	337.255
2 	293592	17638.3	311230	119.77
3 	278610	22479.3	301089	33.1233
4 	272208	11789.3	283997	118.065
5 	258812	20325.5	279137	34.3279
6 	258060	20716	278776	21.704
7 	256225	10475.5	266700	96.8661
8 	243987	18363.9	262351	30.264
9 	243333	18722.4	262055	19.8879
10 	242037	9572.95	251610	85.9017
11 	228993	17876.4	246870	29.8878
12 	228256	18216.8	246473	19.5056
13 	228405	9420.17	237825	73.4602
14 	216307	16873.7	233181	27.9235
15 	215232	17457.6	232690	18.6041
16 	214997	18148.6	233145	23.835
17 	214524	18302.6	232827	16.9941
18 	214248	18546.5	232795	15.6417
14-Aug-2024 14:41:16 - Done    'Run Dartel (existing Templates)'
14-Aug-2024 14:41:16 - Running 'Normalise to MNI Space'

** "u_rc1sub-EPAD03023531_ses-03_T1w" **
c1sub-EPAD03023531_ses-03_T1w	1,1,1
c2sub-EPAD03023531_ses-03_T1w	1,1,1
c3sub-EPAD03023531_ses-03_T1w	1,1,1
14-Aug-2024 14:41:20 - Done    'Normalise to MNI Space'
14-Aug-2024 14:41:20 - Running 'Tissue Volumes'

Segmentation files:
	/scratch/radv/scaneva/brainageEuropad/EuroPAD_T1s/sub-EPAD03023531_ses-03_T1w_seg8.mat

Volumes (litres):
    0.5723    0.4437    0.2574

14-Aug-2024 14:42:22 - Done    'Tissue Volumes'
14-Aug-2024 14:42:22 - Done

/scratch/radv/scaneva/brainageEuropad/EuroPAD_T1s//c1sub-EPAD03023531_ses-03_T1w
/scratch/radv/scaneva/brainageEuropad/EuroPAD_T1s//c2sub-EPAD03023531_ses-03_T1w
/scratch/radv/scaneva/brainageEuropad/EuroPAD_T1s//c3sub-EPAD03023531_ses-03_T1w
/scratch/radv/scaneva/brainageEuropad/EuroPAD_T1s//smwc1sub-EPAD03023531_ses-03_T1w
/scratch/radv/scaneva/brainageEuropad/EuroPAD_T1s//smwc2sub-EPAD03023531_ses-03_T1w
/scratch/radv/scaneva/brainageEuropad/EuroPAD_T1s//smwc3sub-EPAD03023531_ses-03_T1w

Finished. To view, point your web browser at
file:/scratch/radv/scaneva/brainageEuropad/EuroPAD_T1s//slicesdir_sub-EPAD03023531_ses-03_T1w.nii/index.html
[1] "loading nifti data Wed Aug 14 14:42:31 2024"
[1]      1 615541
[1] "loading regression model Wed Aug 14 14:42:48 2024"
[1] "saving new results Wed Aug 14 14:42:49 2024"
rm: cannot remove '/home/radv/scaneva/my-scratch/brainageEuropad/EuroPAD_T1s/logs/sub-EPAD03023531_ses-03_T1w_log.txt': No such file or directory
