/scratch/radv/scaneva/brainageEuropad/EuroPAD_T1s/

                            < M A T L A B (R) >
                  Copyright 1984-2022 The MathWorks, Inc.
             R2022b Update 2 (9.13.0.2105380) 64-bit (glnxa64)
                              October 26, 2022

 
To get started, type doc.
For product information, visit www.mathworks.com.
 
[Warning: FSL toolbox not found:
/opt/aumc-apps/fsl/fsl-6.0.7.6/share/fsl/etc/matlab] 
[> In startup (line 82)
In run (line 91)
In matlabrc (line 54)] 

-----------------------------------------------------------------------------------------------------
MATLAB Version: 9.13.0.2105380 (R2022b) Update 2
MATLAB License Number: 1096141
Operating System: Linux 4.18.0-553.8.1.el8_10.x86_64 #1 SMP Fri Jun 14 03:19:37 EDT 2024 x86_64
Java Version: Java 1.8.0_202-b08 with Oracle Corporation Java HotSpot(TM) 64-Bit Server VM mixed mode
-----------------------------------------------------------------------------------------------------
MATLAB                                                Version 9.13        (R2022b)
Bioinformatics Toolbox                                Version 4.16.1      (R2022b)
Computer Vision Toolbox                               Version 10.3        (R2022b)
Curve Fitting Toolbox                                 Version 3.8         (R2022b)
Deep Learning Toolbox                                 Version 14.5        (R2022b)
Global Optimization Toolbox                           Version 4.8         (R2022b)
Image Processing Toolbox                              Version 11.6        (R2022b)
MATLAB Compiler                                       Version 8.5         (R2022b)
Optimization Toolbox                                  Version 9.4         (R2022b)
Parallel Computing Toolbox                            Version 7.7         (R2022b)
Signal Processing Toolbox                             Version 9.1         (R2022b)
Statistics and Machine Learning Toolbox               Version 12.4        (R2022b)
Wavelet Toolbox                                       Version 6.2         (R2022b)


------------------------------------------------------------------------
14-Aug-2024 15:47:02 - Running job #1
------------------------------------------------------------------------
14-Aug-2024 15:47:02 - Running 'Segment'

SPM12: spm_preproc_run (v7408)                     15:47:02 - 14/08/2024
========================================================================
Segment /scratch/radv/scaneva/brainageEuropad/EuroPAD_T1s/sub-EPAD04024209_ses-03_T1w.nii,1
Completed                               :          15:49:37 - 14/08/2024
14-Aug-2024 15:49:37 - Done    'Segment'
14-Aug-2024 15:49:38 - Running 'Run Dartel (existing Templates)'
*** rc1sub-EPAD04024209_ses-03_T1w ***
1 	385183	0	385183	287.395
2 	330531	13197.1	343728	81.8174
3 	328461	13604.2	342065	23.5176
4 	325298	6903.02	332201	130.442
5 	310394	16772.9	327167	41.5839
6 	309981	16879.9	326861	28.288
7 	309073	8641.53	317715	113.254
8 	292586	19455	312041	37.4654
9 	292017	19634.9	311652	26.5838
10 	291607	10119.5	301727	102.899
11 	273880	21556	295436	39.2303
12 	272915	21825.1	294740	27.7362
13 	272914	11371.6	284286	84.5298
14 	257381	21232.2	278613	35.2017
15 	256141	21807.5	277949	25.0424
16 	255725	22714	278439	29.5813
17 	255337	22742.4	278080	22.8866
18 	254946	23057.4	278003	21.7804
14-Aug-2024 15:52:13 - Done    'Run Dartel (existing Templates)'
14-Aug-2024 15:52:13 - Running 'Normalise to MNI Space'

** "u_rc1sub-EPAD04024209_ses-03_T1w" **
c1sub-EPAD04024209_ses-03_T1w	1,1,1
c2sub-EPAD04024209_ses-03_T1w	1,1,1
c3sub-EPAD04024209_ses-03_T1w	1,1,1
14-Aug-2024 15:52:17 - Done    'Normalise to MNI Space'
14-Aug-2024 15:52:17 - Running 'Tissue Volumes'

Segmentation files:
	/scratch/radv/scaneva/brainageEuropad/EuroPAD_T1s/sub-EPAD04024209_ses-03_T1w_seg8.mat

Volumes (litres):
    0.6163    0.4309    0.4114

14-Aug-2024 15:53:19 - Done    'Tissue Volumes'
14-Aug-2024 15:53:19 - Done

/scratch/radv/scaneva/brainageEuropad/EuroPAD_T1s//c1sub-EPAD04024209_ses-03_T1w
/scratch/radv/scaneva/brainageEuropad/EuroPAD_T1s//c2sub-EPAD04024209_ses-03_T1w
/scratch/radv/scaneva/brainageEuropad/EuroPAD_T1s//c3sub-EPAD04024209_ses-03_T1w
/scratch/radv/scaneva/brainageEuropad/EuroPAD_T1s//smwc1sub-EPAD04024209_ses-03_T1w
/scratch/radv/scaneva/brainageEuropad/EuroPAD_T1s//smwc2sub-EPAD04024209_ses-03_T1w
/scratch/radv/scaneva/brainageEuropad/EuroPAD_T1s//smwc3sub-EPAD04024209_ses-03_T1w

Finished. To view, point your web browser at
file:/scratch/radv/scaneva/brainageEuropad/EuroPAD_T1s//slicesdir_sub-EPAD04024209_ses-03_T1w.nii/index.html
[1] "loading nifti data Wed Aug 14 15:53:28 2024"
[1]      1 615541
[1] "loading regression model Wed Aug 14 15:53:45 2024"
[1] "saving new results Wed Aug 14 15:53:46 2024"
rm: cannot remove '/home/radv/scaneva/my-scratch/brainageEuropad/EuroPAD_T1s/logs/sub-EPAD04024209_ses-03_T1w_log.txt': No such file or directory
