/scratch/radv/scaneva/brainageEuropad/EuroPAD_T1s/

                            < M A T L A B (R) >
                  Copyright 1984-2022 The MathWorks, Inc.
             R2022b Update 2 (9.13.0.2105380) 64-bit (glnxa64)
                              October 26, 2022

 
To get started, type doc.
For product information, visit www.mathworks.com.
 
[Warning: FSL toolbox not found:
/opt/aumc-apps/fsl/fsl-6.0.7.6/share/fsl/etc/matlab] 
[> In startup (line 82)
In run (line 91)
In matlabrc (line 54)] 

-----------------------------------------------------------------------------------------------------
MATLAB Version: 9.13.0.2105380 (R2022b) Update 2
MATLAB License Number: 1096141
Operating System: Linux 4.18.0-553.8.1.el8_10.x86_64 #1 SMP Fri Jun 14 03:19:37 EDT 2024 x86_64
Java Version: Java 1.8.0_202-b08 with Oracle Corporation Java HotSpot(TM) 64-Bit Server VM mixed mode
-----------------------------------------------------------------------------------------------------
MATLAB                                                Version 9.13        (R2022b)
Bioinformatics Toolbox                                Version 4.16.1      (R2022b)
Computer Vision Toolbox                               Version 10.3        (R2022b)
Curve Fitting Toolbox                                 Version 3.8         (R2022b)
Deep Learning Toolbox                                 Version 14.5        (R2022b)
Global Optimization Toolbox                           Version 4.8         (R2022b)
Image Processing Toolbox                              Version 11.6        (R2022b)
MATLAB Compiler                                       Version 8.5         (R2022b)
Optimization Toolbox                                  Version 9.4         (R2022b)
Parallel Computing Toolbox                            Version 7.7         (R2022b)
Signal Processing Toolbox                             Version 9.1         (R2022b)
Statistics and Machine Learning Toolbox               Version 12.4        (R2022b)
Wavelet Toolbox                                       Version 6.2         (R2022b)


------------------------------------------------------------------------
14-Aug-2024 15:41:00 - Running job #1
------------------------------------------------------------------------
14-Aug-2024 15:41:00 - Running 'Segment'

SPM12: spm_preproc_run (v7408)                     15:41:00 - 14/08/2024
========================================================================
Segment /scratch/radv/scaneva/brainageEuropad/EuroPAD_T1s/sub-EPAD04023549_ses-04_T1w.nii,1
Completed                               :          15:43:57 - 14/08/2024
14-Aug-2024 15:43:57 - Done    'Segment'
14-Aug-2024 15:43:57 - Running 'Run Dartel (existing Templates)'
*** rc1sub-EPAD04023549_ses-04_T1w ***
1 	403592	0	403592	323.406
2 	318908	16963.7	335871	115.523
3 	310689	19665.8	330354	30.4108
4 	308336	10030.9	318367	137.946
5 	290731	21363.6	312094	38.858
6 	290058	21660.2	311718	22.6855
7 	290171	11023.9	301194	115.753
8 	273049	22074	295123	34.3506
9 	272456	22284.6	294741	19.804
10 	272629	11406.3	284035	100.411
11 	255544	22308.8	277853	32.5428
12 	254568	22773.1	277341	19.8829
13 	255603	11754.2	267357	83.2489
14 	240509	21075.5	261584	30.3647
15 	238903	22038.4	260942	18.7978
16 	238805	22835.9	261641	24.4024
17 	238160	23109.4	261270	16.1487
18 	237816	23385.8	261202	14.4149
14-Aug-2024 15:46:27 - Done    'Run Dartel (existing Templates)'
14-Aug-2024 15:46:27 - Running 'Normalise to MNI Space'

** "u_rc1sub-EPAD04023549_ses-04_T1w" **
c1sub-EPAD04023549_ses-04_T1w	1,1,1
c2sub-EPAD04023549_ses-04_T1w	1,1,1
c3sub-EPAD04023549_ses-04_T1w	1,1,1
14-Aug-2024 15:46:31 - Done    'Normalise to MNI Space'
14-Aug-2024 15:46:31 - Running 'Tissue Volumes'

Segmentation files:
	/scratch/radv/scaneva/brainageEuropad/EuroPAD_T1s/sub-EPAD04023549_ses-04_T1w_seg8.mat

Volumes (litres):
    0.6844    0.4925    0.2482

14-Aug-2024 15:47:33 - Done    'Tissue Volumes'
14-Aug-2024 15:47:33 - Done

/scratch/radv/scaneva/brainageEuropad/EuroPAD_T1s//c1sub-EPAD04023549_ses-04_T1w
/scratch/radv/scaneva/brainageEuropad/EuroPAD_T1s//c2sub-EPAD04023549_ses-04_T1w
/scratch/radv/scaneva/brainageEuropad/EuroPAD_T1s//c3sub-EPAD04023549_ses-04_T1w
/scratch/radv/scaneva/brainageEuropad/EuroPAD_T1s//smwc1sub-EPAD04023549_ses-04_T1w
/scratch/radv/scaneva/brainageEuropad/EuroPAD_T1s//smwc2sub-EPAD04023549_ses-04_T1w
/scratch/radv/scaneva/brainageEuropad/EuroPAD_T1s//smwc3sub-EPAD04023549_ses-04_T1w

Finished. To view, point your web browser at
file:/scratch/radv/scaneva/brainageEuropad/EuroPAD_T1s//slicesdir_sub-EPAD04023549_ses-04_T1w.nii/index.html
[1] "loading nifti data Wed Aug 14 15:47:41 2024"
[1]      1 615541
[1] "loading regression model Wed Aug 14 15:47:59 2024"
[1] "saving new results Wed Aug 14 15:48:00 2024"
rm: cannot remove '/home/radv/scaneva/my-scratch/brainageEuropad/EuroPAD_T1s/logs/sub-EPAD04023549_ses-04_T1w_log.txt': No such file or directory
