/scratch/radv/scaneva/brainageEuropad/EuroPAD_T1s/

                            < M A T L A B (R) >
                  Copyright 1984-2022 The MathWorks, Inc.
             R2022b Update 2 (9.13.0.2105380) 64-bit (glnxa64)
                              October 26, 2022

 
To get started, type doc.
For product information, visit www.mathworks.com.
 
[Warning: FSL toolbox not found:
/opt/aumc-apps/fsl/fsl-6.0.7.6/share/fsl/etc/matlab] 
[> In startup (line 82)
In run (line 91)
In matlabrc (line 54)] 

-----------------------------------------------------------------------------------------------------
MATLAB Version: 9.13.0.2105380 (R2022b) Update 2
MATLAB License Number: 1096141
Operating System: Linux 4.18.0-553.8.1.el8_10.x86_64 #1 SMP Fri Jun 14 03:19:37 EDT 2024 x86_64
Java Version: Java 1.8.0_202-b08 with Oracle Corporation Java HotSpot(TM) 64-Bit Server VM mixed mode
-----------------------------------------------------------------------------------------------------
MATLAB                                                Version 9.13        (R2022b)
Bioinformatics Toolbox                                Version 4.16.1      (R2022b)
Computer Vision Toolbox                               Version 10.3        (R2022b)
Curve Fitting Toolbox                                 Version 3.8         (R2022b)
Deep Learning Toolbox                                 Version 14.5        (R2022b)
Global Optimization Toolbox                           Version 4.8         (R2022b)
Image Processing Toolbox                              Version 11.6        (R2022b)
MATLAB Compiler                                       Version 8.5         (R2022b)
Optimization Toolbox                                  Version 9.4         (R2022b)
Parallel Computing Toolbox                            Version 7.7         (R2022b)
Signal Processing Toolbox                             Version 9.1         (R2022b)
Statistics and Machine Learning Toolbox               Version 12.4        (R2022b)
Wavelet Toolbox                                       Version 6.2         (R2022b)


------------------------------------------------------------------------
14-Aug-2024 13:53:59 - Running job #1
------------------------------------------------------------------------
14-Aug-2024 13:53:59 - Running 'Segment'

SPM12: spm_preproc_run (v7408)                     13:53:59 - 14/08/2024
========================================================================
Segment /scratch/radv/scaneva/brainageEuropad/EuroPAD_T1s/sub-EPAD02023979_ses-03_T1w.nii,1
Completed                               :          13:57:38 - 14/08/2024
14-Aug-2024 13:57:38 - Done    'Segment'
14-Aug-2024 13:57:38 - Running 'Run Dartel (existing Templates)'
*** rc1sub-EPAD02023979_ses-03_T1w ***
1 	419444	0	419444	327.578
2 	330110	18313.1	348423	107.855
3 	319323	22469.9	341793	39.8482
4 	317948	11710.3	329658	148.191
5 	297043	24939.2	321982	49.8661
6 	295394	25886.7	321281	31.4515
7 	297561	13251.2	310812	129.436
8 	277147	26189.1	303336	46.306
9 	275979	26681	302660	30.0236
10 	277110	13703.4	290814	109.258
11 	257627	25919.3	283546	44.8972
12 	256180	26264.4	282444	31.8374
13 	257001	13626.9	270628	85.7545
14 	241168	23522.4	264690	34.5561
15 	239731	24247	263978	23.4242
16 	239205	25201.2	264406	27.7731
17 	238759	25266.8	264026	20.798
18 	238338	25608.2	263946	19.5397
14-Aug-2024 14:00:16 - Done    'Run Dartel (existing Templates)'
14-Aug-2024 14:00:16 - Running 'Normalise to MNI Space'

** "u_rc1sub-EPAD02023979_ses-03_T1w" **
c1sub-EPAD02023979_ses-03_T1w	1,1,1
c2sub-EPAD02023979_ses-03_T1w	1,1,1
c3sub-EPAD02023979_ses-03_T1w	1,1,1
14-Aug-2024 14:00:20 - Done    'Normalise to MNI Space'
14-Aug-2024 14:00:20 - Running 'Tissue Volumes'

Segmentation files:
	/scratch/radv/scaneva/brainageEuropad/EuroPAD_T1s/sub-EPAD02023979_ses-03_T1w_seg8.mat

Volumes (litres):
    0.5602    0.3864    0.3784

14-Aug-2024 14:01:22 - Done    'Tissue Volumes'
14-Aug-2024 14:01:22 - Done

/scratch/radv/scaneva/brainageEuropad/EuroPAD_T1s//c1sub-EPAD02023979_ses-03_T1w
/scratch/radv/scaneva/brainageEuropad/EuroPAD_T1s//c2sub-EPAD02023979_ses-03_T1w
/scratch/radv/scaneva/brainageEuropad/EuroPAD_T1s//c3sub-EPAD02023979_ses-03_T1w
/scratch/radv/scaneva/brainageEuropad/EuroPAD_T1s//smwc1sub-EPAD02023979_ses-03_T1w
/scratch/radv/scaneva/brainageEuropad/EuroPAD_T1s//smwc2sub-EPAD02023979_ses-03_T1w
/scratch/radv/scaneva/brainageEuropad/EuroPAD_T1s//smwc3sub-EPAD02023979_ses-03_T1w

Finished. To view, point your web browser at
file:/scratch/radv/scaneva/brainageEuropad/EuroPAD_T1s//slicesdir_sub-EPAD02023979_ses-03_T1w.nii/index.html
[1] "loading nifti data Wed Aug 14 14:01:31 2024"
[1]      1 615541
[1] "loading regression model Wed Aug 14 14:01:49 2024"
[1] "saving new results Wed Aug 14 14:01:50 2024"
rm: cannot remove '/home/radv/scaneva/my-scratch/brainageEuropad/EuroPAD_T1s/logs/sub-EPAD02023979_ses-03_T1w_log.txt': No such file or directory
