/scratch/radv/scaneva/brainageEuropad/EuroPAD_T1s/

                            < M A T L A B (R) >
                  Copyright 1984-2022 The MathWorks, Inc.
             R2022b Update 2 (9.13.0.2105380) 64-bit (glnxa64)
                              October 26, 2022

 
To get started, type doc.
For product information, visit www.mathworks.com.
 
[Warning: FSL toolbox not found:
/opt/aumc-apps/fsl/fsl-6.0.7.6/share/fsl/etc/matlab] 
[> In startup (line 82)
In run (line 91)
In matlabrc (line 54)] 

-----------------------------------------------------------------------------------------------------
MATLAB Version: 9.13.0.2105380 (R2022b) Update 2
MATLAB License Number: 1096141
Operating System: Linux 4.18.0-553.8.1.el8_10.x86_64 #1 SMP Fri Jun 14 03:19:37 EDT 2024 x86_64
Java Version: Java 1.8.0_202-b08 with Oracle Corporation Java HotSpot(TM) 64-Bit Server VM mixed mode
-----------------------------------------------------------------------------------------------------
MATLAB                                                Version 9.13        (R2022b)
Bioinformatics Toolbox                                Version 4.16.1      (R2022b)
Computer Vision Toolbox                               Version 10.3        (R2022b)
Curve Fitting Toolbox                                 Version 3.8         (R2022b)
Deep Learning Toolbox                                 Version 14.5        (R2022b)
Global Optimization Toolbox                           Version 4.8         (R2022b)
Image Processing Toolbox                              Version 11.6        (R2022b)
MATLAB Compiler                                       Version 8.5         (R2022b)
Optimization Toolbox                                  Version 9.4         (R2022b)
Parallel Computing Toolbox                            Version 7.7         (R2022b)
Signal Processing Toolbox                             Version 9.1         (R2022b)
Statistics and Machine Learning Toolbox               Version 12.4        (R2022b)
Wavelet Toolbox                                       Version 6.2         (R2022b)


------------------------------------------------------------------------
14-Aug-2024 14:59:58 - Running job #1
------------------------------------------------------------------------
14-Aug-2024 14:59:58 - Running 'Segment'

SPM12: spm_preproc_run (v7408)                     14:59:58 - 14/08/2024
========================================================================
Segment /scratch/radv/scaneva/brainageEuropad/EuroPAD_T1s/sub-EPAD03123885_ses-03_T1w.nii,1
Completed                               :          15:03:00 - 14/08/2024
14-Aug-2024 15:03:00 - Done    'Segment'
14-Aug-2024 15:03:00 - Running 'Run Dartel (existing Templates)'
*** rc1sub-EPAD03123885_ses-03_T1w ***
1 	380786	0	380786	291.676
2 	317928	13183.3	331111	96.6461
3 	312830	15088.4	327918	29.9405
4 	309798	7844.11	317642	134.54
5 	293724	18037.2	311761	46.0696
6 	292696	18558.2	311254	32.0947
7 	291938	9556.5	301494	115.376
8 	275552	20002.4	295554	40.5835
9 	274848	20203.1	295052	23.7413
10 	274088	10371.7	284460	99.1675
11 	258096	20683.3	278779	35.6131
12 	257587	20715.5	278303	23.9094
13 	257470	10740.2	268210	80.5808
14 	243605	19514.7	263120	32.912
15 	242632	19924.1	262556	23.4368
16 	242127	20768.3	262896	28.392
17 	241778	20798.2	262577	22.134
18 	241409	21136.4	262545	20.6402
14-Aug-2024 15:05:30 - Done    'Run Dartel (existing Templates)'
14-Aug-2024 15:05:30 - Running 'Normalise to MNI Space'

** "u_rc1sub-EPAD03123885_ses-03_T1w" **
c1sub-EPAD03123885_ses-03_T1w	1,1,1
c2sub-EPAD03123885_ses-03_T1w	1,1,1
c3sub-EPAD03123885_ses-03_T1w	1,1,1
14-Aug-2024 15:05:34 - Done    'Normalise to MNI Space'
14-Aug-2024 15:05:34 - Running 'Tissue Volumes'

Segmentation files:
	/scratch/radv/scaneva/brainageEuropad/EuroPAD_T1s/sub-EPAD03123885_ses-03_T1w_seg8.mat

Volumes (litres):
    0.6242    0.4003    0.3475

14-Aug-2024 15:06:34 - Done    'Tissue Volumes'
14-Aug-2024 15:06:34 - Done

/scratch/radv/scaneva/brainageEuropad/EuroPAD_T1s//c1sub-EPAD03123885_ses-03_T1w
/scratch/radv/scaneva/brainageEuropad/EuroPAD_T1s//c2sub-EPAD03123885_ses-03_T1w
/scratch/radv/scaneva/brainageEuropad/EuroPAD_T1s//c3sub-EPAD03123885_ses-03_T1w
/scratch/radv/scaneva/brainageEuropad/EuroPAD_T1s//smwc1sub-EPAD03123885_ses-03_T1w
/scratch/radv/scaneva/brainageEuropad/EuroPAD_T1s//smwc2sub-EPAD03123885_ses-03_T1w
/scratch/radv/scaneva/brainageEuropad/EuroPAD_T1s//smwc3sub-EPAD03123885_ses-03_T1w

Finished. To view, point your web browser at
file:/scratch/radv/scaneva/brainageEuropad/EuroPAD_T1s//slicesdir_sub-EPAD03123885_ses-03_T1w.nii/index.html
[1] "loading nifti data Wed Aug 14 15:06:43 2024"
[1]      1 615541
[1] "loading regression model Wed Aug 14 15:07:01 2024"
[1] "saving new results Wed Aug 14 15:07:02 2024"
rm: cannot remove '/home/radv/scaneva/my-scratch/brainageEuropad/EuroPAD_T1s/logs/sub-EPAD03123885_ses-03_T1w_log.txt': No such file or directory
