/scratch/radv/scaneva/brainageEuropad/EuroPAD_T1s/

                            < M A T L A B (R) >
                  Copyright 1984-2022 The MathWorks, Inc.
             R2022b Update 2 (9.13.0.2105380) 64-bit (glnxa64)
                              October 26, 2022

 
To get started, type doc.
For product information, visit www.mathworks.com.
 
[Warning: FSL toolbox not found:
/opt/aumc-apps/fsl/fsl-6.0.7.6/share/fsl/etc/matlab] 
[> In startup (line 82)
In run (line 91)
In matlabrc (line 54)] 

-----------------------------------------------------------------------------------------------------
MATLAB Version: 9.13.0.2105380 (R2022b) Update 2
MATLAB License Number: 1096141
Operating System: Linux 4.18.0-553.8.1.el8_10.x86_64 #1 SMP Fri Jun 14 03:19:37 EDT 2024 x86_64
Java Version: Java 1.8.0_202-b08 with Oracle Corporation Java HotSpot(TM) 64-Bit Server VM mixed mode
-----------------------------------------------------------------------------------------------------
MATLAB                                                Version 9.13        (R2022b)
Bioinformatics Toolbox                                Version 4.16.1      (R2022b)
Computer Vision Toolbox                               Version 10.3        (R2022b)
Curve Fitting Toolbox                                 Version 3.8         (R2022b)
Deep Learning Toolbox                                 Version 14.5        (R2022b)
Global Optimization Toolbox                           Version 4.8         (R2022b)
Image Processing Toolbox                              Version 11.6        (R2022b)
MATLAB Compiler                                       Version 8.5         (R2022b)
Optimization Toolbox                                  Version 9.4         (R2022b)
Parallel Computing Toolbox                            Version 7.7         (R2022b)
Signal Processing Toolbox                             Version 9.1         (R2022b)
Statistics and Machine Learning Toolbox               Version 12.4        (R2022b)
Wavelet Toolbox                                       Version 6.2         (R2022b)


------------------------------------------------------------------------
14-Aug-2024 14:23:55 - Running job #1
------------------------------------------------------------------------
14-Aug-2024 14:23:55 - Running 'Segment'

SPM12: spm_preproc_run (v7408)                     14:23:55 - 14/08/2024
========================================================================
Segment /scratch/radv/scaneva/brainageEuropad/EuroPAD_T1s/sub-EPAD03023538_ses-03_T1w.nii,1
Completed                               :          14:26:45 - 14/08/2024
14-Aug-2024 14:26:45 - Done    'Segment'
14-Aug-2024 14:26:45 - Running 'Run Dartel (existing Templates)'
*** rc1sub-EPAD03023538_ses-03_T1w ***
1 	383651	0	383651	309.865
2 	297393	14479.1	311873	113.733
3 	289497	16128.4	305625	34.5483
4 	283987	8256.64	292244	116.728
5 	271372	16319.8	287692	35.7005
6 	270823	16544.2	287368	22.434
7 	268427	8417.43	276844	97.7652
8 	255837	16504.7	272342	30.4581
9 	255245	16776.4	272021	19.9448
10 	253374	8595.51	261970	87.1878
11 	239767	17168	256935	29.4742
12 	238833	17657.8	256491	19.1916
13 	238248	9136.7	247385	73.5618
14 	225745	16789.4	242535	27.6736
15 	224414	17548.2	241962	17.6746
16 	224271	18237.4	242509	23.8268
17 	223736	18413	242149	15.8414
18 	223464	18630.7	242094	14.5628
14-Aug-2024 14:28:56 - Done    'Run Dartel (existing Templates)'
14-Aug-2024 14:28:56 - Running 'Normalise to MNI Space'

** "u_rc1sub-EPAD03023538_ses-03_T1w" **
c1sub-EPAD03023538_ses-03_T1w	1,1,1
c2sub-EPAD03023538_ses-03_T1w	1,1,1
c3sub-EPAD03023538_ses-03_T1w	1,1,1
14-Aug-2024 14:29:00 - Done    'Normalise to MNI Space'
14-Aug-2024 14:29:00 - Running 'Tissue Volumes'

Segmentation files:
	/scratch/radv/scaneva/brainageEuropad/EuroPAD_T1s/sub-EPAD03023538_ses-03_T1w_seg8.mat

Volumes (litres):
    0.6531    0.4374    0.3173

14-Aug-2024 14:29:53 - Done    'Tissue Volumes'
14-Aug-2024 14:29:53 - Done

/scratch/radv/scaneva/brainageEuropad/EuroPAD_T1s//c1sub-EPAD03023538_ses-03_T1w
/scratch/radv/scaneva/brainageEuropad/EuroPAD_T1s//c2sub-EPAD03023538_ses-03_T1w
/scratch/radv/scaneva/brainageEuropad/EuroPAD_T1s//c3sub-EPAD03023538_ses-03_T1w
/scratch/radv/scaneva/brainageEuropad/EuroPAD_T1s//smwc1sub-EPAD03023538_ses-03_T1w
/scratch/radv/scaneva/brainageEuropad/EuroPAD_T1s//smwc2sub-EPAD03023538_ses-03_T1w
/scratch/radv/scaneva/brainageEuropad/EuroPAD_T1s//smwc3sub-EPAD03023538_ses-03_T1w

Finished. To view, point your web browser at
file:/scratch/radv/scaneva/brainageEuropad/EuroPAD_T1s//slicesdir_sub-EPAD03023538_ses-03_T1w.nii/index.html
[1] "loading nifti data Wed Aug 14 14:30:01 2024"
[1]      1 615541
[1] "loading regression model Wed Aug 14 14:30:16 2024"
[1] "saving new results Wed Aug 14 14:30:17 2024"
rm: cannot remove '/home/radv/scaneva/my-scratch/brainageEuropad/EuroPAD_T1s/logs/sub-EPAD03023538_ses-03_T1w_log.txt': No such file or directory
