/scratch/radv/scaneva/brainageEuropad/EuroPAD_T1s/

                            < M A T L A B (R) >
                  Copyright 1984-2022 The MathWorks, Inc.
             R2022b Update 2 (9.13.0.2105380) 64-bit (glnxa64)
                              October 26, 2022

 
To get started, type doc.
For product information, visit www.mathworks.com.
 
[Warning: FSL toolbox not found:
/opt/aumc-apps/fsl/fsl-6.0.7.6/share/fsl/etc/matlab] 
[> In startup (line 82)
In run (line 91)
In matlabrc (line 54)] 

-----------------------------------------------------------------------------------------------------
MATLAB Version: 9.13.0.2105380 (R2022b) Update 2
MATLAB License Number: 1096141
Operating System: Linux 4.18.0-553.8.1.el8_10.x86_64 #1 SMP Fri Jun 14 03:19:37 EDT 2024 x86_64
Java Version: Java 1.8.0_202-b08 with Oracle Corporation Java HotSpot(TM) 64-Bit Server VM mixed mode
-----------------------------------------------------------------------------------------------------
MATLAB                                                Version 9.13        (R2022b)
Bioinformatics Toolbox                                Version 4.16.1      (R2022b)
Computer Vision Toolbox                               Version 10.3        (R2022b)
Curve Fitting Toolbox                                 Version 3.8         (R2022b)
Deep Learning Toolbox                                 Version 14.5        (R2022b)
Global Optimization Toolbox                           Version 4.8         (R2022b)
Image Processing Toolbox                              Version 11.6        (R2022b)
MATLAB Compiler                                       Version 8.5         (R2022b)
Optimization Toolbox                                  Version 9.4         (R2022b)
Parallel Computing Toolbox                            Version 7.7         (R2022b)
Signal Processing Toolbox                             Version 9.1         (R2022b)
Statistics and Machine Learning Toolbox               Version 12.4        (R2022b)
Wavelet Toolbox                                       Version 6.2         (R2022b)


------------------------------------------------------------------------
14-Aug-2024 15:02:00 - Running job #1
------------------------------------------------------------------------
14-Aug-2024 15:02:00 - Running 'Segment'

SPM12: spm_preproc_run (v7408)                     15:02:00 - 14/08/2024
========================================================================
Segment /scratch/radv/scaneva/brainageEuropad/EuroPAD_T1s/sub-EPAD03123911_ses-03_T1w.nii,1
Completed                               :          15:06:08 - 14/08/2024
14-Aug-2024 15:06:08 - Done    'Segment'
14-Aug-2024 15:06:08 - Running 'Run Dartel (existing Templates)'
*** rc1sub-EPAD03123911_ses-03_T1w ***
1 	366267	0	366267	272.091
2 	319742	10864.8	330606	80.3892
3 	317974	11181.2	329156	22.5263
4 	314499	5611.23	320110	121.955
5 	301859	13954.7	315814	35.2935
6 	301607	13985	315592	23.5304
7 	300315	7154.38	307469	105.271
8 	286040	16595.5	302636	34.3843
9 	285613	16670.9	302284	22.9749
10 	285007	8637.34	293645	97.1593
11 	269106	18928.7	288034	34.7577
12 	268461	19075.8	287537	23.2431
13 	269068	9948.6	279017	82.3732
14 	254426	19198	273624	32.2355
15 	253255	19771.7	273026	21.9837
16 	252976	20605.8	273582	27.5021
17 	252463	20750.9	273214	20.2712
18 	252121	21026.6	273148	19.0817
14-Aug-2024 15:08:51 - Done    'Run Dartel (existing Templates)'
14-Aug-2024 15:08:51 - Running 'Normalise to MNI Space'

** "u_rc1sub-EPAD03123911_ses-03_T1w" **
c1sub-EPAD03123911_ses-03_T1w	1,1,1
c2sub-EPAD03123911_ses-03_T1w	1,1,1
c3sub-EPAD03123911_ses-03_T1w	1,1,1
14-Aug-2024 15:08:55 - Done    'Normalise to MNI Space'
14-Aug-2024 15:08:55 - Running 'Tissue Volumes'

Segmentation files:
	/scratch/radv/scaneva/brainageEuropad/EuroPAD_T1s/sub-EPAD03123911_ses-03_T1w_seg8.mat

Volumes (litres):
    0.6204    0.5166    0.3121

14-Aug-2024 15:09:57 - Done    'Tissue Volumes'
14-Aug-2024 15:09:57 - Done

/scratch/radv/scaneva/brainageEuropad/EuroPAD_T1s//c1sub-EPAD03123911_ses-03_T1w
/scratch/radv/scaneva/brainageEuropad/EuroPAD_T1s//c2sub-EPAD03123911_ses-03_T1w
/scratch/radv/scaneva/brainageEuropad/EuroPAD_T1s//c3sub-EPAD03123911_ses-03_T1w
/scratch/radv/scaneva/brainageEuropad/EuroPAD_T1s//smwc1sub-EPAD03123911_ses-03_T1w
/scratch/radv/scaneva/brainageEuropad/EuroPAD_T1s//smwc2sub-EPAD03123911_ses-03_T1w
/scratch/radv/scaneva/brainageEuropad/EuroPAD_T1s//smwc3sub-EPAD03123911_ses-03_T1w

Finished. To view, point your web browser at
file:/scratch/radv/scaneva/brainageEuropad/EuroPAD_T1s//slicesdir_sub-EPAD03123911_ses-03_T1w.nii/index.html
[1] "loading nifti data Wed Aug 14 15:10:06 2024"
[1]      1 615541
[1] "loading regression model Wed Aug 14 15:10:23 2024"
[1] "saving new results Wed Aug 14 15:10:24 2024"
rm: cannot remove '/home/radv/scaneva/my-scratch/brainageEuropad/EuroPAD_T1s/logs/sub-EPAD03123911_ses-03_T1w_log.txt': No such file or directory
