/scratch/radv/scaneva/brainageEuropad/EuroPAD_T1s/

                            < M A T L A B (R) >
                  Copyright 1984-2022 The MathWorks, Inc.
             R2022b Update 2 (9.13.0.2105380) 64-bit (glnxa64)
                              October 26, 2022

 
To get started, type doc.
For product information, visit www.mathworks.com.
 
[Warning: FSL toolbox not found:
/opt/aumc-apps/fsl/fsl-6.0.7.6/share/fsl/etc/matlab] 
[> In startup (line 82)
In run (line 91)
In matlabrc (line 54)] 

-----------------------------------------------------------------------------------------------------
MATLAB Version: 9.13.0.2105380 (R2022b) Update 2
MATLAB License Number: 1096141
Operating System: Linux 4.18.0-553.8.1.el8_10.x86_64 #1 SMP Fri Jun 14 03:19:37 EDT 2024 x86_64
Java Version: Java 1.8.0_202-b08 with Oracle Corporation Java HotSpot(TM) 64-Bit Server VM mixed mode
-----------------------------------------------------------------------------------------------------
MATLAB                                                Version 9.13        (R2022b)
Bioinformatics Toolbox                                Version 4.16.1      (R2022b)
Computer Vision Toolbox                               Version 10.3        (R2022b)
Curve Fitting Toolbox                                 Version 3.8         (R2022b)
Deep Learning Toolbox                                 Version 14.5        (R2022b)
Global Optimization Toolbox                           Version 4.8         (R2022b)
Image Processing Toolbox                              Version 11.6        (R2022b)
MATLAB Compiler                                       Version 8.5         (R2022b)
Optimization Toolbox                                  Version 9.4         (R2022b)
Parallel Computing Toolbox                            Version 7.7         (R2022b)
Signal Processing Toolbox                             Version 9.1         (R2022b)
Statistics and Machine Learning Toolbox               Version 12.4        (R2022b)
Wavelet Toolbox                                       Version 6.2         (R2022b)


------------------------------------------------------------------------
14-Aug-2024 15:41:58 - Running job #1
------------------------------------------------------------------------
14-Aug-2024 15:41:58 - Running 'Segment'

SPM12: spm_preproc_run (v7408)                     15:41:58 - 14/08/2024
========================================================================
Segment /scratch/radv/scaneva/brainageEuropad/EuroPAD_T1s/sub-EPAD04023551_ses-04_T1w.nii,1
Completed                               :          15:44:10 - 14/08/2024
14-Aug-2024 15:44:10 - Done    'Segment'
14-Aug-2024 15:44:10 - Running 'Run Dartel (existing Templates)'
*** rc1sub-EPAD04023551_ses-04_T1w ***
1 	384519	0	384519	306.533
2 	316677	13945.7	330623	104.866
3 	309584	16385.3	325970	41.0619
4 	308064	8678.23	316742	139.725
5 	290983	19602.4	310585	44.8298
6 	289802	20268	310070	28.2157
7 	291148	10381.6	301530	121.141
8 	273273	21741.5	295015	38.374
9 	272283	22189.5	294472	22.781
10 	272817	11407.9	284225	104.791
11 	255040	22665.1	277705	35.6246
12 	253908	23127.6	277036	21.6653
13 	254067	11962.5	266030	83.794
14 	238966	21269.9	260236	32.1467
15 	237441	22073	259514	20.7172
16 	237062	22885.2	259948	25.6451
17 	236506	23008.4	259515	17.5949
18 	236098	23305.7	259403	15.4229
14-Aug-2024 15:46:23 - Done    'Run Dartel (existing Templates)'
14-Aug-2024 15:46:23 - Running 'Normalise to MNI Space'

** "u_rc1sub-EPAD04023551_ses-04_T1w" **
c1sub-EPAD04023551_ses-04_T1w	1,1,1
c2sub-EPAD04023551_ses-04_T1w	1,1,1
c3sub-EPAD04023551_ses-04_T1w	1,1,1
14-Aug-2024 15:46:27 - Done    'Normalise to MNI Space'
14-Aug-2024 15:46:27 - Running 'Tissue Volumes'

Segmentation files:
	/scratch/radv/scaneva/brainageEuropad/EuroPAD_T1s/sub-EPAD04023551_ses-04_T1w_seg8.mat

Volumes (litres):
    0.6689    0.3996    0.3148

14-Aug-2024 15:47:20 - Done    'Tissue Volumes'
14-Aug-2024 15:47:20 - Done

/scratch/radv/scaneva/brainageEuropad/EuroPAD_T1s//c1sub-EPAD04023551_ses-04_T1w
/scratch/radv/scaneva/brainageEuropad/EuroPAD_T1s//c2sub-EPAD04023551_ses-04_T1w
/scratch/radv/scaneva/brainageEuropad/EuroPAD_T1s//c3sub-EPAD04023551_ses-04_T1w
/scratch/radv/scaneva/brainageEuropad/EuroPAD_T1s//smwc1sub-EPAD04023551_ses-04_T1w
/scratch/radv/scaneva/brainageEuropad/EuroPAD_T1s//smwc2sub-EPAD04023551_ses-04_T1w
/scratch/radv/scaneva/brainageEuropad/EuroPAD_T1s//smwc3sub-EPAD04023551_ses-04_T1w

Finished. To view, point your web browser at
file:/scratch/radv/scaneva/brainageEuropad/EuroPAD_T1s//slicesdir_sub-EPAD04023551_ses-04_T1w.nii/index.html
[1] "loading nifti data Wed Aug 14 15:47:28 2024"
[1]      1 615541
[1] "loading regression model Wed Aug 14 15:47:43 2024"
[1] "saving new results Wed Aug 14 15:47:44 2024"
rm: cannot remove '/home/radv/scaneva/my-scratch/brainageEuropad/EuroPAD_T1s/logs/sub-EPAD04023551_ses-04_T1w_log.txt': No such file or directory
