/scratch/radv/scaneva/brainageEuropad/EuroPAD_T1s/

                            < M A T L A B (R) >
                  Copyright 1984-2022 The MathWorks, Inc.
             R2022b Update 2 (9.13.0.2105380) 64-bit (glnxa64)
                              October 26, 2022

 
To get started, type doc.
For product information, visit www.mathworks.com.
 
[Warning: FSL toolbox not found:
/opt/aumc-apps/fsl/fsl-6.0.7.6/share/fsl/etc/matlab] 
[> In startup (line 82)
In run (line 91)
In matlabrc (line 54)] 

-----------------------------------------------------------------------------------------------------
MATLAB Version: 9.13.0.2105380 (R2022b) Update 2
MATLAB License Number: 1096141
Operating System: Linux 4.18.0-553.8.1.el8_10.x86_64 #1 SMP Fri Jun 14 03:19:37 EDT 2024 x86_64
Java Version: Java 1.8.0_202-b08 with Oracle Corporation Java HotSpot(TM) 64-Bit Server VM mixed mode
-----------------------------------------------------------------------------------------------------
MATLAB                                                Version 9.13        (R2022b)
Bioinformatics Toolbox                                Version 4.16.1      (R2022b)
Computer Vision Toolbox                               Version 10.3        (R2022b)
Curve Fitting Toolbox                                 Version 3.8         (R2022b)
Deep Learning Toolbox                                 Version 14.5        (R2022b)
Global Optimization Toolbox                           Version 4.8         (R2022b)
Image Processing Toolbox                              Version 11.6        (R2022b)
MATLAB Compiler                                       Version 8.5         (R2022b)
Optimization Toolbox                                  Version 9.4         (R2022b)
Parallel Computing Toolbox                            Version 7.7         (R2022b)
Signal Processing Toolbox                             Version 9.1         (R2022b)
Statistics and Machine Learning Toolbox               Version 12.4        (R2022b)
Wavelet Toolbox                                       Version 6.2         (R2022b)


------------------------------------------------------------------------
14-Aug-2024 15:33:00 - Running job #1
------------------------------------------------------------------------
14-Aug-2024 15:33:00 - Running 'Segment'

SPM12: spm_preproc_run (v7408)                     15:33:00 - 14/08/2024
========================================================================
Segment /scratch/radv/scaneva/brainageEuropad/EuroPAD_T1s/sub-EPAD03124442_ses-03_T1w.nii,1
Completed                               :          15:36:04 - 14/08/2024
14-Aug-2024 15:36:04 - Done    'Segment'
14-Aug-2024 15:36:04 - Running 'Run Dartel (existing Templates)'
*** rc1sub-EPAD03124442_ses-03_T1w ***
1 	415690	0	415690	318.164
2 	317748	16559.6	334308	111.141
3 	305812	20583.4	326396	34.1723
4 	300150	10705.9	310856	118.277
5 	287071	19091.7	306163	36.0419
6 	286333	19461.8	305795	23.2741
7 	284196	9882.31	294078	97.7383
8 	272004	17887.9	289892	31.5497
9 	271517	18106.3	289623	22.6377
10 	270444	9275.79	279720	87.2511
11 	257344	17802.4	275146	32.9252
12 	256662	18052.3	274715	24.4235
13 	256790	9361.82	266152	73.6024
14 	244590	17096.8	261687	32.6406
15 	243500	17575.7	261076	24.4912
16 	242909	18350.4	261259	28.4739
17 	242573	18276.6	260850	22.8238
18 	242178	18582.7	260761	22.049
14-Aug-2024 15:38:37 - Done    'Run Dartel (existing Templates)'
14-Aug-2024 15:38:37 - Running 'Normalise to MNI Space'

** "u_rc1sub-EPAD03124442_ses-03_T1w" **
c1sub-EPAD03124442_ses-03_T1w	1,1,1
c2sub-EPAD03124442_ses-03_T1w	1,1,1
c3sub-EPAD03124442_ses-03_T1w	1,1,1
14-Aug-2024 15:38:41 - Done    'Normalise to MNI Space'
14-Aug-2024 15:38:41 - Running 'Tissue Volumes'

Segmentation files:
	/scratch/radv/scaneva/brainageEuropad/EuroPAD_T1s/sub-EPAD03124442_ses-03_T1w_seg8.mat

Volumes (litres):
    0.4945    0.4031    0.3427

14-Aug-2024 15:39:41 - Done    'Tissue Volumes'
14-Aug-2024 15:39:41 - Done

/scratch/radv/scaneva/brainageEuropad/EuroPAD_T1s//c1sub-EPAD03124442_ses-03_T1w
/scratch/radv/scaneva/brainageEuropad/EuroPAD_T1s//c2sub-EPAD03124442_ses-03_T1w
/scratch/radv/scaneva/brainageEuropad/EuroPAD_T1s//c3sub-EPAD03124442_ses-03_T1w
/scratch/radv/scaneva/brainageEuropad/EuroPAD_T1s//smwc1sub-EPAD03124442_ses-03_T1w
/scratch/radv/scaneva/brainageEuropad/EuroPAD_T1s//smwc2sub-EPAD03124442_ses-03_T1w
/scratch/radv/scaneva/brainageEuropad/EuroPAD_T1s//smwc3sub-EPAD03124442_ses-03_T1w

Finished. To view, point your web browser at
file:/scratch/radv/scaneva/brainageEuropad/EuroPAD_T1s//slicesdir_sub-EPAD03124442_ses-03_T1w.nii/index.html
[1] "loading nifti data Wed Aug 14 15:39:50 2024"
[1]      1 615541
[1] "loading regression model Wed Aug 14 15:40:07 2024"
[1] "saving new results Wed Aug 14 15:40:08 2024"
rm: cannot remove '/home/radv/scaneva/my-scratch/brainageEuropad/EuroPAD_T1s/logs/sub-EPAD03124442_ses-03_T1w_log.txt': No such file or directory
