/scratch/radv/scaneva/brainageEuropad/EuroPAD_T1s/

                            < M A T L A B (R) >
                  Copyright 1984-2022 The MathWorks, Inc.
             R2022b Update 2 (9.13.0.2105380) 64-bit (glnxa64)
                              October 26, 2022

 
To get started, type doc.
For product information, visit www.mathworks.com.
 
[Warning: FSL toolbox not found:
/opt/aumc-apps/fsl/fsl-6.0.7.6/share/fsl/etc/matlab] 
[> In startup (line 82)
In run (line 91)
In matlabrc (line 54)] 

-----------------------------------------------------------------------------------------------------
MATLAB Version: 9.13.0.2105380 (R2022b) Update 2
MATLAB License Number: 1096141
Operating System: Linux 4.18.0-553.8.1.el8_10.x86_64 #1 SMP Fri Jun 14 03:19:37 EDT 2024 x86_64
Java Version: Java 1.8.0_202-b08 with Oracle Corporation Java HotSpot(TM) 64-Bit Server VM mixed mode
-----------------------------------------------------------------------------------------------------
MATLAB                                                Version 9.13        (R2022b)
Bioinformatics Toolbox                                Version 4.16.1      (R2022b)
Computer Vision Toolbox                               Version 10.3        (R2022b)
Curve Fitting Toolbox                                 Version 3.8         (R2022b)
Deep Learning Toolbox                                 Version 14.5        (R2022b)
Global Optimization Toolbox                           Version 4.8         (R2022b)
Image Processing Toolbox                              Version 11.6        (R2022b)
MATLAB Compiler                                       Version 8.5         (R2022b)
Optimization Toolbox                                  Version 9.4         (R2022b)
Parallel Computing Toolbox                            Version 7.7         (R2022b)
Signal Processing Toolbox                             Version 9.1         (R2022b)
Statistics and Machine Learning Toolbox               Version 12.4        (R2022b)
Wavelet Toolbox                                       Version 6.2         (R2022b)


------------------------------------------------------------------------
14-Aug-2024 15:10:59 - Running job #1
------------------------------------------------------------------------
14-Aug-2024 15:11:00 - Running 'Segment'

SPM12: spm_preproc_run (v7408)                     15:11:00 - 14/08/2024
========================================================================
Segment /scratch/radv/scaneva/brainageEuropad/EuroPAD_T1s/sub-EPAD03123840_ses-03_T1w.nii,1
Completed                               :          15:14:10 - 14/08/2024
14-Aug-2024 15:14:10 - Done    'Segment'
14-Aug-2024 15:14:11 - Running 'Run Dartel (existing Templates)'
*** rc1sub-EPAD03123840_ses-03_T1w ***
1 	448853	0	448853	330.399
2 	356746	15723.7	372470	130.25
3 	347837	16695.1	364532	38.0068
4 	344480	8464.37	352944	134.423
5 	329097	18317.1	347414	38.8607
6 	328396	18527.1	346923	26.6036
7 	328889	9437.05	338326	114.201
8 	312793	19916.2	332709	35.9617
9 	312282	20043.8	332326	23.8178
10 	313391	10294.1	323685	100.232
11 	295957	21755.8	317713	37.9268
12 	295355	21795.4	317151	26.884
13 	296842	11384	308226	84.0198
14 	280634	21862.6	302497	36.8605
15 	279487	22316.3	301804	27.1405
16 	278699	23436.7	302136	31.1517
17 	278510	23251.6	301762	25.1362
18 	278023	23663.7	301687	24.0586
14-Aug-2024 15:16:46 - Done    'Run Dartel (existing Templates)'
14-Aug-2024 15:16:46 - Running 'Normalise to MNI Space'

** "u_rc1sub-EPAD03123840_ses-03_T1w" **
c1sub-EPAD03123840_ses-03_T1w	1,1,1
c2sub-EPAD03123840_ses-03_T1w	1,1,1
c3sub-EPAD03123840_ses-03_T1w	1,1,1
14-Aug-2024 15:16:50 - Done    'Normalise to MNI Space'
14-Aug-2024 15:16:50 - Running 'Tissue Volumes'

Segmentation files:
	/scratch/radv/scaneva/brainageEuropad/EuroPAD_T1s/sub-EPAD03123840_ses-03_T1w_seg8.mat

Volumes (litres):
    0.4932    0.4423    0.3971

14-Aug-2024 15:17:51 - Done    'Tissue Volumes'
14-Aug-2024 15:17:51 - Done

/scratch/radv/scaneva/brainageEuropad/EuroPAD_T1s//c1sub-EPAD03123840_ses-03_T1w
/scratch/radv/scaneva/brainageEuropad/EuroPAD_T1s//c2sub-EPAD03123840_ses-03_T1w
/scratch/radv/scaneva/brainageEuropad/EuroPAD_T1s//c3sub-EPAD03123840_ses-03_T1w
/scratch/radv/scaneva/brainageEuropad/EuroPAD_T1s//smwc1sub-EPAD03123840_ses-03_T1w
/scratch/radv/scaneva/brainageEuropad/EuroPAD_T1s//smwc2sub-EPAD03123840_ses-03_T1w
/scratch/radv/scaneva/brainageEuropad/EuroPAD_T1s//smwc3sub-EPAD03123840_ses-03_T1w

Finished. To view, point your web browser at
file:/scratch/radv/scaneva/brainageEuropad/EuroPAD_T1s//slicesdir_sub-EPAD03123840_ses-03_T1w.nii/index.html
[1] "loading nifti data Wed Aug 14 15:17:59 2024"
[1]      1 615541
[1] "loading regression model Wed Aug 14 15:18:17 2024"
[1] "saving new results Wed Aug 14 15:18:18 2024"
rm: cannot remove '/home/radv/scaneva/my-scratch/brainageEuropad/EuroPAD_T1s/logs/sub-EPAD03123840_ses-03_T1w_log.txt': No such file or directory
