/scratch/radv/scaneva/brainageEuropad/EuroPAD_T1s/

                            < M A T L A B (R) >
                  Copyright 1984-2022 The MathWorks, Inc.
             R2022b Update 2 (9.13.0.2105380) 64-bit (glnxa64)
                              October 26, 2022

 
To get started, type doc.
For product information, visit www.mathworks.com.
 
[Warning: FSL toolbox not found:
/opt/aumc-apps/fsl/fsl-6.0.7.6/share/fsl/etc/matlab] 
[> In startup (line 82)
In run (line 91)
In matlabrc (line 54)] 

-----------------------------------------------------------------------------------------------------
MATLAB Version: 9.13.0.2105380 (R2022b) Update 2
MATLAB License Number: 1096141
Operating System: Linux 4.18.0-553.8.1.el8_10.x86_64 #1 SMP Fri Jun 14 03:19:37 EDT 2024 x86_64
Java Version: Java 1.8.0_202-b08 with Oracle Corporation Java HotSpot(TM) 64-Bit Server VM mixed mode
-----------------------------------------------------------------------------------------------------
MATLAB                                                Version 9.13        (R2022b)
Bioinformatics Toolbox                                Version 4.16.1      (R2022b)
Computer Vision Toolbox                               Version 10.3        (R2022b)
Curve Fitting Toolbox                                 Version 3.8         (R2022b)
Deep Learning Toolbox                                 Version 14.5        (R2022b)
Global Optimization Toolbox                           Version 4.8         (R2022b)
Image Processing Toolbox                              Version 11.6        (R2022b)
MATLAB Compiler                                       Version 8.5         (R2022b)
Optimization Toolbox                                  Version 9.4         (R2022b)
Parallel Computing Toolbox                            Version 7.7         (R2022b)
Signal Processing Toolbox                             Version 9.1         (R2022b)
Statistics and Machine Learning Toolbox               Version 12.4        (R2022b)
Wavelet Toolbox                                       Version 6.2         (R2022b)


------------------------------------------------------------------------
14-Aug-2024 15:14:55 - Running job #1
------------------------------------------------------------------------
14-Aug-2024 15:14:55 - Running 'Segment'

SPM12: spm_preproc_run (v7408)                     15:14:55 - 14/08/2024
========================================================================
Segment /scratch/radv/scaneva/brainageEuropad/EuroPAD_T1s/sub-EPAD03123856_ses-03_T1w.nii,1
Completed                               :          15:18:27 - 14/08/2024
14-Aug-2024 15:18:27 - Done    'Segment'
14-Aug-2024 15:18:27 - Running 'Run Dartel (existing Templates)'
*** rc1sub-EPAD03123856_ses-03_T1w ***
1 	406950	0	406950	338.765
2 	292296	18228.4	310525	121.511
3 	276740	23492.5	300233	35.5759
4 	269903	12320.3	282223	112.239
5 	257785	20022	277807	30.601
6 	257162	20335.5	277497	18.3269
7 	254896	10266.7	265163	89.7175
8 	244623	16946.8	261570	25.9422
9 	244216	17161.2	261377	16.8162
10 	243055	8735.58	251790	80.3493
11 	232004	15777.5	247781	26.6357
12 	231278	16175.1	247453	17.4677
13 	231576	8330.73	239907	68.9032
14 	221035	14805	235840	25.5091
15 	219927	15481.6	235408	16.8661
16 	219818	16032.8	235850	22.9283
17 	219340	16167.2	235507	15.7147
18 	219050	16379.8	235430	14.4433
14-Aug-2024 15:20:37 - Done    'Run Dartel (existing Templates)'
14-Aug-2024 15:20:37 - Running 'Normalise to MNI Space'

** "u_rc1sub-EPAD03123856_ses-03_T1w" **
c1sub-EPAD03123856_ses-03_T1w	1,1,1
c2sub-EPAD03123856_ses-03_T1w	1,1,1
c3sub-EPAD03123856_ses-03_T1w	1,1,1
14-Aug-2024 15:20:40 - Done    'Normalise to MNI Space'
14-Aug-2024 15:20:40 - Running 'Tissue Volumes'

Segmentation files:
	/scratch/radv/scaneva/brainageEuropad/EuroPAD_T1s/sub-EPAD03123856_ses-03_T1w_seg8.mat

Volumes (litres):
    0.5801    0.3853    0.3032

14-Aug-2024 15:21:33 - Done    'Tissue Volumes'
14-Aug-2024 15:21:33 - Done

/scratch/radv/scaneva/brainageEuropad/EuroPAD_T1s//c1sub-EPAD03123856_ses-03_T1w
/scratch/radv/scaneva/brainageEuropad/EuroPAD_T1s//c2sub-EPAD03123856_ses-03_T1w
/scratch/radv/scaneva/brainageEuropad/EuroPAD_T1s//c3sub-EPAD03123856_ses-03_T1w
/scratch/radv/scaneva/brainageEuropad/EuroPAD_T1s//smwc1sub-EPAD03123856_ses-03_T1w
/scratch/radv/scaneva/brainageEuropad/EuroPAD_T1s//smwc2sub-EPAD03123856_ses-03_T1w
/scratch/radv/scaneva/brainageEuropad/EuroPAD_T1s//smwc3sub-EPAD03123856_ses-03_T1w

Finished. To view, point your web browser at
file:/scratch/radv/scaneva/brainageEuropad/EuroPAD_T1s//slicesdir_sub-EPAD03123856_ses-03_T1w.nii/index.html
[1] "loading nifti data Wed Aug 14 15:21:40 2024"
[1]      1 615541
[1] "loading regression model Wed Aug 14 15:21:56 2024"
[1] "saving new results Wed Aug 14 15:21:57 2024"
rm: cannot remove '/home/radv/scaneva/my-scratch/brainageEuropad/EuroPAD_T1s/logs/sub-EPAD03123856_ses-03_T1w_log.txt': No such file or directory
