/scratch/radv/scaneva/brainageEuropad/EuroPAD_T1s/

                            < M A T L A B (R) >
                  Copyright 1984-2022 The MathWorks, Inc.
             R2022b Update 2 (9.13.0.2105380) 64-bit (glnxa64)
                              October 26, 2022

 
To get started, type doc.
For product information, visit www.mathworks.com.
 
[Warning: FSL toolbox not found:
/opt/aumc-apps/fsl/fsl-6.0.7.6/share/fsl/etc/matlab] 
[> In startup (line 82)
In run (line 91)
In matlabrc (line 54)] 

-----------------------------------------------------------------------------------------------------
MATLAB Version: 9.13.0.2105380 (R2022b) Update 2
MATLAB License Number: 1096141
Operating System: Linux 4.18.0-553.8.1.el8_10.x86_64 #1 SMP Fri Jun 14 03:19:37 EDT 2024 x86_64
Java Version: Java 1.8.0_202-b08 with Oracle Corporation Java HotSpot(TM) 64-Bit Server VM mixed mode
-----------------------------------------------------------------------------------------------------
MATLAB                                                Version 9.13        (R2022b)
Bioinformatics Toolbox                                Version 4.16.1      (R2022b)
Computer Vision Toolbox                               Version 10.3        (R2022b)
Curve Fitting Toolbox                                 Version 3.8         (R2022b)
Deep Learning Toolbox                                 Version 14.5        (R2022b)
Global Optimization Toolbox                           Version 4.8         (R2022b)
Image Processing Toolbox                              Version 11.6        (R2022b)
MATLAB Compiler                                       Version 8.5         (R2022b)
Optimization Toolbox                                  Version 9.4         (R2022b)
Parallel Computing Toolbox                            Version 7.7         (R2022b)
Signal Processing Toolbox                             Version 9.1         (R2022b)
Statistics and Machine Learning Toolbox               Version 12.4        (R2022b)
Wavelet Toolbox                                       Version 6.2         (R2022b)


------------------------------------------------------------------------
14-Aug-2024 13:24:57 - Running job #1
------------------------------------------------------------------------
14-Aug-2024 13:24:57 - Running 'Segment'

SPM12: spm_preproc_run (v7408)                     13:24:57 - 14/08/2024
========================================================================
Segment /scratch/radv/scaneva/brainageEuropad/EuroPAD_T1s/sub-EPAD01124872_ses-03_T1w.nii,1
Completed                               :          13:28:21 - 14/08/2024
14-Aug-2024 13:28:22 - Done    'Segment'
14-Aug-2024 13:28:22 - Running 'Run Dartel (existing Templates)'
*** rc1sub-EPAD01124872_ses-03_T1w ***
1 	348376	0	348376	256.841
2 	309353	9625.54	318978	65.4201
3 	306996	10503	317499	20.3325
4 	304475	5321.4	309796	122.768
5 	292003	13613.7	305617	33.9638
6 	291607	13805.5	305413	23.2957
7 	291254	7061.9	298316	107.772
8 	276928	16565	293493	34.214
9 	276431	16748.2	293179	22.6581
10 	276550	8629	285179	99.1891
11 	260621	18912.5	279533	34.6194
12 	259839	19206.3	279045	22.9436
13 	260344	9966.2	270310	82.3551
14 	245998	19011.9	265010	31.8881
15 	244763	19629.6	264393	22.2143
16 	244297	20451.7	264748	27.0995
17 	243857	20529.9	264387	20.443
18 	243452	20852.2	264304	18.9399
14-Aug-2024 13:30:57 - Done    'Run Dartel (existing Templates)'
14-Aug-2024 13:30:57 - Running 'Normalise to MNI Space'

** "u_rc1sub-EPAD01124872_ses-03_T1w" **
c1sub-EPAD01124872_ses-03_T1w	1,1,1
c2sub-EPAD01124872_ses-03_T1w	1,1,1
c3sub-EPAD01124872_ses-03_T1w	1,1,1
14-Aug-2024 13:31:01 - Done    'Normalise to MNI Space'
14-Aug-2024 13:31:01 - Running 'Tissue Volumes'

Segmentation files:
	/scratch/radv/scaneva/brainageEuropad/EuroPAD_T1s/sub-EPAD01124872_ses-03_T1w_seg8.mat

Volumes (litres):
    0.6562    0.3982    0.3330

14-Aug-2024 13:32:03 - Done    'Tissue Volumes'
14-Aug-2024 13:32:03 - Done

/scratch/radv/scaneva/brainageEuropad/EuroPAD_T1s//c1sub-EPAD01124872_ses-03_T1w
/scratch/radv/scaneva/brainageEuropad/EuroPAD_T1s//c2sub-EPAD01124872_ses-03_T1w
/scratch/radv/scaneva/brainageEuropad/EuroPAD_T1s//c3sub-EPAD01124872_ses-03_T1w
/scratch/radv/scaneva/brainageEuropad/EuroPAD_T1s//smwc1sub-EPAD01124872_ses-03_T1w
/scratch/radv/scaneva/brainageEuropad/EuroPAD_T1s//smwc2sub-EPAD01124872_ses-03_T1w
/scratch/radv/scaneva/brainageEuropad/EuroPAD_T1s//smwc3sub-EPAD01124872_ses-03_T1w

Finished. To view, point your web browser at
file:/scratch/radv/scaneva/brainageEuropad/EuroPAD_T1s//slicesdir_sub-EPAD01124872_ses-03_T1w.nii/index.html
[1] "loading nifti data Wed Aug 14 13:32:11 2024"
[1]      1 615541
[1] "loading regression model Wed Aug 14 13:32:29 2024"
[1] "saving new results Wed Aug 14 13:32:30 2024"
rm: cannot remove '/home/radv/scaneva/my-scratch/brainageEuropad/EuroPAD_T1s/logs/sub-EPAD01124872_ses-03_T1w_log.txt': No such file or directory
