/scratch/radv/scaneva/brainageEuropad/EuroPAD_T1s/

                            < M A T L A B (R) >
                  Copyright 1984-2022 The MathWorks, Inc.
             R2022b Update 2 (9.13.0.2105380) 64-bit (glnxa64)
                              October 26, 2022

 
To get started, type doc.
For product information, visit www.mathworks.com.
 
[Warning: FSL toolbox not found:
/opt/aumc-apps/fsl/fsl-6.0.7.6/share/fsl/etc/matlab] 
[> In startup (line 82)
In run (line 91)
In matlabrc (line 54)] 

-----------------------------------------------------------------------------------------------------
MATLAB Version: 9.13.0.2105380 (R2022b) Update 2
MATLAB License Number: 1096141
Operating System: Linux 4.18.0-553.8.1.el8_10.x86_64 #1 SMP Fri Jun 14 03:19:37 EDT 2024 x86_64
Java Version: Java 1.8.0_202-b08 with Oracle Corporation Java HotSpot(TM) 64-Bit Server VM mixed mode
-----------------------------------------------------------------------------------------------------
MATLAB                                                Version 9.13        (R2022b)
Bioinformatics Toolbox                                Version 4.16.1      (R2022b)
Computer Vision Toolbox                               Version 10.3        (R2022b)
Curve Fitting Toolbox                                 Version 3.8         (R2022b)
Deep Learning Toolbox                                 Version 14.5        (R2022b)
Global Optimization Toolbox                           Version 4.8         (R2022b)
Image Processing Toolbox                              Version 11.6        (R2022b)
MATLAB Compiler                                       Version 8.5         (R2022b)
Optimization Toolbox                                  Version 9.4         (R2022b)
Parallel Computing Toolbox                            Version 7.7         (R2022b)
Signal Processing Toolbox                             Version 9.1         (R2022b)
Statistics and Machine Learning Toolbox               Version 12.4        (R2022b)
Wavelet Toolbox                                       Version 6.2         (R2022b)


------------------------------------------------------------------------
14-Aug-2024 15:25:01 - Running job #1
------------------------------------------------------------------------
14-Aug-2024 15:25:01 - Running 'Segment'

SPM12: spm_preproc_run (v7408)                     15:25:01 - 14/08/2024
========================================================================
Segment /scratch/radv/scaneva/brainageEuropad/EuroPAD_T1s/sub-EPAD03123831_ses-03_T1w.nii,1
Completed                               :          15:28:36 - 14/08/2024
14-Aug-2024 15:28:36 - Done    'Segment'
14-Aug-2024 15:28:36 - Running 'Run Dartel (existing Templates)'
*** rc1sub-EPAD03123831_ses-03_T1w ***
1 	368082	0	368082	287.274
2 	301371	12631.8	314003	94.2903
3 	294747	15358.8	310106	26.7785
4 	291092	7983.66	299075	113.76
5 	279578	15523.1	295102	32.2067
6 	278952	15893.7	294845	20.4842
7 	278276	8108.97	286385	97.596
8 	265899	16211.2	282110	31.9849
9 	265253	16477.5	281730	21.1241
10 	265377	8476.42	273854	91.2785
11 	251156	17554.5	268711	32.6854
12 	250222	17931.3	268153	21.8339
13 	251124	9305.03	260429	78.165
14 	237622	17723.9	255346	30.8639
15 	236414	18295.5	254709	21.1259
16 	236058	19043.9	255102	25.9537
17 	235567	19153.1	254720	18.5501
18 	235199	19443.9	254643	16.8207
14-Aug-2024 15:31:08 - Done    'Run Dartel (existing Templates)'
14-Aug-2024 15:31:08 - Running 'Normalise to MNI Space'

** "u_rc1sub-EPAD03123831_ses-03_T1w" **
c1sub-EPAD03123831_ses-03_T1w	1,1,1
c2sub-EPAD03123831_ses-03_T1w	1,1,1
c3sub-EPAD03123831_ses-03_T1w	1,1,1
14-Aug-2024 15:31:12 - Done    'Normalise to MNI Space'
14-Aug-2024 15:31:12 - Running 'Tissue Volumes'

Segmentation files:
	/scratch/radv/scaneva/brainageEuropad/EuroPAD_T1s/sub-EPAD03123831_ses-03_T1w_seg8.mat

Volumes (litres):
    0.5846    0.4257    0.3091

14-Aug-2024 15:32:13 - Done    'Tissue Volumes'
14-Aug-2024 15:32:13 - Done

/scratch/radv/scaneva/brainageEuropad/EuroPAD_T1s//c1sub-EPAD03123831_ses-03_T1w
/scratch/radv/scaneva/brainageEuropad/EuroPAD_T1s//c2sub-EPAD03123831_ses-03_T1w
/scratch/radv/scaneva/brainageEuropad/EuroPAD_T1s//c3sub-EPAD03123831_ses-03_T1w
/scratch/radv/scaneva/brainageEuropad/EuroPAD_T1s//smwc1sub-EPAD03123831_ses-03_T1w
/scratch/radv/scaneva/brainageEuropad/EuroPAD_T1s//smwc2sub-EPAD03123831_ses-03_T1w
/scratch/radv/scaneva/brainageEuropad/EuroPAD_T1s//smwc3sub-EPAD03123831_ses-03_T1w

Finished. To view, point your web browser at
file:/scratch/radv/scaneva/brainageEuropad/EuroPAD_T1s//slicesdir_sub-EPAD03123831_ses-03_T1w.nii/index.html
[1] "loading nifti data Wed Aug 14 15:32:22 2024"
[1]      1 615541
[1] "loading regression model Wed Aug 14 15:32:39 2024"
[1] "saving new results Wed Aug 14 15:32:40 2024"
rm: cannot remove '/home/radv/scaneva/my-scratch/brainageEuropad/EuroPAD_T1s/logs/sub-EPAD03123831_ses-03_T1w_log.txt': No such file or directory
