/scratch/radv/scaneva/brainageEuropad/EuroPAD_T1s/

                            < M A T L A B (R) >
                  Copyright 1984-2022 The MathWorks, Inc.
             R2022b Update 2 (9.13.0.2105380) 64-bit (glnxa64)
                              October 26, 2022

 
To get started, type doc.
For product information, visit www.mathworks.com.
 
[Warning: FSL toolbox not found:
/opt/aumc-apps/fsl/fsl-6.0.7.6/share/fsl/etc/matlab] 
[> In startup (line 82)
In run (line 91)
In matlabrc (line 54)] 

-----------------------------------------------------------------------------------------------------
MATLAB Version: 9.13.0.2105380 (R2022b) Update 2
MATLAB License Number: 1096141
Operating System: Linux 4.18.0-553.8.1.el8_10.x86_64 #1 SMP Fri Jun 14 03:19:37 EDT 2024 x86_64
Java Version: Java 1.8.0_202-b08 with Oracle Corporation Java HotSpot(TM) 64-Bit Server VM mixed mode
-----------------------------------------------------------------------------------------------------
MATLAB                                                Version 9.13        (R2022b)
Bioinformatics Toolbox                                Version 4.16.1      (R2022b)
Computer Vision Toolbox                               Version 10.3        (R2022b)
Curve Fitting Toolbox                                 Version 3.8         (R2022b)
Deep Learning Toolbox                                 Version 14.5        (R2022b)
Global Optimization Toolbox                           Version 4.8         (R2022b)
Image Processing Toolbox                              Version 11.6        (R2022b)
MATLAB Compiler                                       Version 8.5         (R2022b)
Optimization Toolbox                                  Version 9.4         (R2022b)
Parallel Computing Toolbox                            Version 7.7         (R2022b)
Signal Processing Toolbox                             Version 9.1         (R2022b)
Statistics and Machine Learning Toolbox               Version 12.4        (R2022b)
Wavelet Toolbox                                       Version 6.2         (R2022b)


------------------------------------------------------------------------
14-Aug-2024 14:45:59 - Running job #1
------------------------------------------------------------------------
14-Aug-2024 14:45:59 - Running 'Segment'

SPM12: spm_preproc_run (v7408)                     14:45:59 - 14/08/2024
========================================================================
Segment /scratch/radv/scaneva/brainageEuropad/EuroPAD_T1s/sub-EPAD03123848_ses-03_T1w.nii,1
Completed                               :          14:49:01 - 14/08/2024
14-Aug-2024 14:49:01 - Done    'Segment'
14-Aug-2024 14:49:02 - Running 'Run Dartel (existing Templates)'
*** rc1sub-EPAD03123848_ses-03_T1w ***
1 	413200	0	413200	329.875
2 	334853	15433.1	350286	108.976
3 	325780	18629.8	344410	42.9213
4 	326681	9778.05	336459	145.416
5 	308560	21553.5	330114	44.7004
6 	307312	22255.5	329567	28.2092
7 	312171	11415.2	323586	125.573
8 	292438	24071.1	316509	40.1619
9 	290918	24958	315876	24.218
10 	295208	12874.6	308083	111.142
11 	273716	26455	300171	40.8462
12 	271454	27747	299201	25.4577
13 	274582	14434.5	289017	93.6098
14 	254629	26715.9	281345	37.9062
15 	251955	28283.3	280238	22.7657
16 	251339	29496.4	280835	26.7934
17 	250342	29984.4	280326	18.7539
18 	249760	30406.1	280166	16.9405
14-Aug-2024 14:51:37 - Done    'Run Dartel (existing Templates)'
14-Aug-2024 14:51:37 - Running 'Normalise to MNI Space'

** "u_rc1sub-EPAD03123848_ses-03_T1w" **
c1sub-EPAD03123848_ses-03_T1w	1,1,1
c2sub-EPAD03123848_ses-03_T1w	1,1,1
c3sub-EPAD03123848_ses-03_T1w	1,1,1
14-Aug-2024 14:51:41 - Done    'Normalise to MNI Space'
14-Aug-2024 14:51:41 - Running 'Tissue Volumes'

Segmentation files:
	/scratch/radv/scaneva/brainageEuropad/EuroPAD_T1s/sub-EPAD03123848_ses-03_T1w_seg8.mat

Volumes (litres):
    0.6036    0.5353    0.2167

14-Aug-2024 14:52:43 - Done    'Tissue Volumes'
14-Aug-2024 14:52:43 - Done

/scratch/radv/scaneva/brainageEuropad/EuroPAD_T1s//c1sub-EPAD03123848_ses-03_T1w
/scratch/radv/scaneva/brainageEuropad/EuroPAD_T1s//c2sub-EPAD03123848_ses-03_T1w
/scratch/radv/scaneva/brainageEuropad/EuroPAD_T1s//c3sub-EPAD03123848_ses-03_T1w
/scratch/radv/scaneva/brainageEuropad/EuroPAD_T1s//smwc1sub-EPAD03123848_ses-03_T1w
/scratch/radv/scaneva/brainageEuropad/EuroPAD_T1s//smwc2sub-EPAD03123848_ses-03_T1w
/scratch/radv/scaneva/brainageEuropad/EuroPAD_T1s//smwc3sub-EPAD03123848_ses-03_T1w

Finished. To view, point your web browser at
file:/scratch/radv/scaneva/brainageEuropad/EuroPAD_T1s//slicesdir_sub-EPAD03123848_ses-03_T1w.nii/index.html
[1] "loading nifti data Wed Aug 14 14:52:52 2024"
[1]      1 615541
[1] "loading regression model Wed Aug 14 14:53:10 2024"
[1] "saving new results Wed Aug 14 14:53:11 2024"
rm: cannot remove '/home/radv/scaneva/my-scratch/brainageEuropad/EuroPAD_T1s/logs/sub-EPAD03123848_ses-03_T1w_log.txt': No such file or directory
