/scratch/radv/scaneva/brainageEuropad/EuroPAD_T1s/

                            < M A T L A B (R) >
                  Copyright 1984-2022 The MathWorks, Inc.
             R2022b Update 2 (9.13.0.2105380) 64-bit (glnxa64)
                              October 26, 2022

 
To get started, type doc.
For product information, visit www.mathworks.com.
 
[Warning: FSL toolbox not found:
/opt/aumc-apps/fsl/fsl-6.0.7.6/share/fsl/etc/matlab] 
[> In startup (line 82)
In run (line 91)
In matlabrc (line 54)] 

-----------------------------------------------------------------------------------------------------
MATLAB Version: 9.13.0.2105380 (R2022b) Update 2
MATLAB License Number: 1096141
Operating System: Linux 4.18.0-553.8.1.el8_10.x86_64 #1 SMP Fri Jun 14 03:19:37 EDT 2024 x86_64
Java Version: Java 1.8.0_202-b08 with Oracle Corporation Java HotSpot(TM) 64-Bit Server VM mixed mode
-----------------------------------------------------------------------------------------------------
MATLAB                                                Version 9.13        (R2022b)
Bioinformatics Toolbox                                Version 4.16.1      (R2022b)
Computer Vision Toolbox                               Version 10.3        (R2022b)
Curve Fitting Toolbox                                 Version 3.8         (R2022b)
Deep Learning Toolbox                                 Version 14.5        (R2022b)
Global Optimization Toolbox                           Version 4.8         (R2022b)
Image Processing Toolbox                              Version 11.6        (R2022b)
MATLAB Compiler                                       Version 8.5         (R2022b)
Optimization Toolbox                                  Version 9.4         (R2022b)
Parallel Computing Toolbox                            Version 7.7         (R2022b)
Signal Processing Toolbox                             Version 9.1         (R2022b)
Statistics and Machine Learning Toolbox               Version 12.4        (R2022b)
Wavelet Toolbox                                       Version 6.2         (R2022b)


------------------------------------------------------------------------
14-Aug-2024 15:35:56 - Running job #1
------------------------------------------------------------------------
14-Aug-2024 15:35:56 - Running 'Segment'

SPM12: spm_preproc_run (v7408)                     15:35:56 - 14/08/2024
========================================================================
Segment /scratch/radv/scaneva/brainageEuropad/EuroPAD_T1s/sub-EPAD04023793_ses-05_T1w.nii,1
Completed                               :          15:38:11 - 14/08/2024
14-Aug-2024 15:38:11 - Done    'Segment'
14-Aug-2024 15:38:11 - Running 'Run Dartel (existing Templates)'
*** rc1sub-EPAD04023793_ses-05_T1w ***
1 	507892	0	507892	350.489
2 	409209	21454	430663	130.12
3 	395666	25393.9	421060	59.1314
4 	399759	13649.5	413409	177.214
5 	366565	33838.9	400404	73.55
6 	361581	36706.8	398288	52.2755
7 	368946	19333	388279	163.436
8 	334465	39948.7	374414	65.5023
9 	330023	42286.3	372309	42.9372
10 	332573	22051.5	354624	131.202
11 	302444	40319.6	342764	53.9368
12 	299681	41257.4	340938	36.2537
13 	300304	21337.1	321641	96.7132
14 	279264	34113.5	313377	40.9706
15 	277176	34962.7	312139	28.1686
16 	276076	36171.3	312248	31.1174
17 	275572	36123.8	311696	24.1141
18 	274952	36556.3	311508	22.3646
14-Aug-2024 15:40:22 - Done    'Run Dartel (existing Templates)'
14-Aug-2024 15:40:22 - Running 'Normalise to MNI Space'

** "u_rc1sub-EPAD04023793_ses-05_T1w" **
c1sub-EPAD04023793_ses-05_T1w	1,1,1
c2sub-EPAD04023793_ses-05_T1w	1,1,1
c3sub-EPAD04023793_ses-05_T1w	1,1,1
14-Aug-2024 15:40:26 - Done    'Normalise to MNI Space'
14-Aug-2024 15:40:26 - Running 'Tissue Volumes'

Segmentation files:
	/scratch/radv/scaneva/brainageEuropad/EuroPAD_T1s/sub-EPAD04023793_ses-05_T1w_seg8.mat

Volumes (litres):
    0.6125    0.3452    0.4866

14-Aug-2024 15:41:19 - Done    'Tissue Volumes'
14-Aug-2024 15:41:19 - Done

/scratch/radv/scaneva/brainageEuropad/EuroPAD_T1s//c1sub-EPAD04023793_ses-05_T1w
/scratch/radv/scaneva/brainageEuropad/EuroPAD_T1s//c2sub-EPAD04023793_ses-05_T1w
/scratch/radv/scaneva/brainageEuropad/EuroPAD_T1s//c3sub-EPAD04023793_ses-05_T1w
/scratch/radv/scaneva/brainageEuropad/EuroPAD_T1s//smwc1sub-EPAD04023793_ses-05_T1w
/scratch/radv/scaneva/brainageEuropad/EuroPAD_T1s//smwc2sub-EPAD04023793_ses-05_T1w
/scratch/radv/scaneva/brainageEuropad/EuroPAD_T1s//smwc3sub-EPAD04023793_ses-05_T1w

Finished. To view, point your web browser at
file:/scratch/radv/scaneva/brainageEuropad/EuroPAD_T1s//slicesdir_sub-EPAD04023793_ses-05_T1w.nii/index.html
[1] "loading nifti data Wed Aug 14 15:41:27 2024"
[1]      1 615541
[1] "loading regression model Wed Aug 14 15:41:42 2024"
[1] "saving new results Wed Aug 14 15:41:43 2024"
rm: cannot remove '/home/radv/scaneva/my-scratch/brainageEuropad/EuroPAD_T1s/logs/sub-EPAD04023793_ses-05_T1w_log.txt': No such file or directory
