/scratch/radv/scaneva/brainageEuropad/EuroPAD_T1s/

                            < M A T L A B (R) >
                  Copyright 1984-2022 The MathWorks, Inc.
             R2022b Update 2 (9.13.0.2105380) 64-bit (glnxa64)
                              October 26, 2022

 
To get started, type doc.
For product information, visit www.mathworks.com.
 
[Warning: FSL toolbox not found:
/opt/aumc-apps/fsl/fsl-6.0.7.6/share/fsl/etc/matlab] 
[> In startup (line 82)
In run (line 91)
In matlabrc (line 54)] 

-----------------------------------------------------------------------------------------------------
MATLAB Version: 9.13.0.2105380 (R2022b) Update 2
MATLAB License Number: 1096141
Operating System: Linux 4.18.0-553.8.1.el8_10.x86_64 #1 SMP Fri Jun 14 03:19:37 EDT 2024 x86_64
Java Version: Java 1.8.0_202-b08 with Oracle Corporation Java HotSpot(TM) 64-Bit Server VM mixed mode
-----------------------------------------------------------------------------------------------------
MATLAB                                                Version 9.13        (R2022b)
Bioinformatics Toolbox                                Version 4.16.1      (R2022b)
Computer Vision Toolbox                               Version 10.3        (R2022b)
Curve Fitting Toolbox                                 Version 3.8         (R2022b)
Deep Learning Toolbox                                 Version 14.5        (R2022b)
Global Optimization Toolbox                           Version 4.8         (R2022b)
Image Processing Toolbox                              Version 11.6        (R2022b)
MATLAB Compiler                                       Version 8.5         (R2022b)
Optimization Toolbox                                  Version 9.4         (R2022b)
Parallel Computing Toolbox                            Version 7.7         (R2022b)
Signal Processing Toolbox                             Version 9.1         (R2022b)
Statistics and Machine Learning Toolbox               Version 12.4        (R2022b)
Wavelet Toolbox                                       Version 6.2         (R2022b)


------------------------------------------------------------------------
14-Aug-2024 16:04:03 - Running job #1
------------------------------------------------------------------------
14-Aug-2024 16:04:03 - Running 'Segment'

SPM12: spm_preproc_run (v7408)                     16:04:03 - 14/08/2024
========================================================================
Segment /scratch/radv/scaneva/brainageEuropad/EuroPAD_T1s/sub-EPAD05025242_ses-04_T1w.nii,1
Completed                               :          16:07:01 - 14/08/2024
14-Aug-2024 16:07:01 - Done    'Segment'
14-Aug-2024 16:07:01 - Running 'Run Dartel (existing Templates)'
*** rc1sub-EPAD05025242_ses-04_T1w ***
1 	369540	0	369540	272.76
2 	322054	12114.9	334168	78.354
3 	318919	13384.4	332303	22.1466
4 	315985	6847.74	322832	133.102
5 	300368	17103.1	317471	40.0165
6 	299891	17302.2	317194	26.101
7 	298625	8874.74	307500	114.925
8 	281875	19926.1	301801	37.2341
9 	281473	19957.8	301431	25.7142
10 	280575	10291.6	290867	101.932
11 	263329	21491.5	284821	37.9636
12 	262761	21536.9	284298	26.3135
13 	262619	11192.9	273812	82.7631
14 	247799	20669	268468	34.81
15 	246748	21090.8	267839	26.087
16 	246185	22037	268222	30.5902
17 	245895	21929.8	267824	24.3809
18 	245457	22300	267757	22.8458
14-Aug-2024 16:09:31 - Done    'Run Dartel (existing Templates)'
14-Aug-2024 16:09:31 - Running 'Normalise to MNI Space'

** "u_rc1sub-EPAD05025242_ses-04_T1w" **
c1sub-EPAD05025242_ses-04_T1w	1,1,1
c2sub-EPAD05025242_ses-04_T1w	1,1,1
c3sub-EPAD05025242_ses-04_T1w	1,1,1
14-Aug-2024 16:09:35 - Done    'Normalise to MNI Space'
14-Aug-2024 16:09:35 - Running 'Tissue Volumes'

Segmentation files:
	/scratch/radv/scaneva/brainageEuropad/EuroPAD_T1s/sub-EPAD05025242_ses-04_T1w_seg8.mat

Volumes (litres):
    0.5683    0.4160    0.4060

14-Aug-2024 16:10:34 - Done    'Tissue Volumes'
14-Aug-2024 16:10:34 - Done

/scratch/radv/scaneva/brainageEuropad/EuroPAD_T1s//c1sub-EPAD05025242_ses-04_T1w
/scratch/radv/scaneva/brainageEuropad/EuroPAD_T1s//c2sub-EPAD05025242_ses-04_T1w
/scratch/radv/scaneva/brainageEuropad/EuroPAD_T1s//c3sub-EPAD05025242_ses-04_T1w
/scratch/radv/scaneva/brainageEuropad/EuroPAD_T1s//smwc1sub-EPAD05025242_ses-04_T1w
/scratch/radv/scaneva/brainageEuropad/EuroPAD_T1s//smwc2sub-EPAD05025242_ses-04_T1w
/scratch/radv/scaneva/brainageEuropad/EuroPAD_T1s//smwc3sub-EPAD05025242_ses-04_T1w

Finished. To view, point your web browser at
file:/scratch/radv/scaneva/brainageEuropad/EuroPAD_T1s//slicesdir_sub-EPAD05025242_ses-04_T1w.nii/index.html
[1] "loading nifti data Wed Aug 14 16:10:43 2024"
[1]      1 615541
[1] "loading regression model Wed Aug 14 16:11:00 2024"
[1] "saving new results Wed Aug 14 16:11:01 2024"
rm: cannot remove '/home/radv/scaneva/my-scratch/brainageEuropad/EuroPAD_T1s/logs/sub-EPAD05025242_ses-04_T1w_log.txt': No such file or directory
