/scratch/radv/scaneva/brainageEuropad/EuroPAD_T1s/

                            < M A T L A B (R) >
                  Copyright 1984-2022 The MathWorks, Inc.
             R2022b Update 2 (9.13.0.2105380) 64-bit (glnxa64)
                              October 26, 2022

 
To get started, type doc.
For product information, visit www.mathworks.com.
 
[Warning: FSL toolbox not found:
/opt/aumc-apps/fsl/fsl-6.0.7.6/share/fsl/etc/matlab] 
[> In startup (line 82)
In run (line 91)
In matlabrc (line 54)] 

-----------------------------------------------------------------------------------------------------
MATLAB Version: 9.13.0.2105380 (R2022b) Update 2
MATLAB License Number: 1096141
Operating System: Linux 4.18.0-553.8.1.el8_10.x86_64 #1 SMP Fri Jun 14 03:19:37 EDT 2024 x86_64
Java Version: Java 1.8.0_202-b08 with Oracle Corporation Java HotSpot(TM) 64-Bit Server VM mixed mode
-----------------------------------------------------------------------------------------------------
MATLAB                                                Version 9.13        (R2022b)
Bioinformatics Toolbox                                Version 4.16.1      (R2022b)
Computer Vision Toolbox                               Version 10.3        (R2022b)
Curve Fitting Toolbox                                 Version 3.8         (R2022b)
Deep Learning Toolbox                                 Version 14.5        (R2022b)
Global Optimization Toolbox                           Version 4.8         (R2022b)
Image Processing Toolbox                              Version 11.6        (R2022b)
MATLAB Compiler                                       Version 8.5         (R2022b)
Optimization Toolbox                                  Version 9.4         (R2022b)
Parallel Computing Toolbox                            Version 7.7         (R2022b)
Signal Processing Toolbox                             Version 9.1         (R2022b)
Statistics and Machine Learning Toolbox               Version 12.4        (R2022b)
Wavelet Toolbox                                       Version 6.2         (R2022b)


------------------------------------------------------------------------
14-Aug-2024 13:33:59 - Running job #1
------------------------------------------------------------------------
14-Aug-2024 13:33:59 - Running 'Segment'

SPM12: spm_preproc_run (v7408)                     13:33:59 - 14/08/2024
========================================================================
Segment /scratch/radv/scaneva/brainageEuropad/EuroPAD_T1s/sub-EPAD01023661_ses-02_T1w.nii,1
Completed                               :          13:38:14 - 14/08/2024
14-Aug-2024 13:38:14 - Done    'Segment'
14-Aug-2024 13:38:14 - Running 'Run Dartel (existing Templates)'
*** rc1sub-EPAD01023661_ses-02_T1w ***
1 	389142	0	389142	322.505
2 	304509	16860.5	321370	113.586
3 	296531	18857.9	315388	33.4374
4 	291150	9793.4	300944	128.791
5 	275677	19657.5	295335	39.9628
6 	274775	20116	294891	26.047
7 	272494	10286.6	282780	107.832
8 	257745	19700.8	277446	33.9305
9 	257077	19985.6	277063	21.476
10 	255287	10229.9	265517	93.1035
11 	240609	19582.7	260192	32.0533
12 	239815	19907.6	259722	21.1767
13 	239381	10280.5	249661	77.2346
14 	226462	18276	244738	29.3229
15 	225241	18924.6	244165	20.6353
16 	225079	19650.4	244729	25.985
17 	224538	19798	244336	18.489
18 	224200	20057	244257	16.397
14-Aug-2024 13:40:47 - Done    'Run Dartel (existing Templates)'
14-Aug-2024 13:40:47 - Running 'Normalise to MNI Space'

** "u_rc1sub-EPAD01023661_ses-02_T1w" **
c1sub-EPAD01023661_ses-02_T1w	1,1,1
c2sub-EPAD01023661_ses-02_T1w	1,1,1
c3sub-EPAD01023661_ses-02_T1w	1,1,1
14-Aug-2024 13:40:51 - Done    'Normalise to MNI Space'
14-Aug-2024 13:40:51 - Running 'Tissue Volumes'

Segmentation files:
	/scratch/radv/scaneva/brainageEuropad/EuroPAD_T1s/sub-EPAD01023661_ses-02_T1w_seg8.mat

Volumes (litres):
    0.6455    0.4454    0.3408

14-Aug-2024 13:41:56 - Done    'Tissue Volumes'
14-Aug-2024 13:41:56 - Done

/scratch/radv/scaneva/brainageEuropad/EuroPAD_T1s//c1sub-EPAD01023661_ses-02_T1w
/scratch/radv/scaneva/brainageEuropad/EuroPAD_T1s//c2sub-EPAD01023661_ses-02_T1w
/scratch/radv/scaneva/brainageEuropad/EuroPAD_T1s//c3sub-EPAD01023661_ses-02_T1w
/scratch/radv/scaneva/brainageEuropad/EuroPAD_T1s//smwc1sub-EPAD01023661_ses-02_T1w
/scratch/radv/scaneva/brainageEuropad/EuroPAD_T1s//smwc2sub-EPAD01023661_ses-02_T1w
/scratch/radv/scaneva/brainageEuropad/EuroPAD_T1s//smwc3sub-EPAD01023661_ses-02_T1w

Finished. To view, point your web browser at
file:/scratch/radv/scaneva/brainageEuropad/EuroPAD_T1s//slicesdir_sub-EPAD01023661_ses-02_T1w.nii/index.html
[1] "loading nifti data Wed Aug 14 13:42:05 2024"
[1]      1 615541
[1] "loading regression model Wed Aug 14 13:42:23 2024"
[1] "saving new results Wed Aug 14 13:42:24 2024"
rm: cannot remove '/home/radv/scaneva/my-scratch/brainageEuropad/EuroPAD_T1s/logs/sub-EPAD01023661_ses-02_T1w_log.txt': No such file or directory
