/scratch/radv/scaneva/brainageEuropad/EuroPAD_T1s/

                            < M A T L A B (R) >
                  Copyright 1984-2022 The MathWorks, Inc.
             R2022b Update 2 (9.13.0.2105380) 64-bit (glnxa64)
                              October 26, 2022

 
To get started, type doc.
For product information, visit www.mathworks.com.
 
[Warning: FSL toolbox not found:
/opt/aumc-apps/fsl/fsl-6.0.7.6/share/fsl/etc/matlab] 
[> In startup (line 82)
In run (line 91)
In matlabrc (line 54)] 

-----------------------------------------------------------------------------------------------------
MATLAB Version: 9.13.0.2105380 (R2022b) Update 2
MATLAB License Number: 1096141
Operating System: Linux 4.18.0-553.8.1.el8_10.x86_64 #1 SMP Fri Jun 14 03:19:37 EDT 2024 x86_64
Java Version: Java 1.8.0_202-b08 with Oracle Corporation Java HotSpot(TM) 64-Bit Server VM mixed mode
-----------------------------------------------------------------------------------------------------
MATLAB                                                Version 9.13        (R2022b)
Bioinformatics Toolbox                                Version 4.16.1      (R2022b)
Computer Vision Toolbox                               Version 10.3        (R2022b)
Curve Fitting Toolbox                                 Version 3.8         (R2022b)
Deep Learning Toolbox                                 Version 14.5        (R2022b)
Global Optimization Toolbox                           Version 4.8         (R2022b)
Image Processing Toolbox                              Version 11.6        (R2022b)
MATLAB Compiler                                       Version 8.5         (R2022b)
Optimization Toolbox                                  Version 9.4         (R2022b)
Parallel Computing Toolbox                            Version 7.7         (R2022b)
Signal Processing Toolbox                             Version 9.1         (R2022b)
Statistics and Machine Learning Toolbox               Version 12.4        (R2022b)
Wavelet Toolbox                                       Version 6.2         (R2022b)


------------------------------------------------------------------------
14-Aug-2024 13:51:55 - Running job #1
------------------------------------------------------------------------
14-Aug-2024 13:51:55 - Running 'Segment'

SPM12: spm_preproc_run (v7408)                     13:51:55 - 14/08/2024
========================================================================
Segment /scratch/radv/scaneva/brainageEuropad/EuroPAD_T1s/sub-EPAD02023951_ses-03_T1w.nii,1
Completed                               :          13:55:33 - 14/08/2024
14-Aug-2024 13:55:33 - Done    'Segment'
14-Aug-2024 13:55:34 - Running 'Run Dartel (existing Templates)'
*** rc1sub-EPAD02023951_ses-03_T1w ***
1 	605248	0	605248	429.419
2 	391739	33674.4	425413	225.084
3 	368349	36714.1	405063	54.951
4 	364890	18864.5	383755	147.912
5 	343021	32657	375678	46.7916
6 	342299	32744.7	375044	30.7825
7 	344050	16679	360729	126.672
8 	323674	29274.7	352948	40.1269
9 	322903	29404.6	352308	26.1254
10 	323987	15033.7	339021	106.059
11 	303707	27710.7	331418	39.3313
12 	302519	28082.7	330602	27.0385
13 	303965	14599.3	318564	86.4051
14 	286384	25360.9	311745	36.3643
15 	284475	26407.6	310883	24.8051
16 	283981	27578.9	311560	29.8819
17 	283273	27802	311075	21.8455
18 	282826	28147.8	310973	20.9317
14-Aug-2024 13:58:02 - Done    'Run Dartel (existing Templates)'
14-Aug-2024 13:58:02 - Running 'Normalise to MNI Space'

** "u_rc1sub-EPAD02023951_ses-03_T1w" **
c1sub-EPAD02023951_ses-03_T1w	1,1,1
c2sub-EPAD02023951_ses-03_T1w	1,1,1
c3sub-EPAD02023951_ses-03_T1w	1,1,1
14-Aug-2024 13:58:06 - Done    'Normalise to MNI Space'
14-Aug-2024 13:58:06 - Running 'Tissue Volumes'

Segmentation files:
	/scratch/radv/scaneva/brainageEuropad/EuroPAD_T1s/sub-EPAD02023951_ses-03_T1w_seg8.mat

Volumes (litres):
    0.6477    0.4801    0.4332

14-Aug-2024 13:59:08 - Done    'Tissue Volumes'
14-Aug-2024 13:59:08 - Done

/scratch/radv/scaneva/brainageEuropad/EuroPAD_T1s//c1sub-EPAD02023951_ses-03_T1w
/scratch/radv/scaneva/brainageEuropad/EuroPAD_T1s//c2sub-EPAD02023951_ses-03_T1w
/scratch/radv/scaneva/brainageEuropad/EuroPAD_T1s//c3sub-EPAD02023951_ses-03_T1w
/scratch/radv/scaneva/brainageEuropad/EuroPAD_T1s//smwc1sub-EPAD02023951_ses-03_T1w
/scratch/radv/scaneva/brainageEuropad/EuroPAD_T1s//smwc2sub-EPAD02023951_ses-03_T1w
/scratch/radv/scaneva/brainageEuropad/EuroPAD_T1s//smwc3sub-EPAD02023951_ses-03_T1w

Finished. To view, point your web browser at
file:/scratch/radv/scaneva/brainageEuropad/EuroPAD_T1s//slicesdir_sub-EPAD02023951_ses-03_T1w.nii/index.html
[1] "loading nifti data Wed Aug 14 13:59:17 2024"
[1]      1 615541
[1] "loading regression model Wed Aug 14 13:59:34 2024"
[1] "saving new results Wed Aug 14 13:59:35 2024"
rm: cannot remove '/home/radv/scaneva/my-scratch/brainageEuropad/EuroPAD_T1s/logs/sub-EPAD02023951_ses-03_T1w_log.txt': No such file or directory
