/scratch/radv/scaneva/brainageEuropad/EuroPAD_T1s/

                            < M A T L A B (R) >
                  Copyright 1984-2022 The MathWorks, Inc.
             R2022b Update 2 (9.13.0.2105380) 64-bit (glnxa64)
                              October 26, 2022

 
To get started, type doc.
For product information, visit www.mathworks.com.
 
[Warning: FSL toolbox not found:
/opt/aumc-apps/fsl/fsl-6.0.7.6/share/fsl/etc/matlab] 
[> In startup (line 82)
In run (line 91)
In matlabrc (line 54)] 

-----------------------------------------------------------------------------------------------------
MATLAB Version: 9.13.0.2105380 (R2022b) Update 2
MATLAB License Number: 1096141
Operating System: Linux 4.18.0-553.8.1.el8_10.x86_64 #1 SMP Fri Jun 14 03:19:37 EDT 2024 x86_64
Java Version: Java 1.8.0_202-b08 with Oracle Corporation Java HotSpot(TM) 64-Bit Server VM mixed mode
-----------------------------------------------------------------------------------------------------
MATLAB                                                Version 9.13        (R2022b)
Bioinformatics Toolbox                                Version 4.16.1      (R2022b)
Computer Vision Toolbox                               Version 10.3        (R2022b)
Curve Fitting Toolbox                                 Version 3.8         (R2022b)
Deep Learning Toolbox                                 Version 14.5        (R2022b)
Global Optimization Toolbox                           Version 4.8         (R2022b)
Image Processing Toolbox                              Version 11.6        (R2022b)
MATLAB Compiler                                       Version 8.5         (R2022b)
Optimization Toolbox                                  Version 9.4         (R2022b)
Parallel Computing Toolbox                            Version 7.7         (R2022b)
Signal Processing Toolbox                             Version 9.1         (R2022b)
Statistics and Machine Learning Toolbox               Version 12.4        (R2022b)
Wavelet Toolbox                                       Version 6.2         (R2022b)


------------------------------------------------------------------------
14-Aug-2024 13:32:57 - Running job #1
------------------------------------------------------------------------
14-Aug-2024 13:32:57 - Running 'Segment'

SPM12: spm_preproc_run (v7408)                     13:32:57 - 14/08/2024
========================================================================
Segment /scratch/radv/scaneva/brainageEuropad/EuroPAD_T1s/sub-EPAD01524704_ses-03_T1w.nii,1
Completed                               :          13:36:18 - 14/08/2024
14-Aug-2024 13:36:18 - Done    'Segment'
14-Aug-2024 13:36:18 - Running 'Run Dartel (existing Templates)'
*** rc1sub-EPAD01524704_ses-03_T1w ***
1 	459334	0	459334	342.727
2 	364633	20522.2	385155	131.516
3 	346254	27375.4	373629	60.7374
4 	348612	15018.4	363631	167.504
5 	317823	33862.1	351686	69.4305
6 	312406	37345.2	349751	47.4714
7 	317727	19634.5	337362	150.898
8 	287316	37798	325114	63.8138
9 	282844	40321.6	323166	39.3936
10 	284290	21010.9	305301	120.333
11 	259665	35890.1	295555	49.8415
12 	257434	36712.3	294146	30.3845
13 	258064	18944.2	277008	87.6399
14 	241626	28928.4	270554	36.2908
15 	239943	29664.6	269607	24.3776
16 	239389	30546.7	269936	28.8526
17 	238736	30666.5	269402	21.1474
18 	238221	30992.7	269214	19.4453
14-Aug-2024 13:38:49 - Done    'Run Dartel (existing Templates)'
14-Aug-2024 13:38:49 - Running 'Normalise to MNI Space'

** "u_rc1sub-EPAD01524704_ses-03_T1w" **
c1sub-EPAD01524704_ses-03_T1w	1,1,1
c2sub-EPAD01524704_ses-03_T1w	1,1,1
c3sub-EPAD01524704_ses-03_T1w	1,1,1
14-Aug-2024 13:38:53 - Done    'Normalise to MNI Space'
14-Aug-2024 13:38:53 - Running 'Tissue Volumes'

Segmentation files:
	/scratch/radv/scaneva/brainageEuropad/EuroPAD_T1s/sub-EPAD01524704_ses-03_T1w_seg8.mat

Volumes (litres):
    0.5986    0.3302    0.3736

14-Aug-2024 13:39:53 - Done    'Tissue Volumes'
14-Aug-2024 13:39:53 - Done

/scratch/radv/scaneva/brainageEuropad/EuroPAD_T1s//c1sub-EPAD01524704_ses-03_T1w
/scratch/radv/scaneva/brainageEuropad/EuroPAD_T1s//c2sub-EPAD01524704_ses-03_T1w
/scratch/radv/scaneva/brainageEuropad/EuroPAD_T1s//c3sub-EPAD01524704_ses-03_T1w
/scratch/radv/scaneva/brainageEuropad/EuroPAD_T1s//smwc1sub-EPAD01524704_ses-03_T1w
/scratch/radv/scaneva/brainageEuropad/EuroPAD_T1s//smwc2sub-EPAD01524704_ses-03_T1w
/scratch/radv/scaneva/brainageEuropad/EuroPAD_T1s//smwc3sub-EPAD01524704_ses-03_T1w

Finished. To view, point your web browser at
file:/scratch/radv/scaneva/brainageEuropad/EuroPAD_T1s//slicesdir_sub-EPAD01524704_ses-03_T1w.nii/index.html
[1] "loading nifti data Wed Aug 14 13:40:02 2024"
[1]      1 615541
[1] "loading regression model Wed Aug 14 13:40:20 2024"
[1] "saving new results Wed Aug 14 13:40:21 2024"
rm: cannot remove '/home/radv/scaneva/my-scratch/brainageEuropad/EuroPAD_T1s/logs/sub-EPAD01524704_ses-03_T1w_log.txt': No such file or directory
