/scratch/radv/scaneva/brainageEuropad/EuroPAD_T1s/

                            < M A T L A B (R) >
                  Copyright 1984-2022 The MathWorks, Inc.
             R2022b Update 2 (9.13.0.2105380) 64-bit (glnxa64)
                              October 26, 2022

 
To get started, type doc.
For product information, visit www.mathworks.com.
 
[Warning: FSL toolbox not found:
/opt/aumc-apps/fsl/fsl-6.0.7.6/share/fsl/etc/matlab] 
[> In startup (line 82)
In run (line 91)
In matlabrc (line 54)] 

-----------------------------------------------------------------------------------------------------
MATLAB Version: 9.13.0.2105380 (R2022b) Update 2
MATLAB License Number: 1096141
Operating System: Linux 4.18.0-553.8.1.el8_10.x86_64 #1 SMP Fri Jun 14 03:19:37 EDT 2024 x86_64
Java Version: Java 1.8.0_202-b08 with Oracle Corporation Java HotSpot(TM) 64-Bit Server VM mixed mode
-----------------------------------------------------------------------------------------------------
MATLAB                                                Version 9.13        (R2022b)
Bioinformatics Toolbox                                Version 4.16.1      (R2022b)
Computer Vision Toolbox                               Version 10.3        (R2022b)
Curve Fitting Toolbox                                 Version 3.8         (R2022b)
Deep Learning Toolbox                                 Version 14.5        (R2022b)
Global Optimization Toolbox                           Version 4.8         (R2022b)
Image Processing Toolbox                              Version 11.6        (R2022b)
MATLAB Compiler                                       Version 8.5         (R2022b)
Optimization Toolbox                                  Version 9.4         (R2022b)
Parallel Computing Toolbox                            Version 7.7         (R2022b)
Signal Processing Toolbox                             Version 9.1         (R2022b)
Statistics and Machine Learning Toolbox               Version 12.4        (R2022b)
Wavelet Toolbox                                       Version 6.2         (R2022b)


------------------------------------------------------------------------
14-Aug-2024 14:58:57 - Running job #1
------------------------------------------------------------------------
14-Aug-2024 14:58:58 - Running 'Segment'

SPM12: spm_preproc_run (v7408)                     14:58:58 - 14/08/2024
========================================================================
Segment /scratch/radv/scaneva/brainageEuropad/EuroPAD_T1s/sub-EPAD03123807_ses-03_T1w.nii,1
Completed                               :          15:02:21 - 14/08/2024
14-Aug-2024 15:02:21 - Done    'Segment'
14-Aug-2024 15:02:21 - Running 'Run Dartel (existing Templates)'
*** rc1sub-EPAD03123807_ses-03_T1w ***
1 	478182	0	478182	356.59
2 	376869	22560.5	399430	141.511
3 	365541	25782.4	391323	54.2327
4 	366158	13971.8	380130	168.714
5 	337814	31159.6	368974	63.3318
6 	334478	33063.7	367542	42.4875
7 	338663	17133.4	355796	148.586
8 	311683	33403.2	345086	55.168
9 	309191	34481.9	343673	34.3571
10 	310386	17713	328099	118.022
11 	287103	32018.5	319121	43.466
12 	285571	32429.7	318000	27.1541
13 	285966	16694.4	302661	88.5733
14 	268705	27327.4	296033	34.5686
15 	267014	28121.9	295136	21.8436
16 	266434	29084.4	295518	27.6409
17 	265882	29110.1	294992	19.1407
18 	265382	29425.9	294808	18.1078
14-Aug-2024 15:04:56 - Done    'Run Dartel (existing Templates)'
14-Aug-2024 15:04:57 - Running 'Normalise to MNI Space'

** "u_rc1sub-EPAD03123807_ses-03_T1w" **
c1sub-EPAD03123807_ses-03_T1w	1,1,1
c2sub-EPAD03123807_ses-03_T1w	1,1,1
c3sub-EPAD03123807_ses-03_T1w	1,1,1
14-Aug-2024 15:05:01 - Done    'Normalise to MNI Space'
14-Aug-2024 15:05:01 - Running 'Tissue Volumes'

Segmentation files:
	/scratch/radv/scaneva/brainageEuropad/EuroPAD_T1s/sub-EPAD03123807_ses-03_T1w_seg8.mat

Volumes (litres):
    0.6246    0.4335    0.4405

14-Aug-2024 15:06:01 - Done    'Tissue Volumes'
14-Aug-2024 15:06:01 - Done

/scratch/radv/scaneva/brainageEuropad/EuroPAD_T1s//c1sub-EPAD03123807_ses-03_T1w
/scratch/radv/scaneva/brainageEuropad/EuroPAD_T1s//c2sub-EPAD03123807_ses-03_T1w
/scratch/radv/scaneva/brainageEuropad/EuroPAD_T1s//c3sub-EPAD03123807_ses-03_T1w
/scratch/radv/scaneva/brainageEuropad/EuroPAD_T1s//smwc1sub-EPAD03123807_ses-03_T1w
/scratch/radv/scaneva/brainageEuropad/EuroPAD_T1s//smwc2sub-EPAD03123807_ses-03_T1w
/scratch/radv/scaneva/brainageEuropad/EuroPAD_T1s//smwc3sub-EPAD03123807_ses-03_T1w

Finished. To view, point your web browser at
file:/scratch/radv/scaneva/brainageEuropad/EuroPAD_T1s//slicesdir_sub-EPAD03123807_ses-03_T1w.nii/index.html
[1] "loading nifti data Wed Aug 14 15:06:10 2024"
[1]      1 615541
[1] "loading regression model Wed Aug 14 15:06:28 2024"
[1] "saving new results Wed Aug 14 15:06:29 2024"
rm: cannot remove '/home/radv/scaneva/my-scratch/brainageEuropad/EuroPAD_T1s/logs/sub-EPAD03123807_ses-03_T1w_log.txt': No such file or directory
