/scratch/radv/scaneva/brainageEuropad/EuroPAD_T1s/

                            < M A T L A B (R) >
                  Copyright 1984-2022 The MathWorks, Inc.
             R2022b Update 2 (9.13.0.2105380) 64-bit (glnxa64)
                              October 26, 2022

 
To get started, type doc.
For product information, visit www.mathworks.com.
 
[Warning: FSL toolbox not found:
/opt/aumc-apps/fsl/fsl-6.0.7.6/share/fsl/etc/matlab] 
[> In startup (line 82)
In run (line 91)
In matlabrc (line 54)] 

-----------------------------------------------------------------------------------------------------
MATLAB Version: 9.13.0.2105380 (R2022b) Update 2
MATLAB License Number: 1096141
Operating System: Linux 4.18.0-553.8.1.el8_10.x86_64 #1 SMP Fri Jun 14 03:19:37 EDT 2024 x86_64
Java Version: Java 1.8.0_202-b08 with Oracle Corporation Java HotSpot(TM) 64-Bit Server VM mixed mode
-----------------------------------------------------------------------------------------------------
MATLAB                                                Version 9.13        (R2022b)
Bioinformatics Toolbox                                Version 4.16.1      (R2022b)
Computer Vision Toolbox                               Version 10.3        (R2022b)
Curve Fitting Toolbox                                 Version 3.8         (R2022b)
Deep Learning Toolbox                                 Version 14.5        (R2022b)
Global Optimization Toolbox                           Version 4.8         (R2022b)
Image Processing Toolbox                              Version 11.6        (R2022b)
MATLAB Compiler                                       Version 8.5         (R2022b)
Optimization Toolbox                                  Version 9.4         (R2022b)
Parallel Computing Toolbox                            Version 7.7         (R2022b)
Signal Processing Toolbox                             Version 9.1         (R2022b)
Statistics and Machine Learning Toolbox               Version 12.4        (R2022b)
Wavelet Toolbox                                       Version 6.2         (R2022b)


------------------------------------------------------------------------
14-Aug-2024 15:43:00 - Running job #1
------------------------------------------------------------------------
14-Aug-2024 15:43:00 - Running 'Segment'

SPM12: spm_preproc_run (v7408)                     15:43:00 - 14/08/2024
========================================================================
Segment /scratch/radv/scaneva/brainageEuropad/EuroPAD_T1s/sub-EPAD04024383_ses-04_T1w.nii,1
Completed                               :          15:45:46 - 14/08/2024
14-Aug-2024 15:45:46 - Done    'Segment'
14-Aug-2024 15:45:46 - Running 'Run Dartel (existing Templates)'
*** rc1sub-EPAD04024383_ses-04_T1w ***
1 	401003	0	401003	332.252
2 	301227	16802.1	318029	114.832
3 	289395	21216.9	310612	31.119
4 	284293	11136.8	295430	118.833
5 	270228	20164.2	290392	35.6632
6 	269392	20656	290048	21.466
7 	267761	10505.6	278267	96.2604
8 	254879	18843	273722	30.4029
9 	254236	19188.5	273425	19.2196
10 	253415	9825.33	263240	85.4656
11 	240034	18356.7	258390	30.5089
12 	239190	18748.9	257939	20.4197
13 	239613	9704.32	249318	73.2457
14 	227160	17364.4	244524	28.6868
15 	225951	18020.1	243971	19.8125
16 	225708	18739.8	244448	24.9591
17 	225215	18866.5	244082	18.3087
18 	224857	19152	244009	17.1439
14-Aug-2024 15:48:13 - Done    'Run Dartel (existing Templates)'
14-Aug-2024 15:48:13 - Running 'Normalise to MNI Space'

** "u_rc1sub-EPAD04024383_ses-04_T1w" **
c1sub-EPAD04024383_ses-04_T1w	1,1,1
c2sub-EPAD04024383_ses-04_T1w	1,1,1
c3sub-EPAD04024383_ses-04_T1w	1,1,1
14-Aug-2024 15:48:17 - Done    'Normalise to MNI Space'
14-Aug-2024 15:48:17 - Running 'Tissue Volumes'

Segmentation files:
	/scratch/radv/scaneva/brainageEuropad/EuroPAD_T1s/sub-EPAD04024383_ses-04_T1w_seg8.mat

Volumes (litres):
    0.5680    0.4211    0.2864

14-Aug-2024 15:49:17 - Done    'Tissue Volumes'
14-Aug-2024 15:49:17 - Done

/scratch/radv/scaneva/brainageEuropad/EuroPAD_T1s//c1sub-EPAD04024383_ses-04_T1w
/scratch/radv/scaneva/brainageEuropad/EuroPAD_T1s//c2sub-EPAD04024383_ses-04_T1w
/scratch/radv/scaneva/brainageEuropad/EuroPAD_T1s//c3sub-EPAD04024383_ses-04_T1w
/scratch/radv/scaneva/brainageEuropad/EuroPAD_T1s//smwc1sub-EPAD04024383_ses-04_T1w
/scratch/radv/scaneva/brainageEuropad/EuroPAD_T1s//smwc2sub-EPAD04024383_ses-04_T1w
/scratch/radv/scaneva/brainageEuropad/EuroPAD_T1s//smwc3sub-EPAD04024383_ses-04_T1w

Finished. To view, point your web browser at
file:/scratch/radv/scaneva/brainageEuropad/EuroPAD_T1s//slicesdir_sub-EPAD04024383_ses-04_T1w.nii/index.html
[1] "loading nifti data Wed Aug 14 15:49:25 2024"
[1]      1 615541
[1] "loading regression model Wed Aug 14 15:49:43 2024"
[1] "saving new results Wed Aug 14 15:49:44 2024"
rm: cannot remove '/home/radv/scaneva/my-scratch/brainageEuropad/EuroPAD_T1s/logs/sub-EPAD04024383_ses-04_T1w_log.txt': No such file or directory
