/scratch/radv/scaneva/brainageEuropad/EuroPAD_T1s/

                            < M A T L A B (R) >
                  Copyright 1984-2022 The MathWorks, Inc.
             R2022b Update 2 (9.13.0.2105380) 64-bit (glnxa64)
                              October 26, 2022

 
To get started, type doc.
For product information, visit www.mathworks.com.
 
[Warning: FSL toolbox not found:
/opt/aumc-apps/fsl/fsl-6.0.7.6/share/fsl/etc/matlab] 
[> In startup (line 82)
In run (line 91)
In matlabrc (line 54)] 

-----------------------------------------------------------------------------------------------------
MATLAB Version: 9.13.0.2105380 (R2022b) Update 2
MATLAB License Number: 1096141
Operating System: Linux 4.18.0-553.8.1.el8_10.x86_64 #1 SMP Fri Jun 14 03:19:37 EDT 2024 x86_64
Java Version: Java 1.8.0_202-b08 with Oracle Corporation Java HotSpot(TM) 64-Bit Server VM mixed mode
-----------------------------------------------------------------------------------------------------
MATLAB                                                Version 9.13        (R2022b)
Bioinformatics Toolbox                                Version 4.16.1      (R2022b)
Computer Vision Toolbox                               Version 10.3        (R2022b)
Curve Fitting Toolbox                                 Version 3.8         (R2022b)
Deep Learning Toolbox                                 Version 14.5        (R2022b)
Global Optimization Toolbox                           Version 4.8         (R2022b)
Image Processing Toolbox                              Version 11.6        (R2022b)
MATLAB Compiler                                       Version 8.5         (R2022b)
Optimization Toolbox                                  Version 9.4         (R2022b)
Parallel Computing Toolbox                            Version 7.7         (R2022b)
Signal Processing Toolbox                             Version 9.1         (R2022b)
Statistics and Machine Learning Toolbox               Version 12.4        (R2022b)
Wavelet Toolbox                                       Version 6.2         (R2022b)


------------------------------------------------------------------------
14-Aug-2024 13:40:58 - Running job #1
------------------------------------------------------------------------
14-Aug-2024 13:40:58 - Running 'Segment'

SPM12: spm_preproc_run (v7408)                     13:40:59 - 14/08/2024
========================================================================
Segment /scratch/radv/scaneva/brainageEuropad/EuroPAD_T1s/sub-EPAD02023491_ses-03_T1w.nii,1
Completed                               :          13:43:39 - 14/08/2024
14-Aug-2024 13:43:39 - Done    'Segment'
14-Aug-2024 13:43:40 - Running 'Run Dartel (existing Templates)'
*** rc1sub-EPAD02023491_ses-03_T1w ***
1 	348511	0	348511	275.923
2 	296313	11393.9	307707	80.1645
3 	293085	12473.2	305558	24.5563
4 	289194	6316.81	295511	117.568
5 	276687	14456.4	291143	34.6484
6 	275964	14816.4	290781	21.4923
7 	274348	7597.36	281945	101.057
8 	260530	16501.8	277032	31.6068
9 	259932	16725.5	276658	20.0614
10 	259086	8613.52	267700	92.5994
11 	244264	18042.8	262306	32.3132
12 	243404	18381.4	261785	20.7509
13 	243621	9546.53	253168	78.5787
14 	230103	17890.8	247994	29.366
15 	228813	18590	247403	19.8246
16 	228640	19325.2	247966	25.0237
17 	228058	19558.1	247616	17.4139
18 	227730	19812.6	247542	15.464
14-Aug-2024 13:46:28 - Done    'Run Dartel (existing Templates)'
14-Aug-2024 13:46:28 - Running 'Normalise to MNI Space'

** "u_rc1sub-EPAD02023491_ses-03_T1w" **
c1sub-EPAD02023491_ses-03_T1w	1,1,1
c2sub-EPAD02023491_ses-03_T1w	1,1,1
c3sub-EPAD02023491_ses-03_T1w	1,1,1
14-Aug-2024 13:46:32 - Done    'Normalise to MNI Space'
14-Aug-2024 13:46:32 - Running 'Tissue Volumes'

Segmentation files:
	/scratch/radv/scaneva/brainageEuropad/EuroPAD_T1s/sub-EPAD02023491_ses-03_T1w_seg8.mat

Volumes (litres):
    0.6680    0.4606    0.2851

14-Aug-2024 13:47:33 - Done    'Tissue Volumes'
14-Aug-2024 13:47:33 - Done

/scratch/radv/scaneva/brainageEuropad/EuroPAD_T1s//c1sub-EPAD02023491_ses-03_T1w
/scratch/radv/scaneva/brainageEuropad/EuroPAD_T1s//c2sub-EPAD02023491_ses-03_T1w
/scratch/radv/scaneva/brainageEuropad/EuroPAD_T1s//c3sub-EPAD02023491_ses-03_T1w
/scratch/radv/scaneva/brainageEuropad/EuroPAD_T1s//smwc1sub-EPAD02023491_ses-03_T1w
/scratch/radv/scaneva/brainageEuropad/EuroPAD_T1s//smwc2sub-EPAD02023491_ses-03_T1w
/scratch/radv/scaneva/brainageEuropad/EuroPAD_T1s//smwc3sub-EPAD02023491_ses-03_T1w

Finished. To view, point your web browser at
file:/scratch/radv/scaneva/brainageEuropad/EuroPAD_T1s//slicesdir_sub-EPAD02023491_ses-03_T1w.nii/index.html
[1] "loading nifti data Wed Aug 14 13:47:43 2024"
[1]      1 615541
[1] "loading regression model Wed Aug 14 13:48:01 2024"
[1] "saving new results Wed Aug 14 13:48:02 2024"
rm: cannot remove '/home/radv/scaneva/my-scratch/brainageEuropad/EuroPAD_T1s/logs/sub-EPAD02023491_ses-03_T1w_log.txt': No such file or directory
