/scratch/radv/scaneva/brainageEuropad/EuroPAD_T1s/

                            < M A T L A B (R) >
                  Copyright 1984-2022 The MathWorks, Inc.
             R2022b Update 2 (9.13.0.2105380) 64-bit (glnxa64)
                              October 26, 2022

 
To get started, type doc.
For product information, visit www.mathworks.com.
 
[Warning: FSL toolbox not found:
/opt/aumc-apps/fsl/fsl-6.0.7.6/share/fsl/etc/matlab] 
[> In startup (line 82)
In run (line 91)
In matlabrc (line 54)] 

-----------------------------------------------------------------------------------------------------
MATLAB Version: 9.13.0.2105380 (R2022b) Update 2
MATLAB License Number: 1096141
Operating System: Linux 4.18.0-553.8.1.el8_10.x86_64 #1 SMP Fri Jun 14 03:19:37 EDT 2024 x86_64
Java Version: Java 1.8.0_202-b08 with Oracle Corporation Java HotSpot(TM) 64-Bit Server VM mixed mode
-----------------------------------------------------------------------------------------------------
MATLAB                                                Version 9.13        (R2022b)
Bioinformatics Toolbox                                Version 4.16.1      (R2022b)
Computer Vision Toolbox                               Version 10.3        (R2022b)
Curve Fitting Toolbox                                 Version 3.8         (R2022b)
Deep Learning Toolbox                                 Version 14.5        (R2022b)
Global Optimization Toolbox                           Version 4.8         (R2022b)
Image Processing Toolbox                              Version 11.6        (R2022b)
MATLAB Compiler                                       Version 8.5         (R2022b)
Optimization Toolbox                                  Version 9.4         (R2022b)
Parallel Computing Toolbox                            Version 7.7         (R2022b)
Signal Processing Toolbox                             Version 9.1         (R2022b)
Statistics and Machine Learning Toolbox               Version 12.4        (R2022b)
Wavelet Toolbox                                       Version 6.2         (R2022b)


------------------------------------------------------------------------
14-Aug-2024 15:58:00 - Running job #1
------------------------------------------------------------------------
14-Aug-2024 15:58:00 - Running 'Segment'

SPM12: spm_preproc_run (v7408)                     15:58:00 - 14/08/2024
========================================================================
Segment /scratch/radv/scaneva/brainageEuropad/EuroPAD_T1s/sub-EPAD05023863_ses-05_T1w.nii,1
Completed                               :          16:01:05 - 14/08/2024
14-Aug-2024 16:01:05 - Done    'Segment'
14-Aug-2024 16:01:05 - Running 'Run Dartel (existing Templates)'
*** rc1sub-EPAD05023863_ses-05_T1w ***
1 	465916	0	465916	362.279
2 	344272	20861	365133	146.321
3 	331621	23535.2	355156	51.1816
4 	328602	12363.7	340966	143.885
5 	309491	24384	333875	43.1039
6 	308598	24849.6	333447	23.5174
7 	310215	12641.8	322857	122.897
8 	291822	24212.6	316034	36.8111
9 	291082	24486.3	315568	20.5465
10 	292011	12553.4	304564	103.482
11 	274009	23860.6	297870	34.2947
12 	273031	24220.5	297251	19.5997
13 	273953	12496.7	286450	82.7382
14 	258865	21786.8	280652	30.735
15 	257451	22528.5	279980	18.9554
16 	256981	23457.7	280439	25.3743
17 	256526	23511.3	280037	16.8731
18 	256098	23868.7	279966	15.4232
14-Aug-2024 16:03:38 - Done    'Run Dartel (existing Templates)'
14-Aug-2024 16:03:38 - Running 'Normalise to MNI Space'

** "u_rc1sub-EPAD05023863_ses-05_T1w" **
c1sub-EPAD05023863_ses-05_T1w	1,1,1
c2sub-EPAD05023863_ses-05_T1w	1,1,1
c3sub-EPAD05023863_ses-05_T1w	1,1,1
14-Aug-2024 16:03:42 - Done    'Normalise to MNI Space'
14-Aug-2024 16:03:42 - Running 'Tissue Volumes'

Segmentation files:
	/scratch/radv/scaneva/brainageEuropad/EuroPAD_T1s/sub-EPAD05023863_ses-05_T1w_seg8.mat

Volumes (litres):
    0.6945    0.4242    0.3603

14-Aug-2024 16:04:42 - Done    'Tissue Volumes'
14-Aug-2024 16:04:42 - Done

/scratch/radv/scaneva/brainageEuropad/EuroPAD_T1s//c1sub-EPAD05023863_ses-05_T1w
/scratch/radv/scaneva/brainageEuropad/EuroPAD_T1s//c2sub-EPAD05023863_ses-05_T1w
/scratch/radv/scaneva/brainageEuropad/EuroPAD_T1s//c3sub-EPAD05023863_ses-05_T1w
/scratch/radv/scaneva/brainageEuropad/EuroPAD_T1s//smwc1sub-EPAD05023863_ses-05_T1w
/scratch/radv/scaneva/brainageEuropad/EuroPAD_T1s//smwc2sub-EPAD05023863_ses-05_T1w
/scratch/radv/scaneva/brainageEuropad/EuroPAD_T1s//smwc3sub-EPAD05023863_ses-05_T1w

Finished. To view, point your web browser at
file:/scratch/radv/scaneva/brainageEuropad/EuroPAD_T1s//slicesdir_sub-EPAD05023863_ses-05_T1w.nii/index.html
[1] "loading nifti data Wed Aug 14 16:04:50 2024"
[1]      1 615541
[1] "loading regression model Wed Aug 14 16:05:07 2024"
[1] "saving new results Wed Aug 14 16:05:08 2024"
rm: cannot remove '/home/radv/scaneva/my-scratch/brainageEuropad/EuroPAD_T1s/logs/sub-EPAD05023863_ses-05_T1w_log.txt': No such file or directory
