/scratch/radv/scaneva/brainageEuropad/EuroPAD_T1s/

                            < M A T L A B (R) >
                  Copyright 1984-2022 The MathWorks, Inc.
             R2022b Update 2 (9.13.0.2105380) 64-bit (glnxa64)
                              October 26, 2022

 
To get started, type doc.
For product information, visit www.mathworks.com.
 
[Warning: FSL toolbox not found:
/opt/aumc-apps/fsl/fsl-6.0.7.6/share/fsl/etc/matlab] 
[> In startup (line 82)
In run (line 91)
In matlabrc (line 54)] 

-----------------------------------------------------------------------------------------------------
MATLAB Version: 9.13.0.2105380 (R2022b) Update 2
MATLAB License Number: 1096141
Operating System: Linux 4.18.0-553.8.1.el8_10.x86_64 #1 SMP Fri Jun 14 03:19:37 EDT 2024 x86_64
Java Version: Java 1.8.0_202-b08 with Oracle Corporation Java HotSpot(TM) 64-Bit Server VM mixed mode
-----------------------------------------------------------------------------------------------------
MATLAB                                                Version 9.13        (R2022b)
Bioinformatics Toolbox                                Version 4.16.1      (R2022b)
Computer Vision Toolbox                               Version 10.3        (R2022b)
Curve Fitting Toolbox                                 Version 3.8         (R2022b)
Deep Learning Toolbox                                 Version 14.5        (R2022b)
Global Optimization Toolbox                           Version 4.8         (R2022b)
Image Processing Toolbox                              Version 11.6        (R2022b)
MATLAB Compiler                                       Version 8.5         (R2022b)
Optimization Toolbox                                  Version 9.4         (R2022b)
Parallel Computing Toolbox                            Version 7.7         (R2022b)
Signal Processing Toolbox                             Version 9.1         (R2022b)
Statistics and Machine Learning Toolbox               Version 12.4        (R2022b)
Wavelet Toolbox                                       Version 6.2         (R2022b)


------------------------------------------------------------------------
14-Aug-2024 15:34:00 - Running job #1
------------------------------------------------------------------------
14-Aug-2024 15:34:00 - Running 'Segment'

SPM12: spm_preproc_run (v7408)                     15:34:00 - 14/08/2024
========================================================================
Segment /scratch/radv/scaneva/brainageEuropad/EuroPAD_T1s/sub-EPAD04023921_ses-03_T1w.nii,1
Completed                               :          15:36:36 - 14/08/2024
14-Aug-2024 15:36:36 - Done    'Segment'
14-Aug-2024 15:36:36 - Running 'Run Dartel (existing Templates)'
*** rc1sub-EPAD04023921_ses-03_T1w ***
1 	583188	0	583188	427.978
2 	412838	33585.5	446423	194.837
3 	401528	34586.7	436115	47.1561
4 	400646	17747.2	418393	173.998
5 	371013	36777.7	407790	55.6647
6 	369848	37167.1	407015	33.8659
7 	372459	18951	391410	150.992
8 	343161	37809.4	380970	47.7172
9 	342415	37901	380316	27.8805
10 	343070	19470.2	362540	124.087
11 	315165	37514.5	352680	45.6656
12 	313881	37876.7	351758	29.3307
13 	313878	19672.4	333551	97.407
14 	291756	33931.9	325688	40.8991
15 	289950	34817.7	324767	30.1618
16 	289108	36126.2	325234	34.5462
17 	288722	36104.1	324826	29.0034
18 	288278	36514.4	324793	27.7994
14-Aug-2024 15:39:03 - Done    'Run Dartel (existing Templates)'
14-Aug-2024 15:39:03 - Running 'Normalise to MNI Space'

** "u_rc1sub-EPAD04023921_ses-03_T1w" **
c1sub-EPAD04023921_ses-03_T1w	1,1,1
c2sub-EPAD04023921_ses-03_T1w	1,1,1
c3sub-EPAD04023921_ses-03_T1w	1,1,1
14-Aug-2024 15:39:07 - Done    'Normalise to MNI Space'
14-Aug-2024 15:39:07 - Running 'Tissue Volumes'

Segmentation files:
	/scratch/radv/scaneva/brainageEuropad/EuroPAD_T1s/sub-EPAD04023921_ses-03_T1w_seg8.mat

Volumes (litres):
    0.6065    0.4284    0.5445

14-Aug-2024 15:40:09 - Done    'Tissue Volumes'
14-Aug-2024 15:40:09 - Done

/scratch/radv/scaneva/brainageEuropad/EuroPAD_T1s//c1sub-EPAD04023921_ses-03_T1w
/scratch/radv/scaneva/brainageEuropad/EuroPAD_T1s//c2sub-EPAD04023921_ses-03_T1w
/scratch/radv/scaneva/brainageEuropad/EuroPAD_T1s//c3sub-EPAD04023921_ses-03_T1w
/scratch/radv/scaneva/brainageEuropad/EuroPAD_T1s//smwc1sub-EPAD04023921_ses-03_T1w
/scratch/radv/scaneva/brainageEuropad/EuroPAD_T1s//smwc2sub-EPAD04023921_ses-03_T1w
/scratch/radv/scaneva/brainageEuropad/EuroPAD_T1s//smwc3sub-EPAD04023921_ses-03_T1w

Finished. To view, point your web browser at
file:/scratch/radv/scaneva/brainageEuropad/EuroPAD_T1s//slicesdir_sub-EPAD04023921_ses-03_T1w.nii/index.html
[1] "loading nifti data Wed Aug 14 15:40:17 2024"
[1]      1 615541
[1] "loading regression model Wed Aug 14 15:40:34 2024"
[1] "saving new results Wed Aug 14 15:40:35 2024"
rm: cannot remove '/home/radv/scaneva/my-scratch/brainageEuropad/EuroPAD_T1s/logs/sub-EPAD04023921_ses-03_T1w_log.txt': No such file or directory
