/scratch/radv/scaneva/brainageEuropad/EuroPAD_T1s/

                            < M A T L A B (R) >
                  Copyright 1984-2022 The MathWorks, Inc.
             R2022b Update 2 (9.13.0.2105380) 64-bit (glnxa64)
                              October 26, 2022

 
To get started, type doc.
For product information, visit www.mathworks.com.
 
[Warning: FSL toolbox not found:
/opt/aumc-apps/fsl/fsl-6.0.7.6/share/fsl/etc/matlab] 
[> In startup (line 82)
In run (line 91)
In matlabrc (line 54)] 

-----------------------------------------------------------------------------------------------------
MATLAB Version: 9.13.0.2105380 (R2022b) Update 2
MATLAB License Number: 1096141
Operating System: Linux 4.18.0-553.8.1.el8_10.x86_64 #1 SMP Fri Jun 14 03:19:37 EDT 2024 x86_64
Java Version: Java 1.8.0_202-b08 with Oracle Corporation Java HotSpot(TM) 64-Bit Server VM mixed mode
-----------------------------------------------------------------------------------------------------
MATLAB                                                Version 9.13        (R2022b)
Bioinformatics Toolbox                                Version 4.16.1      (R2022b)
Computer Vision Toolbox                               Version 10.3        (R2022b)
Curve Fitting Toolbox                                 Version 3.8         (R2022b)
Deep Learning Toolbox                                 Version 14.5        (R2022b)
Global Optimization Toolbox                           Version 4.8         (R2022b)
Image Processing Toolbox                              Version 11.6        (R2022b)
MATLAB Compiler                                       Version 8.5         (R2022b)
Optimization Toolbox                                  Version 9.4         (R2022b)
Parallel Computing Toolbox                            Version 7.7         (R2022b)
Signal Processing Toolbox                             Version 9.1         (R2022b)
Statistics and Machine Learning Toolbox               Version 12.4        (R2022b)
Wavelet Toolbox                                       Version 6.2         (R2022b)


------------------------------------------------------------------------
14-Aug-2024 13:21:55 - Running job #1
------------------------------------------------------------------------
14-Aug-2024 13:21:55 - Running 'Segment'

SPM12: spm_preproc_run (v7408)                     13:21:55 - 14/08/2024
========================================================================
Segment /scratch/radv/scaneva/brainageEuropad/EuroPAD_T1s/sub-EPAD01023673_ses-03_T1w.nii,1
Completed                               :          13:25:22 - 14/08/2024
14-Aug-2024 13:25:22 - Done    'Segment'
14-Aug-2024 13:25:23 - Running 'Run Dartel (existing Templates)'
*** rc1sub-EPAD01023673_ses-03_T1w ***
1 	461821	0	461821	362.992
2 	329705	22631.3	352337	148.892
3 	302784	29896.6	332680	64.7481
4 	292686	16522.4	309208	136.55
5 	272159	28531.4	300690	48.7133
6 	270280	29415.5	299695	27.5015
7 	269261	14916.8	284178	105.034
8 	253965	24548.3	278514	34.8226
9 	253207	24867.8	278075	21.3116
10 	252587	12678	265265	89.2021
11 	237352	22364.5	259717	32.1717
12 	236402	22800.7	259202	20.1947
13 	236784	11757.1	248541	73.8987
14 	223326	20103.6	243430	30.1453
15 	222046	20765.6	242812	20.8106
16 	221602	21639.8	243242	25.1299
17 	221261	21602.4	242864	18.2418
18 	220842	21960.5	242803	17.1581
14-Aug-2024 13:27:55 - Done    'Run Dartel (existing Templates)'
14-Aug-2024 13:27:55 - Running 'Normalise to MNI Space'

** "u_rc1sub-EPAD01023673_ses-03_T1w" **
c1sub-EPAD01023673_ses-03_T1w	1,1,1
c2sub-EPAD01023673_ses-03_T1w	1,1,1
c3sub-EPAD01023673_ses-03_T1w	1,1,1
14-Aug-2024 13:28:00 - Done    'Normalise to MNI Space'
14-Aug-2024 13:28:00 - Running 'Tissue Volumes'

Segmentation files:
	/scratch/radv/scaneva/brainageEuropad/EuroPAD_T1s/sub-EPAD01023673_ses-03_T1w_seg8.mat

Volumes (litres):
    0.5712    0.3703    0.3223

14-Aug-2024 13:29:09 - Done    'Tissue Volumes'
14-Aug-2024 13:29:09 - Done

/scratch/radv/scaneva/brainageEuropad/EuroPAD_T1s//c1sub-EPAD01023673_ses-03_T1w
/scratch/radv/scaneva/brainageEuropad/EuroPAD_T1s//c2sub-EPAD01023673_ses-03_T1w
/scratch/radv/scaneva/brainageEuropad/EuroPAD_T1s//c3sub-EPAD01023673_ses-03_T1w
/scratch/radv/scaneva/brainageEuropad/EuroPAD_T1s//smwc1sub-EPAD01023673_ses-03_T1w
/scratch/radv/scaneva/brainageEuropad/EuroPAD_T1s//smwc2sub-EPAD01023673_ses-03_T1w
/scratch/radv/scaneva/brainageEuropad/EuroPAD_T1s//smwc3sub-EPAD01023673_ses-03_T1w

Finished. To view, point your web browser at
file:/scratch/radv/scaneva/brainageEuropad/EuroPAD_T1s//slicesdir_sub-EPAD01023673_ses-03_T1w.nii/index.html
[1] "loading nifti data Wed Aug 14 13:29:18 2024"
[1]      1 615541
[1] "loading regression model Wed Aug 14 13:29:37 2024"
[1] "saving new results Wed Aug 14 13:29:38 2024"
rm: cannot remove '/home/radv/scaneva/my-scratch/brainageEuropad/EuroPAD_T1s/logs/sub-EPAD01023673_ses-03_T1w_log.txt': No such file or directory
