/scratch/radv/scaneva/brainageEuropad/EuroPAD_T1s/

                            < M A T L A B (R) >
                  Copyright 1984-2022 The MathWorks, Inc.
             R2022b Update 2 (9.13.0.2105380) 64-bit (glnxa64)
                              October 26, 2022

 
To get started, type doc.
For product information, visit www.mathworks.com.
 
[Warning: FSL toolbox not found:
/opt/aumc-apps/fsl/fsl-6.0.7.6/share/fsl/etc/matlab] 
[> In startup (line 82)
In run (line 91)
In matlabrc (line 54)] 

-----------------------------------------------------------------------------------------------------
MATLAB Version: 9.13.0.2105380 (R2022b) Update 2
MATLAB License Number: 1096141
Operating System: Linux 4.18.0-553.8.1.el8_10.x86_64 #1 SMP Fri Jun 14 03:19:37 EDT 2024 x86_64
Java Version: Java 1.8.0_202-b08 with Oracle Corporation Java HotSpot(TM) 64-Bit Server VM mixed mode
-----------------------------------------------------------------------------------------------------
MATLAB                                                Version 9.13        (R2022b)
Bioinformatics Toolbox                                Version 4.16.1      (R2022b)
Computer Vision Toolbox                               Version 10.3        (R2022b)
Curve Fitting Toolbox                                 Version 3.8         (R2022b)
Deep Learning Toolbox                                 Version 14.5        (R2022b)
Global Optimization Toolbox                           Version 4.8         (R2022b)
Image Processing Toolbox                              Version 11.6        (R2022b)
MATLAB Compiler                                       Version 8.5         (R2022b)
Optimization Toolbox                                  Version 9.4         (R2022b)
Parallel Computing Toolbox                            Version 7.7         (R2022b)
Signal Processing Toolbox                             Version 9.1         (R2022b)
Statistics and Machine Learning Toolbox               Version 12.4        (R2022b)
Wavelet Toolbox                                       Version 6.2         (R2022b)


------------------------------------------------------------------------
14-Aug-2024 15:11:00 - Running job #1
------------------------------------------------------------------------
14-Aug-2024 15:11:00 - Running 'Segment'

SPM12: spm_preproc_run (v7408)                     15:11:00 - 14/08/2024
========================================================================
Segment /scratch/radv/scaneva/brainageEuropad/EuroPAD_T1s/sub-EPAD03123871_ses-03_T1w.nii,1
Completed                               :          15:15:06 - 14/08/2024
14-Aug-2024 15:15:06 - Done    'Segment'
14-Aug-2024 15:15:06 - Running 'Run Dartel (existing Templates)'
*** rc1sub-EPAD03123871_ses-03_T1w ***
1 	403659	0	403659	300.981
2 	333416	14403.5	347820	104.96
3 	328061	15991	344052	33.2454
4 	325072	8334.01	333406	136.89
5 	307647	19438.2	327085	41.4977
6 	306862	19819.8	326682	22.8105
7 	306816	10119.9	316936	117.976
8 	289260	21361	310621	35.5837
9 	288899	21389.6	310289	21.1445
10 	288807	10986.5	299794	100.95
11 	271868	21853.3	293721	34.6781
12 	271265	21923.6	293188	22.267
13 	271893	11356.2	283249	81.5709
14 	257364	20443.8	277808	32.0653
15 	256199	20995.5	277195	22.0218
16 	255839	21839.4	277679	27.4769
17 	255376	21927.3	277303	20.2647
18 	254996	22219.6	277215	18.8943
14-Aug-2024 15:17:41 - Done    'Run Dartel (existing Templates)'
14-Aug-2024 15:17:41 - Running 'Normalise to MNI Space'

** "u_rc1sub-EPAD03123871_ses-03_T1w" **
c1sub-EPAD03123871_ses-03_T1w	1,1,1
c2sub-EPAD03123871_ses-03_T1w	1,1,1
c3sub-EPAD03123871_ses-03_T1w	1,1,1
14-Aug-2024 15:17:46 - Done    'Normalise to MNI Space'
14-Aug-2024 15:17:46 - Running 'Tissue Volumes'

Segmentation files:
	/scratch/radv/scaneva/brainageEuropad/EuroPAD_T1s/sub-EPAD03123871_ses-03_T1w_seg8.mat

Volumes (litres):
    0.6104    0.4476    0.3511

14-Aug-2024 15:18:46 - Done    'Tissue Volumes'
14-Aug-2024 15:18:46 - Done

/scratch/radv/scaneva/brainageEuropad/EuroPAD_T1s//c1sub-EPAD03123871_ses-03_T1w
/scratch/radv/scaneva/brainageEuropad/EuroPAD_T1s//c2sub-EPAD03123871_ses-03_T1w
/scratch/radv/scaneva/brainageEuropad/EuroPAD_T1s//c3sub-EPAD03123871_ses-03_T1w
/scratch/radv/scaneva/brainageEuropad/EuroPAD_T1s//smwc1sub-EPAD03123871_ses-03_T1w
/scratch/radv/scaneva/brainageEuropad/EuroPAD_T1s//smwc2sub-EPAD03123871_ses-03_T1w
/scratch/radv/scaneva/brainageEuropad/EuroPAD_T1s//smwc3sub-EPAD03123871_ses-03_T1w

Finished. To view, point your web browser at
file:/scratch/radv/scaneva/brainageEuropad/EuroPAD_T1s//slicesdir_sub-EPAD03123871_ses-03_T1w.nii/index.html
[1] "loading nifti data Wed Aug 14 15:18:55 2024"
[1]      1 615541
[1] "loading regression model Wed Aug 14 15:19:12 2024"
[1] "saving new results Wed Aug 14 15:19:13 2024"
rm: cannot remove '/home/radv/scaneva/my-scratch/brainageEuropad/EuroPAD_T1s/logs/sub-EPAD03123871_ses-03_T1w_log.txt': No such file or directory
