computing statistics for each annotation in /home/radv/parunachalam/my-rdisk/r-divi/RNG/Projects/ExploreASL/EuroPAD/derivatives/freesurfer-v7.1.1/sub-EPAD03023532_ses-03/label/lh.Schaefer2018_200Parcels_7Networks_order.annot.
reading volume /home/radv/parunachalam/my-rdisk/r-divi/RNG/Projects/ExploreASL/EuroPAD/derivatives/freesurfer-v7.1.1/sub-EPAD03023532_ses-03/mri/wm.mgz...
reading input surface /home/radv/parunachalam/my-rdisk/r-divi/RNG/Projects/ExploreASL/EuroPAD/derivatives/freesurfer-v7.1.1/sub-EPAD03023532_ses-03/surf/lh.white...
reading input pial surface /home/radv/parunachalam/my-rdisk/r-divi/RNG/Projects/ExploreASL/EuroPAD/derivatives/freesurfer-v7.1.1/sub-EPAD03023532_ses-03/surf/lh.pial...
reading input white surface /home/radv/parunachalam/my-rdisk/r-divi/RNG/Projects/ExploreASL/EuroPAD/derivatives/freesurfer-v7.1.1/sub-EPAD03023532_ses-03/surf/lh.white...
computing statistics for each annotation in /home/radv/parunachalam/my-rdisk/r-divi/RNG/Projects/ExploreASL/EuroPAD/derivatives/freesurfer-v7.1.1/sub-EPAD03023532_ses-03/label/rh.Schaefer2018_200Parcels_7Networks_order.annot.
reading volume /home/radv/parunachalam/my-rdisk/r-divi/RNG/Projects/ExploreASL/EuroPAD/derivatives/freesurfer-v7.1.1/sub-EPAD03023532_ses-03/mri/wm.mgz...
reading input surface /home/radv/parunachalam/my-rdisk/r-divi/RNG/Projects/ExploreASL/EuroPAD/derivatives/freesurfer-v7.1.1/sub-EPAD03023532_ses-03/surf/rh.white...
reading input pial surface /home/radv/parunachalam/my-rdisk/r-divi/RNG/Projects/ExploreASL/EuroPAD/derivatives/freesurfer-v7.1.1/sub-EPAD03023532_ses-03/surf/rh.pial...
reading input white surface /home/radv/parunachalam/my-rdisk/r-divi/RNG/Projects/ExploreASL/EuroPAD/derivatives/freesurfer-v7.1.1/sub-EPAD03023532_ses-03/surf/rh.white...
computing statistics for each annotation in /home/radv/parunachalam/my-rdisk/r-divi/RNG/Projects/ExploreASL/EuroPAD/derivatives/freesurfer-v7.1.1/sub-EPAD02024969_ses-01/label/lh.Schaefer2018_200Parcels_7Networks_order.annot.
reading volume /home/radv/parunachalam/my-rdisk/r-divi/RNG/Projects/ExploreASL/EuroPAD/derivatives/freesurfer-v7.1.1/sub-EPAD02024969_ses-01/mri/wm.mgz...
reading input surface /home/radv/parunachalam/my-rdisk/r-divi/RNG/Projects/ExploreASL/EuroPAD/derivatives/freesurfer-v7.1.1/sub-EPAD02024969_ses-01/surf/lh.white...
reading input pial surface /home/radv/parunachalam/my-rdisk/r-divi/RNG/Projects/ExploreASL/EuroPAD/derivatives/freesurfer-v7.1.1/sub-EPAD02024969_ses-01/surf/lh.pial...
reading input white surface /home/radv/parunachalam/my-rdisk/r-divi/RNG/Projects/ExploreASL/EuroPAD/derivatives/freesurfer-v7.1.1/sub-EPAD02024969_ses-01/surf/lh.white...
computing statistics for each annotation in /home/radv/parunachalam/my-rdisk/r-divi/RNG/Projects/ExploreASL/EuroPAD/derivatives/freesurfer-v7.1.1/sub-EPAD02024969_ses-01/label/rh.Schaefer2018_200Parcels_7Networks_order.annot.
reading volume /home/radv/parunachalam/my-rdisk/r-divi/RNG/Projects/ExploreASL/EuroPAD/derivatives/freesurfer-v7.1.1/sub-EPAD02024969_ses-01/mri/wm.mgz...
reading input surface /home/radv/parunachalam/my-rdisk/r-divi/RNG/Projects/ExploreASL/EuroPAD/derivatives/freesurfer-v7.1.1/sub-EPAD02024969_ses-01/surf/rh.white...
reading input pial surface /home/radv/parunachalam/my-rdisk/r-divi/RNG/Projects/ExploreASL/EuroPAD/derivatives/freesurfer-v7.1.1/sub-EPAD02024969_ses-01/surf/rh.pial...
reading input white surface /home/radv/parunachalam/my-rdisk/r-divi/RNG/Projects/ExploreASL/EuroPAD/derivatives/freesurfer-v7.1.1/sub-EPAD02024969_ses-01/surf/rh.white...
computing statistics for each annotation in /home/radv/parunachalam/my-rdisk/r-divi/RNG/Projects/ExploreASL/EuroPAD/derivatives/freesurfer-v7.1.1/sub-AMYPAD03210091_ses-000/label/lh.Schaefer2018_200Parcels_7Networks_order.annot.
reading volume /home/radv/parunachalam/my-rdisk/r-divi/RNG/Projects/ExploreASL/EuroPAD/derivatives/freesurfer-v7.1.1/sub-AMYPAD03210091_ses-000/mri/wm.mgz...
reading input surface /home/radv/parunachalam/my-rdisk/r-divi/RNG/Projects/ExploreASL/EuroPAD/derivatives/freesurfer-v7.1.1/sub-AMYPAD03210091_ses-000/surf/lh.white...
reading input pial surface /home/radv/parunachalam/my-rdisk/r-divi/RNG/Projects/ExploreASL/EuroPAD/derivatives/freesurfer-v7.1.1/sub-AMYPAD03210091_ses-000/surf/lh.pial...
reading input white surface /home/radv/parunachalam/my-rdisk/r-divi/RNG/Projects/ExploreASL/EuroPAD/derivatives/freesurfer-v7.1.1/sub-AMYPAD03210091_ses-000/surf/lh.white...
computing statistics for each annotation in /home/radv/parunachalam/my-rdisk/r-divi/RNG/Projects/ExploreASL/EuroPAD/derivatives/freesurfer-v7.1.1/sub-AMYPAD03210091_ses-000/label/rh.Schaefer2018_200Parcels_7Networks_order.annot.
reading volume /home/radv/parunachalam/my-rdisk/r-divi/RNG/Projects/ExploreASL/EuroPAD/derivatives/freesurfer-v7.1.1/sub-AMYPAD03210091_ses-000/mri/wm.mgz...
reading input surface /home/radv/parunachalam/my-rdisk/r-divi/RNG/Projects/ExploreASL/EuroPAD/derivatives/freesurfer-v7.1.1/sub-AMYPAD03210091_ses-000/surf/rh.white...
reading input pial surface /home/radv/parunachalam/my-rdisk/r-divi/RNG/Projects/ExploreASL/EuroPAD/derivatives/freesurfer-v7.1.1/sub-AMYPAD03210091_ses-000/surf/rh.pial...
reading input white surface /home/radv/parunachalam/my-rdisk/r-divi/RNG/Projects/ExploreASL/EuroPAD/derivatives/freesurfer-v7.1.1/sub-AMYPAD03210091_ses-000/surf/rh.white...
mv: cannot stat '/home/radv/parunachalam/my-rdisk/r-divi/RNG/Projects/ExploreASL/EuroPAD/derivatives/freesurfer-v7.1.1/sub-EPAD02125107_ses-01/surf/lh.pial.T1': No such file or directory
mv: cannot stat '/home/radv/parunachalam/my-rdisk/r-divi/RNG/Projects/ExploreASL/EuroPAD/derivatives/freesurfer-v7.1.1/sub-EPAD02125107_ses-01/surf/rh.pial.T1': No such file or directory
computing statistics for each annotation in /home/radv/parunachalam/my-rdisk/r-divi/RNG/Projects/ExploreASL/EuroPAD/derivatives/freesurfer-v7.1.1/sub-EPAD02125107_ses-01/label/lh.Schaefer2018_200Parcels_7Networks_order.annot.
reading volume /home/radv/parunachalam/my-rdisk/r-divi/RNG/Projects/ExploreASL/EuroPAD/derivatives/freesurfer-v7.1.1/sub-EPAD02125107_ses-01/mri/wm.mgz...
reading input surface /home/radv/parunachalam/my-rdisk/r-divi/RNG/Projects/ExploreASL/EuroPAD/derivatives/freesurfer-v7.1.1/sub-EPAD02125107_ses-01/surf/lh.white...
reading input pial surface /home/radv/parunachalam/my-rdisk/r-divi/RNG/Projects/ExploreASL/EuroPAD/derivatives/freesurfer-v7.1.1/sub-EPAD02125107_ses-01/surf/lh.pial...
reading input white surface /home/radv/parunachalam/my-rdisk/r-divi/RNG/Projects/ExploreASL/EuroPAD/derivatives/freesurfer-v7.1.1/sub-EPAD02125107_ses-01/surf/lh.white...
computing statistics for each annotation in /home/radv/parunachalam/my-rdisk/r-divi/RNG/Projects/ExploreASL/EuroPAD/derivatives/freesurfer-v7.1.1/sub-EPAD02125107_ses-01/label/rh.Schaefer2018_200Parcels_7Networks_order.annot.
reading volume /home/radv/parunachalam/my-rdisk/r-divi/RNG/Projects/ExploreASL/EuroPAD/derivatives/freesurfer-v7.1.1/sub-EPAD02125107_ses-01/mri/wm.mgz...
reading input surface /home/radv/parunachalam/my-rdisk/r-divi/RNG/Projects/ExploreASL/EuroPAD/derivatives/freesurfer-v7.1.1/sub-EPAD02125107_ses-01/surf/rh.white...
reading input pial surface /home/radv/parunachalam/my-rdisk/r-divi/RNG/Projects/ExploreASL/EuroPAD/derivatives/freesurfer-v7.1.1/sub-EPAD02125107_ses-01/surf/rh.pial...
reading input white surface /home/radv/parunachalam/my-rdisk/r-divi/RNG/Projects/ExploreASL/EuroPAD/derivatives/freesurfer-v7.1.1/sub-EPAD02125107_ses-01/surf/rh.white...
computing statistics for each annotation in /home/radv/parunachalam/my-rdisk/r-divi/RNG/Projects/ExploreASL/EuroPAD/derivatives/freesurfer-v7.1.1/sub-AMYPAD03210002_ses-000/label/lh.Schaefer2018_200Parcels_7Networks_order.annot.
reading volume /home/radv/parunachalam/my-rdisk/r-divi/RNG/Projects/ExploreASL/EuroPAD/derivatives/freesurfer-v7.1.1/sub-AMYPAD03210002_ses-000/mri/wm.mgz...
reading input surface /home/radv/parunachalam/my-rdisk/r-divi/RNG/Projects/ExploreASL/EuroPAD/derivatives/freesurfer-v7.1.1/sub-AMYPAD03210002_ses-000/surf/lh.white...
reading input pial surface /home/radv/parunachalam/my-rdisk/r-divi/RNG/Projects/ExploreASL/EuroPAD/derivatives/freesurfer-v7.1.1/sub-AMYPAD03210002_ses-000/surf/lh.pial...
reading input white surface /home/radv/parunachalam/my-rdisk/r-divi/RNG/Projects/ExploreASL/EuroPAD/derivatives/freesurfer-v7.1.1/sub-AMYPAD03210002_ses-000/surf/lh.white...
computing statistics for each annotation in /home/radv/parunachalam/my-rdisk/r-divi/RNG/Projects/ExploreASL/EuroPAD/derivatives/freesurfer-v7.1.1/sub-AMYPAD03210002_ses-000/label/rh.Schaefer2018_200Parcels_7Networks_order.annot.
reading volume /home/radv/parunachalam/my-rdisk/r-divi/RNG/Projects/ExploreASL/EuroPAD/derivatives/freesurfer-v7.1.1/sub-AMYPAD03210002_ses-000/mri/wm.mgz...
reading input surface /home/radv/parunachalam/my-rdisk/r-divi/RNG/Projects/ExploreASL/EuroPAD/derivatives/freesurfer-v7.1.1/sub-AMYPAD03210002_ses-000/surf/rh.white...
reading input pial surface /home/radv/parunachalam/my-rdisk/r-divi/RNG/Projects/ExploreASL/EuroPAD/derivatives/freesurfer-v7.1.1/sub-AMYPAD03210002_ses-000/surf/rh.pial...
reading input white surface /home/radv/parunachalam/my-rdisk/r-divi/RNG/Projects/ExploreASL/EuroPAD/derivatives/freesurfer-v7.1.1/sub-AMYPAD03210002_ses-000/surf/rh.white...
computing statistics for each annotation in /home/radv/parunachalam/my-rdisk/r-divi/RNG/Projects/ExploreASL/EuroPAD/derivatives/freesurfer-v7.1.1/sub-AMYPAD03210009_ses-002/label/lh.Schaefer2018_200Parcels_7Networks_order.annot.
reading volume /home/radv/parunachalam/my-rdisk/r-divi/RNG/Projects/ExploreASL/EuroPAD/derivatives/freesurfer-v7.1.1/sub-AMYPAD03210009_ses-002/mri/wm.mgz...
reading input surface /home/radv/parunachalam/my-rdisk/r-divi/RNG/Projects/ExploreASL/EuroPAD/derivatives/freesurfer-v7.1.1/sub-AMYPAD03210009_ses-002/surf/lh.white...
reading input pial surface /home/radv/parunachalam/my-rdisk/r-divi/RNG/Projects/ExploreASL/EuroPAD/derivatives/freesurfer-v7.1.1/sub-AMYPAD03210009_ses-002/surf/lh.pial...
reading input white surface /home/radv/parunachalam/my-rdisk/r-divi/RNG/Projects/ExploreASL/EuroPAD/derivatives/freesurfer-v7.1.1/sub-AMYPAD03210009_ses-002/surf/lh.white...
computing statistics for each annotation in /home/radv/parunachalam/my-rdisk/r-divi/RNG/Projects/ExploreASL/EuroPAD/derivatives/freesurfer-v7.1.1/sub-AMYPAD03210009_ses-002/label/rh.Schaefer2018_200Parcels_7Networks_order.annot.
reading volume /home/radv/parunachalam/my-rdisk/r-divi/RNG/Projects/ExploreASL/EuroPAD/derivatives/freesurfer-v7.1.1/sub-AMYPAD03210009_ses-002/mri/wm.mgz...
reading input surface /home/radv/parunachalam/my-rdisk/r-divi/RNG/Projects/ExploreASL/EuroPAD/derivatives/freesurfer-v7.1.1/sub-AMYPAD03210009_ses-002/surf/rh.white...
reading input pial surface /home/radv/parunachalam/my-rdisk/r-divi/RNG/Projects/ExploreASL/EuroPAD/derivatives/freesurfer-v7.1.1/sub-AMYPAD03210009_ses-002/surf/rh.pial...
reading input white surface /home/radv/parunachalam/my-rdisk/r-divi/RNG/Projects/ExploreASL/EuroPAD/derivatives/freesurfer-v7.1.1/sub-AMYPAD03210009_ses-002/surf/rh.white...
computing statistics for each annotation in /home/radv/parunachalam/my-rdisk/r-divi/RNG/Projects/ExploreASL/EuroPAD/derivatives/freesurfer-v7.1.1/sub-AMYPAD04020056_ses-000/label/lh.Schaefer2018_200Parcels_7Networks_order.annot.
reading volume /home/radv/parunachalam/my-rdisk/r-divi/RNG/Projects/ExploreASL/EuroPAD/derivatives/freesurfer-v7.1.1/sub-AMYPAD04020056_ses-000/mri/wm.mgz...
reading input surface /home/radv/parunachalam/my-rdisk/r-divi/RNG/Projects/ExploreASL/EuroPAD/derivatives/freesurfer-v7.1.1/sub-AMYPAD04020056_ses-000/surf/lh.white...
reading input pial surface /home/radv/parunachalam/my-rdisk/r-divi/RNG/Projects/ExploreASL/EuroPAD/derivatives/freesurfer-v7.1.1/sub-AMYPAD04020056_ses-000/surf/lh.pial...
reading input white surface /home/radv/parunachalam/my-rdisk/r-divi/RNG/Projects/ExploreASL/EuroPAD/derivatives/freesurfer-v7.1.1/sub-AMYPAD04020056_ses-000/surf/lh.white...
computing statistics for each annotation in /home/radv/parunachalam/my-rdisk/r-divi/RNG/Projects/ExploreASL/EuroPAD/derivatives/freesurfer-v7.1.1/sub-AMYPAD04020056_ses-000/label/rh.Schaefer2018_200Parcels_7Networks_order.annot.
reading volume /home/radv/parunachalam/my-rdisk/r-divi/RNG/Projects/ExploreASL/EuroPAD/derivatives/freesurfer-v7.1.1/sub-AMYPAD04020056_ses-000/mri/wm.mgz...
reading input surface /home/radv/parunachalam/my-rdisk/r-divi/RNG/Projects/ExploreASL/EuroPAD/derivatives/freesurfer-v7.1.1/sub-AMYPAD04020056_ses-000/surf/rh.white...
reading input pial surface /home/radv/parunachalam/my-rdisk/r-divi/RNG/Projects/ExploreASL/EuroPAD/derivatives/freesurfer-v7.1.1/sub-AMYPAD04020056_ses-000/surf/rh.pial...
reading input white surface /home/radv/parunachalam/my-rdisk/r-divi/RNG/Projects/ExploreASL/EuroPAD/derivatives/freesurfer-v7.1.1/sub-AMYPAD04020056_ses-000/surf/rh.white...
mv: cannot stat '/home/radv/parunachalam/my-rdisk/r-divi/RNG/Projects/ExploreASL/EuroPAD/derivatives/freesurfer-v7.1.1/sub-AMYPAD06010515_ses-000/surf/lh.pial.T1': No such file or directory
mv: cannot stat '/home/radv/parunachalam/my-rdisk/r-divi/RNG/Projects/ExploreASL/EuroPAD/derivatives/freesurfer-v7.1.1/sub-AMYPAD06010515_ses-000/surf/rh.pial.T1': No such file or directory
computing statistics for each annotation in /home/radv/parunachalam/my-rdisk/r-divi/RNG/Projects/ExploreASL/EuroPAD/derivatives/freesurfer-v7.1.1/sub-AMYPAD06010515_ses-000/label/lh.Schaefer2018_200Parcels_7Networks_order.annot.
reading volume /home/radv/parunachalam/my-rdisk/r-divi/RNG/Projects/ExploreASL/EuroPAD/derivatives/freesurfer-v7.1.1/sub-AMYPAD06010515_ses-000/mri/wm.mgz...
reading input surface /home/radv/parunachalam/my-rdisk/r-divi/RNG/Projects/ExploreASL/EuroPAD/derivatives/freesurfer-v7.1.1/sub-AMYPAD06010515_ses-000/surf/lh.white...
reading input pial surface /home/radv/parunachalam/my-rdisk/r-divi/RNG/Projects/ExploreASL/EuroPAD/derivatives/freesurfer-v7.1.1/sub-AMYPAD06010515_ses-000/surf/lh.pial...
reading input white surface /home/radv/parunachalam/my-rdisk/r-divi/RNG/Projects/ExploreASL/EuroPAD/derivatives/freesurfer-v7.1.1/sub-AMYPAD06010515_ses-000/surf/lh.white...
computing statistics for each annotation in /home/radv/parunachalam/my-rdisk/r-divi/RNG/Projects/ExploreASL/EuroPAD/derivatives/freesurfer-v7.1.1/sub-AMYPAD06010515_ses-000/label/rh.Schaefer2018_200Parcels_7Networks_order.annot.
reading volume /home/radv/parunachalam/my-rdisk/r-divi/RNG/Projects/ExploreASL/EuroPAD/derivatives/freesurfer-v7.1.1/sub-AMYPAD06010515_ses-000/mri/wm.mgz...
reading input surface /home/radv/parunachalam/my-rdisk/r-divi/RNG/Projects/ExploreASL/EuroPAD/derivatives/freesurfer-v7.1.1/sub-AMYPAD06010515_ses-000/surf/rh.white...
reading input pial surface /home/radv/parunachalam/my-rdisk/r-divi/RNG/Projects/ExploreASL/EuroPAD/derivatives/freesurfer-v7.1.1/sub-AMYPAD06010515_ses-000/surf/rh.pial...
reading input white surface /home/radv/parunachalam/my-rdisk/r-divi/RNG/Projects/ExploreASL/EuroPAD/derivatives/freesurfer-v7.1.1/sub-AMYPAD06010515_ses-000/surf/rh.white...
computing statistics for each annotation in /home/radv/parunachalam/my-rdisk/r-divi/RNG/Projects/ExploreASL/EuroPAD/derivatives/freesurfer-v7.1.1/sub-EMI499_ses-02/label/lh.Schaefer2018_200Parcels_7Networks_order.annot.
reading volume /home/radv/parunachalam/my-rdisk/r-divi/RNG/Projects/ExploreASL/EuroPAD/derivatives/freesurfer-v7.1.1/sub-EMI499_ses-02/mri/wm.mgz...
reading input surface /home/radv/parunachalam/my-rdisk/r-divi/RNG/Projects/ExploreASL/EuroPAD/derivatives/freesurfer-v7.1.1/sub-EMI499_ses-02/surf/lh.white...
reading input pial surface /home/radv/parunachalam/my-rdisk/r-divi/RNG/Projects/ExploreASL/EuroPAD/derivatives/freesurfer-v7.1.1/sub-EMI499_ses-02/surf/lh.pial...
reading input white surface /home/radv/parunachalam/my-rdisk/r-divi/RNG/Projects/ExploreASL/EuroPAD/derivatives/freesurfer-v7.1.1/sub-EMI499_ses-02/surf/lh.white...
computing statistics for each annotation in /home/radv/parunachalam/my-rdisk/r-divi/RNG/Projects/ExploreASL/EuroPAD/derivatives/freesurfer-v7.1.1/sub-EMI499_ses-02/label/rh.Schaefer2018_200Parcels_7Networks_order.annot.
reading volume /home/radv/parunachalam/my-rdisk/r-divi/RNG/Projects/ExploreASL/EuroPAD/derivatives/freesurfer-v7.1.1/sub-EMI499_ses-02/mri/wm.mgz...
reading input surface /home/radv/parunachalam/my-rdisk/r-divi/RNG/Projects/ExploreASL/EuroPAD/derivatives/freesurfer-v7.1.1/sub-EMI499_ses-02/surf/rh.white...
reading input pial surface /home/radv/parunachalam/my-rdisk/r-divi/RNG/Projects/ExploreASL/EuroPAD/derivatives/freesurfer-v7.1.1/sub-EMI499_ses-02/surf/rh.pial...
reading input white surface /home/radv/parunachalam/my-rdisk/r-divi/RNG/Projects/ExploreASL/EuroPAD/derivatives/freesurfer-v7.1.1/sub-EMI499_ses-02/surf/rh.white...
mv: cannot stat '/home/radv/parunachalam/my-rdisk/r-divi/RNG/Projects/ExploreASL/EuroPAD/derivatives/freesurfer-v7.1.1/sub-EPAD02023878_ses-03/surf/lh.pial.T1': No such file or directory
mv: cannot stat '/home/radv/parunachalam/my-rdisk/r-divi/RNG/Projects/ExploreASL/EuroPAD/derivatives/freesurfer-v7.1.1/sub-EPAD02023878_ses-03/surf/rh.pial.T1': No such file or directory
computing statistics for each annotation in /home/radv/parunachalam/my-rdisk/r-divi/RNG/Projects/ExploreASL/EuroPAD/derivatives/freesurfer-v7.1.1/sub-EPAD02023878_ses-03/label/lh.Schaefer2018_200Parcels_7Networks_order.annot.
reading volume /home/radv/parunachalam/my-rdisk/r-divi/RNG/Projects/ExploreASL/EuroPAD/derivatives/freesurfer-v7.1.1/sub-EPAD02023878_ses-03/mri/wm.mgz...
reading input surface /home/radv/parunachalam/my-rdisk/r-divi/RNG/Projects/ExploreASL/EuroPAD/derivatives/freesurfer-v7.1.1/sub-EPAD02023878_ses-03/surf/lh.white...
reading input pial surface /home/radv/parunachalam/my-rdisk/r-divi/RNG/Projects/ExploreASL/EuroPAD/derivatives/freesurfer-v7.1.1/sub-EPAD02023878_ses-03/surf/lh.pial...
reading input white surface /home/radv/parunachalam/my-rdisk/r-divi/RNG/Projects/ExploreASL/EuroPAD/derivatives/freesurfer-v7.1.1/sub-EPAD02023878_ses-03/surf/lh.white...
computing statistics for each annotation in /home/radv/parunachalam/my-rdisk/r-divi/RNG/Projects/ExploreASL/EuroPAD/derivatives/freesurfer-v7.1.1/sub-EPAD02023878_ses-03/label/rh.Schaefer2018_200Parcels_7Networks_order.annot.
reading volume /home/radv/parunachalam/my-rdisk/r-divi/RNG/Projects/ExploreASL/EuroPAD/derivatives/freesurfer-v7.1.1/sub-EPAD02023878_ses-03/mri/wm.mgz...
reading input surface /home/radv/parunachalam/my-rdisk/r-divi/RNG/Projects/ExploreASL/EuroPAD/derivatives/freesurfer-v7.1.1/sub-EPAD02023878_ses-03/surf/rh.white...
reading input pial surface /home/radv/parunachalam/my-rdisk/r-divi/RNG/Projects/ExploreASL/EuroPAD/derivatives/freesurfer-v7.1.1/sub-EPAD02023878_ses-03/surf/rh.pial...
reading input white surface /home/radv/parunachalam/my-rdisk/r-divi/RNG/Projects/ExploreASL/EuroPAD/derivatives/freesurfer-v7.1.1/sub-EPAD02023878_ses-03/surf/rh.white...
mv: cannot stat '/home/radv/parunachalam/my-rdisk/r-divi/RNG/Projects/ExploreASL/EuroPAD/derivatives/freesurfer-v7.1.1/sub-EPAD02023878_ses-03/surf/lh.pial': No such file or directory
mv: cannot stat '/home/radv/parunachalam/my-rdisk/r-divi/RNG/Projects/ExploreASL/EuroPAD/derivatives/freesurfer-v7.1.1/sub-EPAD02023878_ses-03/surf/rh.pial': No such file or directory
computing statistics for each annotation in /home/radv/parunachalam/my-rdisk/r-divi/RNG/Projects/ExploreASL/EuroPAD/derivatives/freesurfer-v7.1.1/sub-AMYPAD04310105_ses-000/label/lh.Schaefer2018_200Parcels_7Networks_order.annot.
reading volume /home/radv/parunachalam/my-rdisk/r-divi/RNG/Projects/ExploreASL/EuroPAD/derivatives/freesurfer-v7.1.1/sub-AMYPAD04310105_ses-000/mri/wm.mgz...
reading input surface /home/radv/parunachalam/my-rdisk/r-divi/RNG/Projects/ExploreASL/EuroPAD/derivatives/freesurfer-v7.1.1/sub-AMYPAD04310105_ses-000/surf/lh.white...
reading input pial surface /home/radv/parunachalam/my-rdisk/r-divi/RNG/Projects/ExploreASL/EuroPAD/derivatives/freesurfer-v7.1.1/sub-AMYPAD04310105_ses-000/surf/lh.pial...
reading input white surface /home/radv/parunachalam/my-rdisk/r-divi/RNG/Projects/ExploreASL/EuroPAD/derivatives/freesurfer-v7.1.1/sub-AMYPAD04310105_ses-000/surf/lh.white...
computing statistics for each annotation in /home/radv/parunachalam/my-rdisk/r-divi/RNG/Projects/ExploreASL/EuroPAD/derivatives/freesurfer-v7.1.1/sub-AMYPAD04310105_ses-000/label/rh.Schaefer2018_200Parcels_7Networks_order.annot.
reading volume /home/radv/parunachalam/my-rdisk/r-divi/RNG/Projects/ExploreASL/EuroPAD/derivatives/freesurfer-v7.1.1/sub-AMYPAD04310105_ses-000/mri/wm.mgz...
reading input surface /home/radv/parunachalam/my-rdisk/r-divi/RNG/Projects/ExploreASL/EuroPAD/derivatives/freesurfer-v7.1.1/sub-AMYPAD04310105_ses-000/surf/rh.white...
reading input pial surface /home/radv/parunachalam/my-rdisk/r-divi/RNG/Projects/ExploreASL/EuroPAD/derivatives/freesurfer-v7.1.1/sub-AMYPAD04310105_ses-000/surf/rh.pial...
reading input white surface /home/radv/parunachalam/my-rdisk/r-divi/RNG/Projects/ExploreASL/EuroPAD/derivatives/freesurfer-v7.1.1/sub-AMYPAD04310105_ses-000/surf/rh.white...
computing statistics for each annotation in /home/radv/parunachalam/my-rdisk/r-divi/RNG/Projects/ExploreASL/EuroPAD/derivatives/freesurfer-v7.1.1/sub-EMI518_ses-02/label/lh.Schaefer2018_200Parcels_7Networks_order.annot.
reading volume /home/radv/parunachalam/my-rdisk/r-divi/RNG/Projects/ExploreASL/EuroPAD/derivatives/freesurfer-v7.1.1/sub-EMI518_ses-02/mri/wm.mgz...
reading input surface /home/radv/parunachalam/my-rdisk/r-divi/RNG/Projects/ExploreASL/EuroPAD/derivatives/freesurfer-v7.1.1/sub-EMI518_ses-02/surf/lh.white...
reading input pial surface /home/radv/parunachalam/my-rdisk/r-divi/RNG/Projects/ExploreASL/EuroPAD/derivatives/freesurfer-v7.1.1/sub-EMI518_ses-02/surf/lh.pial...
reading input white surface /home/radv/parunachalam/my-rdisk/r-divi/RNG/Projects/ExploreASL/EuroPAD/derivatives/freesurfer-v7.1.1/sub-EMI518_ses-02/surf/lh.white...
computing statistics for each annotation in /home/radv/parunachalam/my-rdisk/r-divi/RNG/Projects/ExploreASL/EuroPAD/derivatives/freesurfer-v7.1.1/sub-EMI518_ses-02/label/rh.Schaefer2018_200Parcels_7Networks_order.annot.
reading volume /home/radv/parunachalam/my-rdisk/r-divi/RNG/Projects/ExploreASL/EuroPAD/derivatives/freesurfer-v7.1.1/sub-EMI518_ses-02/mri/wm.mgz...
reading input surface /home/radv/parunachalam/my-rdisk/r-divi/RNG/Projects/ExploreASL/EuroPAD/derivatives/freesurfer-v7.1.1/sub-EMI518_ses-02/surf/rh.white...
reading input pial surface /home/radv/parunachalam/my-rdisk/r-divi/RNG/Projects/ExploreASL/EuroPAD/derivatives/freesurfer-v7.1.1/sub-EMI518_ses-02/surf/rh.pial...
reading input white surface /home/radv/parunachalam/my-rdisk/r-divi/RNG/Projects/ExploreASL/EuroPAD/derivatives/freesurfer-v7.1.1/sub-EMI518_ses-02/surf/rh.white...
computing statistics for each annotation in /home/radv/parunachalam/my-rdisk/r-divi/RNG/Projects/ExploreASL/EuroPAD/derivatives/freesurfer-v7.1.1/sub-EPAD02024791_ses-01/label/lh.Schaefer2018_200Parcels_7Networks_order.annot.
reading volume /home/radv/parunachalam/my-rdisk/r-divi/RNG/Projects/ExploreASL/EuroPAD/derivatives/freesurfer-v7.1.1/sub-EPAD02024791_ses-01/mri/wm.mgz...
reading input surface /home/radv/parunachalam/my-rdisk/r-divi/RNG/Projects/ExploreASL/EuroPAD/derivatives/freesurfer-v7.1.1/sub-EPAD02024791_ses-01/surf/lh.white...
reading input pial surface /home/radv/parunachalam/my-rdisk/r-divi/RNG/Projects/ExploreASL/EuroPAD/derivatives/freesurfer-v7.1.1/sub-EPAD02024791_ses-01/surf/lh.pial...
reading input white surface /home/radv/parunachalam/my-rdisk/r-divi/RNG/Projects/ExploreASL/EuroPAD/derivatives/freesurfer-v7.1.1/sub-EPAD02024791_ses-01/surf/lh.white...
computing statistics for each annotation in /home/radv/parunachalam/my-rdisk/r-divi/RNG/Projects/ExploreASL/EuroPAD/derivatives/freesurfer-v7.1.1/sub-EPAD02024791_ses-01/label/rh.Schaefer2018_200Parcels_7Networks_order.annot.
reading volume /home/radv/parunachalam/my-rdisk/r-divi/RNG/Projects/ExploreASL/EuroPAD/derivatives/freesurfer-v7.1.1/sub-EPAD02024791_ses-01/mri/wm.mgz...
reading input surface /home/radv/parunachalam/my-rdisk/r-divi/RNG/Projects/ExploreASL/EuroPAD/derivatives/freesurfer-v7.1.1/sub-EPAD02024791_ses-01/surf/rh.white...
reading input pial surface /home/radv/parunachalam/my-rdisk/r-divi/RNG/Projects/ExploreASL/EuroPAD/derivatives/freesurfer-v7.1.1/sub-EPAD02024791_ses-01/surf/rh.pial...
reading input white surface /home/radv/parunachalam/my-rdisk/r-divi/RNG/Projects/ExploreASL/EuroPAD/derivatives/freesurfer-v7.1.1/sub-EPAD02024791_ses-01/surf/rh.white...
computing statistics for each annotation in /home/radv/parunachalam/my-rdisk/r-divi/RNG/Projects/ExploreASL/EuroPAD/derivatives/freesurfer-v7.1.1/sub-AMYPAD07010036_ses-000/label/lh.Schaefer2018_200Parcels_7Networks_order.annot.
reading volume /home/radv/parunachalam/my-rdisk/r-divi/RNG/Projects/ExploreASL/EuroPAD/derivatives/freesurfer-v7.1.1/sub-AMYPAD07010036_ses-000/mri/wm.mgz...
reading input surface /home/radv/parunachalam/my-rdisk/r-divi/RNG/Projects/ExploreASL/EuroPAD/derivatives/freesurfer-v7.1.1/sub-AMYPAD07010036_ses-000/surf/lh.white...
reading input pial surface /home/radv/parunachalam/my-rdisk/r-divi/RNG/Projects/ExploreASL/EuroPAD/derivatives/freesurfer-v7.1.1/sub-AMYPAD07010036_ses-000/surf/lh.pial...
reading input white surface /home/radv/parunachalam/my-rdisk/r-divi/RNG/Projects/ExploreASL/EuroPAD/derivatives/freesurfer-v7.1.1/sub-AMYPAD07010036_ses-000/surf/lh.white...
computing statistics for each annotation in /home/radv/parunachalam/my-rdisk/r-divi/RNG/Projects/ExploreASL/EuroPAD/derivatives/freesurfer-v7.1.1/sub-AMYPAD07010036_ses-000/label/rh.Schaefer2018_200Parcels_7Networks_order.annot.
reading volume /home/radv/parunachalam/my-rdisk/r-divi/RNG/Projects/ExploreASL/EuroPAD/derivatives/freesurfer-v7.1.1/sub-AMYPAD07010036_ses-000/mri/wm.mgz...
reading input surface /home/radv/parunachalam/my-rdisk/r-divi/RNG/Projects/ExploreASL/EuroPAD/derivatives/freesurfer-v7.1.1/sub-AMYPAD07010036_ses-000/surf/rh.white...
reading input pial surface /home/radv/parunachalam/my-rdisk/r-divi/RNG/Projects/ExploreASL/EuroPAD/derivatives/freesurfer-v7.1.1/sub-AMYPAD07010036_ses-000/surf/rh.pial...
reading input white surface /home/radv/parunachalam/my-rdisk/r-divi/RNG/Projects/ExploreASL/EuroPAD/derivatives/freesurfer-v7.1.1/sub-AMYPAD07010036_ses-000/surf/rh.white...
computing statistics for each annotation in /home/radv/parunachalam/my-rdisk/r-divi/RNG/Projects/ExploreASL/EuroPAD/derivatives/freesurfer-v7.1.1/sub-EMI495_ses-00/label/lh.Schaefer2018_200Parcels_7Networks_order.annot.
reading volume /home/radv/parunachalam/my-rdisk/r-divi/RNG/Projects/ExploreASL/EuroPAD/derivatives/freesurfer-v7.1.1/sub-EMI495_ses-00/mri/wm.mgz...
reading input surface /home/radv/parunachalam/my-rdisk/r-divi/RNG/Projects/ExploreASL/EuroPAD/derivatives/freesurfer-v7.1.1/sub-EMI495_ses-00/surf/lh.white...
reading input pial surface /home/radv/parunachalam/my-rdisk/r-divi/RNG/Projects/ExploreASL/EuroPAD/derivatives/freesurfer-v7.1.1/sub-EMI495_ses-00/surf/lh.pial...
reading input white surface /home/radv/parunachalam/my-rdisk/r-divi/RNG/Projects/ExploreASL/EuroPAD/derivatives/freesurfer-v7.1.1/sub-EMI495_ses-00/surf/lh.white...
computing statistics for each annotation in /home/radv/parunachalam/my-rdisk/r-divi/RNG/Projects/ExploreASL/EuroPAD/derivatives/freesurfer-v7.1.1/sub-EMI495_ses-00/label/rh.Schaefer2018_200Parcels_7Networks_order.annot.
reading volume /home/radv/parunachalam/my-rdisk/r-divi/RNG/Projects/ExploreASL/EuroPAD/derivatives/freesurfer-v7.1.1/sub-EMI495_ses-00/mri/wm.mgz...
reading input surface /home/radv/parunachalam/my-rdisk/r-divi/RNG/Projects/ExploreASL/EuroPAD/derivatives/freesurfer-v7.1.1/sub-EMI495_ses-00/surf/rh.white...
reading input pial surface /home/radv/parunachalam/my-rdisk/r-divi/RNG/Projects/ExploreASL/EuroPAD/derivatives/freesurfer-v7.1.1/sub-EMI495_ses-00/surf/rh.pial...
reading input white surface /home/radv/parunachalam/my-rdisk/r-divi/RNG/Projects/ExploreASL/EuroPAD/derivatives/freesurfer-v7.1.1/sub-EMI495_ses-00/surf/rh.white...
computing statistics for each annotation in /home/radv/parunachalam/my-rdisk/r-divi/RNG/Projects/ExploreASL/EuroPAD/derivatives/freesurfer-v7.1.1/sub-EPAD01725462_ses-01/label/lh.Schaefer2018_200Parcels_7Networks_order.annot.
reading volume /home/radv/parunachalam/my-rdisk/r-divi/RNG/Projects/ExploreASL/EuroPAD/derivatives/freesurfer-v7.1.1/sub-EPAD01725462_ses-01/mri/wm.mgz...
reading input surface /home/radv/parunachalam/my-rdisk/r-divi/RNG/Projects/ExploreASL/EuroPAD/derivatives/freesurfer-v7.1.1/sub-EPAD01725462_ses-01/surf/lh.white...
reading input pial surface /home/radv/parunachalam/my-rdisk/r-divi/RNG/Projects/ExploreASL/EuroPAD/derivatives/freesurfer-v7.1.1/sub-EPAD01725462_ses-01/surf/lh.pial...
reading input white surface /home/radv/parunachalam/my-rdisk/r-divi/RNG/Projects/ExploreASL/EuroPAD/derivatives/freesurfer-v7.1.1/sub-EPAD01725462_ses-01/surf/lh.white...
computing statistics for each annotation in /home/radv/parunachalam/my-rdisk/r-divi/RNG/Projects/ExploreASL/EuroPAD/derivatives/freesurfer-v7.1.1/sub-EPAD01725462_ses-01/label/rh.Schaefer2018_200Parcels_7Networks_order.annot.
reading volume /home/radv/parunachalam/my-rdisk/r-divi/RNG/Projects/ExploreASL/EuroPAD/derivatives/freesurfer-v7.1.1/sub-EPAD01725462_ses-01/mri/wm.mgz...
reading input surface /home/radv/parunachalam/my-rdisk/r-divi/RNG/Projects/ExploreASL/EuroPAD/derivatives/freesurfer-v7.1.1/sub-EPAD01725462_ses-01/surf/rh.white...
reading input pial surface /home/radv/parunachalam/my-rdisk/r-divi/RNG/Projects/ExploreASL/EuroPAD/derivatives/freesurfer-v7.1.1/sub-EPAD01725462_ses-01/surf/rh.pial...
reading input white surface /home/radv/parunachalam/my-rdisk/r-divi/RNG/Projects/ExploreASL/EuroPAD/derivatives/freesurfer-v7.1.1/sub-EPAD01725462_ses-01/surf/rh.white...
computing statistics for each annotation in /home/radv/parunachalam/my-rdisk/r-divi/RNG/Projects/ExploreASL/EuroPAD/derivatives/freesurfer-v7.1.1/sub-EPAD04025329_ses-02/label/lh.Schaefer2018_200Parcels_7Networks_order.annot.
reading volume /home/radv/parunachalam/my-rdisk/r-divi/RNG/Projects/ExploreASL/EuroPAD/derivatives/freesurfer-v7.1.1/sub-EPAD04025329_ses-02/mri/wm.mgz...
reading input surface /home/radv/parunachalam/my-rdisk/r-divi/RNG/Projects/ExploreASL/EuroPAD/derivatives/freesurfer-v7.1.1/sub-EPAD04025329_ses-02/surf/lh.white...
reading input pial surface /home/radv/parunachalam/my-rdisk/r-divi/RNG/Projects/ExploreASL/EuroPAD/derivatives/freesurfer-v7.1.1/sub-EPAD04025329_ses-02/surf/lh.pial...
reading input white surface /home/radv/parunachalam/my-rdisk/r-divi/RNG/Projects/ExploreASL/EuroPAD/derivatives/freesurfer-v7.1.1/sub-EPAD04025329_ses-02/surf/lh.white...
computing statistics for each annotation in /home/radv/parunachalam/my-rdisk/r-divi/RNG/Projects/ExploreASL/EuroPAD/derivatives/freesurfer-v7.1.1/sub-EPAD04025329_ses-02/label/rh.Schaefer2018_200Parcels_7Networks_order.annot.
reading volume /home/radv/parunachalam/my-rdisk/r-divi/RNG/Projects/ExploreASL/EuroPAD/derivatives/freesurfer-v7.1.1/sub-EPAD04025329_ses-02/mri/wm.mgz...
reading input surface /home/radv/parunachalam/my-rdisk/r-divi/RNG/Projects/ExploreASL/EuroPAD/derivatives/freesurfer-v7.1.1/sub-EPAD04025329_ses-02/surf/rh.white...
reading input pial surface /home/radv/parunachalam/my-rdisk/r-divi/RNG/Projects/ExploreASL/EuroPAD/derivatives/freesurfer-v7.1.1/sub-EPAD04025329_ses-02/surf/rh.pial...
reading input white surface /home/radv/parunachalam/my-rdisk/r-divi/RNG/Projects/ExploreASL/EuroPAD/derivatives/freesurfer-v7.1.1/sub-EPAD04025329_ses-02/surf/rh.white...
mv: cannot stat '/home/radv/parunachalam/my-rdisk/r-divi/RNG/Projects/ExploreASL/EuroPAD/derivatives/freesurfer-v7.1.1/sub-EPAD01024885_ses-01/surf/lh.pial.T1': No such file or directory
mv: cannot stat '/home/radv/parunachalam/my-rdisk/r-divi/RNG/Projects/ExploreASL/EuroPAD/derivatives/freesurfer-v7.1.1/sub-EPAD01024885_ses-01/surf/rh.pial.T1': No such file or directory
computing statistics for each annotation in /home/radv/parunachalam/my-rdisk/r-divi/RNG/Projects/ExploreASL/EuroPAD/derivatives/freesurfer-v7.1.1/sub-EPAD01024885_ses-01/label/lh.Schaefer2018_200Parcels_7Networks_order.annot.
reading volume /home/radv/parunachalam/my-rdisk/r-divi/RNG/Projects/ExploreASL/EuroPAD/derivatives/freesurfer-v7.1.1/sub-EPAD01024885_ses-01/mri/wm.mgz...
reading input surface /home/radv/parunachalam/my-rdisk/r-divi/RNG/Projects/ExploreASL/EuroPAD/derivatives/freesurfer-v7.1.1/sub-EPAD01024885_ses-01/surf/lh.white...
reading input pial surface /home/radv/parunachalam/my-rdisk/r-divi/RNG/Projects/ExploreASL/EuroPAD/derivatives/freesurfer-v7.1.1/sub-EPAD01024885_ses-01/surf/lh.pial...
reading input white surface /home/radv/parunachalam/my-rdisk/r-divi/RNG/Projects/ExploreASL/EuroPAD/derivatives/freesurfer-v7.1.1/sub-EPAD01024885_ses-01/surf/lh.white...
computing statistics for each annotation in /home/radv/parunachalam/my-rdisk/r-divi/RNG/Projects/ExploreASL/EuroPAD/derivatives/freesurfer-v7.1.1/sub-EPAD01024885_ses-01/label/rh.Schaefer2018_200Parcels_7Networks_order.annot.
reading volume /home/radv/parunachalam/my-rdisk/r-divi/RNG/Projects/ExploreASL/EuroPAD/derivatives/freesurfer-v7.1.1/sub-EPAD01024885_ses-01/mri/wm.mgz...
reading input surface /home/radv/parunachalam/my-rdisk/r-divi/RNG/Projects/ExploreASL/EuroPAD/derivatives/freesurfer-v7.1.1/sub-EPAD01024885_ses-01/surf/rh.white...
reading input pial surface /home/radv/parunachalam/my-rdisk/r-divi/RNG/Projects/ExploreASL/EuroPAD/derivatives/freesurfer-v7.1.1/sub-EPAD01024885_ses-01/surf/rh.pial...
reading input white surface /home/radv/parunachalam/my-rdisk/r-divi/RNG/Projects/ExploreASL/EuroPAD/derivatives/freesurfer-v7.1.1/sub-EPAD01024885_ses-01/surf/rh.white...
computing statistics for each annotation in /home/radv/parunachalam/my-rdisk/r-divi/RNG/Projects/ExploreASL/EuroPAD/derivatives/freesurfer-v7.1.1/sub-AMYPAD03210207_ses-002/label/lh.Schaefer2018_200Parcels_7Networks_order.annot.
reading volume /home/radv/parunachalam/my-rdisk/r-divi/RNG/Projects/ExploreASL/EuroPAD/derivatives/freesurfer-v7.1.1/sub-AMYPAD03210207_ses-002/mri/wm.mgz...
reading input surface /home/radv/parunachalam/my-rdisk/r-divi/RNG/Projects/ExploreASL/EuroPAD/derivatives/freesurfer-v7.1.1/sub-AMYPAD03210207_ses-002/surf/lh.white...
reading input pial surface /home/radv/parunachalam/my-rdisk/r-divi/RNG/Projects/ExploreASL/EuroPAD/derivatives/freesurfer-v7.1.1/sub-AMYPAD03210207_ses-002/surf/lh.pial...
reading input white surface /home/radv/parunachalam/my-rdisk/r-divi/RNG/Projects/ExploreASL/EuroPAD/derivatives/freesurfer-v7.1.1/sub-AMYPAD03210207_ses-002/surf/lh.white...
computing statistics for each annotation in /home/radv/parunachalam/my-rdisk/r-divi/RNG/Projects/ExploreASL/EuroPAD/derivatives/freesurfer-v7.1.1/sub-AMYPAD03210207_ses-002/label/rh.Schaefer2018_200Parcels_7Networks_order.annot.
reading volume /home/radv/parunachalam/my-rdisk/r-divi/RNG/Projects/ExploreASL/EuroPAD/derivatives/freesurfer-v7.1.1/sub-AMYPAD03210207_ses-002/mri/wm.mgz...
reading input surface /home/radv/parunachalam/my-rdisk/r-divi/RNG/Projects/ExploreASL/EuroPAD/derivatives/freesurfer-v7.1.1/sub-AMYPAD03210207_ses-002/surf/rh.white...
reading input pial surface /home/radv/parunachalam/my-rdisk/r-divi/RNG/Projects/ExploreASL/EuroPAD/derivatives/freesurfer-v7.1.1/sub-AMYPAD03210207_ses-002/surf/rh.pial...
reading input white surface /home/radv/parunachalam/my-rdisk/r-divi/RNG/Projects/ExploreASL/EuroPAD/derivatives/freesurfer-v7.1.1/sub-AMYPAD03210207_ses-002/surf/rh.white...
computing statistics for each annotation in /home/radv/parunachalam/my-rdisk/r-divi/RNG/Projects/ExploreASL/EuroPAD/derivatives/freesurfer-v7.1.1/sub-EPAD04024209_ses-04/label/lh.Schaefer2018_200Parcels_7Networks_order.annot.
reading volume /home/radv/parunachalam/my-rdisk/r-divi/RNG/Projects/ExploreASL/EuroPAD/derivatives/freesurfer-v7.1.1/sub-EPAD04024209_ses-04/mri/wm.mgz...
reading input surface /home/radv/parunachalam/my-rdisk/r-divi/RNG/Projects/ExploreASL/EuroPAD/derivatives/freesurfer-v7.1.1/sub-EPAD04024209_ses-04/surf/lh.white...
reading input pial surface /home/radv/parunachalam/my-rdisk/r-divi/RNG/Projects/ExploreASL/EuroPAD/derivatives/freesurfer-v7.1.1/sub-EPAD04024209_ses-04/surf/lh.pial...
reading input white surface /home/radv/parunachalam/my-rdisk/r-divi/RNG/Projects/ExploreASL/EuroPAD/derivatives/freesurfer-v7.1.1/sub-EPAD04024209_ses-04/surf/lh.white...
computing statistics for each annotation in /home/radv/parunachalam/my-rdisk/r-divi/RNG/Projects/ExploreASL/EuroPAD/derivatives/freesurfer-v7.1.1/sub-EPAD04024209_ses-04/label/rh.Schaefer2018_200Parcels_7Networks_order.annot.
reading volume /home/radv/parunachalam/my-rdisk/r-divi/RNG/Projects/ExploreASL/EuroPAD/derivatives/freesurfer-v7.1.1/sub-EPAD04024209_ses-04/mri/wm.mgz...
reading input surface /home/radv/parunachalam/my-rdisk/r-divi/RNG/Projects/ExploreASL/EuroPAD/derivatives/freesurfer-v7.1.1/sub-EPAD04024209_ses-04/surf/rh.white...
reading input pial surface /home/radv/parunachalam/my-rdisk/r-divi/RNG/Projects/ExploreASL/EuroPAD/derivatives/freesurfer-v7.1.1/sub-EPAD04024209_ses-04/surf/rh.pial...
reading input white surface /home/radv/parunachalam/my-rdisk/r-divi/RNG/Projects/ExploreASL/EuroPAD/derivatives/freesurfer-v7.1.1/sub-EPAD04024209_ses-04/surf/rh.white...
computing statistics for each annotation in /home/radv/parunachalam/my-rdisk/r-divi/RNG/Projects/ExploreASL/EuroPAD/derivatives/freesurfer-v7.1.1/sub-EPAD03124506_ses-03/label/lh.Schaefer2018_200Parcels_7Networks_order.annot.
reading volume /home/radv/parunachalam/my-rdisk/r-divi/RNG/Projects/ExploreASL/EuroPAD/derivatives/freesurfer-v7.1.1/sub-EPAD03124506_ses-03/mri/wm.mgz...
reading input surface /home/radv/parunachalam/my-rdisk/r-divi/RNG/Projects/ExploreASL/EuroPAD/derivatives/freesurfer-v7.1.1/sub-EPAD03124506_ses-03/surf/lh.white...
reading input pial surface /home/radv/parunachalam/my-rdisk/r-divi/RNG/Projects/ExploreASL/EuroPAD/derivatives/freesurfer-v7.1.1/sub-EPAD03124506_ses-03/surf/lh.pial...
reading input white surface /home/radv/parunachalam/my-rdisk/r-divi/RNG/Projects/ExploreASL/EuroPAD/derivatives/freesurfer-v7.1.1/sub-EPAD03124506_ses-03/surf/lh.white...
error: # elements (-8454144) in /home/radv/parunachalam/my-rdisk/r-divi/RNG/Projects/ExploreASL/EuroPAD/derivatives/freesurfer-v7.1.1/sub-EPAD03124506_ses-03/label/lh.Schaefer2018_200Parcels_7Networks_order.annot and # vertices (123632) don't match 
error: mris_anatomical_stats:  could  not read annotation file /home/radv/parunachalam/my-rdisk/r-divi/RNG/Projects/ExploreASL/EuroPAD/derivatives/freesurfer-v7.1.1/sub-EPAD03124506_ses-03/label/lh.Schaefer2018_200Parcels_7Networks_order.annot 
computing statistics for each annotation in /home/radv/parunachalam/my-rdisk/r-divi/RNG/Projects/ExploreASL/EuroPAD/derivatives/freesurfer-v7.1.1/sub-EPAD03124506_ses-03/label/rh.Schaefer2018_200Parcels_7Networks_order.annot.
reading volume /home/radv/parunachalam/my-rdisk/r-divi/RNG/Projects/ExploreASL/EuroPAD/derivatives/freesurfer-v7.1.1/sub-EPAD03124506_ses-03/mri/wm.mgz...
reading input surface /home/radv/parunachalam/my-rdisk/r-divi/RNG/Projects/ExploreASL/EuroPAD/derivatives/freesurfer-v7.1.1/sub-EPAD03124506_ses-03/surf/rh.white...
reading input pial surface /home/radv/parunachalam/my-rdisk/r-divi/RNG/Projects/ExploreASL/EuroPAD/derivatives/freesurfer-v7.1.1/sub-EPAD03124506_ses-03/surf/rh.pial...
reading input white surface /home/radv/parunachalam/my-rdisk/r-divi/RNG/Projects/ExploreASL/EuroPAD/derivatives/freesurfer-v7.1.1/sub-EPAD03124506_ses-03/surf/rh.white...
computing statistics for each annotation in /home/radv/parunachalam/my-rdisk/r-divi/RNG/Projects/ExploreASL/EuroPAD/derivatives/freesurfer-v7.1.1/sub-EPAD04023850_ses-05/label/lh.Schaefer2018_200Parcels_7Networks_order.annot.
reading volume /home/radv/parunachalam/my-rdisk/r-divi/RNG/Projects/ExploreASL/EuroPAD/derivatives/freesurfer-v7.1.1/sub-EPAD04023850_ses-05/mri/wm.mgz...
reading input surface /home/radv/parunachalam/my-rdisk/r-divi/RNG/Projects/ExploreASL/EuroPAD/derivatives/freesurfer-v7.1.1/sub-EPAD04023850_ses-05/surf/lh.white...
reading input pial surface /home/radv/parunachalam/my-rdisk/r-divi/RNG/Projects/ExploreASL/EuroPAD/derivatives/freesurfer-v7.1.1/sub-EPAD04023850_ses-05/surf/lh.pial...
reading input white surface /home/radv/parunachalam/my-rdisk/r-divi/RNG/Projects/ExploreASL/EuroPAD/derivatives/freesurfer-v7.1.1/sub-EPAD04023850_ses-05/surf/lh.white...
computing statistics for each annotation in /home/radv/parunachalam/my-rdisk/r-divi/RNG/Projects/ExploreASL/EuroPAD/derivatives/freesurfer-v7.1.1/sub-EPAD04023850_ses-05/label/rh.Schaefer2018_200Parcels_7Networks_order.annot.
reading volume /home/radv/parunachalam/my-rdisk/r-divi/RNG/Projects/ExploreASL/EuroPAD/derivatives/freesurfer-v7.1.1/sub-EPAD04023850_ses-05/mri/wm.mgz...
reading input surface /home/radv/parunachalam/my-rdisk/r-divi/RNG/Projects/ExploreASL/EuroPAD/derivatives/freesurfer-v7.1.1/sub-EPAD04023850_ses-05/surf/rh.white...
reading input pial surface /home/radv/parunachalam/my-rdisk/r-divi/RNG/Projects/ExploreASL/EuroPAD/derivatives/freesurfer-v7.1.1/sub-EPAD04023850_ses-05/surf/rh.pial...
reading input white surface /home/radv/parunachalam/my-rdisk/r-divi/RNG/Projects/ExploreASL/EuroPAD/derivatives/freesurfer-v7.1.1/sub-EPAD04023850_ses-05/surf/rh.white...
computing statistics for each annotation in /home/radv/parunachalam/my-rdisk/r-divi/RNG/Projects/ExploreASL/EuroPAD/derivatives/freesurfer-v7.1.1/sub-AMYPAD03010208_ses-000/label/lh.Schaefer2018_200Parcels_7Networks_order.annot.
reading volume /home/radv/parunachalam/my-rdisk/r-divi/RNG/Projects/ExploreASL/EuroPAD/derivatives/freesurfer-v7.1.1/sub-AMYPAD03010208_ses-000/mri/wm.mgz...
reading input surface /home/radv/parunachalam/my-rdisk/r-divi/RNG/Projects/ExploreASL/EuroPAD/derivatives/freesurfer-v7.1.1/sub-AMYPAD03010208_ses-000/surf/lh.white...
reading input pial surface /home/radv/parunachalam/my-rdisk/r-divi/RNG/Projects/ExploreASL/EuroPAD/derivatives/freesurfer-v7.1.1/sub-AMYPAD03010208_ses-000/surf/lh.pial...
reading input white surface /home/radv/parunachalam/my-rdisk/r-divi/RNG/Projects/ExploreASL/EuroPAD/derivatives/freesurfer-v7.1.1/sub-AMYPAD03010208_ses-000/surf/lh.white...
computing statistics for each annotation in /home/radv/parunachalam/my-rdisk/r-divi/RNG/Projects/ExploreASL/EuroPAD/derivatives/freesurfer-v7.1.1/sub-AMYPAD03010208_ses-000/label/rh.Schaefer2018_200Parcels_7Networks_order.annot.
reading volume /home/radv/parunachalam/my-rdisk/r-divi/RNG/Projects/ExploreASL/EuroPAD/derivatives/freesurfer-v7.1.1/sub-AMYPAD03010208_ses-000/mri/wm.mgz...
reading input surface /home/radv/parunachalam/my-rdisk/r-divi/RNG/Projects/ExploreASL/EuroPAD/derivatives/freesurfer-v7.1.1/sub-AMYPAD03010208_ses-000/surf/rh.white...
reading input pial surface /home/radv/parunachalam/my-rdisk/r-divi/RNG/Projects/ExploreASL/EuroPAD/derivatives/freesurfer-v7.1.1/sub-AMYPAD03010208_ses-000/surf/rh.pial...
reading input white surface /home/radv/parunachalam/my-rdisk/r-divi/RNG/Projects/ExploreASL/EuroPAD/derivatives/freesurfer-v7.1.1/sub-AMYPAD03010208_ses-000/surf/rh.white...
computing statistics for each annotation in /home/radv/parunachalam/my-rdisk/r-divi/RNG/Projects/ExploreASL/EuroPAD/derivatives/freesurfer-v7.1.1/sub-EPAD01024550_ses-03/label/lh.Schaefer2018_200Parcels_7Networks_order.annot.
reading volume /home/radv/parunachalam/my-rdisk/r-divi/RNG/Projects/ExploreASL/EuroPAD/derivatives/freesurfer-v7.1.1/sub-EPAD01024550_ses-03/mri/wm.mgz...
reading input surface /home/radv/parunachalam/my-rdisk/r-divi/RNG/Projects/ExploreASL/EuroPAD/derivatives/freesurfer-v7.1.1/sub-EPAD01024550_ses-03/surf/lh.white...
reading input pial surface /home/radv/parunachalam/my-rdisk/r-divi/RNG/Projects/ExploreASL/EuroPAD/derivatives/freesurfer-v7.1.1/sub-EPAD01024550_ses-03/surf/lh.pial...
reading input white surface /home/radv/parunachalam/my-rdisk/r-divi/RNG/Projects/ExploreASL/EuroPAD/derivatives/freesurfer-v7.1.1/sub-EPAD01024550_ses-03/surf/lh.white...
computing statistics for each annotation in /home/radv/parunachalam/my-rdisk/r-divi/RNG/Projects/ExploreASL/EuroPAD/derivatives/freesurfer-v7.1.1/sub-EPAD01024550_ses-03/label/rh.Schaefer2018_200Parcels_7Networks_order.annot.
reading volume /home/radv/parunachalam/my-rdisk/r-divi/RNG/Projects/ExploreASL/EuroPAD/derivatives/freesurfer-v7.1.1/sub-EPAD01024550_ses-03/mri/wm.mgz...
reading input surface /home/radv/parunachalam/my-rdisk/r-divi/RNG/Projects/ExploreASL/EuroPAD/derivatives/freesurfer-v7.1.1/sub-EPAD01024550_ses-03/surf/rh.white...
reading input pial surface /home/radv/parunachalam/my-rdisk/r-divi/RNG/Projects/ExploreASL/EuroPAD/derivatives/freesurfer-v7.1.1/sub-EPAD01024550_ses-03/surf/rh.pial...
reading input white surface /home/radv/parunachalam/my-rdisk/r-divi/RNG/Projects/ExploreASL/EuroPAD/derivatives/freesurfer-v7.1.1/sub-EPAD01024550_ses-03/surf/rh.white...
mv: cannot stat '/home/radv/parunachalam/my-rdisk/r-divi/RNG/Projects/ExploreASL/EuroPAD/derivatives/freesurfer-v7.1.1/sub-AMYPAD03010215_ses-000/surf/lh.pial.T1': No such file or directory
mv: cannot stat '/home/radv/parunachalam/my-rdisk/r-divi/RNG/Projects/ExploreASL/EuroPAD/derivatives/freesurfer-v7.1.1/sub-AMYPAD03010215_ses-000/surf/rh.pial.T1': No such file or directory
computing statistics for each annotation in /home/radv/parunachalam/my-rdisk/r-divi/RNG/Projects/ExploreASL/EuroPAD/derivatives/freesurfer-v7.1.1/sub-AMYPAD03010215_ses-000/label/lh.Schaefer2018_200Parcels_7Networks_order.annot.
reading volume /home/radv/parunachalam/my-rdisk/r-divi/RNG/Projects/ExploreASL/EuroPAD/derivatives/freesurfer-v7.1.1/sub-AMYPAD03010215_ses-000/mri/wm.mgz...
reading input surface /home/radv/parunachalam/my-rdisk/r-divi/RNG/Projects/ExploreASL/EuroPAD/derivatives/freesurfer-v7.1.1/sub-AMYPAD03010215_ses-000/surf/lh.white...
reading input pial surface /home/radv/parunachalam/my-rdisk/r-divi/RNG/Projects/ExploreASL/EuroPAD/derivatives/freesurfer-v7.1.1/sub-AMYPAD03010215_ses-000/surf/lh.pial...
reading input white surface /home/radv/parunachalam/my-rdisk/r-divi/RNG/Projects/ExploreASL/EuroPAD/derivatives/freesurfer-v7.1.1/sub-AMYPAD03010215_ses-000/surf/lh.white...
computing statistics for each annotation in /home/radv/parunachalam/my-rdisk/r-divi/RNG/Projects/ExploreASL/EuroPAD/derivatives/freesurfer-v7.1.1/sub-AMYPAD03010215_ses-000/label/rh.Schaefer2018_200Parcels_7Networks_order.annot.
reading volume /home/radv/parunachalam/my-rdisk/r-divi/RNG/Projects/ExploreASL/EuroPAD/derivatives/freesurfer-v7.1.1/sub-AMYPAD03010215_ses-000/mri/wm.mgz...
reading input surface /home/radv/parunachalam/my-rdisk/r-divi/RNG/Projects/ExploreASL/EuroPAD/derivatives/freesurfer-v7.1.1/sub-AMYPAD03010215_ses-000/surf/rh.white...
reading input pial surface /home/radv/parunachalam/my-rdisk/r-divi/RNG/Projects/ExploreASL/EuroPAD/derivatives/freesurfer-v7.1.1/sub-AMYPAD03010215_ses-000/surf/rh.pial...
reading input white surface /home/radv/parunachalam/my-rdisk/r-divi/RNG/Projects/ExploreASL/EuroPAD/derivatives/freesurfer-v7.1.1/sub-AMYPAD03010215_ses-000/surf/rh.white...
computing statistics for each annotation in /home/radv/parunachalam/my-rdisk/r-divi/RNG/Projects/ExploreASL/EuroPAD/derivatives/freesurfer-v7.1.1/sub-EPAD04023973_ses-06/label/lh.Schaefer2018_200Parcels_7Networks_order.annot.
reading volume /home/radv/parunachalam/my-rdisk/r-divi/RNG/Projects/ExploreASL/EuroPAD/derivatives/freesurfer-v7.1.1/sub-EPAD04023973_ses-06/mri/wm.mgz...
reading input surface /home/radv/parunachalam/my-rdisk/r-divi/RNG/Projects/ExploreASL/EuroPAD/derivatives/freesurfer-v7.1.1/sub-EPAD04023973_ses-06/surf/lh.white...
reading input pial surface /home/radv/parunachalam/my-rdisk/r-divi/RNG/Projects/ExploreASL/EuroPAD/derivatives/freesurfer-v7.1.1/sub-EPAD04023973_ses-06/surf/lh.pial...
reading input white surface /home/radv/parunachalam/my-rdisk/r-divi/RNG/Projects/ExploreASL/EuroPAD/derivatives/freesurfer-v7.1.1/sub-EPAD04023973_ses-06/surf/lh.white...
computing statistics for each annotation in /home/radv/parunachalam/my-rdisk/r-divi/RNG/Projects/ExploreASL/EuroPAD/derivatives/freesurfer-v7.1.1/sub-EPAD04023973_ses-06/label/rh.Schaefer2018_200Parcels_7Networks_order.annot.
reading volume /home/radv/parunachalam/my-rdisk/r-divi/RNG/Projects/ExploreASL/EuroPAD/derivatives/freesurfer-v7.1.1/sub-EPAD04023973_ses-06/mri/wm.mgz...
reading input surface /home/radv/parunachalam/my-rdisk/r-divi/RNG/Projects/ExploreASL/EuroPAD/derivatives/freesurfer-v7.1.1/sub-EPAD04023973_ses-06/surf/rh.white...
reading input pial surface /home/radv/parunachalam/my-rdisk/r-divi/RNG/Projects/ExploreASL/EuroPAD/derivatives/freesurfer-v7.1.1/sub-EPAD04023973_ses-06/surf/rh.pial...
reading input white surface /home/radv/parunachalam/my-rdisk/r-divi/RNG/Projects/ExploreASL/EuroPAD/derivatives/freesurfer-v7.1.1/sub-EPAD04023973_ses-06/surf/rh.white...
computing statistics for each annotation in /home/radv/parunachalam/my-rdisk/r-divi/RNG/Projects/ExploreASL/EuroPAD/derivatives/freesurfer-v7.1.1/sub-EPAD04023783_ses-04/label/lh.Schaefer2018_200Parcels_7Networks_order.annot.
reading volume /home/radv/parunachalam/my-rdisk/r-divi/RNG/Projects/ExploreASL/EuroPAD/derivatives/freesurfer-v7.1.1/sub-EPAD04023783_ses-04/mri/wm.mgz...
reading input surface /home/radv/parunachalam/my-rdisk/r-divi/RNG/Projects/ExploreASL/EuroPAD/derivatives/freesurfer-v7.1.1/sub-EPAD04023783_ses-04/surf/lh.white...
reading input pial surface /home/radv/parunachalam/my-rdisk/r-divi/RNG/Projects/ExploreASL/EuroPAD/derivatives/freesurfer-v7.1.1/sub-EPAD04023783_ses-04/surf/lh.pial...
reading input white surface /home/radv/parunachalam/my-rdisk/r-divi/RNG/Projects/ExploreASL/EuroPAD/derivatives/freesurfer-v7.1.1/sub-EPAD04023783_ses-04/surf/lh.white...
computing statistics for each annotation in /home/radv/parunachalam/my-rdisk/r-divi/RNG/Projects/ExploreASL/EuroPAD/derivatives/freesurfer-v7.1.1/sub-EPAD04023783_ses-04/label/rh.Schaefer2018_200Parcels_7Networks_order.annot.
reading volume /home/radv/parunachalam/my-rdisk/r-divi/RNG/Projects/ExploreASL/EuroPAD/derivatives/freesurfer-v7.1.1/sub-EPAD04023783_ses-04/mri/wm.mgz...
reading input surface /home/radv/parunachalam/my-rdisk/r-divi/RNG/Projects/ExploreASL/EuroPAD/derivatives/freesurfer-v7.1.1/sub-EPAD04023783_ses-04/surf/rh.white...
reading input pial surface /home/radv/parunachalam/my-rdisk/r-divi/RNG/Projects/ExploreASL/EuroPAD/derivatives/freesurfer-v7.1.1/sub-EPAD04023783_ses-04/surf/rh.pial...
reading input white surface /home/radv/parunachalam/my-rdisk/r-divi/RNG/Projects/ExploreASL/EuroPAD/derivatives/freesurfer-v7.1.1/sub-EPAD04023783_ses-04/surf/rh.white...
computing statistics for each annotation in /home/radv/parunachalam/my-rdisk/r-divi/RNG/Projects/ExploreASL/EuroPAD/derivatives/freesurfer-v7.1.1/sub-AMYPAD07010102_ses-000/label/lh.Schaefer2018_200Parcels_7Networks_order.annot.
reading volume /home/radv/parunachalam/my-rdisk/r-divi/RNG/Projects/ExploreASL/EuroPAD/derivatives/freesurfer-v7.1.1/sub-AMYPAD07010102_ses-000/mri/wm.mgz...
reading input surface /home/radv/parunachalam/my-rdisk/r-divi/RNG/Projects/ExploreASL/EuroPAD/derivatives/freesurfer-v7.1.1/sub-AMYPAD07010102_ses-000/surf/lh.white...
reading input pial surface /home/radv/parunachalam/my-rdisk/r-divi/RNG/Projects/ExploreASL/EuroPAD/derivatives/freesurfer-v7.1.1/sub-AMYPAD07010102_ses-000/surf/lh.pial...
reading input white surface /home/radv/parunachalam/my-rdisk/r-divi/RNG/Projects/ExploreASL/EuroPAD/derivatives/freesurfer-v7.1.1/sub-AMYPAD07010102_ses-000/surf/lh.white...
computing statistics for each annotation in /home/radv/parunachalam/my-rdisk/r-divi/RNG/Projects/ExploreASL/EuroPAD/derivatives/freesurfer-v7.1.1/sub-AMYPAD07010102_ses-000/label/rh.Schaefer2018_200Parcels_7Networks_order.annot.
reading volume /home/radv/parunachalam/my-rdisk/r-divi/RNG/Projects/ExploreASL/EuroPAD/derivatives/freesurfer-v7.1.1/sub-AMYPAD07010102_ses-000/mri/wm.mgz...
reading input surface /home/radv/parunachalam/my-rdisk/r-divi/RNG/Projects/ExploreASL/EuroPAD/derivatives/freesurfer-v7.1.1/sub-AMYPAD07010102_ses-000/surf/rh.white...
reading input pial surface /home/radv/parunachalam/my-rdisk/r-divi/RNG/Projects/ExploreASL/EuroPAD/derivatives/freesurfer-v7.1.1/sub-AMYPAD07010102_ses-000/surf/rh.pial...
reading input white surface /home/radv/parunachalam/my-rdisk/r-divi/RNG/Projects/ExploreASL/EuroPAD/derivatives/freesurfer-v7.1.1/sub-AMYPAD07010102_ses-000/surf/rh.white...
computing statistics for each annotation in /home/radv/parunachalam/my-rdisk/r-divi/RNG/Projects/ExploreASL/EuroPAD/derivatives/freesurfer-v7.1.1/sub-EPAD01025541_ses-02/label/lh.Schaefer2018_200Parcels_7Networks_order.annot.
reading volume /home/radv/parunachalam/my-rdisk/r-divi/RNG/Projects/ExploreASL/EuroPAD/derivatives/freesurfer-v7.1.1/sub-EPAD01025541_ses-02/mri/wm.mgz...
reading input surface /home/radv/parunachalam/my-rdisk/r-divi/RNG/Projects/ExploreASL/EuroPAD/derivatives/freesurfer-v7.1.1/sub-EPAD01025541_ses-02/surf/lh.white...
reading input pial surface /home/radv/parunachalam/my-rdisk/r-divi/RNG/Projects/ExploreASL/EuroPAD/derivatives/freesurfer-v7.1.1/sub-EPAD01025541_ses-02/surf/lh.pial...
reading input white surface /home/radv/parunachalam/my-rdisk/r-divi/RNG/Projects/ExploreASL/EuroPAD/derivatives/freesurfer-v7.1.1/sub-EPAD01025541_ses-02/surf/lh.white...
computing statistics for each annotation in /home/radv/parunachalam/my-rdisk/r-divi/RNG/Projects/ExploreASL/EuroPAD/derivatives/freesurfer-v7.1.1/sub-EPAD01025541_ses-02/label/rh.Schaefer2018_200Parcels_7Networks_order.annot.
reading volume /home/radv/parunachalam/my-rdisk/r-divi/RNG/Projects/ExploreASL/EuroPAD/derivatives/freesurfer-v7.1.1/sub-EPAD01025541_ses-02/mri/wm.mgz...
reading input surface /home/radv/parunachalam/my-rdisk/r-divi/RNG/Projects/ExploreASL/EuroPAD/derivatives/freesurfer-v7.1.1/sub-EPAD01025541_ses-02/surf/rh.white...
reading input pial surface /home/radv/parunachalam/my-rdisk/r-divi/RNG/Projects/ExploreASL/EuroPAD/derivatives/freesurfer-v7.1.1/sub-EPAD01025541_ses-02/surf/rh.pial...
reading input white surface /home/radv/parunachalam/my-rdisk/r-divi/RNG/Projects/ExploreASL/EuroPAD/derivatives/freesurfer-v7.1.1/sub-EPAD01025541_ses-02/surf/rh.white...
computing statistics for each annotation in /home/radv/parunachalam/my-rdisk/r-divi/RNG/Projects/ExploreASL/EuroPAD/derivatives/freesurfer-v7.1.1/sub-EPAD04023803_ses-04/label/lh.Schaefer2018_200Parcels_7Networks_order.annot.
reading volume /home/radv/parunachalam/my-rdisk/r-divi/RNG/Projects/ExploreASL/EuroPAD/derivatives/freesurfer-v7.1.1/sub-EPAD04023803_ses-04/mri/wm.mgz...
reading input surface /home/radv/parunachalam/my-rdisk/r-divi/RNG/Projects/ExploreASL/EuroPAD/derivatives/freesurfer-v7.1.1/sub-EPAD04023803_ses-04/surf/lh.white...
reading input pial surface /home/radv/parunachalam/my-rdisk/r-divi/RNG/Projects/ExploreASL/EuroPAD/derivatives/freesurfer-v7.1.1/sub-EPAD04023803_ses-04/surf/lh.pial...
reading input white surface /home/radv/parunachalam/my-rdisk/r-divi/RNG/Projects/ExploreASL/EuroPAD/derivatives/freesurfer-v7.1.1/sub-EPAD04023803_ses-04/surf/lh.white...
computing statistics for each annotation in /home/radv/parunachalam/my-rdisk/r-divi/RNG/Projects/ExploreASL/EuroPAD/derivatives/freesurfer-v7.1.1/sub-EPAD04023803_ses-04/label/rh.Schaefer2018_200Parcels_7Networks_order.annot.
reading volume /home/radv/parunachalam/my-rdisk/r-divi/RNG/Projects/ExploreASL/EuroPAD/derivatives/freesurfer-v7.1.1/sub-EPAD04023803_ses-04/mri/wm.mgz...
reading input surface /home/radv/parunachalam/my-rdisk/r-divi/RNG/Projects/ExploreASL/EuroPAD/derivatives/freesurfer-v7.1.1/sub-EPAD04023803_ses-04/surf/rh.white...
reading input pial surface /home/radv/parunachalam/my-rdisk/r-divi/RNG/Projects/ExploreASL/EuroPAD/derivatives/freesurfer-v7.1.1/sub-EPAD04023803_ses-04/surf/rh.pial...
reading input white surface /home/radv/parunachalam/my-rdisk/r-divi/RNG/Projects/ExploreASL/EuroPAD/derivatives/freesurfer-v7.1.1/sub-EPAD04023803_ses-04/surf/rh.white...
computing statistics for each annotation in /home/radv/parunachalam/my-rdisk/r-divi/RNG/Projects/ExploreASL/EuroPAD/derivatives/freesurfer-v7.1.1/sub-EPAD03225532_ses-01/label/lh.Schaefer2018_200Parcels_7Networks_order.annot.
reading volume /home/radv/parunachalam/my-rdisk/r-divi/RNG/Projects/ExploreASL/EuroPAD/derivatives/freesurfer-v7.1.1/sub-EPAD03225532_ses-01/mri/wm.mgz...
reading input surface /home/radv/parunachalam/my-rdisk/r-divi/RNG/Projects/ExploreASL/EuroPAD/derivatives/freesurfer-v7.1.1/sub-EPAD03225532_ses-01/surf/lh.white...
reading input pial surface /home/radv/parunachalam/my-rdisk/r-divi/RNG/Projects/ExploreASL/EuroPAD/derivatives/freesurfer-v7.1.1/sub-EPAD03225532_ses-01/surf/lh.pial...
reading input white surface /home/radv/parunachalam/my-rdisk/r-divi/RNG/Projects/ExploreASL/EuroPAD/derivatives/freesurfer-v7.1.1/sub-EPAD03225532_ses-01/surf/lh.white...
computing statistics for each annotation in /home/radv/parunachalam/my-rdisk/r-divi/RNG/Projects/ExploreASL/EuroPAD/derivatives/freesurfer-v7.1.1/sub-EPAD03225532_ses-01/label/rh.Schaefer2018_200Parcels_7Networks_order.annot.
reading volume /home/radv/parunachalam/my-rdisk/r-divi/RNG/Projects/ExploreASL/EuroPAD/derivatives/freesurfer-v7.1.1/sub-EPAD03225532_ses-01/mri/wm.mgz...
reading input surface /home/radv/parunachalam/my-rdisk/r-divi/RNG/Projects/ExploreASL/EuroPAD/derivatives/freesurfer-v7.1.1/sub-EPAD03225532_ses-01/surf/rh.white...
reading input pial surface /home/radv/parunachalam/my-rdisk/r-divi/RNG/Projects/ExploreASL/EuroPAD/derivatives/freesurfer-v7.1.1/sub-EPAD03225532_ses-01/surf/rh.pial...
reading input white surface /home/radv/parunachalam/my-rdisk/r-divi/RNG/Projects/ExploreASL/EuroPAD/derivatives/freesurfer-v7.1.1/sub-EPAD03225532_ses-01/surf/rh.white...
computing statistics for each annotation in /home/radv/parunachalam/my-rdisk/r-divi/RNG/Projects/ExploreASL/EuroPAD/derivatives/freesurfer-v7.1.1/sub-EMI476_ses-00/label/lh.Schaefer2018_200Parcels_7Networks_order.annot.
reading volume /home/radv/parunachalam/my-rdisk/r-divi/RNG/Projects/ExploreASL/EuroPAD/derivatives/freesurfer-v7.1.1/sub-EMI476_ses-00/mri/wm.mgz...
reading input surface /home/radv/parunachalam/my-rdisk/r-divi/RNG/Projects/ExploreASL/EuroPAD/derivatives/freesurfer-v7.1.1/sub-EMI476_ses-00/surf/lh.white...
reading input pial surface /home/radv/parunachalam/my-rdisk/r-divi/RNG/Projects/ExploreASL/EuroPAD/derivatives/freesurfer-v7.1.1/sub-EMI476_ses-00/surf/lh.pial...
reading input white surface /home/radv/parunachalam/my-rdisk/r-divi/RNG/Projects/ExploreASL/EuroPAD/derivatives/freesurfer-v7.1.1/sub-EMI476_ses-00/surf/lh.white...
computing statistics for each annotation in /home/radv/parunachalam/my-rdisk/r-divi/RNG/Projects/ExploreASL/EuroPAD/derivatives/freesurfer-v7.1.1/sub-EMI476_ses-00/label/rh.Schaefer2018_200Parcels_7Networks_order.annot.
reading volume /home/radv/parunachalam/my-rdisk/r-divi/RNG/Projects/ExploreASL/EuroPAD/derivatives/freesurfer-v7.1.1/sub-EMI476_ses-00/mri/wm.mgz...
reading input surface /home/radv/parunachalam/my-rdisk/r-divi/RNG/Projects/ExploreASL/EuroPAD/derivatives/freesurfer-v7.1.1/sub-EMI476_ses-00/surf/rh.white...
reading input pial surface /home/radv/parunachalam/my-rdisk/r-divi/RNG/Projects/ExploreASL/EuroPAD/derivatives/freesurfer-v7.1.1/sub-EMI476_ses-00/surf/rh.pial...
reading input white surface /home/radv/parunachalam/my-rdisk/r-divi/RNG/Projects/ExploreASL/EuroPAD/derivatives/freesurfer-v7.1.1/sub-EMI476_ses-00/surf/rh.white...
computing statistics for each annotation in /home/radv/parunachalam/my-rdisk/r-divi/RNG/Projects/ExploreASL/EuroPAD/derivatives/freesurfer-v7.1.1/sub-AMYPAD03210013_ses-002/label/lh.Schaefer2018_200Parcels_7Networks_order.annot.
reading volume /home/radv/parunachalam/my-rdisk/r-divi/RNG/Projects/ExploreASL/EuroPAD/derivatives/freesurfer-v7.1.1/sub-AMYPAD03210013_ses-002/mri/wm.mgz...
reading input surface /home/radv/parunachalam/my-rdisk/r-divi/RNG/Projects/ExploreASL/EuroPAD/derivatives/freesurfer-v7.1.1/sub-AMYPAD03210013_ses-002/surf/lh.white...
reading input pial surface /home/radv/parunachalam/my-rdisk/r-divi/RNG/Projects/ExploreASL/EuroPAD/derivatives/freesurfer-v7.1.1/sub-AMYPAD03210013_ses-002/surf/lh.pial...
reading input white surface /home/radv/parunachalam/my-rdisk/r-divi/RNG/Projects/ExploreASL/EuroPAD/derivatives/freesurfer-v7.1.1/sub-AMYPAD03210013_ses-002/surf/lh.white...
computing statistics for each annotation in /home/radv/parunachalam/my-rdisk/r-divi/RNG/Projects/ExploreASL/EuroPAD/derivatives/freesurfer-v7.1.1/sub-AMYPAD03210013_ses-002/label/rh.Schaefer2018_200Parcels_7Networks_order.annot.
reading volume /home/radv/parunachalam/my-rdisk/r-divi/RNG/Projects/ExploreASL/EuroPAD/derivatives/freesurfer-v7.1.1/sub-AMYPAD03210013_ses-002/mri/wm.mgz...
reading input surface /home/radv/parunachalam/my-rdisk/r-divi/RNG/Projects/ExploreASL/EuroPAD/derivatives/freesurfer-v7.1.1/sub-AMYPAD03210013_ses-002/surf/rh.white...
reading input pial surface /home/radv/parunachalam/my-rdisk/r-divi/RNG/Projects/ExploreASL/EuroPAD/derivatives/freesurfer-v7.1.1/sub-AMYPAD03210013_ses-002/surf/rh.pial...
reading input white surface /home/radv/parunachalam/my-rdisk/r-divi/RNG/Projects/ExploreASL/EuroPAD/derivatives/freesurfer-v7.1.1/sub-AMYPAD03210013_ses-002/surf/rh.white...
computing statistics for each annotation in /home/radv/parunachalam/my-rdisk/r-divi/RNG/Projects/ExploreASL/EuroPAD/derivatives/freesurfer-v7.1.1/sub-EPAD01525138_ses-02/label/lh.Schaefer2018_200Parcels_7Networks_order.annot.
reading volume /home/radv/parunachalam/my-rdisk/r-divi/RNG/Projects/ExploreASL/EuroPAD/derivatives/freesurfer-v7.1.1/sub-EPAD01525138_ses-02/mri/wm.mgz...
reading input surface /home/radv/parunachalam/my-rdisk/r-divi/RNG/Projects/ExploreASL/EuroPAD/derivatives/freesurfer-v7.1.1/sub-EPAD01525138_ses-02/surf/lh.white...
reading input pial surface /home/radv/parunachalam/my-rdisk/r-divi/RNG/Projects/ExploreASL/EuroPAD/derivatives/freesurfer-v7.1.1/sub-EPAD01525138_ses-02/surf/lh.pial...
reading input white surface /home/radv/parunachalam/my-rdisk/r-divi/RNG/Projects/ExploreASL/EuroPAD/derivatives/freesurfer-v7.1.1/sub-EPAD01525138_ses-02/surf/lh.white...
computing statistics for each annotation in /home/radv/parunachalam/my-rdisk/r-divi/RNG/Projects/ExploreASL/EuroPAD/derivatives/freesurfer-v7.1.1/sub-EPAD01525138_ses-02/label/rh.Schaefer2018_200Parcels_7Networks_order.annot.
reading volume /home/radv/parunachalam/my-rdisk/r-divi/RNG/Projects/ExploreASL/EuroPAD/derivatives/freesurfer-v7.1.1/sub-EPAD01525138_ses-02/mri/wm.mgz...
reading input surface /home/radv/parunachalam/my-rdisk/r-divi/RNG/Projects/ExploreASL/EuroPAD/derivatives/freesurfer-v7.1.1/sub-EPAD01525138_ses-02/surf/rh.white...
reading input pial surface /home/radv/parunachalam/my-rdisk/r-divi/RNG/Projects/ExploreASL/EuroPAD/derivatives/freesurfer-v7.1.1/sub-EPAD01525138_ses-02/surf/rh.pial...
reading input white surface /home/radv/parunachalam/my-rdisk/r-divi/RNG/Projects/ExploreASL/EuroPAD/derivatives/freesurfer-v7.1.1/sub-EPAD01525138_ses-02/surf/rh.white...
computing statistics for each annotation in /home/radv/parunachalam/my-rdisk/r-divi/RNG/Projects/ExploreASL/EuroPAD/derivatives/freesurfer-v7.1.1/sub-EPAD03123974_ses-03/label/lh.Schaefer2018_200Parcels_7Networks_order.annot.
reading volume /home/radv/parunachalam/my-rdisk/r-divi/RNG/Projects/ExploreASL/EuroPAD/derivatives/freesurfer-v7.1.1/sub-EPAD03123974_ses-03/mri/wm.mgz...
reading input surface /home/radv/parunachalam/my-rdisk/r-divi/RNG/Projects/ExploreASL/EuroPAD/derivatives/freesurfer-v7.1.1/sub-EPAD03123974_ses-03/surf/lh.white...
reading input pial surface /home/radv/parunachalam/my-rdisk/r-divi/RNG/Projects/ExploreASL/EuroPAD/derivatives/freesurfer-v7.1.1/sub-EPAD03123974_ses-03/surf/lh.pial...
reading input white surface /home/radv/parunachalam/my-rdisk/r-divi/RNG/Projects/ExploreASL/EuroPAD/derivatives/freesurfer-v7.1.1/sub-EPAD03123974_ses-03/surf/lh.white...
computing statistics for each annotation in /home/radv/parunachalam/my-rdisk/r-divi/RNG/Projects/ExploreASL/EuroPAD/derivatives/freesurfer-v7.1.1/sub-EPAD03123974_ses-03/label/rh.Schaefer2018_200Parcels_7Networks_order.annot.
reading volume /home/radv/parunachalam/my-rdisk/r-divi/RNG/Projects/ExploreASL/EuroPAD/derivatives/freesurfer-v7.1.1/sub-EPAD03123974_ses-03/mri/wm.mgz...
reading input surface /home/radv/parunachalam/my-rdisk/r-divi/RNG/Projects/ExploreASL/EuroPAD/derivatives/freesurfer-v7.1.1/sub-EPAD03123974_ses-03/surf/rh.white...
reading input pial surface /home/radv/parunachalam/my-rdisk/r-divi/RNG/Projects/ExploreASL/EuroPAD/derivatives/freesurfer-v7.1.1/sub-EPAD03123974_ses-03/surf/rh.pial...
reading input white surface /home/radv/parunachalam/my-rdisk/r-divi/RNG/Projects/ExploreASL/EuroPAD/derivatives/freesurfer-v7.1.1/sub-EPAD03123974_ses-03/surf/rh.white...
computing statistics for each annotation in /home/radv/parunachalam/my-rdisk/r-divi/RNG/Projects/ExploreASL/EuroPAD/derivatives/freesurfer-v7.1.1/sub-EPAD03124782_ses-03/label/lh.Schaefer2018_200Parcels_7Networks_order.annot.
reading volume /home/radv/parunachalam/my-rdisk/r-divi/RNG/Projects/ExploreASL/EuroPAD/derivatives/freesurfer-v7.1.1/sub-EPAD03124782_ses-03/mri/wm.mgz...
reading input surface /home/radv/parunachalam/my-rdisk/r-divi/RNG/Projects/ExploreASL/EuroPAD/derivatives/freesurfer-v7.1.1/sub-EPAD03124782_ses-03/surf/lh.white...
reading input pial surface /home/radv/parunachalam/my-rdisk/r-divi/RNG/Projects/ExploreASL/EuroPAD/derivatives/freesurfer-v7.1.1/sub-EPAD03124782_ses-03/surf/lh.pial...
reading input white surface /home/radv/parunachalam/my-rdisk/r-divi/RNG/Projects/ExploreASL/EuroPAD/derivatives/freesurfer-v7.1.1/sub-EPAD03124782_ses-03/surf/lh.white...
computing statistics for each annotation in /home/radv/parunachalam/my-rdisk/r-divi/RNG/Projects/ExploreASL/EuroPAD/derivatives/freesurfer-v7.1.1/sub-EPAD03124782_ses-03/label/rh.Schaefer2018_200Parcels_7Networks_order.annot.
reading volume /home/radv/parunachalam/my-rdisk/r-divi/RNG/Projects/ExploreASL/EuroPAD/derivatives/freesurfer-v7.1.1/sub-EPAD03124782_ses-03/mri/wm.mgz...
reading input surface /home/radv/parunachalam/my-rdisk/r-divi/RNG/Projects/ExploreASL/EuroPAD/derivatives/freesurfer-v7.1.1/sub-EPAD03124782_ses-03/surf/rh.white...
reading input pial surface /home/radv/parunachalam/my-rdisk/r-divi/RNG/Projects/ExploreASL/EuroPAD/derivatives/freesurfer-v7.1.1/sub-EPAD03124782_ses-03/surf/rh.pial...
reading input white surface /home/radv/parunachalam/my-rdisk/r-divi/RNG/Projects/ExploreASL/EuroPAD/derivatives/freesurfer-v7.1.1/sub-EPAD03124782_ses-03/surf/rh.white...
computing statistics for each annotation in /home/radv/parunachalam/my-rdisk/r-divi/RNG/Projects/ExploreASL/EuroPAD/derivatives/freesurfer-v7.1.1/sub-EPAD01025205_ses-01/label/lh.Schaefer2018_200Parcels_7Networks_order.annot.
reading volume /home/radv/parunachalam/my-rdisk/r-divi/RNG/Projects/ExploreASL/EuroPAD/derivatives/freesurfer-v7.1.1/sub-EPAD01025205_ses-01/mri/wm.mgz...
reading input surface /home/radv/parunachalam/my-rdisk/r-divi/RNG/Projects/ExploreASL/EuroPAD/derivatives/freesurfer-v7.1.1/sub-EPAD01025205_ses-01/surf/lh.white...
reading input pial surface /home/radv/parunachalam/my-rdisk/r-divi/RNG/Projects/ExploreASL/EuroPAD/derivatives/freesurfer-v7.1.1/sub-EPAD01025205_ses-01/surf/lh.pial...
reading input white surface /home/radv/parunachalam/my-rdisk/r-divi/RNG/Projects/ExploreASL/EuroPAD/derivatives/freesurfer-v7.1.1/sub-EPAD01025205_ses-01/surf/lh.white...
computing statistics for each annotation in /home/radv/parunachalam/my-rdisk/r-divi/RNG/Projects/ExploreASL/EuroPAD/derivatives/freesurfer-v7.1.1/sub-EPAD01025205_ses-01/label/rh.Schaefer2018_200Parcels_7Networks_order.annot.
reading volume /home/radv/parunachalam/my-rdisk/r-divi/RNG/Projects/ExploreASL/EuroPAD/derivatives/freesurfer-v7.1.1/sub-EPAD01025205_ses-01/mri/wm.mgz...
reading input surface /home/radv/parunachalam/my-rdisk/r-divi/RNG/Projects/ExploreASL/EuroPAD/derivatives/freesurfer-v7.1.1/sub-EPAD01025205_ses-01/surf/rh.white...
reading input pial surface /home/radv/parunachalam/my-rdisk/r-divi/RNG/Projects/ExploreASL/EuroPAD/derivatives/freesurfer-v7.1.1/sub-EPAD01025205_ses-01/surf/rh.pial...
reading input white surface /home/radv/parunachalam/my-rdisk/r-divi/RNG/Projects/ExploreASL/EuroPAD/derivatives/freesurfer-v7.1.1/sub-EPAD01025205_ses-01/surf/rh.white...
computing statistics for each annotation in /home/radv/parunachalam/my-rdisk/r-divi/RNG/Projects/ExploreASL/EuroPAD/derivatives/freesurfer-v7.1.1/sub-AMYPAD03010018_ses-000/label/lh.Schaefer2018_200Parcels_7Networks_order.annot.
reading volume /home/radv/parunachalam/my-rdisk/r-divi/RNG/Projects/ExploreASL/EuroPAD/derivatives/freesurfer-v7.1.1/sub-AMYPAD03010018_ses-000/mri/wm.mgz...
reading input surface /home/radv/parunachalam/my-rdisk/r-divi/RNG/Projects/ExploreASL/EuroPAD/derivatives/freesurfer-v7.1.1/sub-AMYPAD03010018_ses-000/surf/lh.white...
reading input pial surface /home/radv/parunachalam/my-rdisk/r-divi/RNG/Projects/ExploreASL/EuroPAD/derivatives/freesurfer-v7.1.1/sub-AMYPAD03010018_ses-000/surf/lh.pial...
reading input white surface /home/radv/parunachalam/my-rdisk/r-divi/RNG/Projects/ExploreASL/EuroPAD/derivatives/freesurfer-v7.1.1/sub-AMYPAD03010018_ses-000/surf/lh.white...
computing statistics for each annotation in /home/radv/parunachalam/my-rdisk/r-divi/RNG/Projects/ExploreASL/EuroPAD/derivatives/freesurfer-v7.1.1/sub-AMYPAD03010018_ses-000/label/rh.Schaefer2018_200Parcels_7Networks_order.annot.
reading volume /home/radv/parunachalam/my-rdisk/r-divi/RNG/Projects/ExploreASL/EuroPAD/derivatives/freesurfer-v7.1.1/sub-AMYPAD03010018_ses-000/mri/wm.mgz...
reading input surface /home/radv/parunachalam/my-rdisk/r-divi/RNG/Projects/ExploreASL/EuroPAD/derivatives/freesurfer-v7.1.1/sub-AMYPAD03010018_ses-000/surf/rh.white...
reading input pial surface /home/radv/parunachalam/my-rdisk/r-divi/RNG/Projects/ExploreASL/EuroPAD/derivatives/freesurfer-v7.1.1/sub-AMYPAD03010018_ses-000/surf/rh.pial...
reading input white surface /home/radv/parunachalam/my-rdisk/r-divi/RNG/Projects/ExploreASL/EuroPAD/derivatives/freesurfer-v7.1.1/sub-AMYPAD03010018_ses-000/surf/rh.white...
computing statistics for each annotation in /home/radv/parunachalam/my-rdisk/r-divi/RNG/Projects/ExploreASL/EuroPAD/derivatives/freesurfer-v7.1.1/sub-EPAD01124082_ses-01/label/lh.Schaefer2018_200Parcels_7Networks_order.annot.
reading volume /home/radv/parunachalam/my-rdisk/r-divi/RNG/Projects/ExploreASL/EuroPAD/derivatives/freesurfer-v7.1.1/sub-EPAD01124082_ses-01/mri/wm.mgz...
reading input surface /home/radv/parunachalam/my-rdisk/r-divi/RNG/Projects/ExploreASL/EuroPAD/derivatives/freesurfer-v7.1.1/sub-EPAD01124082_ses-01/surf/lh.white...
reading input pial surface /home/radv/parunachalam/my-rdisk/r-divi/RNG/Projects/ExploreASL/EuroPAD/derivatives/freesurfer-v7.1.1/sub-EPAD01124082_ses-01/surf/lh.pial...
reading input white surface /home/radv/parunachalam/my-rdisk/r-divi/RNG/Projects/ExploreASL/EuroPAD/derivatives/freesurfer-v7.1.1/sub-EPAD01124082_ses-01/surf/lh.white...
computing statistics for each annotation in /home/radv/parunachalam/my-rdisk/r-divi/RNG/Projects/ExploreASL/EuroPAD/derivatives/freesurfer-v7.1.1/sub-EPAD01124082_ses-01/label/rh.Schaefer2018_200Parcels_7Networks_order.annot.
reading volume /home/radv/parunachalam/my-rdisk/r-divi/RNG/Projects/ExploreASL/EuroPAD/derivatives/freesurfer-v7.1.1/sub-EPAD01124082_ses-01/mri/wm.mgz...
reading input surface /home/radv/parunachalam/my-rdisk/r-divi/RNG/Projects/ExploreASL/EuroPAD/derivatives/freesurfer-v7.1.1/sub-EPAD01124082_ses-01/surf/rh.white...
reading input pial surface /home/radv/parunachalam/my-rdisk/r-divi/RNG/Projects/ExploreASL/EuroPAD/derivatives/freesurfer-v7.1.1/sub-EPAD01124082_ses-01/surf/rh.pial...
reading input white surface /home/radv/parunachalam/my-rdisk/r-divi/RNG/Projects/ExploreASL/EuroPAD/derivatives/freesurfer-v7.1.1/sub-EPAD01124082_ses-01/surf/rh.white...
computing statistics for each annotation in /home/radv/parunachalam/my-rdisk/r-divi/RNG/Projects/ExploreASL/EuroPAD/derivatives/freesurfer-v7.1.1/sub-EPAD03124128_ses-01/label/lh.Schaefer2018_200Parcels_7Networks_order.annot.
reading volume /home/radv/parunachalam/my-rdisk/r-divi/RNG/Projects/ExploreASL/EuroPAD/derivatives/freesurfer-v7.1.1/sub-EPAD03124128_ses-01/mri/wm.mgz...
reading input surface /home/radv/parunachalam/my-rdisk/r-divi/RNG/Projects/ExploreASL/EuroPAD/derivatives/freesurfer-v7.1.1/sub-EPAD03124128_ses-01/surf/lh.white...
reading input pial surface /home/radv/parunachalam/my-rdisk/r-divi/RNG/Projects/ExploreASL/EuroPAD/derivatives/freesurfer-v7.1.1/sub-EPAD03124128_ses-01/surf/lh.pial...
reading input white surface /home/radv/parunachalam/my-rdisk/r-divi/RNG/Projects/ExploreASL/EuroPAD/derivatives/freesurfer-v7.1.1/sub-EPAD03124128_ses-01/surf/lh.white...
computing statistics for each annotation in /home/radv/parunachalam/my-rdisk/r-divi/RNG/Projects/ExploreASL/EuroPAD/derivatives/freesurfer-v7.1.1/sub-EPAD03124128_ses-01/label/rh.Schaefer2018_200Parcels_7Networks_order.annot.
reading volume /home/radv/parunachalam/my-rdisk/r-divi/RNG/Projects/ExploreASL/EuroPAD/derivatives/freesurfer-v7.1.1/sub-EPAD03124128_ses-01/mri/wm.mgz...
reading input surface /home/radv/parunachalam/my-rdisk/r-divi/RNG/Projects/ExploreASL/EuroPAD/derivatives/freesurfer-v7.1.1/sub-EPAD03124128_ses-01/surf/rh.white...
reading input pial surface /home/radv/parunachalam/my-rdisk/r-divi/RNG/Projects/ExploreASL/EuroPAD/derivatives/freesurfer-v7.1.1/sub-EPAD03124128_ses-01/surf/rh.pial...
reading input white surface /home/radv/parunachalam/my-rdisk/r-divi/RNG/Projects/ExploreASL/EuroPAD/derivatives/freesurfer-v7.1.1/sub-EPAD03124128_ses-01/surf/rh.white...
computing statistics for each annotation in /home/radv/parunachalam/my-rdisk/r-divi/RNG/Projects/ExploreASL/EuroPAD/derivatives/freesurfer-v7.1.1/sub-AMYPAD04020032_ses-000/label/lh.Schaefer2018_200Parcels_7Networks_order.annot.
reading volume /home/radv/parunachalam/my-rdisk/r-divi/RNG/Projects/ExploreASL/EuroPAD/derivatives/freesurfer-v7.1.1/sub-AMYPAD04020032_ses-000/mri/wm.mgz...
reading input surface /home/radv/parunachalam/my-rdisk/r-divi/RNG/Projects/ExploreASL/EuroPAD/derivatives/freesurfer-v7.1.1/sub-AMYPAD04020032_ses-000/surf/lh.white...
reading input pial surface /home/radv/parunachalam/my-rdisk/r-divi/RNG/Projects/ExploreASL/EuroPAD/derivatives/freesurfer-v7.1.1/sub-AMYPAD04020032_ses-000/surf/lh.pial...
reading input white surface /home/radv/parunachalam/my-rdisk/r-divi/RNG/Projects/ExploreASL/EuroPAD/derivatives/freesurfer-v7.1.1/sub-AMYPAD04020032_ses-000/surf/lh.white...
computing statistics for each annotation in /home/radv/parunachalam/my-rdisk/r-divi/RNG/Projects/ExploreASL/EuroPAD/derivatives/freesurfer-v7.1.1/sub-AMYPAD04020032_ses-000/label/rh.Schaefer2018_200Parcels_7Networks_order.annot.
reading volume /home/radv/parunachalam/my-rdisk/r-divi/RNG/Projects/ExploreASL/EuroPAD/derivatives/freesurfer-v7.1.1/sub-AMYPAD04020032_ses-000/mri/wm.mgz...
reading input surface /home/radv/parunachalam/my-rdisk/r-divi/RNG/Projects/ExploreASL/EuroPAD/derivatives/freesurfer-v7.1.1/sub-AMYPAD04020032_ses-000/surf/rh.white...
reading input pial surface /home/radv/parunachalam/my-rdisk/r-divi/RNG/Projects/ExploreASL/EuroPAD/derivatives/freesurfer-v7.1.1/sub-AMYPAD04020032_ses-000/surf/rh.pial...
reading input white surface /home/radv/parunachalam/my-rdisk/r-divi/RNG/Projects/ExploreASL/EuroPAD/derivatives/freesurfer-v7.1.1/sub-AMYPAD04020032_ses-000/surf/rh.white...
mv: cannot stat '/home/radv/parunachalam/my-rdisk/r-divi/RNG/Projects/ExploreASL/EuroPAD/derivatives/freesurfer-v7.1.1/sub-AMYPAD03210004_ses-002/surf/lh.pial.T1': No such file or directory
mv: cannot stat '/home/radv/parunachalam/my-rdisk/r-divi/RNG/Projects/ExploreASL/EuroPAD/derivatives/freesurfer-v7.1.1/sub-AMYPAD03210004_ses-002/surf/rh.pial.T1': No such file or directory
computing statistics for each annotation in /home/radv/parunachalam/my-rdisk/r-divi/RNG/Projects/ExploreASL/EuroPAD/derivatives/freesurfer-v7.1.1/sub-AMYPAD03210004_ses-002/label/lh.Schaefer2018_200Parcels_7Networks_order.annot.
reading volume /home/radv/parunachalam/my-rdisk/r-divi/RNG/Projects/ExploreASL/EuroPAD/derivatives/freesurfer-v7.1.1/sub-AMYPAD03210004_ses-002/mri/wm.mgz...
reading input surface /home/radv/parunachalam/my-rdisk/r-divi/RNG/Projects/ExploreASL/EuroPAD/derivatives/freesurfer-v7.1.1/sub-AMYPAD03210004_ses-002/surf/lh.white...
reading input pial surface /home/radv/parunachalam/my-rdisk/r-divi/RNG/Projects/ExploreASL/EuroPAD/derivatives/freesurfer-v7.1.1/sub-AMYPAD03210004_ses-002/surf/lh.pial...
reading input white surface /home/radv/parunachalam/my-rdisk/r-divi/RNG/Projects/ExploreASL/EuroPAD/derivatives/freesurfer-v7.1.1/sub-AMYPAD03210004_ses-002/surf/lh.white...
computing statistics for each annotation in /home/radv/parunachalam/my-rdisk/r-divi/RNG/Projects/ExploreASL/EuroPAD/derivatives/freesurfer-v7.1.1/sub-AMYPAD03210004_ses-002/label/rh.Schaefer2018_200Parcels_7Networks_order.annot.
reading volume /home/radv/parunachalam/my-rdisk/r-divi/RNG/Projects/ExploreASL/EuroPAD/derivatives/freesurfer-v7.1.1/sub-AMYPAD03210004_ses-002/mri/wm.mgz...
reading input surface /home/radv/parunachalam/my-rdisk/r-divi/RNG/Projects/ExploreASL/EuroPAD/derivatives/freesurfer-v7.1.1/sub-AMYPAD03210004_ses-002/surf/rh.white...
reading input pial surface /home/radv/parunachalam/my-rdisk/r-divi/RNG/Projects/ExploreASL/EuroPAD/derivatives/freesurfer-v7.1.1/sub-AMYPAD03210004_ses-002/surf/rh.pial...
reading input white surface /home/radv/parunachalam/my-rdisk/r-divi/RNG/Projects/ExploreASL/EuroPAD/derivatives/freesurfer-v7.1.1/sub-AMYPAD03210004_ses-002/surf/rh.white...
computing statistics for each annotation in /home/radv/parunachalam/my-rdisk/r-divi/RNG/Projects/ExploreASL/EuroPAD/derivatives/freesurfer-v7.1.1/sub-EMI479_ses-00/label/lh.Schaefer2018_200Parcels_7Networks_order.annot.
reading volume /home/radv/parunachalam/my-rdisk/r-divi/RNG/Projects/ExploreASL/EuroPAD/derivatives/freesurfer-v7.1.1/sub-EMI479_ses-00/mri/wm.mgz...
reading input surface /home/radv/parunachalam/my-rdisk/r-divi/RNG/Projects/ExploreASL/EuroPAD/derivatives/freesurfer-v7.1.1/sub-EMI479_ses-00/surf/lh.white...
reading input pial surface /home/radv/parunachalam/my-rdisk/r-divi/RNG/Projects/ExploreASL/EuroPAD/derivatives/freesurfer-v7.1.1/sub-EMI479_ses-00/surf/lh.pial...
reading input white surface /home/radv/parunachalam/my-rdisk/r-divi/RNG/Projects/ExploreASL/EuroPAD/derivatives/freesurfer-v7.1.1/sub-EMI479_ses-00/surf/lh.white...
computing statistics for each annotation in /home/radv/parunachalam/my-rdisk/r-divi/RNG/Projects/ExploreASL/EuroPAD/derivatives/freesurfer-v7.1.1/sub-EMI479_ses-00/label/rh.Schaefer2018_200Parcels_7Networks_order.annot.
reading volume /home/radv/parunachalam/my-rdisk/r-divi/RNG/Projects/ExploreASL/EuroPAD/derivatives/freesurfer-v7.1.1/sub-EMI479_ses-00/mri/wm.mgz...
reading input surface /home/radv/parunachalam/my-rdisk/r-divi/RNG/Projects/ExploreASL/EuroPAD/derivatives/freesurfer-v7.1.1/sub-EMI479_ses-00/surf/rh.white...
reading input pial surface /home/radv/parunachalam/my-rdisk/r-divi/RNG/Projects/ExploreASL/EuroPAD/derivatives/freesurfer-v7.1.1/sub-EMI479_ses-00/surf/rh.pial...
reading input white surface /home/radv/parunachalam/my-rdisk/r-divi/RNG/Projects/ExploreASL/EuroPAD/derivatives/freesurfer-v7.1.1/sub-EMI479_ses-00/surf/rh.white...
