/home/radv/llorenzini/.conda/envs/luigi/lib/python3.10/site-packages/bct/algorithms/core.py:515: RuntimeWarning: invalid value encountered in scalar divide
  R[k] = Ek[k] / (Nk[k] * (Nk[k] - 1))
/home/radv/llorenzini/.conda/envs/luigi/lib/python3.10/site-packages/bct/algorithms/distance.py:158: RuntimeWarning: divide by zero encountered in divide
  efficiency = np.mean(1 / Dv)
/home/radv/llorenzini/.conda/envs/luigi/lib/python3.10/site-packages/bct/algorithms/core.py:515: RuntimeWarning: invalid value encountered in scalar divide
  R[k] = Ek[k] / (Nk[k] * (Nk[k] - 1))
/home/radv/llorenzini/.conda/envs/luigi/lib/python3.10/site-packages/bct/algorithms/distance.py:158: RuntimeWarning: divide by zero encountered in divide
  efficiency = np.mean(1 / Dv)
/home/radv/llorenzini/.conda/envs/luigi/lib/python3.10/site-packages/bct/algorithms/core.py:515: RuntimeWarning: invalid value encountered in scalar divide
  R[k] = Ek[k] / (Nk[k] * (Nk[k] - 1))
/home/radv/llorenzini/.conda/envs/luigi/lib/python3.10/site-packages/bct/algorithms/distance.py:158: RuntimeWarning: divide by zero encountered in divide
  efficiency = np.mean(1 / Dv)
/home/radv/llorenzini/.conda/envs/luigi/lib/python3.10/site-packages/bct/algorithms/core.py:515: RuntimeWarning: invalid value encountered in scalar divide
  R[k] = Ek[k] / (Nk[k] * (Nk[k] - 1))
/home/radv/llorenzini/.conda/envs/luigi/lib/python3.10/site-packages/bct/algorithms/distance.py:158: RuntimeWarning: divide by zero encountered in divide
  efficiency = np.mean(1 / Dv)
/home/radv/llorenzini/.conda/envs/luigi/lib/python3.10/site-packages/bct/algorithms/core.py:515: RuntimeWarning: invalid value encountered in scalar divide
  R[k] = Ek[k] / (Nk[k] * (Nk[k] - 1))
/home/radv/llorenzini/.conda/envs/luigi/lib/python3.10/site-packages/bct/algorithms/distance.py:158: RuntimeWarning: divide by zero encountered in divide
  efficiency = np.mean(1 / Dv)
/home/radv/llorenzini/.conda/envs/luigi/lib/python3.10/site-packages/bct/algorithms/centrality.py:786: RuntimeWarning: invalid value encountered in divide
  P = np.ones((n,)) - Kc2 / np.square(Ko)
/home/radv/llorenzini/.conda/envs/luigi/lib/python3.10/site-packages/bct/algorithms/core.py:515: RuntimeWarning: invalid value encountered in scalar divide
  R[k] = Ek[k] / (Nk[k] * (Nk[k] - 1))
/home/radv/llorenzini/.conda/envs/luigi/lib/python3.10/site-packages/bct/algorithms/distance.py:158: RuntimeWarning: divide by zero encountered in divide
  efficiency = np.mean(1 / Dv)
/home/radv/llorenzini/.conda/envs/luigi/lib/python3.10/site-packages/bct/algorithms/centrality.py:786: RuntimeWarning: invalid value encountered in divide
  P = np.ones((n,)) - Kc2 / np.square(Ko)
/home/radv/llorenzini/.conda/envs/luigi/lib/python3.10/site-packages/bct/algorithms/core.py:515: RuntimeWarning: invalid value encountered in scalar divide
  R[k] = Ek[k] / (Nk[k] * (Nk[k] - 1))
/home/radv/llorenzini/.conda/envs/luigi/lib/python3.10/site-packages/bct/algorithms/distance.py:158: RuntimeWarning: divide by zero encountered in divide
  efficiency = np.mean(1 / Dv)
/home/radv/llorenzini/.conda/envs/luigi/lib/python3.10/site-packages/bct/algorithms/core.py:515: RuntimeWarning: invalid value encountered in scalar divide
  R[k] = Ek[k] / (Nk[k] * (Nk[k] - 1))
/home/radv/llorenzini/.conda/envs/luigi/lib/python3.10/site-packages/bct/algorithms/distance.py:158: RuntimeWarning: divide by zero encountered in divide
  efficiency = np.mean(1 / Dv)
/home/radv/llorenzini/.conda/envs/luigi/lib/python3.10/site-packages/bct/algorithms/core.py:515: RuntimeWarning: invalid value encountered in scalar divide
  R[k] = Ek[k] / (Nk[k] * (Nk[k] - 1))
/home/radv/llorenzini/.conda/envs/luigi/lib/python3.10/site-packages/bct/algorithms/distance.py:158: RuntimeWarning: divide by zero encountered in divide
  efficiency = np.mean(1 / Dv)
/home/radv/llorenzini/.conda/envs/luigi/lib/python3.10/site-packages/bct/algorithms/core.py:515: RuntimeWarning: invalid value encountered in scalar divide
  R[k] = Ek[k] / (Nk[k] * (Nk[k] - 1))
/home/radv/llorenzini/.conda/envs/luigi/lib/python3.10/site-packages/bct/algorithms/distance.py:158: RuntimeWarning: divide by zero encountered in divide
  efficiency = np.mean(1 / Dv)
/home/radv/llorenzini/.conda/envs/luigi/lib/python3.10/site-packages/bct/algorithms/core.py:515: RuntimeWarning: invalid value encountered in scalar divide
  R[k] = Ek[k] / (Nk[k] * (Nk[k] - 1))
/home/radv/llorenzini/.conda/envs/luigi/lib/python3.10/site-packages/bct/algorithms/distance.py:158: RuntimeWarning: divide by zero encountered in divide
  efficiency = np.mean(1 / Dv)
/home/radv/llorenzini/.conda/envs/luigi/lib/python3.10/site-packages/bct/algorithms/centrality.py:786: RuntimeWarning: invalid value encountered in divide
  P = np.ones((n,)) - Kc2 / np.square(Ko)
/home/radv/llorenzini/.conda/envs/luigi/lib/python3.10/site-packages/bct/algorithms/core.py:515: RuntimeWarning: invalid value encountered in scalar divide
  R[k] = Ek[k] / (Nk[k] * (Nk[k] - 1))
/home/radv/llorenzini/.conda/envs/luigi/lib/python3.10/site-packages/bct/algorithms/distance.py:158: RuntimeWarning: divide by zero encountered in divide
  efficiency = np.mean(1 / Dv)
/home/radv/llorenzini/.conda/envs/luigi/lib/python3.10/site-packages/bct/algorithms/core.py:515: RuntimeWarning: invalid value encountered in scalar divide
  R[k] = Ek[k] / (Nk[k] * (Nk[k] - 1))
/home/radv/llorenzini/.conda/envs/luigi/lib/python3.10/site-packages/bct/algorithms/distance.py:158: RuntimeWarning: divide by zero encountered in divide
  efficiency = np.mean(1 / Dv)
/home/radv/llorenzini/.conda/envs/luigi/lib/python3.10/site-packages/bct/algorithms/core.py:515: RuntimeWarning: invalid value encountered in scalar divide
  R[k] = Ek[k] / (Nk[k] * (Nk[k] - 1))
/home/radv/llorenzini/.conda/envs/luigi/lib/python3.10/site-packages/bct/algorithms/distance.py:158: RuntimeWarning: divide by zero encountered in divide
  efficiency = np.mean(1 / Dv)
/home/radv/llorenzini/.conda/envs/luigi/lib/python3.10/site-packages/bct/algorithms/centrality.py:786: RuntimeWarning: invalid value encountered in divide
  P = np.ones((n,)) - Kc2 / np.square(Ko)
/home/radv/llorenzini/.conda/envs/luigi/lib/python3.10/site-packages/bct/algorithms/core.py:515: RuntimeWarning: invalid value encountered in scalar divide
  R[k] = Ek[k] / (Nk[k] * (Nk[k] - 1))
/home/radv/llorenzini/.conda/envs/luigi/lib/python3.10/site-packages/bct/algorithms/distance.py:158: RuntimeWarning: divide by zero encountered in divide
  efficiency = np.mean(1 / Dv)
/home/radv/llorenzini/.conda/envs/luigi/lib/python3.10/site-packages/bct/algorithms/centrality.py:786: RuntimeWarning: invalid value encountered in divide
  P = np.ones((n,)) - Kc2 / np.square(Ko)
/home/radv/llorenzini/.conda/envs/luigi/lib/python3.10/site-packages/bct/algorithms/core.py:515: RuntimeWarning: invalid value encountered in scalar divide
  R[k] = Ek[k] / (Nk[k] * (Nk[k] - 1))
/home/radv/llorenzini/.conda/envs/luigi/lib/python3.10/site-packages/bct/algorithms/distance.py:158: RuntimeWarning: divide by zero encountered in divide
  efficiency = np.mean(1 / Dv)
/home/radv/llorenzini/.conda/envs/luigi/lib/python3.10/site-packages/bct/algorithms/core.py:515: RuntimeWarning: invalid value encountered in scalar divide
  R[k] = Ek[k] / (Nk[k] * (Nk[k] - 1))
/home/radv/llorenzini/.conda/envs/luigi/lib/python3.10/site-packages/bct/algorithms/distance.py:158: RuntimeWarning: divide by zero encountered in divide
  efficiency = np.mean(1 / Dv)
/home/radv/llorenzini/.conda/envs/luigi/lib/python3.10/site-packages/bct/algorithms/core.py:515: RuntimeWarning: invalid value encountered in scalar divide
  R[k] = Ek[k] / (Nk[k] * (Nk[k] - 1))
/home/radv/llorenzini/.conda/envs/luigi/lib/python3.10/site-packages/bct/algorithms/distance.py:158: RuntimeWarning: divide by zero encountered in divide
  efficiency = np.mean(1 / Dv)
/home/radv/llorenzini/.conda/envs/luigi/lib/python3.10/site-packages/bct/algorithms/core.py:515: RuntimeWarning: invalid value encountered in scalar divide
  R[k] = Ek[k] / (Nk[k] * (Nk[k] - 1))
/home/radv/llorenzini/.conda/envs/luigi/lib/python3.10/site-packages/bct/algorithms/distance.py:158: RuntimeWarning: divide by zero encountered in divide
  efficiency = np.mean(1 / Dv)
/home/radv/llorenzini/.conda/envs/luigi/lib/python3.10/site-packages/bct/algorithms/core.py:515: RuntimeWarning: invalid value encountered in scalar divide
  R[k] = Ek[k] / (Nk[k] * (Nk[k] - 1))
/home/radv/llorenzini/.conda/envs/luigi/lib/python3.10/site-packages/bct/algorithms/distance.py:158: RuntimeWarning: divide by zero encountered in divide
  efficiency = np.mean(1 / Dv)
/home/radv/llorenzini/.conda/envs/luigi/lib/python3.10/site-packages/bct/algorithms/centrality.py:786: RuntimeWarning: invalid value encountered in divide
  P = np.ones((n,)) - Kc2 / np.square(Ko)
/home/radv/llorenzini/.conda/envs/luigi/lib/python3.10/site-packages/bct/algorithms/core.py:515: RuntimeWarning: invalid value encountered in scalar divide
  R[k] = Ek[k] / (Nk[k] * (Nk[k] - 1))
/home/radv/llorenzini/.conda/envs/luigi/lib/python3.10/site-packages/bct/algorithms/distance.py:158: RuntimeWarning: divide by zero encountered in divide
  efficiency = np.mean(1 / Dv)
/home/radv/llorenzini/.conda/envs/luigi/lib/python3.10/site-packages/bct/algorithms/core.py:515: RuntimeWarning: invalid value encountered in scalar divide
  R[k] = Ek[k] / (Nk[k] * (Nk[k] - 1))
/home/radv/llorenzini/.conda/envs/luigi/lib/python3.10/site-packages/bct/algorithms/distance.py:158: RuntimeWarning: divide by zero encountered in divide
  efficiency = np.mean(1 / Dv)
/home/radv/llorenzini/.conda/envs/luigi/lib/python3.10/site-packages/bct/algorithms/centrality.py:786: RuntimeWarning: invalid value encountered in divide
  P = np.ones((n,)) - Kc2 / np.square(Ko)
/home/radv/llorenzini/.conda/envs/luigi/lib/python3.10/site-packages/bct/algorithms/core.py:515: RuntimeWarning: invalid value encountered in scalar divide
  R[k] = Ek[k] / (Nk[k] * (Nk[k] - 1))
/home/radv/llorenzini/.conda/envs/luigi/lib/python3.10/site-packages/bct/algorithms/distance.py:158: RuntimeWarning: divide by zero encountered in divide
  efficiency = np.mean(1 / Dv)
/home/radv/llorenzini/.conda/envs/luigi/lib/python3.10/site-packages/bct/algorithms/core.py:515: RuntimeWarning: invalid value encountered in scalar divide
  R[k] = Ek[k] / (Nk[k] * (Nk[k] - 1))
/home/radv/llorenzini/.conda/envs/luigi/lib/python3.10/site-packages/bct/algorithms/distance.py:158: RuntimeWarning: divide by zero encountered in divide
  efficiency = np.mean(1 / Dv)
/home/radv/llorenzini/.conda/envs/luigi/lib/python3.10/site-packages/bct/algorithms/core.py:515: RuntimeWarning: invalid value encountered in scalar divide
  R[k] = Ek[k] / (Nk[k] * (Nk[k] - 1))
/home/radv/llorenzini/.conda/envs/luigi/lib/python3.10/site-packages/bct/algorithms/distance.py:158: RuntimeWarning: divide by zero encountered in divide
  efficiency = np.mean(1 / Dv)
/home/radv/llorenzini/.conda/envs/luigi/lib/python3.10/site-packages/bct/algorithms/core.py:515: RuntimeWarning: invalid value encountered in scalar divide
  R[k] = Ek[k] / (Nk[k] * (Nk[k] - 1))
/home/radv/llorenzini/.conda/envs/luigi/lib/python3.10/site-packages/bct/algorithms/distance.py:158: RuntimeWarning: divide by zero encountered in divide
  efficiency = np.mean(1 / Dv)
/home/radv/llorenzini/.conda/envs/luigi/lib/python3.10/site-packages/bct/algorithms/core.py:515: RuntimeWarning: invalid value encountered in scalar divide
  R[k] = Ek[k] / (Nk[k] * (Nk[k] - 1))
/home/radv/llorenzini/.conda/envs/luigi/lib/python3.10/site-packages/bct/algorithms/distance.py:158: RuntimeWarning: divide by zero encountered in divide
  efficiency = np.mean(1 / Dv)
/home/radv/llorenzini/.conda/envs/luigi/lib/python3.10/site-packages/bct/algorithms/centrality.py:786: RuntimeWarning: invalid value encountered in divide
  P = np.ones((n,)) - Kc2 / np.square(Ko)
/home/radv/llorenzini/.conda/envs/luigi/lib/python3.10/site-packages/bct/algorithms/core.py:515: RuntimeWarning: invalid value encountered in scalar divide
  R[k] = Ek[k] / (Nk[k] * (Nk[k] - 1))
/home/radv/llorenzini/.conda/envs/luigi/lib/python3.10/site-packages/bct/algorithms/distance.py:158: RuntimeWarning: divide by zero encountered in divide
  efficiency = np.mean(1 / Dv)
/home/radv/llorenzini/.conda/envs/luigi/lib/python3.10/site-packages/bct/algorithms/core.py:515: RuntimeWarning: invalid value encountered in scalar divide
  R[k] = Ek[k] / (Nk[k] * (Nk[k] - 1))
/home/radv/llorenzini/.conda/envs/luigi/lib/python3.10/site-packages/bct/algorithms/distance.py:158: RuntimeWarning: divide by zero encountered in divide
  efficiency = np.mean(1 / Dv)
/home/radv/llorenzini/.conda/envs/luigi/lib/python3.10/site-packages/bct/algorithms/centrality.py:786: RuntimeWarning: invalid value encountered in divide
  P = np.ones((n,)) - Kc2 / np.square(Ko)
/home/radv/llorenzini/.conda/envs/luigi/lib/python3.10/site-packages/bct/algorithms/core.py:515: RuntimeWarning: invalid value encountered in scalar divide
  R[k] = Ek[k] / (Nk[k] * (Nk[k] - 1))
/home/radv/llorenzini/.conda/envs/luigi/lib/python3.10/site-packages/bct/algorithms/distance.py:158: RuntimeWarning: divide by zero encountered in divide
  efficiency = np.mean(1 / Dv)
/home/radv/llorenzini/.conda/envs/luigi/lib/python3.10/site-packages/bct/algorithms/core.py:515: RuntimeWarning: invalid value encountered in scalar divide
  R[k] = Ek[k] / (Nk[k] * (Nk[k] - 1))
/home/radv/llorenzini/.conda/envs/luigi/lib/python3.10/site-packages/bct/algorithms/distance.py:158: RuntimeWarning: divide by zero encountered in divide
  efficiency = np.mean(1 / Dv)
/home/radv/llorenzini/.conda/envs/luigi/lib/python3.10/site-packages/bct/algorithms/core.py:515: RuntimeWarning: invalid value encountered in scalar divide
  R[k] = Ek[k] / (Nk[k] * (Nk[k] - 1))
/home/radv/llorenzini/.conda/envs/luigi/lib/python3.10/site-packages/bct/algorithms/distance.py:158: RuntimeWarning: divide by zero encountered in divide
  efficiency = np.mean(1 / Dv)
/home/radv/llorenzini/.conda/envs/luigi/lib/python3.10/site-packages/bct/algorithms/core.py:515: RuntimeWarning: invalid value encountered in scalar divide
  R[k] = Ek[k] / (Nk[k] * (Nk[k] - 1))
/home/radv/llorenzini/.conda/envs/luigi/lib/python3.10/site-packages/bct/algorithms/distance.py:158: RuntimeWarning: divide by zero encountered in divide
  efficiency = np.mean(1 / Dv)
/home/radv/llorenzini/.conda/envs/luigi/lib/python3.10/site-packages/bct/algorithms/core.py:515: RuntimeWarning: invalid value encountered in scalar divide
  R[k] = Ek[k] / (Nk[k] * (Nk[k] - 1))
/home/radv/llorenzini/.conda/envs/luigi/lib/python3.10/site-packages/bct/algorithms/distance.py:158: RuntimeWarning: divide by zero encountered in divide
  efficiency = np.mean(1 / Dv)
/home/radv/llorenzini/.conda/envs/luigi/lib/python3.10/site-packages/bct/algorithms/core.py:515: RuntimeWarning: invalid value encountered in scalar divide
  R[k] = Ek[k] / (Nk[k] * (Nk[k] - 1))
/home/radv/llorenzini/.conda/envs/luigi/lib/python3.10/site-packages/bct/algorithms/distance.py:158: RuntimeWarning: divide by zero encountered in divide
  efficiency = np.mean(1 / Dv)
/home/radv/llorenzini/.conda/envs/luigi/lib/python3.10/site-packages/bct/algorithms/core.py:515: RuntimeWarning: invalid value encountered in scalar divide
  R[k] = Ek[k] / (Nk[k] * (Nk[k] - 1))
/home/radv/llorenzini/.conda/envs/luigi/lib/python3.10/site-packages/bct/algorithms/distance.py:158: RuntimeWarning: divide by zero encountered in divide
  efficiency = np.mean(1 / Dv)
/home/radv/llorenzini/.conda/envs/luigi/lib/python3.10/site-packages/bct/algorithms/core.py:515: RuntimeWarning: invalid value encountered in scalar divide
  R[k] = Ek[k] / (Nk[k] * (Nk[k] - 1))
/home/radv/llorenzini/.conda/envs/luigi/lib/python3.10/site-packages/bct/algorithms/distance.py:158: RuntimeWarning: divide by zero encountered in divide
  efficiency = np.mean(1 / Dv)
/home/radv/llorenzini/.conda/envs/luigi/lib/python3.10/site-packages/bct/algorithms/core.py:515: RuntimeWarning: invalid value encountered in scalar divide
  R[k] = Ek[k] / (Nk[k] * (Nk[k] - 1))
/home/radv/llorenzini/.conda/envs/luigi/lib/python3.10/site-packages/bct/algorithms/distance.py:158: RuntimeWarning: divide by zero encountered in divide
  efficiency = np.mean(1 / Dv)
/home/radv/llorenzini/.conda/envs/luigi/lib/python3.10/site-packages/bct/algorithms/core.py:515: RuntimeWarning: invalid value encountered in scalar divide
  R[k] = Ek[k] / (Nk[k] * (Nk[k] - 1))
/home/radv/llorenzini/.conda/envs/luigi/lib/python3.10/site-packages/bct/algorithms/distance.py:158: RuntimeWarning: divide by zero encountered in divide
  efficiency = np.mean(1 / Dv)
/home/radv/llorenzini/.conda/envs/luigi/lib/python3.10/site-packages/bct/algorithms/centrality.py:786: RuntimeWarning: invalid value encountered in divide
  P = np.ones((n,)) - Kc2 / np.square(Ko)
/home/radv/llorenzini/.conda/envs/luigi/lib/python3.10/site-packages/bct/algorithms/core.py:515: RuntimeWarning: invalid value encountered in scalar divide
  R[k] = Ek[k] / (Nk[k] * (Nk[k] - 1))
/home/radv/llorenzini/.conda/envs/luigi/lib/python3.10/site-packages/bct/algorithms/distance.py:158: RuntimeWarning: divide by zero encountered in divide
  efficiency = np.mean(1 / Dv)
/home/radv/llorenzini/.conda/envs/luigi/lib/python3.10/site-packages/bct/algorithms/core.py:515: RuntimeWarning: invalid value encountered in scalar divide
  R[k] = Ek[k] / (Nk[k] * (Nk[k] - 1))
/home/radv/llorenzini/.conda/envs/luigi/lib/python3.10/site-packages/bct/algorithms/distance.py:158: RuntimeWarning: divide by zero encountered in divide
  efficiency = np.mean(1 / Dv)
/home/radv/llorenzini/.conda/envs/luigi/lib/python3.10/site-packages/bct/algorithms/core.py:515: RuntimeWarning: invalid value encountered in scalar divide
  R[k] = Ek[k] / (Nk[k] * (Nk[k] - 1))
/home/radv/llorenzini/.conda/envs/luigi/lib/python3.10/site-packages/bct/algorithms/distance.py:158: RuntimeWarning: divide by zero encountered in divide
  efficiency = np.mean(1 / Dv)
/home/radv/llorenzini/.conda/envs/luigi/lib/python3.10/site-packages/bct/algorithms/centrality.py:786: RuntimeWarning: invalid value encountered in divide
  P = np.ones((n,)) - Kc2 / np.square(Ko)
/home/radv/llorenzini/.conda/envs/luigi/lib/python3.10/site-packages/bct/algorithms/core.py:515: RuntimeWarning: invalid value encountered in scalar divide
  R[k] = Ek[k] / (Nk[k] * (Nk[k] - 1))
/home/radv/llorenzini/.conda/envs/luigi/lib/python3.10/site-packages/bct/algorithms/distance.py:158: RuntimeWarning: divide by zero encountered in divide
  efficiency = np.mean(1 / Dv)
/home/radv/llorenzini/.conda/envs/luigi/lib/python3.10/site-packages/bct/algorithms/core.py:515: RuntimeWarning: invalid value encountered in scalar divide
  R[k] = Ek[k] / (Nk[k] * (Nk[k] - 1))
/home/radv/llorenzini/.conda/envs/luigi/lib/python3.10/site-packages/bct/algorithms/distance.py:158: RuntimeWarning: divide by zero encountered in divide
  efficiency = np.mean(1 / Dv)
/home/radv/llorenzini/.conda/envs/luigi/lib/python3.10/site-packages/bct/algorithms/core.py:515: RuntimeWarning: invalid value encountered in scalar divide
  R[k] = Ek[k] / (Nk[k] * (Nk[k] - 1))
/home/radv/llorenzini/.conda/envs/luigi/lib/python3.10/site-packages/bct/algorithms/distance.py:158: RuntimeWarning: divide by zero encountered in divide
  efficiency = np.mean(1 / Dv)
/home/radv/llorenzini/.conda/envs/luigi/lib/python3.10/site-packages/bct/algorithms/core.py:515: RuntimeWarning: invalid value encountered in scalar divide
  R[k] = Ek[k] / (Nk[k] * (Nk[k] - 1))
/home/radv/llorenzini/.conda/envs/luigi/lib/python3.10/site-packages/bct/algorithms/distance.py:158: RuntimeWarning: divide by zero encountered in divide
  efficiency = np.mean(1 / Dv)
/home/radv/llorenzini/.conda/envs/luigi/lib/python3.10/site-packages/bct/algorithms/core.py:515: RuntimeWarning: invalid value encountered in scalar divide
  R[k] = Ek[k] / (Nk[k] * (Nk[k] - 1))
/home/radv/llorenzini/.conda/envs/luigi/lib/python3.10/site-packages/bct/algorithms/distance.py:158: RuntimeWarning: divide by zero encountered in divide
  efficiency = np.mean(1 / Dv)
/home/radv/llorenzini/.conda/envs/luigi/lib/python3.10/site-packages/bct/algorithms/core.py:515: RuntimeWarning: invalid value encountered in scalar divide
  R[k] = Ek[k] / (Nk[k] * (Nk[k] - 1))
/home/radv/llorenzini/.conda/envs/luigi/lib/python3.10/site-packages/bct/algorithms/distance.py:158: RuntimeWarning: divide by zero encountered in divide
  efficiency = np.mean(1 / Dv)
/home/radv/llorenzini/.conda/envs/luigi/lib/python3.10/site-packages/bct/algorithms/core.py:515: RuntimeWarning: invalid value encountered in scalar divide
  R[k] = Ek[k] / (Nk[k] * (Nk[k] - 1))
/home/radv/llorenzini/.conda/envs/luigi/lib/python3.10/site-packages/bct/algorithms/distance.py:158: RuntimeWarning: divide by zero encountered in divide
  efficiency = np.mean(1 / Dv)
/home/radv/llorenzini/.conda/envs/luigi/lib/python3.10/site-packages/bct/algorithms/core.py:515: RuntimeWarning: invalid value encountered in scalar divide
  R[k] = Ek[k] / (Nk[k] * (Nk[k] - 1))
/home/radv/llorenzini/.conda/envs/luigi/lib/python3.10/site-packages/bct/algorithms/distance.py:158: RuntimeWarning: divide by zero encountered in divide
  efficiency = np.mean(1 / Dv)
/home/radv/llorenzini/.conda/envs/luigi/lib/python3.10/site-packages/bct/algorithms/core.py:515: RuntimeWarning: invalid value encountered in scalar divide
  R[k] = Ek[k] / (Nk[k] * (Nk[k] - 1))
/home/radv/llorenzini/.conda/envs/luigi/lib/python3.10/site-packages/bct/algorithms/distance.py:158: RuntimeWarning: divide by zero encountered in divide
  efficiency = np.mean(1 / Dv)
/home/radv/llorenzini/.conda/envs/luigi/lib/python3.10/site-packages/bct/algorithms/core.py:515: RuntimeWarning: invalid value encountered in scalar divide
  R[k] = Ek[k] / (Nk[k] * (Nk[k] - 1))
/home/radv/llorenzini/.conda/envs/luigi/lib/python3.10/site-packages/bct/algorithms/distance.py:158: RuntimeWarning: divide by zero encountered in divide
  efficiency = np.mean(1 / Dv)
/home/radv/llorenzini/.conda/envs/luigi/lib/python3.10/site-packages/bct/algorithms/centrality.py:786: RuntimeWarning: invalid value encountered in divide
  P = np.ones((n,)) - Kc2 / np.square(Ko)
/home/radv/llorenzini/.conda/envs/luigi/lib/python3.10/site-packages/bct/algorithms/core.py:515: RuntimeWarning: invalid value encountered in scalar divide
  R[k] = Ek[k] / (Nk[k] * (Nk[k] - 1))
/home/radv/llorenzini/.conda/envs/luigi/lib/python3.10/site-packages/bct/algorithms/distance.py:158: RuntimeWarning: divide by zero encountered in divide
  efficiency = np.mean(1 / Dv)
/home/radv/llorenzini/.conda/envs/luigi/lib/python3.10/site-packages/bct/algorithms/core.py:515: RuntimeWarning: invalid value encountered in scalar divide
  R[k] = Ek[k] / (Nk[k] * (Nk[k] - 1))
/home/radv/llorenzini/.conda/envs/luigi/lib/python3.10/site-packages/bct/algorithms/distance.py:158: RuntimeWarning: divide by zero encountered in divide
  efficiency = np.mean(1 / Dv)
/home/radv/llorenzini/.conda/envs/luigi/lib/python3.10/site-packages/bct/algorithms/core.py:515: RuntimeWarning: invalid value encountered in scalar divide
  R[k] = Ek[k] / (Nk[k] * (Nk[k] - 1))
/home/radv/llorenzini/.conda/envs/luigi/lib/python3.10/site-packages/bct/algorithms/distance.py:158: RuntimeWarning: divide by zero encountered in divide
  efficiency = np.mean(1 / Dv)
/home/radv/llorenzini/.conda/envs/luigi/lib/python3.10/site-packages/bct/algorithms/core.py:515: RuntimeWarning: invalid value encountered in scalar divide
  R[k] = Ek[k] / (Nk[k] * (Nk[k] - 1))
/home/radv/llorenzini/.conda/envs/luigi/lib/python3.10/site-packages/bct/algorithms/distance.py:158: RuntimeWarning: divide by zero encountered in divide
  efficiency = np.mean(1 / Dv)
/home/radv/llorenzini/.conda/envs/luigi/lib/python3.10/site-packages/bct/algorithms/core.py:515: RuntimeWarning: invalid value encountered in scalar divide
  R[k] = Ek[k] / (Nk[k] * (Nk[k] - 1))
/home/radv/llorenzini/.conda/envs/luigi/lib/python3.10/site-packages/bct/algorithms/distance.py:158: RuntimeWarning: divide by zero encountered in divide
  efficiency = np.mean(1 / Dv)
/home/radv/llorenzini/.conda/envs/luigi/lib/python3.10/site-packages/bct/algorithms/core.py:515: RuntimeWarning: invalid value encountered in scalar divide
  R[k] = Ek[k] / (Nk[k] * (Nk[k] - 1))
/home/radv/llorenzini/.conda/envs/luigi/lib/python3.10/site-packages/bct/algorithms/distance.py:158: RuntimeWarning: divide by zero encountered in divide
  efficiency = np.mean(1 / Dv)
/home/radv/llorenzini/.conda/envs/luigi/lib/python3.10/site-packages/bct/algorithms/core.py:515: RuntimeWarning: invalid value encountered in scalar divide
  R[k] = Ek[k] / (Nk[k] * (Nk[k] - 1))
/home/radv/llorenzini/.conda/envs/luigi/lib/python3.10/site-packages/bct/algorithms/distance.py:158: RuntimeWarning: divide by zero encountered in divide
  efficiency = np.mean(1 / Dv)
/home/radv/llorenzini/.conda/envs/luigi/lib/python3.10/site-packages/bct/algorithms/centrality.py:786: RuntimeWarning: invalid value encountered in divide
  P = np.ones((n,)) - Kc2 / np.square(Ko)
/home/radv/llorenzini/.conda/envs/luigi/lib/python3.10/site-packages/bct/algorithms/core.py:515: RuntimeWarning: invalid value encountered in scalar divide
  R[k] = Ek[k] / (Nk[k] * (Nk[k] - 1))
/home/radv/llorenzini/.conda/envs/luigi/lib/python3.10/site-packages/bct/algorithms/distance.py:158: RuntimeWarning: divide by zero encountered in divide
  efficiency = np.mean(1 / Dv)
/home/radv/llorenzini/.conda/envs/luigi/lib/python3.10/site-packages/bct/algorithms/core.py:515: RuntimeWarning: invalid value encountered in scalar divide
  R[k] = Ek[k] / (Nk[k] * (Nk[k] - 1))
/home/radv/llorenzini/.conda/envs/luigi/lib/python3.10/site-packages/bct/algorithms/distance.py:158: RuntimeWarning: divide by zero encountered in divide
  efficiency = np.mean(1 / Dv)
/home/radv/llorenzini/.conda/envs/luigi/lib/python3.10/site-packages/bct/algorithms/core.py:515: RuntimeWarning: invalid value encountered in scalar divide
  R[k] = Ek[k] / (Nk[k] * (Nk[k] - 1))
/home/radv/llorenzini/.conda/envs/luigi/lib/python3.10/site-packages/bct/algorithms/distance.py:158: RuntimeWarning: divide by zero encountered in divide
  efficiency = np.mean(1 / Dv)
/home/radv/llorenzini/.conda/envs/luigi/lib/python3.10/site-packages/bct/algorithms/core.py:515: RuntimeWarning: invalid value encountered in scalar divide
  R[k] = Ek[k] / (Nk[k] * (Nk[k] - 1))
/home/radv/llorenzini/.conda/envs/luigi/lib/python3.10/site-packages/bct/algorithms/distance.py:158: RuntimeWarning: divide by zero encountered in divide
  efficiency = np.mean(1 / Dv)
/home/radv/llorenzini/.conda/envs/luigi/lib/python3.10/site-packages/bct/algorithms/core.py:515: RuntimeWarning: invalid value encountered in scalar divide
  R[k] = Ek[k] / (Nk[k] * (Nk[k] - 1))
/home/radv/llorenzini/.conda/envs/luigi/lib/python3.10/site-packages/bct/algorithms/distance.py:158: RuntimeWarning: divide by zero encountered in divide
  efficiency = np.mean(1 / Dv)
/home/radv/llorenzini/.conda/envs/luigi/lib/python3.10/site-packages/bct/algorithms/core.py:515: RuntimeWarning: invalid value encountered in scalar divide
  R[k] = Ek[k] / (Nk[k] * (Nk[k] - 1))
/home/radv/llorenzini/.conda/envs/luigi/lib/python3.10/site-packages/bct/algorithms/distance.py:158: RuntimeWarning: divide by zero encountered in divide
  efficiency = np.mean(1 / Dv)
/home/radv/llorenzini/.conda/envs/luigi/lib/python3.10/site-packages/bct/algorithms/core.py:515: RuntimeWarning: invalid value encountered in scalar divide
  R[k] = Ek[k] / (Nk[k] * (Nk[k] - 1))
/home/radv/llorenzini/.conda/envs/luigi/lib/python3.10/site-packages/bct/algorithms/distance.py:158: RuntimeWarning: divide by zero encountered in divide
  efficiency = np.mean(1 / Dv)
/home/radv/llorenzini/.conda/envs/luigi/lib/python3.10/site-packages/bct/algorithms/core.py:515: RuntimeWarning: invalid value encountered in scalar divide
  R[k] = Ek[k] / (Nk[k] * (Nk[k] - 1))
/home/radv/llorenzini/.conda/envs/luigi/lib/python3.10/site-packages/bct/algorithms/distance.py:158: RuntimeWarning: divide by zero encountered in divide
  efficiency = np.mean(1 / Dv)
/home/radv/llorenzini/.conda/envs/luigi/lib/python3.10/site-packages/bct/algorithms/centrality.py:786: RuntimeWarning: invalid value encountered in divide
  P = np.ones((n,)) - Kc2 / np.square(Ko)
/home/radv/llorenzini/.conda/envs/luigi/lib/python3.10/site-packages/bct/algorithms/core.py:515: RuntimeWarning: invalid value encountered in scalar divide
  R[k] = Ek[k] / (Nk[k] * (Nk[k] - 1))
/home/radv/llorenzini/.conda/envs/luigi/lib/python3.10/site-packages/bct/algorithms/distance.py:158: RuntimeWarning: divide by zero encountered in divide
  efficiency = np.mean(1 / Dv)
/home/radv/llorenzini/.conda/envs/luigi/lib/python3.10/site-packages/bct/algorithms/core.py:515: RuntimeWarning: invalid value encountered in scalar divide
  R[k] = Ek[k] / (Nk[k] * (Nk[k] - 1))
/home/radv/llorenzini/.conda/envs/luigi/lib/python3.10/site-packages/bct/algorithms/distance.py:158: RuntimeWarning: divide by zero encountered in divide
  efficiency = np.mean(1 / Dv)
/home/radv/llorenzini/.conda/envs/luigi/lib/python3.10/site-packages/bct/algorithms/core.py:515: RuntimeWarning: invalid value encountered in scalar divide
  R[k] = Ek[k] / (Nk[k] * (Nk[k] - 1))
/home/radv/llorenzini/.conda/envs/luigi/lib/python3.10/site-packages/bct/algorithms/distance.py:158: RuntimeWarning: divide by zero encountered in divide
  efficiency = np.mean(1 / Dv)
/home/radv/llorenzini/.conda/envs/luigi/lib/python3.10/site-packages/bct/algorithms/core.py:515: RuntimeWarning: invalid value encountered in scalar divide
  R[k] = Ek[k] / (Nk[k] * (Nk[k] - 1))
/home/radv/llorenzini/.conda/envs/luigi/lib/python3.10/site-packages/bct/algorithms/distance.py:158: RuntimeWarning: divide by zero encountered in divide
  efficiency = np.mean(1 / Dv)
/home/radv/llorenzini/.conda/envs/luigi/lib/python3.10/site-packages/bct/algorithms/centrality.py:786: RuntimeWarning: invalid value encountered in divide
  P = np.ones((n,)) - Kc2 / np.square(Ko)
/home/radv/llorenzini/.conda/envs/luigi/lib/python3.10/site-packages/bct/algorithms/core.py:515: RuntimeWarning: invalid value encountered in scalar divide
  R[k] = Ek[k] / (Nk[k] * (Nk[k] - 1))
/home/radv/llorenzini/.conda/envs/luigi/lib/python3.10/site-packages/bct/algorithms/distance.py:158: RuntimeWarning: divide by zero encountered in divide
  efficiency = np.mean(1 / Dv)
/home/radv/llorenzini/.conda/envs/luigi/lib/python3.10/site-packages/bct/algorithms/core.py:515: RuntimeWarning: invalid value encountered in scalar divide
  R[k] = Ek[k] / (Nk[k] * (Nk[k] - 1))
/home/radv/llorenzini/.conda/envs/luigi/lib/python3.10/site-packages/bct/algorithms/distance.py:158: RuntimeWarning: divide by zero encountered in divide
  efficiency = np.mean(1 / Dv)
/home/radv/llorenzini/.conda/envs/luigi/lib/python3.10/site-packages/bct/algorithms/centrality.py:786: RuntimeWarning: invalid value encountered in divide
  P = np.ones((n,)) - Kc2 / np.square(Ko)
/home/radv/llorenzini/.conda/envs/luigi/lib/python3.10/site-packages/bct/algorithms/core.py:515: RuntimeWarning: invalid value encountered in scalar divide
  R[k] = Ek[k] / (Nk[k] * (Nk[k] - 1))
/home/radv/llorenzini/.conda/envs/luigi/lib/python3.10/site-packages/bct/algorithms/distance.py:158: RuntimeWarning: divide by zero encountered in divide
  efficiency = np.mean(1 / Dv)
/home/radv/llorenzini/.conda/envs/luigi/lib/python3.10/site-packages/bct/algorithms/centrality.py:786: RuntimeWarning: invalid value encountered in divide
  P = np.ones((n,)) - Kc2 / np.square(Ko)
/home/radv/llorenzini/.conda/envs/luigi/lib/python3.10/site-packages/bct/algorithms/core.py:515: RuntimeWarning: invalid value encountered in scalar divide
  R[k] = Ek[k] / (Nk[k] * (Nk[k] - 1))
/home/radv/llorenzini/.conda/envs/luigi/lib/python3.10/site-packages/bct/algorithms/distance.py:158: RuntimeWarning: divide by zero encountered in divide
  efficiency = np.mean(1 / Dv)
/home/radv/llorenzini/.conda/envs/luigi/lib/python3.10/site-packages/bct/algorithms/core.py:515: RuntimeWarning: invalid value encountered in scalar divide
  R[k] = Ek[k] / (Nk[k] * (Nk[k] - 1))
/home/radv/llorenzini/.conda/envs/luigi/lib/python3.10/site-packages/bct/algorithms/distance.py:158: RuntimeWarning: divide by zero encountered in divide
  efficiency = np.mean(1 / Dv)
/home/radv/llorenzini/.conda/envs/luigi/lib/python3.10/site-packages/bct/algorithms/core.py:515: RuntimeWarning: invalid value encountered in scalar divide
  R[k] = Ek[k] / (Nk[k] * (Nk[k] - 1))
/home/radv/llorenzini/.conda/envs/luigi/lib/python3.10/site-packages/bct/algorithms/distance.py:158: RuntimeWarning: divide by zero encountered in divide
  efficiency = np.mean(1 / Dv)
/home/radv/llorenzini/.conda/envs/luigi/lib/python3.10/site-packages/bct/algorithms/core.py:515: RuntimeWarning: invalid value encountered in scalar divide
  R[k] = Ek[k] / (Nk[k] * (Nk[k] - 1))
/home/radv/llorenzini/.conda/envs/luigi/lib/python3.10/site-packages/bct/algorithms/distance.py:158: RuntimeWarning: divide by zero encountered in divide
  efficiency = np.mean(1 / Dv)
/home/radv/llorenzini/.conda/envs/luigi/lib/python3.10/site-packages/bct/algorithms/core.py:515: RuntimeWarning: invalid value encountered in scalar divide
  R[k] = Ek[k] / (Nk[k] * (Nk[k] - 1))
/home/radv/llorenzini/.conda/envs/luigi/lib/python3.10/site-packages/bct/algorithms/distance.py:158: RuntimeWarning: divide by zero encountered in divide
  efficiency = np.mean(1 / Dv)
/home/radv/llorenzini/.conda/envs/luigi/lib/python3.10/site-packages/bct/algorithms/core.py:515: RuntimeWarning: invalid value encountered in scalar divide
  R[k] = Ek[k] / (Nk[k] * (Nk[k] - 1))
/home/radv/llorenzini/.conda/envs/luigi/lib/python3.10/site-packages/bct/algorithms/distance.py:158: RuntimeWarning: divide by zero encountered in divide
  efficiency = np.mean(1 / Dv)
/home/radv/llorenzini/.conda/envs/luigi/lib/python3.10/site-packages/bct/algorithms/core.py:515: RuntimeWarning: invalid value encountered in scalar divide
  R[k] = Ek[k] / (Nk[k] * (Nk[k] - 1))
/home/radv/llorenzini/.conda/envs/luigi/lib/python3.10/site-packages/bct/algorithms/distance.py:158: RuntimeWarning: divide by zero encountered in divide
  efficiency = np.mean(1 / Dv)
/home/radv/llorenzini/.conda/envs/luigi/lib/python3.10/site-packages/bct/algorithms/core.py:515: RuntimeWarning: invalid value encountered in scalar divide
  R[k] = Ek[k] / (Nk[k] * (Nk[k] - 1))
/home/radv/llorenzini/.conda/envs/luigi/lib/python3.10/site-packages/bct/algorithms/distance.py:158: RuntimeWarning: divide by zero encountered in divide
  efficiency = np.mean(1 / Dv)
/home/radv/llorenzini/.conda/envs/luigi/lib/python3.10/site-packages/bct/algorithms/core.py:515: RuntimeWarning: invalid value encountered in scalar divide
  R[k] = Ek[k] / (Nk[k] * (Nk[k] - 1))
/home/radv/llorenzini/.conda/envs/luigi/lib/python3.10/site-packages/bct/algorithms/distance.py:158: RuntimeWarning: divide by zero encountered in divide
  efficiency = np.mean(1 / Dv)
/home/radv/llorenzini/.conda/envs/luigi/lib/python3.10/site-packages/bct/algorithms/centrality.py:786: RuntimeWarning: invalid value encountered in divide
  P = np.ones((n,)) - Kc2 / np.square(Ko)
/home/radv/llorenzini/.conda/envs/luigi/lib/python3.10/site-packages/bct/algorithms/core.py:515: RuntimeWarning: invalid value encountered in scalar divide
  R[k] = Ek[k] / (Nk[k] * (Nk[k] - 1))
/home/radv/llorenzini/.conda/envs/luigi/lib/python3.10/site-packages/bct/algorithms/distance.py:158: RuntimeWarning: divide by zero encountered in divide
  efficiency = np.mean(1 / Dv)
/home/radv/llorenzini/.conda/envs/luigi/lib/python3.10/site-packages/bct/algorithms/core.py:515: RuntimeWarning: invalid value encountered in scalar divide
  R[k] = Ek[k] / (Nk[k] * (Nk[k] - 1))
/home/radv/llorenzini/.conda/envs/luigi/lib/python3.10/site-packages/bct/algorithms/distance.py:158: RuntimeWarning: divide by zero encountered in divide
  efficiency = np.mean(1 / Dv)
/home/radv/llorenzini/.conda/envs/luigi/lib/python3.10/site-packages/bct/algorithms/centrality.py:786: RuntimeWarning: invalid value encountered in divide
  P = np.ones((n,)) - Kc2 / np.square(Ko)
/home/radv/llorenzini/.conda/envs/luigi/lib/python3.10/site-packages/bct/algorithms/core.py:515: RuntimeWarning: invalid value encountered in scalar divide
  R[k] = Ek[k] / (Nk[k] * (Nk[k] - 1))
/home/radv/llorenzini/.conda/envs/luigi/lib/python3.10/site-packages/bct/algorithms/distance.py:158: RuntimeWarning: divide by zero encountered in divide
  efficiency = np.mean(1 / Dv)
/home/radv/llorenzini/.conda/envs/luigi/lib/python3.10/site-packages/bct/algorithms/core.py:515: RuntimeWarning: invalid value encountered in scalar divide
  R[k] = Ek[k] / (Nk[k] * (Nk[k] - 1))
/home/radv/llorenzini/.conda/envs/luigi/lib/python3.10/site-packages/bct/algorithms/distance.py:158: RuntimeWarning: divide by zero encountered in divide
  efficiency = np.mean(1 / Dv)
/home/radv/llorenzini/.conda/envs/luigi/lib/python3.10/site-packages/bct/algorithms/centrality.py:786: RuntimeWarning: invalid value encountered in divide
  P = np.ones((n,)) - Kc2 / np.square(Ko)
/home/radv/llorenzini/.conda/envs/luigi/lib/python3.10/site-packages/bct/algorithms/core.py:515: RuntimeWarning: invalid value encountered in scalar divide
  R[k] = Ek[k] / (Nk[k] * (Nk[k] - 1))
/home/radv/llorenzini/.conda/envs/luigi/lib/python3.10/site-packages/bct/algorithms/distance.py:158: RuntimeWarning: divide by zero encountered in divide
  efficiency = np.mean(1 / Dv)
/home/radv/llorenzini/.conda/envs/luigi/lib/python3.10/site-packages/bct/algorithms/centrality.py:786: RuntimeWarning: invalid value encountered in divide
  P = np.ones((n,)) - Kc2 / np.square(Ko)
/home/radv/llorenzini/.conda/envs/luigi/lib/python3.10/site-packages/bct/algorithms/core.py:515: RuntimeWarning: invalid value encountered in scalar divide
  R[k] = Ek[k] / (Nk[k] * (Nk[k] - 1))
/home/radv/llorenzini/.conda/envs/luigi/lib/python3.10/site-packages/bct/algorithms/distance.py:158: RuntimeWarning: divide by zero encountered in divide
  efficiency = np.mean(1 / Dv)
/home/radv/llorenzini/.conda/envs/luigi/lib/python3.10/site-packages/bct/algorithms/centrality.py:786: RuntimeWarning: invalid value encountered in divide
  P = np.ones((n,)) - Kc2 / np.square(Ko)
/home/radv/llorenzini/.conda/envs/luigi/lib/python3.10/site-packages/bct/algorithms/core.py:515: RuntimeWarning: invalid value encountered in scalar divide
  R[k] = Ek[k] / (Nk[k] * (Nk[k] - 1))
/home/radv/llorenzini/.conda/envs/luigi/lib/python3.10/site-packages/bct/algorithms/distance.py:158: RuntimeWarning: divide by zero encountered in divide
  efficiency = np.mean(1 / Dv)
/home/radv/llorenzini/.conda/envs/luigi/lib/python3.10/site-packages/bct/algorithms/core.py:515: RuntimeWarning: invalid value encountered in scalar divide
  R[k] = Ek[k] / (Nk[k] * (Nk[k] - 1))
/home/radv/llorenzini/.conda/envs/luigi/lib/python3.10/site-packages/bct/algorithms/distance.py:158: RuntimeWarning: divide by zero encountered in divide
  efficiency = np.mean(1 / Dv)
/home/radv/llorenzini/.conda/envs/luigi/lib/python3.10/site-packages/bct/algorithms/core.py:515: RuntimeWarning: invalid value encountered in scalar divide
  R[k] = Ek[k] / (Nk[k] * (Nk[k] - 1))
/home/radv/llorenzini/.conda/envs/luigi/lib/python3.10/site-packages/bct/algorithms/distance.py:158: RuntimeWarning: divide by zero encountered in divide
  efficiency = np.mean(1 / Dv)
/home/radv/llorenzini/.conda/envs/luigi/lib/python3.10/site-packages/bct/algorithms/core.py:515: RuntimeWarning: invalid value encountered in scalar divide
  R[k] = Ek[k] / (Nk[k] * (Nk[k] - 1))
/home/radv/llorenzini/.conda/envs/luigi/lib/python3.10/site-packages/bct/algorithms/distance.py:158: RuntimeWarning: divide by zero encountered in divide
  efficiency = np.mean(1 / Dv)
/home/radv/llorenzini/.conda/envs/luigi/lib/python3.10/site-packages/bct/algorithms/core.py:515: RuntimeWarning: invalid value encountered in scalar divide
  R[k] = Ek[k] / (Nk[k] * (Nk[k] - 1))
/home/radv/llorenzini/.conda/envs/luigi/lib/python3.10/site-packages/bct/algorithms/distance.py:158: RuntimeWarning: divide by zero encountered in divide
  efficiency = np.mean(1 / Dv)
/home/radv/llorenzini/.conda/envs/luigi/lib/python3.10/site-packages/bct/algorithms/centrality.py:786: RuntimeWarning: invalid value encountered in divide
  P = np.ones((n,)) - Kc2 / np.square(Ko)
/home/radv/llorenzini/.conda/envs/luigi/lib/python3.10/site-packages/bct/algorithms/core.py:515: RuntimeWarning: invalid value encountered in scalar divide
  R[k] = Ek[k] / (Nk[k] * (Nk[k] - 1))
/home/radv/llorenzini/.conda/envs/luigi/lib/python3.10/site-packages/bct/algorithms/distance.py:158: RuntimeWarning: divide by zero encountered in divide
  efficiency = np.mean(1 / Dv)
/home/radv/llorenzini/.conda/envs/luigi/lib/python3.10/site-packages/bct/algorithms/centrality.py:786: RuntimeWarning: invalid value encountered in divide
  P = np.ones((n,)) - Kc2 / np.square(Ko)
/home/radv/llorenzini/.conda/envs/luigi/lib/python3.10/site-packages/bct/algorithms/core.py:515: RuntimeWarning: invalid value encountered in scalar divide
  R[k] = Ek[k] / (Nk[k] * (Nk[k] - 1))
/home/radv/llorenzini/.conda/envs/luigi/lib/python3.10/site-packages/bct/algorithms/distance.py:158: RuntimeWarning: divide by zero encountered in divide
  efficiency = np.mean(1 / Dv)
/home/radv/llorenzini/.conda/envs/luigi/lib/python3.10/site-packages/bct/algorithms/core.py:515: RuntimeWarning: invalid value encountered in scalar divide
  R[k] = Ek[k] / (Nk[k] * (Nk[k] - 1))
/home/radv/llorenzini/.conda/envs/luigi/lib/python3.10/site-packages/bct/algorithms/distance.py:158: RuntimeWarning: divide by zero encountered in divide
  efficiency = np.mean(1 / Dv)
/home/radv/llorenzini/.conda/envs/luigi/lib/python3.10/site-packages/bct/algorithms/core.py:515: RuntimeWarning: invalid value encountered in scalar divide
  R[k] = Ek[k] / (Nk[k] * (Nk[k] - 1))
/home/radv/llorenzini/.conda/envs/luigi/lib/python3.10/site-packages/bct/algorithms/distance.py:158: RuntimeWarning: divide by zero encountered in divide
  efficiency = np.mean(1 / Dv)
/home/radv/llorenzini/.conda/envs/luigi/lib/python3.10/site-packages/bct/algorithms/core.py:515: RuntimeWarning: invalid value encountered in scalar divide
  R[k] = Ek[k] / (Nk[k] * (Nk[k] - 1))
/home/radv/llorenzini/.conda/envs/luigi/lib/python3.10/site-packages/bct/algorithms/distance.py:158: RuntimeWarning: divide by zero encountered in divide
  efficiency = np.mean(1 / Dv)
/home/radv/llorenzini/.conda/envs/luigi/lib/python3.10/site-packages/bct/algorithms/core.py:515: RuntimeWarning: invalid value encountered in scalar divide
  R[k] = Ek[k] / (Nk[k] * (Nk[k] - 1))
/home/radv/llorenzini/.conda/envs/luigi/lib/python3.10/site-packages/bct/algorithms/distance.py:158: RuntimeWarning: divide by zero encountered in divide
  efficiency = np.mean(1 / Dv)
/home/radv/llorenzini/.conda/envs/luigi/lib/python3.10/site-packages/bct/algorithms/core.py:515: RuntimeWarning: invalid value encountered in scalar divide
  R[k] = Ek[k] / (Nk[k] * (Nk[k] - 1))
/home/radv/llorenzini/.conda/envs/luigi/lib/python3.10/site-packages/bct/algorithms/distance.py:158: RuntimeWarning: divide by zero encountered in divide
  efficiency = np.mean(1 / Dv)
/home/radv/llorenzini/.conda/envs/luigi/lib/python3.10/site-packages/bct/algorithms/core.py:515: RuntimeWarning: invalid value encountered in scalar divide
  R[k] = Ek[k] / (Nk[k] * (Nk[k] - 1))
/home/radv/llorenzini/.conda/envs/luigi/lib/python3.10/site-packages/bct/algorithms/distance.py:158: RuntimeWarning: divide by zero encountered in divide
  efficiency = np.mean(1 / Dv)
/home/radv/llorenzini/.conda/envs/luigi/lib/python3.10/site-packages/bct/algorithms/core.py:515: RuntimeWarning: invalid value encountered in scalar divide
  R[k] = Ek[k] / (Nk[k] * (Nk[k] - 1))
/home/radv/llorenzini/.conda/envs/luigi/lib/python3.10/site-packages/bct/algorithms/distance.py:158: RuntimeWarning: divide by zero encountered in divide
  efficiency = np.mean(1 / Dv)
/home/radv/llorenzini/.conda/envs/luigi/lib/python3.10/site-packages/bct/algorithms/core.py:515: RuntimeWarning: invalid value encountered in scalar divide
  R[k] = Ek[k] / (Nk[k] * (Nk[k] - 1))
/home/radv/llorenzini/.conda/envs/luigi/lib/python3.10/site-packages/bct/algorithms/distance.py:158: RuntimeWarning: divide by zero encountered in divide
  efficiency = np.mean(1 / Dv)
/home/radv/llorenzini/.conda/envs/luigi/lib/python3.10/site-packages/bct/algorithms/core.py:515: RuntimeWarning: invalid value encountered in scalar divide
  R[k] = Ek[k] / (Nk[k] * (Nk[k] - 1))
/home/radv/llorenzini/.conda/envs/luigi/lib/python3.10/site-packages/bct/algorithms/distance.py:158: RuntimeWarning: divide by zero encountered in divide
  efficiency = np.mean(1 / Dv)
/home/radv/llorenzini/.conda/envs/luigi/lib/python3.10/site-packages/bct/algorithms/core.py:515: RuntimeWarning: invalid value encountered in scalar divide
  R[k] = Ek[k] / (Nk[k] * (Nk[k] - 1))
/home/radv/llorenzini/.conda/envs/luigi/lib/python3.10/site-packages/bct/algorithms/distance.py:158: RuntimeWarning: divide by zero encountered in divide
  efficiency = np.mean(1 / Dv)
/home/radv/llorenzini/.conda/envs/luigi/lib/python3.10/site-packages/bct/algorithms/core.py:515: RuntimeWarning: invalid value encountered in scalar divide
  R[k] = Ek[k] / (Nk[k] * (Nk[k] - 1))
/home/radv/llorenzini/.conda/envs/luigi/lib/python3.10/site-packages/bct/algorithms/distance.py:158: RuntimeWarning: divide by zero encountered in divide
  efficiency = np.mean(1 / Dv)
/home/radv/llorenzini/.conda/envs/luigi/lib/python3.10/site-packages/bct/algorithms/core.py:515: RuntimeWarning: invalid value encountered in scalar divide
  R[k] = Ek[k] / (Nk[k] * (Nk[k] - 1))
/home/radv/llorenzini/.conda/envs/luigi/lib/python3.10/site-packages/bct/algorithms/distance.py:158: RuntimeWarning: divide by zero encountered in divide
  efficiency = np.mean(1 / Dv)
/home/radv/llorenzini/.conda/envs/luigi/lib/python3.10/site-packages/bct/algorithms/core.py:515: RuntimeWarning: invalid value encountered in scalar divide
  R[k] = Ek[k] / (Nk[k] * (Nk[k] - 1))
/home/radv/llorenzini/.conda/envs/luigi/lib/python3.10/site-packages/bct/algorithms/distance.py:158: RuntimeWarning: divide by zero encountered in divide
  efficiency = np.mean(1 / Dv)
/home/radv/llorenzini/.conda/envs/luigi/lib/python3.10/site-packages/bct/algorithms/centrality.py:786: RuntimeWarning: invalid value encountered in divide
  P = np.ones((n,)) - Kc2 / np.square(Ko)
/home/radv/llorenzini/.conda/envs/luigi/lib/python3.10/site-packages/bct/algorithms/core.py:515: RuntimeWarning: invalid value encountered in scalar divide
  R[k] = Ek[k] / (Nk[k] * (Nk[k] - 1))
/home/radv/llorenzini/.conda/envs/luigi/lib/python3.10/site-packages/bct/algorithms/distance.py:158: RuntimeWarning: divide by zero encountered in divide
  efficiency = np.mean(1 / Dv)
/home/radv/llorenzini/.conda/envs/luigi/lib/python3.10/site-packages/bct/algorithms/core.py:515: RuntimeWarning: invalid value encountered in scalar divide
  R[k] = Ek[k] / (Nk[k] * (Nk[k] - 1))
/home/radv/llorenzini/.conda/envs/luigi/lib/python3.10/site-packages/bct/algorithms/distance.py:158: RuntimeWarning: divide by zero encountered in divide
  efficiency = np.mean(1 / Dv)
/home/radv/llorenzini/.conda/envs/luigi/lib/python3.10/site-packages/bct/algorithms/centrality.py:786: RuntimeWarning: invalid value encountered in divide
  P = np.ones((n,)) - Kc2 / np.square(Ko)
/home/radv/llorenzini/.conda/envs/luigi/lib/python3.10/site-packages/bct/algorithms/core.py:515: RuntimeWarning: invalid value encountered in scalar divide
  R[k] = Ek[k] / (Nk[k] * (Nk[k] - 1))
/home/radv/llorenzini/.conda/envs/luigi/lib/python3.10/site-packages/bct/algorithms/distance.py:158: RuntimeWarning: divide by zero encountered in divide
  efficiency = np.mean(1 / Dv)
/home/radv/llorenzini/.conda/envs/luigi/lib/python3.10/site-packages/bct/algorithms/centrality.py:786: RuntimeWarning: invalid value encountered in divide
  P = np.ones((n,)) - Kc2 / np.square(Ko)
/home/radv/llorenzini/.conda/envs/luigi/lib/python3.10/site-packages/bct/algorithms/core.py:515: RuntimeWarning: invalid value encountered in scalar divide
  R[k] = Ek[k] / (Nk[k] * (Nk[k] - 1))
/home/radv/llorenzini/.conda/envs/luigi/lib/python3.10/site-packages/bct/algorithms/distance.py:158: RuntimeWarning: divide by zero encountered in divide
  efficiency = np.mean(1 / Dv)
/home/radv/llorenzini/.conda/envs/luigi/lib/python3.10/site-packages/bct/algorithms/core.py:515: RuntimeWarning: invalid value encountered in scalar divide
  R[k] = Ek[k] / (Nk[k] * (Nk[k] - 1))
/home/radv/llorenzini/.conda/envs/luigi/lib/python3.10/site-packages/bct/algorithms/distance.py:158: RuntimeWarning: divide by zero encountered in divide
  efficiency = np.mean(1 / Dv)
/home/radv/llorenzini/.conda/envs/luigi/lib/python3.10/site-packages/bct/algorithms/core.py:515: RuntimeWarning: invalid value encountered in scalar divide
  R[k] = Ek[k] / (Nk[k] * (Nk[k] - 1))
/home/radv/llorenzini/.conda/envs/luigi/lib/python3.10/site-packages/bct/algorithms/distance.py:158: RuntimeWarning: divide by zero encountered in divide
  efficiency = np.mean(1 / Dv)
/home/radv/llorenzini/.conda/envs/luigi/lib/python3.10/site-packages/bct/algorithms/centrality.py:786: RuntimeWarning: invalid value encountered in divide
  P = np.ones((n,)) - Kc2 / np.square(Ko)
/home/radv/llorenzini/.conda/envs/luigi/lib/python3.10/site-packages/bct/algorithms/core.py:515: RuntimeWarning: invalid value encountered in scalar divide
  R[k] = Ek[k] / (Nk[k] * (Nk[k] - 1))
/home/radv/llorenzini/.conda/envs/luigi/lib/python3.10/site-packages/bct/algorithms/distance.py:158: RuntimeWarning: divide by zero encountered in divide
  efficiency = np.mean(1 / Dv)
/home/radv/llorenzini/.conda/envs/luigi/lib/python3.10/site-packages/bct/algorithms/core.py:515: RuntimeWarning: invalid value encountered in scalar divide
  R[k] = Ek[k] / (Nk[k] * (Nk[k] - 1))
/home/radv/llorenzini/.conda/envs/luigi/lib/python3.10/site-packages/bct/algorithms/distance.py:158: RuntimeWarning: divide by zero encountered in divide
  efficiency = np.mean(1 / Dv)
/home/radv/llorenzini/.conda/envs/luigi/lib/python3.10/site-packages/bct/algorithms/centrality.py:786: RuntimeWarning: invalid value encountered in divide
  P = np.ones((n,)) - Kc2 / np.square(Ko)
/home/radv/llorenzini/.conda/envs/luigi/lib/python3.10/site-packages/bct/algorithms/core.py:515: RuntimeWarning: invalid value encountered in scalar divide
  R[k] = Ek[k] / (Nk[k] * (Nk[k] - 1))
/home/radv/llorenzini/.conda/envs/luigi/lib/python3.10/site-packages/bct/algorithms/distance.py:158: RuntimeWarning: divide by zero encountered in divide
  efficiency = np.mean(1 / Dv)
/home/radv/llorenzini/.conda/envs/luigi/lib/python3.10/site-packages/bct/algorithms/centrality.py:786: RuntimeWarning: invalid value encountered in divide
  P = np.ones((n,)) - Kc2 / np.square(Ko)
/home/radv/llorenzini/my-rdisk/RNG/Projects/ExploreASL/EPAD/scripts/multimodal_MRI_processing/MIND/Graph/extract_graphs.py:274: FutureWarning: The behavior of DataFrame concatenation with empty or all-NA entries is deprecated. In a future version, this will no longer exclude empty or all-NA columns when determining the result dtypes. To retain the old behavior, exclude the relevant entries before the concat operation.
  glob_DF = pd.concat([glob_DF, globsubdf])
/home/radv/llorenzini/my-rdisk/RNG/Projects/ExploreASL/EPAD/scripts/multimodal_MRI_processing/MIND/Graph/extract_graphs.py:278: FutureWarning: The behavior of DataFrame concatenation with empty or all-NA entries is deprecated. In a future version, this will no longer exclude empty or all-NA columns when determining the result dtypes. To retain the old behavior, exclude the relevant entries before the concat operation.
  rsnstrength = pd.concat([rsnstrength, rsnstrsubdf])
/home/radv/llorenzini/my-rdisk/RNG/Projects/ExploreASL/EPAD/scripts/multimodal_MRI_processing/MIND/Graph/extract_graphs.py:282: FutureWarning: The behavior of DataFrame concatenation with empty or all-NA entries is deprecated. In a future version, this will no longer exclude empty or all-NA columns when determining the result dtypes. To retain the old behavior, exclude the relevant entries before the concat operation.
  localstrength = pd.concat([localstrength, lclstrsubdf])
/home/radv/llorenzini/my-rdisk/RNG/Projects/ExploreASL/EPAD/scripts/multimodal_MRI_processing/MIND/Graph/extract_graphs.py:286: FutureWarning: The behavior of DataFrame concatenation with empty or all-NA entries is deprecated. In a future version, this will no longer exclude empty or all-NA columns when determining the result dtypes. To retain the old behavior, exclude the relevant entries before the concat operation.
  localbtw = pd.concat([localbtw, btwsubdf])
/home/radv/llorenzini/my-rdisk/RNG/Projects/ExploreASL/EPAD/scripts/multimodal_MRI_processing/MIND/Graph/extract_graphs.py:290: FutureWarning: The behavior of DataFrame concatenation with empty or all-NA entries is deprecated. In a future version, this will no longer exclude empty or all-NA columns when determining the result dtypes. To retain the old behavior, exclude the relevant entries before the concat operation.
  localclust = pd.concat([localclust, clstsubdf])
/home/radv/llorenzini/my-rdisk/RNG/Projects/ExploreASL/EPAD/scripts/multimodal_MRI_processing/MIND/Graph/extract_graphs.py:294: FutureWarning: The behavior of DataFrame concatenation with empty or all-NA entries is deprecated. In a future version, this will no longer exclude empty or all-NA columns when determining the result dtypes. To retain the old behavior, exclude the relevant entries before the concat operation.
  localpart = pd.concat([localpart, pcsubdf])
/home/radv/llorenzini/my-rdisk/RNG/Projects/ExploreASL/EPAD/scripts/multimodal_MRI_processing/MIND/Graph/extract_graphs.py:298: FutureWarning: The behavior of DataFrame concatenation with empty or all-NA entries is deprecated. In a future version, this will no longer exclude empty or all-NA columns when determining the result dtypes. To retain the old behavior, exclude the relevant entries before the concat operation.
  richclub = pd.concat([richclub, rcsubdf])
sub-060EPAD25109_MIND-Schaefer100Parcels7Networks.csv
Now processing /home/radv/llorenzini/my-rdisk/RNG/Projects/ExploreASL/EPAD/derivatives/MIND/sub-060EPAD25109_MIND-Schaefer100Parcels7Networks.csv
sub-060EPAD25118_MIND-Schaefer100Parcels7Networks.csv
Now processing /home/radv/llorenzini/my-rdisk/RNG/Projects/ExploreASL/EPAD/derivatives/MIND/sub-060EPAD25118_MIND-Schaefer100Parcels7Networks.csv
sub-060EPAD25126_MIND-Schaefer100Parcels7Networks.csv
Now processing /home/radv/llorenzini/my-rdisk/RNG/Projects/ExploreASL/EPAD/derivatives/MIND/sub-060EPAD25126_MIND-Schaefer100Parcels7Networks.csv
sub-060EPAD25179_MIND-Schaefer100Parcels7Networks.csv
Now processing /home/radv/llorenzini/my-rdisk/RNG/Projects/ExploreASL/EPAD/derivatives/MIND/sub-060EPAD25179_MIND-Schaefer100Parcels7Networks.csv
sub-060EPAD25184_MIND-Schaefer100Parcels7Networks.csv
Now processing /home/radv/llorenzini/my-rdisk/RNG/Projects/ExploreASL/EPAD/derivatives/MIND/sub-060EPAD25184_MIND-Schaefer100Parcels7Networks.csv
sub-060EPAD25202_MIND-Schaefer100Parcels7Networks.csv
Now processing /home/radv/llorenzini/my-rdisk/RNG/Projects/ExploreASL/EPAD/derivatives/MIND/sub-060EPAD25202_MIND-Schaefer100Parcels7Networks.csv
sub-060EPAD25211_MIND-Schaefer100Parcels7Networks.csv
Now processing /home/radv/llorenzini/my-rdisk/RNG/Projects/ExploreASL/EPAD/derivatives/MIND/sub-060EPAD25211_MIND-Schaefer100Parcels7Networks.csv
sub-060EPAD25228_MIND-Schaefer100Parcels7Networks.csv
Now processing /home/radv/llorenzini/my-rdisk/RNG/Projects/ExploreASL/EPAD/derivatives/MIND/sub-060EPAD25228_MIND-Schaefer100Parcels7Networks.csv
sub-060EPAD25233_MIND-Schaefer100Parcels7Networks.csv
Now processing /home/radv/llorenzini/my-rdisk/RNG/Projects/ExploreASL/EPAD/derivatives/MIND/sub-060EPAD25233_MIND-Schaefer100Parcels7Networks.csv
sub-060EPAD25241_MIND-Schaefer100Parcels7Networks.csv
Now processing /home/radv/llorenzini/my-rdisk/RNG/Projects/ExploreASL/EPAD/derivatives/MIND/sub-060EPAD25241_MIND-Schaefer100Parcels7Networks.csv
sub-060EPAD25244_MIND-Schaefer100Parcels7Networks.csv
Now processing /home/radv/llorenzini/my-rdisk/RNG/Projects/ExploreASL/EPAD/derivatives/MIND/sub-060EPAD25244_MIND-Schaefer100Parcels7Networks.csv
sub-060EPAD25249_MIND-Schaefer100Parcels7Networks.csv
Now processing /home/radv/llorenzini/my-rdisk/RNG/Projects/ExploreASL/EPAD/derivatives/MIND/sub-060EPAD25249_MIND-Schaefer100Parcels7Networks.csv
sub-060EPAD25256_MIND-Schaefer100Parcels7Networks.csv
Now processing /home/radv/llorenzini/my-rdisk/RNG/Projects/ExploreASL/EPAD/derivatives/MIND/sub-060EPAD25256_MIND-Schaefer100Parcels7Networks.csv
sub-060EPAD25271_MIND-Schaefer100Parcels7Networks.csv
Now processing /home/radv/llorenzini/my-rdisk/RNG/Projects/ExploreASL/EPAD/derivatives/MIND/sub-060EPAD25271_MIND-Schaefer100Parcels7Networks.csv
sub-060EPAD25311_MIND-Schaefer100Parcels7Networks.csv
Now processing /home/radv/llorenzini/my-rdisk/RNG/Projects/ExploreASL/EPAD/derivatives/MIND/sub-060EPAD25311_MIND-Schaefer100Parcels7Networks.csv
sub-060EPAD25318_MIND-Schaefer100Parcels7Networks.csv
Now processing /home/radv/llorenzini/my-rdisk/RNG/Projects/ExploreASL/EPAD/derivatives/MIND/sub-060EPAD25318_MIND-Schaefer100Parcels7Networks.csv
sub-060EPAD25325_MIND-Schaefer100Parcels7Networks.csv
Now processing /home/radv/llorenzini/my-rdisk/RNG/Projects/ExploreASL/EPAD/derivatives/MIND/sub-060EPAD25325_MIND-Schaefer100Parcels7Networks.csv
sub-060EPAD25344_MIND-Schaefer100Parcels7Networks.csv
Now processing /home/radv/llorenzini/my-rdisk/RNG/Projects/ExploreASL/EPAD/derivatives/MIND/sub-060EPAD25344_MIND-Schaefer100Parcels7Networks.csv
sub-060EPAD25359_MIND-Schaefer100Parcels7Networks.csv
Now processing /home/radv/llorenzini/my-rdisk/RNG/Projects/ExploreASL/EPAD/derivatives/MIND/sub-060EPAD25359_MIND-Schaefer100Parcels7Networks.csv
sub-060EPAD25366_MIND-Schaefer100Parcels7Networks.csv
Now processing /home/radv/llorenzini/my-rdisk/RNG/Projects/ExploreASL/EPAD/derivatives/MIND/sub-060EPAD25366_MIND-Schaefer100Parcels7Networks.csv
sub-060EPAD25372_MIND-Schaefer100Parcels7Networks.csv
Now processing /home/radv/llorenzini/my-rdisk/RNG/Projects/ExploreASL/EPAD/derivatives/MIND/sub-060EPAD25372_MIND-Schaefer100Parcels7Networks.csv
sub-060EPAD25381_MIND-Schaefer100Parcels7Networks.csv
Now processing /home/radv/llorenzini/my-rdisk/RNG/Projects/ExploreASL/EPAD/derivatives/MIND/sub-060EPAD25381_MIND-Schaefer100Parcels7Networks.csv
sub-060EPAD25382_MIND-Schaefer100Parcels7Networks.csv
Now processing /home/radv/llorenzini/my-rdisk/RNG/Projects/ExploreASL/EPAD/derivatives/MIND/sub-060EPAD25382_MIND-Schaefer100Parcels7Networks.csv
sub-060EPAD25396_MIND-Schaefer100Parcels7Networks.csv
Now processing /home/radv/llorenzini/my-rdisk/RNG/Projects/ExploreASL/EPAD/derivatives/MIND/sub-060EPAD25396_MIND-Schaefer100Parcels7Networks.csv
sub-060EPAD25402_MIND-Schaefer100Parcels7Networks.csv
Now processing /home/radv/llorenzini/my-rdisk/RNG/Projects/ExploreASL/EPAD/derivatives/MIND/sub-060EPAD25402_MIND-Schaefer100Parcels7Networks.csv
sub-060EPAD25413_MIND-Schaefer100Parcels7Networks.csv
Now processing /home/radv/llorenzini/my-rdisk/RNG/Projects/ExploreASL/EPAD/derivatives/MIND/sub-060EPAD25413_MIND-Schaefer100Parcels7Networks.csv
sub-060EPAD25419_MIND-Schaefer100Parcels7Networks.csv
Now processing /home/radv/llorenzini/my-rdisk/RNG/Projects/ExploreASL/EPAD/derivatives/MIND/sub-060EPAD25419_MIND-Schaefer100Parcels7Networks.csv
sub-060EPAD25421_MIND-Schaefer100Parcels7Networks.csv
Now processing /home/radv/llorenzini/my-rdisk/RNG/Projects/ExploreASL/EPAD/derivatives/MIND/sub-060EPAD25421_MIND-Schaefer100Parcels7Networks.csv
sub-060EPAD25439_MIND-Schaefer100Parcels7Networks.csv
Now processing /home/radv/llorenzini/my-rdisk/RNG/Projects/ExploreASL/EPAD/derivatives/MIND/sub-060EPAD25439_MIND-Schaefer100Parcels7Networks.csv
sub-060EPAD25458_MIND-Schaefer100Parcels7Networks.csv
Now processing /home/radv/llorenzini/my-rdisk/RNG/Projects/ExploreASL/EPAD/derivatives/MIND/sub-060EPAD25458_MIND-Schaefer100Parcels7Networks.csv
sub-060EPAD25474_MIND-Schaefer100Parcels7Networks.csv
Now processing /home/radv/llorenzini/my-rdisk/RNG/Projects/ExploreASL/EPAD/derivatives/MIND/sub-060EPAD25474_MIND-Schaefer100Parcels7Networks.csv
sub-060EPAD25475_MIND-Schaefer100Parcels7Networks.csv
Now processing /home/radv/llorenzini/my-rdisk/RNG/Projects/ExploreASL/EPAD/derivatives/MIND/sub-060EPAD25475_MIND-Schaefer100Parcels7Networks.csv
sub-060EPAD25477_MIND-Schaefer100Parcels7Networks.csv
Now processing /home/radv/llorenzini/my-rdisk/RNG/Projects/ExploreASL/EPAD/derivatives/MIND/sub-060EPAD25477_MIND-Schaefer100Parcels7Networks.csv
sub-060EPAD25500_MIND-Schaefer100Parcels7Networks.csv
Now processing /home/radv/llorenzini/my-rdisk/RNG/Projects/ExploreASL/EPAD/derivatives/MIND/sub-060EPAD25500_MIND-Schaefer100Parcels7Networks.csv
sub-060EPAD25514_MIND-Schaefer100Parcels7Networks.csv
Now processing /home/radv/llorenzini/my-rdisk/RNG/Projects/ExploreASL/EPAD/derivatives/MIND/sub-060EPAD25514_MIND-Schaefer100Parcels7Networks.csv
sub-060EPAD25525_MIND-Schaefer100Parcels7Networks.csv
Now processing /home/radv/llorenzini/my-rdisk/RNG/Projects/ExploreASL/EPAD/derivatives/MIND/sub-060EPAD25525_MIND-Schaefer100Parcels7Networks.csv
sub-060EPAD25529_MIND-Schaefer100Parcels7Networks.csv
Now processing /home/radv/llorenzini/my-rdisk/RNG/Projects/ExploreASL/EPAD/derivatives/MIND/sub-060EPAD25529_MIND-Schaefer100Parcels7Networks.csv
sub-060EPAD25539_MIND-Schaefer100Parcels7Networks.csv
Now processing /home/radv/llorenzini/my-rdisk/RNG/Projects/ExploreASL/EPAD/derivatives/MIND/sub-060EPAD25539_MIND-Schaefer100Parcels7Networks.csv
sub-060EPAD25547_MIND-Schaefer100Parcels7Networks.csv
Now processing /home/radv/llorenzini/my-rdisk/RNG/Projects/ExploreASL/EPAD/derivatives/MIND/sub-060EPAD25547_MIND-Schaefer100Parcels7Networks.csv
sub-060EPAD25565_MIND-Schaefer100Parcels7Networks.csv
Now processing /home/radv/llorenzini/my-rdisk/RNG/Projects/ExploreASL/EPAD/derivatives/MIND/sub-060EPAD25565_MIND-Schaefer100Parcels7Networks.csv
sub-060EPAD25582_MIND-Schaefer100Parcels7Networks.csv
Now processing /home/radv/llorenzini/my-rdisk/RNG/Projects/ExploreASL/EPAD/derivatives/MIND/sub-060EPAD25582_MIND-Schaefer100Parcels7Networks.csv
sub-060EPAD25583_MIND-Schaefer100Parcels7Networks.csv
Now processing /home/radv/llorenzini/my-rdisk/RNG/Projects/ExploreASL/EPAD/derivatives/MIND/sub-060EPAD25583_MIND-Schaefer100Parcels7Networks.csv
sub-061EPAD23990_MIND-Schaefer100Parcels7Networks.csv
Now processing /home/radv/llorenzini/my-rdisk/RNG/Projects/ExploreASL/EPAD/derivatives/MIND/sub-061EPAD23990_MIND-Schaefer100Parcels7Networks.csv
sub-061EPAD24021_MIND-Schaefer100Parcels7Networks.csv
Now processing /home/radv/llorenzini/my-rdisk/RNG/Projects/ExploreASL/EPAD/derivatives/MIND/sub-061EPAD24021_MIND-Schaefer100Parcels7Networks.csv
sub-061EPAD24043_MIND-Schaefer100Parcels7Networks.csv
Now processing /home/radv/llorenzini/my-rdisk/RNG/Projects/ExploreASL/EPAD/derivatives/MIND/sub-061EPAD24043_MIND-Schaefer100Parcels7Networks.csv
sub-061EPAD24106_MIND-Schaefer100Parcels7Networks.csv
Now processing /home/radv/llorenzini/my-rdisk/RNG/Projects/ExploreASL/EPAD/derivatives/MIND/sub-061EPAD24106_MIND-Schaefer100Parcels7Networks.csv
sub-061EPAD24134_MIND-Schaefer100Parcels7Networks.csv
Now processing /home/radv/llorenzini/my-rdisk/RNG/Projects/ExploreASL/EPAD/derivatives/MIND/sub-061EPAD24134_MIND-Schaefer100Parcels7Networks.csv
sub-061EPAD24149_MIND-Schaefer100Parcels7Networks.csv
Now processing /home/radv/llorenzini/my-rdisk/RNG/Projects/ExploreASL/EPAD/derivatives/MIND/sub-061EPAD24149_MIND-Schaefer100Parcels7Networks.csv
sub-061EPAD24190_MIND-Schaefer100Parcels7Networks.csv
Now processing /home/radv/llorenzini/my-rdisk/RNG/Projects/ExploreASL/EPAD/derivatives/MIND/sub-061EPAD24190_MIND-Schaefer100Parcels7Networks.csv
sub-061EPAD24397_MIND-Schaefer100Parcels7Networks.csv
Now processing /home/radv/llorenzini/my-rdisk/RNG/Projects/ExploreASL/EPAD/derivatives/MIND/sub-061EPAD24397_MIND-Schaefer100Parcels7Networks.csv
sub-061EPAD24567_MIND-Schaefer100Parcels7Networks.csv
Now processing /home/radv/llorenzini/my-rdisk/RNG/Projects/ExploreASL/EPAD/derivatives/MIND/sub-061EPAD24567_MIND-Schaefer100Parcels7Networks.csv
sub-061EPAD24576_MIND-Schaefer100Parcels7Networks.csv
Now processing /home/radv/llorenzini/my-rdisk/RNG/Projects/ExploreASL/EPAD/derivatives/MIND/sub-061EPAD24576_MIND-Schaefer100Parcels7Networks.csv
sub-061EPAD24580_MIND-Schaefer100Parcels7Networks.csv
Now processing /home/radv/llorenzini/my-rdisk/RNG/Projects/ExploreASL/EPAD/derivatives/MIND/sub-061EPAD24580_MIND-Schaefer100Parcels7Networks.csv
sub-061EPAD24598_MIND-Schaefer100Parcels7Networks.csv
Now processing /home/radv/llorenzini/my-rdisk/RNG/Projects/ExploreASL/EPAD/derivatives/MIND/sub-061EPAD24598_MIND-Schaefer100Parcels7Networks.csv
sub-061EPAD24602_MIND-Schaefer100Parcels7Networks.csv
Now processing /home/radv/llorenzini/my-rdisk/RNG/Projects/ExploreASL/EPAD/derivatives/MIND/sub-061EPAD24602_MIND-Schaefer100Parcels7Networks.csv
sub-061EPAD24603_MIND-Schaefer100Parcels7Networks.csv
Now processing /home/radv/llorenzini/my-rdisk/RNG/Projects/ExploreASL/EPAD/derivatives/MIND/sub-061EPAD24603_MIND-Schaefer100Parcels7Networks.csv
sub-061EPAD24756_MIND-Schaefer100Parcels7Networks.csv
Now processing /home/radv/llorenzini/my-rdisk/RNG/Projects/ExploreASL/EPAD/derivatives/MIND/sub-061EPAD24756_MIND-Schaefer100Parcels7Networks.csv
sub-061EPAD24769_MIND-Schaefer100Parcels7Networks.csv
Now processing /home/radv/llorenzini/my-rdisk/RNG/Projects/ExploreASL/EPAD/derivatives/MIND/sub-061EPAD24769_MIND-Schaefer100Parcels7Networks.csv
sub-061EPAD24772_MIND-Schaefer100Parcels7Networks.csv
Now processing /home/radv/llorenzini/my-rdisk/RNG/Projects/ExploreASL/EPAD/derivatives/MIND/sub-061EPAD24772_MIND-Schaefer100Parcels7Networks.csv
sub-061EPAD24794_MIND-Schaefer100Parcels7Networks.csv
Now processing /home/radv/llorenzini/my-rdisk/RNG/Projects/ExploreASL/EPAD/derivatives/MIND/sub-061EPAD24794_MIND-Schaefer100Parcels7Networks.csv
sub-061EPAD24840_MIND-Schaefer100Parcels7Networks.csv
Now processing /home/radv/llorenzini/my-rdisk/RNG/Projects/ExploreASL/EPAD/derivatives/MIND/sub-061EPAD24840_MIND-Schaefer100Parcels7Networks.csv
sub-061EPAD24848_MIND-Schaefer100Parcels7Networks.csv
Now processing /home/radv/llorenzini/my-rdisk/RNG/Projects/ExploreASL/EPAD/derivatives/MIND/sub-061EPAD24848_MIND-Schaefer100Parcels7Networks.csv
sub-061EPAD24898_MIND-Schaefer100Parcels7Networks.csv
Now processing /home/radv/llorenzini/my-rdisk/RNG/Projects/ExploreASL/EPAD/derivatives/MIND/sub-061EPAD24898_MIND-Schaefer100Parcels7Networks.csv
sub-061EPAD24902_MIND-Schaefer100Parcels7Networks.csv
Now processing /home/radv/llorenzini/my-rdisk/RNG/Projects/ExploreASL/EPAD/derivatives/MIND/sub-061EPAD24902_MIND-Schaefer100Parcels7Networks.csv
sub-061EPAD24946_MIND-Schaefer100Parcels7Networks.csv
Now processing /home/radv/llorenzini/my-rdisk/RNG/Projects/ExploreASL/EPAD/derivatives/MIND/sub-061EPAD24946_MIND-Schaefer100Parcels7Networks.csv
sub-061EPAD25013_MIND-Schaefer100Parcels7Networks.csv
Now processing /home/radv/llorenzini/my-rdisk/RNG/Projects/ExploreASL/EPAD/derivatives/MIND/sub-061EPAD25013_MIND-Schaefer100Parcels7Networks.csv
sub-061EPAD25021_MIND-Schaefer100Parcels7Networks.csv
Now processing /home/radv/llorenzini/my-rdisk/RNG/Projects/ExploreASL/EPAD/derivatives/MIND/sub-061EPAD25021_MIND-Schaefer100Parcels7Networks.csv
sub-061EPAD25023_MIND-Schaefer100Parcels7Networks.csv
Now processing /home/radv/llorenzini/my-rdisk/RNG/Projects/ExploreASL/EPAD/derivatives/MIND/sub-061EPAD25023_MIND-Schaefer100Parcels7Networks.csv
sub-061EPAD25029_MIND-Schaefer100Parcels7Networks.csv
Now processing /home/radv/llorenzini/my-rdisk/RNG/Projects/ExploreASL/EPAD/derivatives/MIND/sub-061EPAD25029_MIND-Schaefer100Parcels7Networks.csv
sub-061EPAD25033_MIND-Schaefer100Parcels7Networks.csv
Now processing /home/radv/llorenzini/my-rdisk/RNG/Projects/ExploreASL/EPAD/derivatives/MIND/sub-061EPAD25033_MIND-Schaefer100Parcels7Networks.csv
sub-061EPAD25046_MIND-Schaefer100Parcels7Networks.csv
Now processing /home/radv/llorenzini/my-rdisk/RNG/Projects/ExploreASL/EPAD/derivatives/MIND/sub-061EPAD25046_MIND-Schaefer100Parcels7Networks.csv
sub-061EPAD25057_MIND-Schaefer100Parcels7Networks.csv
Now processing /home/radv/llorenzini/my-rdisk/RNG/Projects/ExploreASL/EPAD/derivatives/MIND/sub-061EPAD25057_MIND-Schaefer100Parcels7Networks.csv
sub-061EPAD25064_MIND-Schaefer100Parcels7Networks.csv
Now processing /home/radv/llorenzini/my-rdisk/RNG/Projects/ExploreASL/EPAD/derivatives/MIND/sub-061EPAD25064_MIND-Schaefer100Parcels7Networks.csv
sub-061EPAD25098_MIND-Schaefer100Parcels7Networks.csv
Now processing /home/radv/llorenzini/my-rdisk/RNG/Projects/ExploreASL/EPAD/derivatives/MIND/sub-061EPAD25098_MIND-Schaefer100Parcels7Networks.csv
sub-061EPAD25116_MIND-Schaefer100Parcels7Networks.csv
Now processing /home/radv/llorenzini/my-rdisk/RNG/Projects/ExploreASL/EPAD/derivatives/MIND/sub-061EPAD25116_MIND-Schaefer100Parcels7Networks.csv
sub-061EPAD25195_MIND-Schaefer100Parcels7Networks.csv
Now processing /home/radv/llorenzini/my-rdisk/RNG/Projects/ExploreASL/EPAD/derivatives/MIND/sub-061EPAD25195_MIND-Schaefer100Parcels7Networks.csv
sub-061EPAD25314_MIND-Schaefer100Parcels7Networks.csv
Now processing /home/radv/llorenzini/my-rdisk/RNG/Projects/ExploreASL/EPAD/derivatives/MIND/sub-061EPAD25314_MIND-Schaefer100Parcels7Networks.csv
sub-061EPAD25316_MIND-Schaefer100Parcels7Networks.csv
Now processing /home/radv/llorenzini/my-rdisk/RNG/Projects/ExploreASL/EPAD/derivatives/MIND/sub-061EPAD25316_MIND-Schaefer100Parcels7Networks.csv
sub-061EPAD25360_MIND-Schaefer100Parcels7Networks.csv
Now processing /home/radv/llorenzini/my-rdisk/RNG/Projects/ExploreASL/EPAD/derivatives/MIND/sub-061EPAD25360_MIND-Schaefer100Parcels7Networks.csv
sub-061EPAD25393_MIND-Schaefer100Parcels7Networks.csv
Now processing /home/radv/llorenzini/my-rdisk/RNG/Projects/ExploreASL/EPAD/derivatives/MIND/sub-061EPAD25393_MIND-Schaefer100Parcels7Networks.csv
sub-061EPAD25430_MIND-Schaefer100Parcels7Networks.csv
Now processing /home/radv/llorenzini/my-rdisk/RNG/Projects/ExploreASL/EPAD/derivatives/MIND/sub-061EPAD25430_MIND-Schaefer100Parcels7Networks.csv
sub-061EPAD25434_MIND-Schaefer100Parcels7Networks.csv
Now processing /home/radv/llorenzini/my-rdisk/RNG/Projects/ExploreASL/EPAD/derivatives/MIND/sub-061EPAD25434_MIND-Schaefer100Parcels7Networks.csv
sub-061EPAD25455_MIND-Schaefer100Parcels7Networks.csv
Now processing /home/radv/llorenzini/my-rdisk/RNG/Projects/ExploreASL/EPAD/derivatives/MIND/sub-061EPAD25455_MIND-Schaefer100Parcels7Networks.csv
sub-061EPAD25492_MIND-Schaefer100Parcels7Networks.csv
Now processing /home/radv/llorenzini/my-rdisk/RNG/Projects/ExploreASL/EPAD/derivatives/MIND/sub-061EPAD25492_MIND-Schaefer100Parcels7Networks.csv
sub-061EPAD25507_MIND-Schaefer100Parcels7Networks.csv
Now processing /home/radv/llorenzini/my-rdisk/RNG/Projects/ExploreASL/EPAD/derivatives/MIND/sub-061EPAD25507_MIND-Schaefer100Parcels7Networks.csv
sub-061EPAD25559_MIND-Schaefer100Parcels7Networks.csv
Now processing /home/radv/llorenzini/my-rdisk/RNG/Projects/ExploreASL/EPAD/derivatives/MIND/sub-061EPAD25559_MIND-Schaefer100Parcels7Networks.csv
sub-062EPAD24988_MIND-Schaefer100Parcels7Networks.csv
Now processing /home/radv/llorenzini/my-rdisk/RNG/Projects/ExploreASL/EPAD/derivatives/MIND/sub-062EPAD24988_MIND-Schaefer100Parcels7Networks.csv
sub-062EPAD25313_MIND-Schaefer100Parcels7Networks.csv
Now processing /home/radv/llorenzini/my-rdisk/RNG/Projects/ExploreASL/EPAD/derivatives/MIND/sub-062EPAD25313_MIND-Schaefer100Parcels7Networks.csv
sub-063EPAD25012_MIND-Schaefer100Parcels7Networks.csv
Now processing /home/radv/llorenzini/my-rdisk/RNG/Projects/ExploreASL/EPAD/derivatives/MIND/sub-063EPAD25012_MIND-Schaefer100Parcels7Networks.csv
sub-063EPAD25030_MIND-Schaefer100Parcels7Networks.csv
Now processing /home/radv/llorenzini/my-rdisk/RNG/Projects/ExploreASL/EPAD/derivatives/MIND/sub-063EPAD25030_MIND-Schaefer100Parcels7Networks.csv
sub-063EPAD25177_MIND-Schaefer100Parcels7Networks.csv
Now processing /home/radv/llorenzini/my-rdisk/RNG/Projects/ExploreASL/EPAD/derivatives/MIND/sub-063EPAD25177_MIND-Schaefer100Parcels7Networks.csv
sub-063EPAD25213_MIND-Schaefer100Parcels7Networks.csv
Now processing /home/radv/llorenzini/my-rdisk/RNG/Projects/ExploreASL/EPAD/derivatives/MIND/sub-063EPAD25213_MIND-Schaefer100Parcels7Networks.csv
sub-063EPAD25272_MIND-Schaefer100Parcels7Networks.csv
Now processing /home/radv/llorenzini/my-rdisk/RNG/Projects/ExploreASL/EPAD/derivatives/MIND/sub-063EPAD25272_MIND-Schaefer100Parcels7Networks.csv
sub-063EPAD25351_MIND-Schaefer100Parcels7Networks.csv
Now processing /home/radv/llorenzini/my-rdisk/RNG/Projects/ExploreASL/EPAD/derivatives/MIND/sub-063EPAD25351_MIND-Schaefer100Parcels7Networks.csv
sub-063EPAD25431_MIND-Schaefer100Parcels7Networks.csv
Now processing /home/radv/llorenzini/my-rdisk/RNG/Projects/ExploreASL/EPAD/derivatives/MIND/sub-063EPAD25431_MIND-Schaefer100Parcels7Networks.csv
sub-063EPAD25494_MIND-Schaefer100Parcels7Networks.csv
Now processing /home/radv/llorenzini/my-rdisk/RNG/Projects/ExploreASL/EPAD/derivatives/MIND/sub-063EPAD25494_MIND-Schaefer100Parcels7Networks.csv
sub-063EPAD25524_MIND-Schaefer100Parcels7Networks.csv
Now processing /home/radv/llorenzini/my-rdisk/RNG/Projects/ExploreASL/EPAD/derivatives/MIND/sub-063EPAD25524_MIND-Schaefer100Parcels7Networks.csv
sub-080EPAD25027_MIND-Schaefer100Parcels7Networks.csv
Now processing /home/radv/llorenzini/my-rdisk/RNG/Projects/ExploreASL/EPAD/derivatives/MIND/sub-080EPAD25027_MIND-Schaefer100Parcels7Networks.csv
sub-080EPAD25036_MIND-Schaefer100Parcels7Networks.csv
Now processing /home/radv/llorenzini/my-rdisk/RNG/Projects/ExploreASL/EPAD/derivatives/MIND/sub-080EPAD25036_MIND-Schaefer100Parcels7Networks.csv
sub-080EPAD25061_MIND-Schaefer100Parcels7Networks.csv
Now processing /home/radv/llorenzini/my-rdisk/RNG/Projects/ExploreASL/EPAD/derivatives/MIND/sub-080EPAD25061_MIND-Schaefer100Parcels7Networks.csv
sub-080EPAD25085_MIND-Schaefer100Parcels7Networks.csv
Now processing /home/radv/llorenzini/my-rdisk/RNG/Projects/ExploreASL/EPAD/derivatives/MIND/sub-080EPAD25085_MIND-Schaefer100Parcels7Networks.csv
sub-080EPAD25102_MIND-Schaefer100Parcels7Networks.csv
Now processing /home/radv/llorenzini/my-rdisk/RNG/Projects/ExploreASL/EPAD/derivatives/MIND/sub-080EPAD25102_MIND-Schaefer100Parcels7Networks.csv
sub-080EPAD25142_MIND-Schaefer100Parcels7Networks.csv
Now processing /home/radv/llorenzini/my-rdisk/RNG/Projects/ExploreASL/EPAD/derivatives/MIND/sub-080EPAD25142_MIND-Schaefer100Parcels7Networks.csv
sub-080EPAD25154_MIND-Schaefer100Parcels7Networks.csv
Now processing /home/radv/llorenzini/my-rdisk/RNG/Projects/ExploreASL/EPAD/derivatives/MIND/sub-080EPAD25154_MIND-Schaefer100Parcels7Networks.csv
sub-080EPAD25168_MIND-Schaefer100Parcels7Networks.csv
Now processing /home/radv/llorenzini/my-rdisk/RNG/Projects/ExploreASL/EPAD/derivatives/MIND/sub-080EPAD25168_MIND-Schaefer100Parcels7Networks.csv
sub-080EPAD25194_MIND-Schaefer100Parcels7Networks.csv
Now processing /home/radv/llorenzini/my-rdisk/RNG/Projects/ExploreASL/EPAD/derivatives/MIND/sub-080EPAD25194_MIND-Schaefer100Parcels7Networks.csv
sub-080EPAD25247_MIND-Schaefer100Parcels7Networks.csv
Now processing /home/radv/llorenzini/my-rdisk/RNG/Projects/ExploreASL/EPAD/derivatives/MIND/sub-080EPAD25247_MIND-Schaefer100Parcels7Networks.csv
sub-080EPAD25264_MIND-Schaefer100Parcels7Networks.csv
Now processing /home/radv/llorenzini/my-rdisk/RNG/Projects/ExploreASL/EPAD/derivatives/MIND/sub-080EPAD25264_MIND-Schaefer100Parcels7Networks.csv
sub-080EPAD25297_MIND-Schaefer100Parcels7Networks.csv
Now processing /home/radv/llorenzini/my-rdisk/RNG/Projects/ExploreASL/EPAD/derivatives/MIND/sub-080EPAD25297_MIND-Schaefer100Parcels7Networks.csv
sub-080EPAD25300_MIND-Schaefer100Parcels7Networks.csv
Now processing /home/radv/llorenzini/my-rdisk/RNG/Projects/ExploreASL/EPAD/derivatives/MIND/sub-080EPAD25300_MIND-Schaefer100Parcels7Networks.csv
sub-080EPAD25301_MIND-Schaefer100Parcels7Networks.csv
Now processing /home/radv/llorenzini/my-rdisk/RNG/Projects/ExploreASL/EPAD/derivatives/MIND/sub-080EPAD25301_MIND-Schaefer100Parcels7Networks.csv
sub-080EPAD25303_MIND-Schaefer100Parcels7Networks.csv
Now processing /home/radv/llorenzini/my-rdisk/RNG/Projects/ExploreASL/EPAD/derivatives/MIND/sub-080EPAD25303_MIND-Schaefer100Parcels7Networks.csv
sub-080EPAD25356_MIND-Schaefer100Parcels7Networks.csv
Now processing /home/radv/llorenzini/my-rdisk/RNG/Projects/ExploreASL/EPAD/derivatives/MIND/sub-080EPAD25356_MIND-Schaefer100Parcels7Networks.csv
sub-080EPAD25406_MIND-Schaefer100Parcels7Networks.csv
Now processing /home/radv/llorenzini/my-rdisk/RNG/Projects/ExploreASL/EPAD/derivatives/MIND/sub-080EPAD25406_MIND-Schaefer100Parcels7Networks.csv
sub-080EPAD25459_MIND-Schaefer100Parcels7Networks.csv
Now processing /home/radv/llorenzini/my-rdisk/RNG/Projects/ExploreASL/EPAD/derivatives/MIND/sub-080EPAD25459_MIND-Schaefer100Parcels7Networks.csv
sub-080EPAD25481_MIND-Schaefer100Parcels7Networks.csv
Now processing /home/radv/llorenzini/my-rdisk/RNG/Projects/ExploreASL/EPAD/derivatives/MIND/sub-080EPAD25481_MIND-Schaefer100Parcels7Networks.csv
sub-080EPAD25536_MIND-Schaefer100Parcels7Networks.csv
Now processing /home/radv/llorenzini/my-rdisk/RNG/Projects/ExploreASL/EPAD/derivatives/MIND/sub-080EPAD25536_MIND-Schaefer100Parcels7Networks.csv
sub-080EPAD25553_MIND-Schaefer100Parcels7Networks.csv
Now processing /home/radv/llorenzini/my-rdisk/RNG/Projects/ExploreASL/EPAD/derivatives/MIND/sub-080EPAD25553_MIND-Schaefer100Parcels7Networks.csv

 Saving Group Datasets
